<!doctype html>
<html lang="en"><head><meta charset="utf-8"/><meta http-equiv="X-UA-Compatible" content="IE=edge"/><meta name="viewport" content="width=device-width, initial-scale=1"/><title>Mochawesome Report Card</title><link rel="stylesheet" href="http://localhost:8080/app.css"/></head><body data-raw="{&quot;stats&quot;:{&quot;suites&quot;:14,&quot;tests&quot;:19,&quot;passes&quot;:9,&quot;pending&quot;:5,&quot;failures&quot;:5,&quot;start&quot;:&quot;2016-09-14T18:44:09.643Z&quot;,&quot;end&quot;:&quot;2016-09-14T18:44:10.160Z&quot;,&quot;duration&quot;:517,&quot;testsRegistered&quot;:27,&quot;passPercent&quot;:40.9,&quot;pendingPercent&quot;:18.5,&quot;other&quot;:5,&quot;hasOther&quot;:true,&quot;skipped&quot;:8,&quot;hasSkipped&quot;:true,&quot;passPercentClass&quot;:&quot;danger&quot;,&quot;pendingPercentClass&quot;:&quot;danger&quot;},&quot;suites&quot;:{&quot;title&quot;:&quot;&quot;,&quot;suites&quot;:[{&quot;title&quot;:&quot;Master Test Suite&quot;,&quot;suites&quot;:[{&quot;title&quot;:&quot;Test Suite - Basic&quot;,&quot;suites&quot;:[],&quot;tests&quot;:[{&quot;title&quot;:&quot;passing test&quot;,&quot;fullTitle&quot;:&quot;Master Test Suite Test Suite - Basic passing test&quot;,&quot;timedOut&quot;:false,&quot;duration&quot;:1,&quot;state&quot;:&quot;passed&quot;,&quot;speed&quot;:&quot;fast&quot;,&quot;pass&quot;:true,&quot;fail&quot;:false,&quot;pending&quot;:false,&quot;code&quot;:&quot;true.should.be.ok;\ndone();&quot;,&quot;err&quot;:{},&quot;isRoot&quot;:false,&quot;uuid&quot;:&quot;eb70b576-1a2b-4d82-af57-58fcf58bf43f&quot;,&quot;parentUUID&quot;:&quot;8357a4a2-4e27-45c3-8fa2-9652c19cb264&quot;,&quot;skipped&quot;:false},{&quot;title&quot;:&quot;failing test&quot;,&quot;fullTitle&quot;:&quot;Master Test Suite Test Suite - Basic failing test&quot;,&quot;timedOut&quot;:false,&quot;duration&quot;:11,&quot;state&quot;:&quot;failed&quot;,&quot;pass&quot;:false,&quot;fail&quot;:true,&quot;pending&quot;:false,&quot;code&quot;:&quot;var o = retObj();\no.should.eql({});\ndone();&quot;,&quot;err&quot;:{&quot;name&quot;:&quot;AssertionError&quot;,&quot;actual&quot;:&quot;{\n  \&quot;adam\&quot;: \&quot;adam\&quot;\n}&quot;,&quot;expected&quot;:&quot;{}&quot;,&quot;operator&quot;:&quot;to equal&quot;,&quot;message&quot;:&quot;expected { adam: &#x27;adam&#x27; } to equal {}&quot;,&quot;generatedMessage&quot;:true,&quot;showDiff&quot;:true,&quot;estack&quot;:&quot;AssertionError: expected { adam: &#x27;adam&#x27; } to equal {}\n    at Assertion.prop.(anonymous function) (node_modules/should/lib/should.js:61:14)\n    at Context.&lt;anonymous&gt; (test-functional/test.js:13:16)&quot;,&quot;diff&quot;:&quot;- {\n-   \&quot;adam\&quot;: \&quot;adam\&quot;\n- }\n+ {}\n&quot;},&quot;isRoot&quot;:false,&quot;uuid&quot;:&quot;05fea520-ec2b-4503-946d-438373f65acd&quot;,&quot;parentUUID&quot;:&quot;8357a4a2-4e27-45c3-8fa2-9652c19cb264&quot;,&quot;skipped&quot;:false}],&quot;pending&quot;:[],&quot;root&quot;:false,&quot;_timeout&quot;:2000,&quot;file&quot;:&quot;/test-functional/test.js&quot;,&quot;uuid&quot;:&quot;8357a4a2-4e27-45c3-8fa2-9652c19cb264&quot;,&quot;fullFile&quot;:&quot;/Users/adamgruber/Sites/mochawesome/test-functional/test.js&quot;,&quot;passes&quot;:[{&quot;title&quot;:&quot;passing test&quot;,&quot;fullTitle&quot;:&quot;Master Test Suite Test Suite - Basic passing test&quot;,&quot;timedOut&quot;:false,&quot;duration&quot;:1,&quot;state&quot;:&quot;passed&quot;,&quot;speed&quot;:&quot;fast&quot;,&quot;pass&quot;:true,&quot;fail&quot;:false,&quot;pending&quot;:false,&quot;code&quot;:&quot;true.should.be.ok;\ndone();&quot;,&quot;err&quot;:{},&quot;isRoot&quot;:false,&quot;uuid&quot;:&quot;eb70b576-1a2b-4d82-af57-58fcf58bf43f&quot;,&quot;parentUUID&quot;:&quot;8357a4a2-4e27-45c3-8fa2-9652c19cb264&quot;,&quot;skipped&quot;:false}],&quot;failures&quot;:[{&quot;title&quot;:&quot;failing test&quot;,&quot;fullTitle&quot;:&quot;Master Test Suite Test Suite - Basic failing test&quot;,&quot;timedOut&quot;:false,&quot;duration&quot;:11,&quot;state&quot;:&quot;failed&quot;,&quot;pass&quot;:false,&quot;fail&quot;:true,&quot;pending&quot;:false,&quot;code&quot;:&quot;var o = retObj();\no.should.eql({});\ndone();&quot;,&quot;err&quot;:{&quot;name&quot;:&quot;AssertionError&quot;,&quot;actual&quot;:&quot;{\n  \&quot;adam\&quot;: \&quot;adam\&quot;\n}&quot;,&quot;expected&quot;:&quot;{}&quot;,&quot;operator&quot;:&quot;to equal&quot;,&quot;message&quot;:&quot;expected { adam: &#x27;adam&#x27; } to equal {}&quot;,&quot;generatedMessage&quot;:true,&quot;showDiff&quot;:true,&quot;estack&quot;:&quot;AssertionError: expected { adam: &#x27;adam&#x27; } to equal {}\n    at Assertion.prop.(anonymous function) (node_modules/should/lib/should.js:61:14)\n    at Context.&lt;anonymous&gt; (test-functional/test.js:13:16)&quot;,&quot;diff&quot;:&quot;- {\n-   \&quot;adam\&quot;: \&quot;adam\&quot;\n- }\n+ {}\n&quot;},&quot;isRoot&quot;:false,&quot;uuid&quot;:&quot;05fea520-ec2b-4503-946d-438373f65acd&quot;,&quot;parentUUID&quot;:&quot;8357a4a2-4e27-45c3-8fa2-9652c19cb264&quot;,&quot;skipped&quot;:false}],&quot;skipped&quot;:[],&quot;hasTests&quot;:true,&quot;hasSuites&quot;:false,&quot;totalTests&quot;:2,&quot;totalPasses&quot;:1,&quot;totalFailures&quot;:1,&quot;totalPending&quot;:0,&quot;totalSkipped&quot;:0,&quot;hasPasses&quot;:true,&quot;hasFailures&quot;:true,&quot;hasPending&quot;:false,&quot;hasSkipped&quot;:false,&quot;duration&quot;:12},{&quot;title&quot;:&quot;Test Suite - Nested Suites&quot;,&quot;suites&quot;:[{&quot;title&quot;:&quot;Nested Test Suite&quot;,&quot;suites&quot;:[],&quot;tests&quot;:[{&quot;title&quot;:&quot;passing test&quot;,&quot;fullTitle&quot;:&quot;Test Suite - Nested Suites Nested Test Suite passing test&quot;,&quot;timedOut&quot;:false,&quot;duration&quot;:0,&quot;state&quot;:&quot;passed&quot;,&quot;speed&quot;:&quot;fast&quot;,&quot;pass&quot;:true,&quot;fail&quot;:false,&quot;pending&quot;:false,&quot;code&quot;:&quot;true.should.be.ok;\ndone();&quot;,&quot;err&quot;:{},&quot;isRoot&quot;:false,&quot;uuid&quot;:&quot;9b5ea475-8f9b-4f14-b063-6487c437bc42&quot;,&quot;parentUUID&quot;:&quot;67764360-3fbf-4d56-a9e9-e9b912b0faac&quot;,&quot;skipped&quot;:false}],&quot;pending&quot;:[],&quot;root&quot;:false,&quot;_timeout&quot;:2000,&quot;file&quot;:&quot;/test-functional/test.js&quot;,&quot;uuid&quot;:&quot;67764360-3fbf-4d56-a9e9-e9b912b0faac&quot;,&quot;fullFile&quot;:&quot;/Users/adamgruber/Sites/mochawesome/test-functional/test.js&quot;,&quot;passes&quot;:[{&quot;title&quot;:&quot;passing test&quot;,&quot;fullTitle&quot;:&quot;Test Suite - Nested Suites Nested Test Suite passing test&quot;,&quot;timedOut&quot;:false,&quot;duration&quot;:0,&quot;state&quot;:&quot;passed&quot;,&quot;speed&quot;:&quot;fast&quot;,&quot;pass&quot;:true,&quot;fail&quot;:false,&quot;pending&quot;:false,&quot;code&quot;:&quot;true.should.be.ok;\ndone();&quot;,&quot;err&quot;:{},&quot;isRoot&quot;:false,&quot;uuid&quot;:&quot;9b5ea475-8f9b-4f14-b063-6487c437bc42&quot;,&quot;parentUUID&quot;:&quot;67764360-3fbf-4d56-a9e9-e9b912b0faac&quot;,&quot;skipped&quot;:false}],&quot;failures&quot;:[],&quot;skipped&quot;:[],&quot;hasTests&quot;:true,&quot;hasSuites&quot;:false,&quot;totalTests&quot;:1,&quot;totalPasses&quot;:1,&quot;totalFailures&quot;:0,&quot;totalPending&quot;:0,&quot;totalSkipped&quot;:0,&quot;hasPasses&quot;:true,&quot;hasFailures&quot;:false,&quot;hasPending&quot;:false,&quot;hasSkipped&quot;:false,&quot;duration&quot;:0},{&quot;title&quot;:&quot;Nested Test Suite&quot;,&quot;suites&quot;:[],&quot;tests&quot;:[{&quot;title&quot;:&quot;passing test&quot;,&quot;fullTitle&quot;:&quot;Test Suite - Nested Suites Nested Test Suite passing test&quot;,&quot;timedOut&quot;:false,&quot;duration&quot;:0,&quot;state&quot;:&quot;passed&quot;,&quot;speed&quot;:&quot;fast&quot;,&quot;pass&quot;:true,&quot;fail&quot;:false,&quot;pending&quot;:false,&quot;code&quot;:&quot;true.should.be.ok;\ndone();&quot;,&quot;err&quot;:{},&quot;isRoot&quot;:false,&quot;uuid&quot;:&quot;d1c34398-cae1-4091-9616-d9ca482ea20d&quot;,&quot;parentUUID&quot;:&quot;3e2d6724-8d3a-4dce-b951-773d280a6f5f&quot;,&quot;skipped&quot;:false}],&quot;pending&quot;:[],&quot;root&quot;:false,&quot;_timeout&quot;:2000,&quot;file&quot;:&quot;/test-functional/test.js&quot;,&quot;uuid&quot;:&quot;3e2d6724-8d3a-4dce-b951-773d280a6f5f&quot;,&quot;fullFile&quot;:&quot;/Users/adamgruber/Sites/mochawesome/test-functional/test.js&quot;,&quot;passes&quot;:[{&quot;title&quot;:&quot;passing test&quot;,&quot;fullTitle&quot;:&quot;Test Suite - Nested Suites Nested Test Suite passing test&quot;,&quot;timedOut&quot;:false,&quot;duration&quot;:0,&quot;state&quot;:&quot;passed&quot;,&quot;speed&quot;:&quot;fast&quot;,&quot;pass&quot;:true,&quot;fail&quot;:false,&quot;pending&quot;:false,&quot;code&quot;:&quot;true.should.be.ok;\ndone();&quot;,&quot;err&quot;:{},&quot;isRoot&quot;:false,&quot;uuid&quot;:&quot;d1c34398-cae1-4091-9616-d9ca482ea20d&quot;,&quot;parentUUID&quot;:&quot;3e2d6724-8d3a-4dce-b951-773d280a6f5f&quot;,&quot;skipped&quot;:false}],&quot;failures&quot;:[],&quot;skipped&quot;:[],&quot;hasTests&quot;:true,&quot;hasSuites&quot;:false,&quot;totalTests&quot;:1,&quot;totalPasses&quot;:1,&quot;totalFailures&quot;:0,&quot;totalPending&quot;:0,&quot;totalSkipped&quot;:0,&quot;hasPasses&quot;:true,&quot;hasFailures&quot;:false,&quot;hasPending&quot;:false,&quot;hasSkipped&quot;:false,&quot;duration&quot;:0}],&quot;tests&quot;:[{&quot;title&quot;:&quot;passing test&quot;,&quot;fullTitle&quot;:&quot;Master Test Suite Test Suite - Nested Suites passing test&quot;,&quot;timedOut&quot;:false,&quot;duration&quot;:0,&quot;state&quot;:&quot;passed&quot;,&quot;speed&quot;:&quot;fast&quot;,&quot;pass&quot;:true,&quot;fail&quot;:false,&quot;pending&quot;:false,&quot;code&quot;:&quot;true.should.be.ok;\ndone();&quot;,&quot;err&quot;:{},&quot;isRoot&quot;:false,&quot;uuid&quot;:&quot;3e98187b-3137-4833-a19d-a89e93074d42&quot;,&quot;parentUUID&quot;:&quot;0aeb516a-d1a6-4195-827b-5624e1b36bd2&quot;,&quot;skipped&quot;:false},{&quot;title&quot;:&quot;failing test&quot;,&quot;fullTitle&quot;:&quot;Master Test Suite Test Suite - Nested Suites failing test&quot;,&quot;timedOut&quot;:false,&quot;duration&quot;:0,&quot;state&quot;:&quot;failed&quot;,&quot;pass&quot;:false,&quot;fail&quot;:true,&quot;pending&quot;:false,&quot;code&quot;:&quot;false.should.be.ok;\ndone();&quot;,&quot;err&quot;:{&quot;name&quot;:&quot;AssertionError&quot;,&quot;actual&quot;:false,&quot;operator&quot;:&quot;to be truthy&quot;,&quot;message&quot;:&quot;expected false to be truthy&quot;,&quot;generatedMessage&quot;:true,&quot;estack&quot;:&quot;AssertionError: expected false to be truthy\n    at Assertion.prop.(anonymous function) (node_modules/should/lib/should.js:61:14)\n    at Context.&lt;anonymous&gt; (test-functional/test.js:36:7)&quot;},&quot;isRoot&quot;:false,&quot;uuid&quot;:&quot;fad16d71-5d84-4e17-baa8-5b2138fb0c9b&quot;,&quot;parentUUID&quot;:&quot;0aeb516a-d1a6-4195-827b-5624e1b36bd2&quot;,&quot;skipped&quot;:false}],&quot;pending&quot;:[],&quot;root&quot;:false,&quot;_timeout&quot;:2000,&quot;file&quot;:&quot;/test-functional/test.js&quot;,&quot;uuid&quot;:&quot;0aeb516a-d1a6-4195-827b-5624e1b36bd2&quot;,&quot;fullFile&quot;:&quot;/Users/adamgruber/Sites/mochawesome/test-functional/test.js&quot;,&quot;passes&quot;:[{&quot;title&quot;:&quot;passing test&quot;,&quot;fullTitle&quot;:&quot;Master Test Suite Test Suite - Nested Suites passing test&quot;,&quot;timedOut&quot;:false,&quot;duration&quot;:0,&quot;state&quot;:&quot;passed&quot;,&quot;speed&quot;:&quot;fast&quot;,&quot;pass&quot;:true,&quot;fail&quot;:false,&quot;pending&quot;:false,&quot;code&quot;:&quot;true.should.be.ok;\ndone();&quot;,&quot;err&quot;:{},&quot;isRoot&quot;:false,&quot;uuid&quot;:&quot;3e98187b-3137-4833-a19d-a89e93074d42&quot;,&quot;parentUUID&quot;:&quot;0aeb516a-d1a6-4195-827b-5624e1b36bd2&quot;,&quot;skipped&quot;:false}],&quot;failures&quot;:[{&quot;title&quot;:&quot;failing test&quot;,&quot;fullTitle&quot;:&quot;Master Test Suite Test Suite - Nested Suites failing test&quot;,&quot;timedOut&quot;:false,&quot;duration&quot;:0,&quot;state&quot;:&quot;failed&quot;,&quot;pass&quot;:false,&quot;fail&quot;:true,&quot;pending&quot;:false,&quot;code&quot;:&quot;false.should.be.ok;\ndone();&quot;,&quot;err&quot;:{&quot;name&quot;:&quot;AssertionError&quot;,&quot;actual&quot;:false,&quot;operator&quot;:&quot;to be truthy&quot;,&quot;message&quot;:&quot;expected false to be truthy&quot;,&quot;generatedMessage&quot;:true,&quot;estack&quot;:&quot;AssertionError: expected false to be truthy\n    at Assertion.prop.(anonymous function) (node_modules/should/lib/should.js:61:14)\n    at Context.&lt;anonymous&gt; (test-functional/test.js:36:7)&quot;},&quot;isRoot&quot;:false,&quot;uuid&quot;:&quot;fad16d71-5d84-4e17-baa8-5b2138fb0c9b&quot;,&quot;parentUUID&quot;:&quot;0aeb516a-d1a6-4195-827b-5624e1b36bd2&quot;,&quot;skipped&quot;:false}],&quot;skipped&quot;:[],&quot;hasTests&quot;:true,&quot;hasSuites&quot;:true,&quot;totalTests&quot;:2,&quot;totalPasses&quot;:1,&quot;totalFailures&quot;:1,&quot;totalPending&quot;:0,&quot;totalSkipped&quot;:0,&quot;hasPasses&quot;:true,&quot;hasFailures&quot;:true,&quot;hasPending&quot;:false,&quot;hasSkipped&quot;:false,&quot;duration&quot;:0},{&quot;title&quot;:&quot;Test Suite - Nested Suites Failing Before&quot;,&quot;suites&quot;:[{&quot;title&quot;:&quot;Nested Test Suite&quot;,&quot;suites&quot;:[],&quot;tests&quot;:[{&quot;title&quot;:&quot;passing test&quot;,&quot;fullTitle&quot;:&quot;Test Suite - Nested Suites Failing Before Nested Test Suite passing test&quot;,&quot;timedOut&quot;:false,&quot;duration&quot;:0,&quot;pass&quot;:false,&quot;fail&quot;:false,&quot;pending&quot;:false,&quot;code&quot;:&quot;true.should.be.ok;\ndone();&quot;,&quot;err&quot;:{},&quot;isRoot&quot;:false,&quot;parentUUID&quot;:&quot;329909b6-8eba-4ba4-a835-b8d484801dd1&quot;,&quot;skipped&quot;:true}],&quot;pending&quot;:[],&quot;root&quot;:false,&quot;_timeout&quot;:2000,&quot;file&quot;:&quot;/test-functional/test.js&quot;,&quot;uuid&quot;:&quot;329909b6-8eba-4ba4-a835-b8d484801dd1&quot;,&quot;fullFile&quot;:&quot;/Users/adamgruber/Sites/mochawesome/test-functional/test.js&quot;,&quot;passes&quot;:[],&quot;failures&quot;:[],&quot;skipped&quot;:[{&quot;title&quot;:&quot;passing test&quot;,&quot;fullTitle&quot;:&quot;Test Suite - Nested Suites Failing Before Nested Test Suite passing test&quot;,&quot;timedOut&quot;:false,&quot;duration&quot;:0,&quot;pass&quot;:false,&quot;fail&quot;:false,&quot;pending&quot;:false,&quot;code&quot;:&quot;true.should.be.ok;\ndone();&quot;,&quot;err&quot;:{},&quot;isRoot&quot;:false,&quot;parentUUID&quot;:&quot;329909b6-8eba-4ba4-a835-b8d484801dd1&quot;,&quot;skipped&quot;:true}],&quot;hasTests&quot;:true,&quot;hasSuites&quot;:false,&quot;totalTests&quot;:1,&quot;totalPasses&quot;:0,&quot;totalFailures&quot;:0,&quot;totalPending&quot;:0,&quot;totalSkipped&quot;:1,&quot;hasPasses&quot;:false,&quot;hasFailures&quot;:false,&quot;hasPending&quot;:false,&quot;hasSkipped&quot;:true,&quot;duration&quot;:0}],&quot;tests&quot;:[{&quot;title&quot;:&quot;passing test&quot;,&quot;fullTitle&quot;:&quot;Master Test Suite Test Suite - Nested Suites Failing Before passing test&quot;,&quot;timedOut&quot;:false,&quot;duration&quot;:0,&quot;pass&quot;:false,&quot;fail&quot;:false,&quot;pending&quot;:false,&quot;code&quot;:&quot;true.should.be.ok;\ndone();&quot;,&quot;err&quot;:{},&quot;isRoot&quot;:false,&quot;parentUUID&quot;:&quot;3dd93556-7b66-46ed-bc7c-82607b32a93e&quot;,&quot;skipped&quot;:true}],&quot;pending&quot;:[],&quot;root&quot;:false,&quot;_timeout&quot;:2000,&quot;file&quot;:&quot;/test-functional/test.js&quot;,&quot;uuid&quot;:&quot;3dd93556-7b66-46ed-bc7c-82607b32a93e&quot;,&quot;fullFile&quot;:&quot;/Users/adamgruber/Sites/mochawesome/test-functional/test.js&quot;,&quot;passes&quot;:[],&quot;failures&quot;:[],&quot;skipped&quot;:[{&quot;title&quot;:&quot;passing test&quot;,&quot;fullTitle&quot;:&quot;Master Test Suite Test Suite - Nested Suites Failing Before passing test&quot;,&quot;timedOut&quot;:false,&quot;duration&quot;:0,&quot;pass&quot;:false,&quot;fail&quot;:false,&quot;pending&quot;:false,&quot;code&quot;:&quot;true.should.be.ok;\ndone();&quot;,&quot;err&quot;:{},&quot;isRoot&quot;:false,&quot;parentUUID&quot;:&quot;3dd93556-7b66-46ed-bc7c-82607b32a93e&quot;,&quot;skipped&quot;:true}],&quot;hasTests&quot;:true,&quot;hasSuites&quot;:true,&quot;totalTests&quot;:1,&quot;totalPasses&quot;:0,&quot;totalFailures&quot;:0,&quot;totalPending&quot;:0,&quot;totalSkipped&quot;:1,&quot;hasPasses&quot;:false,&quot;hasFailures&quot;:false,&quot;hasPending&quot;:false,&quot;hasSkipped&quot;:true,&quot;duration&quot;:0},{&quot;title&quot;:&quot;Test Suite - Failed After&quot;,&quot;suites&quot;:[],&quot;tests&quot;:[{&quot;title&quot;:&quot;passing test&quot;,&quot;fullTitle&quot;:&quot;Master Test Suite Test Suite - Failed After passing test&quot;,&quot;timedOut&quot;:false,&quot;duration&quot;:0,&quot;state&quot;:&quot;passed&quot;,&quot;speed&quot;:&quot;fast&quot;,&quot;pass&quot;:true,&quot;fail&quot;:false,&quot;pending&quot;:false,&quot;code&quot;:&quot;true.should.be.ok;\ndone();&quot;,&quot;err&quot;:{},&quot;isRoot&quot;:false,&quot;uuid&quot;:&quot;049226cd-6fa2-4691-8a41-086432ce988f&quot;,&quot;parentUUID&quot;:&quot;59119e34-62b6-461a-906c-011f895db41c&quot;,&quot;skipped&quot;:false},{&quot;title&quot;:&quot;pending test&quot;,&quot;fullTitle&quot;:&quot;Master Test Suite Test Suite - Failed After pending test&quot;,&quot;timedOut&quot;:false,&quot;duration&quot;:0,&quot;pass&quot;:false,&quot;fail&quot;:false,&quot;pending&quot;:true,&quot;code&quot;:&quot;&quot;,&quot;err&quot;:{},&quot;isRoot&quot;:false,&quot;parentUUID&quot;:&quot;59119e34-62b6-461a-906c-011f895db41c&quot;,&quot;skipped&quot;:false},{&quot;title&quot;:&quot;failing test&quot;,&quot;fullTitle&quot;:&quot;Master Test Suite Test Suite - Failed After failing test&quot;,&quot;timedOut&quot;:false,&quot;duration&quot;:1,&quot;state&quot;:&quot;failed&quot;,&quot;pass&quot;:false,&quot;fail&quot;:true,&quot;pending&quot;:false,&quot;code&quot;:&quot;false.should.be.ok;\ndone();&quot;,&quot;err&quot;:{&quot;name&quot;:&quot;AssertionError&quot;,&quot;actual&quot;:false,&quot;operator&quot;:&quot;to be truthy&quot;,&quot;message&quot;:&quot;expected false to be truthy&quot;,&quot;generatedMessage&quot;:true,&quot;estack&quot;:&quot;AssertionError: expected false to be truthy\n    at Assertion.prop.(anonymous function) (node_modules/should/lib/should.js:61:14)\n    at Context.&lt;anonymous&gt; (test-functional/test.js:66:7)&quot;},&quot;isRoot&quot;:false,&quot;uuid&quot;:&quot;fac3ebd7-24f8-42e7-bf9a-0d18a9bf558e&quot;,&quot;parentUUID&quot;:&quot;59119e34-62b6-461a-906c-011f895db41c&quot;,&quot;skipped&quot;:false},{&quot;title&quot;:&quot;passing test&quot;,&quot;fullTitle&quot;:&quot;Master Test Suite Test Suite - Failed After passing test&quot;,&quot;timedOut&quot;:false,&quot;duration&quot;:0,&quot;state&quot;:&quot;passed&quot;,&quot;speed&quot;:&quot;fast&quot;,&quot;pass&quot;:true,&quot;fail&quot;:false,&quot;pending&quot;:false,&quot;code&quot;:&quot;true.should.be.ok;\ndone();&quot;,&quot;err&quot;:{},&quot;isRoot&quot;:false,&quot;uuid&quot;:&quot;90010623-3857-48e2-9b8c-969ea48f9034&quot;,&quot;parentUUID&quot;:&quot;59119e34-62b6-461a-906c-011f895db41c&quot;,&quot;skipped&quot;:false},{&quot;title&quot;:&quot;pending test&quot;,&quot;fullTitle&quot;:&quot;Master Test Suite Test Suite - Failed After pending test&quot;,&quot;timedOut&quot;:false,&quot;duration&quot;:0,&quot;pass&quot;:false,&quot;fail&quot;:false,&quot;pending&quot;:true,&quot;code&quot;:&quot;&quot;,&quot;err&quot;:{},&quot;isRoot&quot;:false,&quot;parentUUID&quot;:&quot;59119e34-62b6-461a-906c-011f895db41c&quot;,&quot;skipped&quot;:false}],&quot;pending&quot;:[{&quot;title&quot;:&quot;pending test&quot;,&quot;fullTitle&quot;:&quot;Master Test Suite Test Suite - Failed After pending test&quot;,&quot;timedOut&quot;:false,&quot;duration&quot;:0,&quot;pass&quot;:false,&quot;fail&quot;:false,&quot;pending&quot;:true,&quot;code&quot;:&quot;&quot;,&quot;err&quot;:{},&quot;isRoot&quot;:false,&quot;parentUUID&quot;:&quot;59119e34-62b6-461a-906c-011f895db41c&quot;,&quot;skipped&quot;:false},{&quot;title&quot;:&quot;pending test&quot;,&quot;fullTitle&quot;:&quot;Master Test Suite Test Suite - Failed After pending test&quot;,&quot;timedOut&quot;:false,&quot;duration&quot;:0,&quot;pass&quot;:false,&quot;fail&quot;:false,&quot;pending&quot;:true,&quot;code&quot;:&quot;&quot;,&quot;err&quot;:{},&quot;isRoot&quot;:false,&quot;parentUUID&quot;:&quot;59119e34-62b6-461a-906c-011f895db41c&quot;,&quot;skipped&quot;:false}],&quot;root&quot;:false,&quot;_timeout&quot;:2000,&quot;file&quot;:&quot;/test-functional/test.js&quot;,&quot;uuid&quot;:&quot;59119e34-62b6-461a-906c-011f895db41c&quot;,&quot;fullFile&quot;:&quot;/Users/adamgruber/Sites/mochawesome/test-functional/test.js&quot;,&quot;passes&quot;:[{&quot;title&quot;:&quot;passing test&quot;,&quot;fullTitle&quot;:&quot;Master Test Suite Test Suite - Failed After passing test&quot;,&quot;timedOut&quot;:false,&quot;duration&quot;:0,&quot;state&quot;:&quot;passed&quot;,&quot;speed&quot;:&quot;fast&quot;,&quot;pass&quot;:true,&quot;fail&quot;:false,&quot;pending&quot;:false,&quot;code&quot;:&quot;true.should.be.ok;\ndone();&quot;,&quot;err&quot;:{},&quot;isRoot&quot;:false,&quot;uuid&quot;:&quot;049226cd-6fa2-4691-8a41-086432ce988f&quot;,&quot;parentUUID&quot;:&quot;59119e34-62b6-461a-906c-011f895db41c&quot;,&quot;skipped&quot;:false},{&quot;title&quot;:&quot;passing test&quot;,&quot;fullTitle&quot;:&quot;Master Test Suite Test Suite - Failed After passing test&quot;,&quot;timedOut&quot;:false,&quot;duration&quot;:0,&quot;state&quot;:&quot;passed&quot;,&quot;speed&quot;:&quot;fast&quot;,&quot;pass&quot;:true,&quot;fail&quot;:false,&quot;pending&quot;:false,&quot;code&quot;:&quot;true.should.be.ok;\ndone();&quot;,&quot;err&quot;:{},&quot;isRoot&quot;:false,&quot;uuid&quot;:&quot;90010623-3857-48e2-9b8c-969ea48f9034&quot;,&quot;parentUUID&quot;:&quot;59119e34-62b6-461a-906c-011f895db41c&quot;,&quot;skipped&quot;:false}],&quot;failures&quot;:[{&quot;title&quot;:&quot;failing test&quot;,&quot;fullTitle&quot;:&quot;Master Test Suite Test Suite - Failed After failing test&quot;,&quot;timedOut&quot;:false,&quot;duration&quot;:1,&quot;state&quot;:&quot;failed&quot;,&quot;pass&quot;:false,&quot;fail&quot;:true,&quot;pending&quot;:false,&quot;code&quot;:&quot;false.should.be.ok;\ndone();&quot;,&quot;err&quot;:{&quot;name&quot;:&quot;AssertionError&quot;,&quot;actual&quot;:false,&quot;operator&quot;:&quot;to be truthy&quot;,&quot;message&quot;:&quot;expected false to be truthy&quot;,&quot;generatedMessage&quot;:true,&quot;estack&quot;:&quot;AssertionError: expected false to be truthy\n    at Assertion.prop.(anonymous function) (node_modules/should/lib/should.js:61:14)\n    at Context.&lt;anonymous&gt; (test-functional/test.js:66:7)&quot;},&quot;isRoot&quot;:false,&quot;uuid&quot;:&quot;fac3ebd7-24f8-42e7-bf9a-0d18a9bf558e&quot;,&quot;parentUUID&quot;:&quot;59119e34-62b6-461a-906c-011f895db41c&quot;,&quot;skipped&quot;:false}],&quot;skipped&quot;:[],&quot;hasTests&quot;:true,&quot;hasSuites&quot;:false,&quot;totalTests&quot;:5,&quot;totalPasses&quot;:2,&quot;totalFailures&quot;:1,&quot;totalPending&quot;:2,&quot;totalSkipped&quot;:0,&quot;hasPasses&quot;:true,&quot;hasFailures&quot;:true,&quot;hasPending&quot;:true,&quot;hasSkipped&quot;:false,&quot;duration&quot;:1},{&quot;title&quot;:&quot;Test Suite - Pass&quot;,&quot;suites&quot;:[],&quot;tests&quot;:[{&quot;title&quot;:&quot;passing test&quot;,&quot;fullTitle&quot;:&quot;Master Test Suite Test Suite - Pass passing test&quot;,&quot;timedOut&quot;:false,&quot;duration&quot;:0,&quot;state&quot;:&quot;passed&quot;,&quot;speed&quot;:&quot;fast&quot;,&quot;pass&quot;:true,&quot;fail&quot;:false,&quot;pending&quot;:false,&quot;code&quot;:&quot;true.should.be.ok;\ndone();&quot;,&quot;err&quot;:{},&quot;isRoot&quot;:false,&quot;uuid&quot;:&quot;5bb3d31c-1f05-4137-a6c6-11302c698560&quot;,&quot;parentUUID&quot;:&quot;1e647a5c-9bd1-42e6-a3ec-09b11c60ae16&quot;,&quot;skipped&quot;:false}],&quot;pending&quot;:[],&quot;root&quot;:false,&quot;_timeout&quot;:2000,&quot;file&quot;:&quot;/test-functional/test.js&quot;,&quot;uuid&quot;:&quot;1e647a5c-9bd1-42e6-a3ec-09b11c60ae16&quot;,&quot;fullFile&quot;:&quot;/Users/adamgruber/Sites/mochawesome/test-functional/test.js&quot;,&quot;passes&quot;:[{&quot;title&quot;:&quot;passing test&quot;,&quot;fullTitle&quot;:&quot;Master Test Suite Test Suite - Pass passing test&quot;,&quot;timedOut&quot;:false,&quot;duration&quot;:0,&quot;state&quot;:&quot;passed&quot;,&quot;speed&quot;:&quot;fast&quot;,&quot;pass&quot;:true,&quot;fail&quot;:false,&quot;pending&quot;:false,&quot;code&quot;:&quot;true.should.be.ok;\ndone();&quot;,&quot;err&quot;:{},&quot;isRoot&quot;:false,&quot;uuid&quot;:&quot;5bb3d31c-1f05-4137-a6c6-11302c698560&quot;,&quot;parentUUID&quot;:&quot;1e647a5c-9bd1-42e6-a3ec-09b11c60ae16&quot;,&quot;skipped&quot;:false}],&quot;failures&quot;:[],&quot;skipped&quot;:[],&quot;hasTests&quot;:true,&quot;hasSuites&quot;:false,&quot;totalTests&quot;:1,&quot;totalPasses&quot;:1,&quot;totalFailures&quot;:0,&quot;totalPending&quot;:0,&quot;totalSkipped&quot;:0,&quot;hasPasses&quot;:true,&quot;hasFailures&quot;:false,&quot;hasPending&quot;:false,&quot;hasSkipped&quot;:false,&quot;duration&quot;:0},{&quot;title&quot;:&quot;Test Suite - Fail&quot;,&quot;suites&quot;:[],&quot;tests&quot;:[{&quot;title&quot;:&quot;failing test&quot;,&quot;fullTitle&quot;:&quot;Master Test Suite Test Suite - Fail failing test&quot;,&quot;timedOut&quot;:false,&quot;duration&quot;:0,&quot;state&quot;:&quot;failed&quot;,&quot;pass&quot;:false,&quot;fail&quot;:true,&quot;pending&quot;:false,&quot;code&quot;:&quot;false.should.be.ok;\ndone();&quot;,&quot;err&quot;:{&quot;name&quot;:&quot;AssertionError&quot;,&quot;actual&quot;:false,&quot;operator&quot;:&quot;to be truthy&quot;,&quot;message&quot;:&quot;expected false to be truthy&quot;,&quot;generatedMessage&quot;:true,&quot;estack&quot;:&quot;AssertionError: expected false to be truthy\n    at Assertion.prop.(anonymous function) (node_modules/should/lib/should.js:61:14)\n    at Context.&lt;anonymous&gt; (test-functional/test.js:90:7)&quot;},&quot;isRoot&quot;:false,&quot;uuid&quot;:&quot;8807aacb-d67a-4030-8645-5bdef8133d9f&quot;,&quot;parentUUID&quot;:&quot;be7f6887-365f-4327-80b2-2d5adcb46261&quot;,&quot;skipped&quot;:false}],&quot;pending&quot;:[],&quot;root&quot;:false,&quot;_timeout&quot;:2000,&quot;file&quot;:&quot;/test-functional/test.js&quot;,&quot;uuid&quot;:&quot;be7f6887-365f-4327-80b2-2d5adcb46261&quot;,&quot;fullFile&quot;:&quot;/Users/adamgruber/Sites/mochawesome/test-functional/test.js&quot;,&quot;passes&quot;:[],&quot;failures&quot;:[{&quot;title&quot;:&quot;failing test&quot;,&quot;fullTitle&quot;:&quot;Master Test Suite Test Suite - Fail failing test&quot;,&quot;timedOut&quot;:false,&quot;duration&quot;:0,&quot;state&quot;:&quot;failed&quot;,&quot;pass&quot;:false,&quot;fail&quot;:true,&quot;pending&quot;:false,&quot;code&quot;:&quot;false.should.be.ok;\ndone();&quot;,&quot;err&quot;:{&quot;name&quot;:&quot;AssertionError&quot;,&quot;actual&quot;:false,&quot;operator&quot;:&quot;to be truthy&quot;,&quot;message&quot;:&quot;expected false to be truthy&quot;,&quot;generatedMessage&quot;:true,&quot;estack&quot;:&quot;AssertionError: expected false to be truthy\n    at Assertion.prop.(anonymous function) (node_modules/should/lib/should.js:61:14)\n    at Context.&lt;anonymous&gt; (test-functional/test.js:90:7)&quot;},&quot;isRoot&quot;:false,&quot;uuid&quot;:&quot;8807aacb-d67a-4030-8645-5bdef8133d9f&quot;,&quot;parentUUID&quot;:&quot;be7f6887-365f-4327-80b2-2d5adcb46261&quot;,&quot;skipped&quot;:false}],&quot;skipped&quot;:[],&quot;hasTests&quot;:true,&quot;hasSuites&quot;:false,&quot;totalTests&quot;:1,&quot;totalPasses&quot;:0,&quot;totalFailures&quot;:1,&quot;totalPending&quot;:0,&quot;totalSkipped&quot;:0,&quot;hasPasses&quot;:false,&quot;hasFailures&quot;:true,&quot;hasPending&quot;:false,&quot;hasSkipped&quot;:false,&quot;duration&quot;:0},{&quot;title&quot;:&quot;Test Suite - Pend&quot;,&quot;suites&quot;:[],&quot;tests&quot;:[{&quot;title&quot;:&quot;pending test&quot;,&quot;fullTitle&quot;:&quot;Master Test Suite Test Suite - Pend pending test&quot;,&quot;timedOut&quot;:false,&quot;duration&quot;:0,&quot;pass&quot;:false,&quot;fail&quot;:false,&quot;pending&quot;:true,&quot;code&quot;:&quot;&quot;,&quot;err&quot;:{},&quot;isRoot&quot;:false,&quot;parentUUID&quot;:&quot;718e4d95-d945-4a65-bf77-27c451d09426&quot;,&quot;skipped&quot;:false}],&quot;pending&quot;:[{&quot;title&quot;:&quot;pending test&quot;,&quot;fullTitle&quot;:&quot;Master Test Suite Test Suite - Pend pending test&quot;,&quot;timedOut&quot;:false,&quot;duration&quot;:0,&quot;pass&quot;:false,&quot;fail&quot;:false,&quot;pending&quot;:true,&quot;code&quot;:&quot;&quot;,&quot;err&quot;:{},&quot;isRoot&quot;:false,&quot;parentUUID&quot;:&quot;718e4d95-d945-4a65-bf77-27c451d09426&quot;,&quot;skipped&quot;:false}],&quot;root&quot;:false,&quot;_timeout&quot;:2000,&quot;file&quot;:&quot;/test-functional/test.js&quot;,&quot;uuid&quot;:&quot;718e4d95-d945-4a65-bf77-27c451d09426&quot;,&quot;fullFile&quot;:&quot;/Users/adamgruber/Sites/mochawesome/test-functional/test.js&quot;,&quot;passes&quot;:[],&quot;failures&quot;:[],&quot;skipped&quot;:[],&quot;hasTests&quot;:true,&quot;hasSuites&quot;:false,&quot;totalTests&quot;:1,&quot;totalPasses&quot;:0,&quot;totalFailures&quot;:0,&quot;totalPending&quot;:1,&quot;totalSkipped&quot;:0,&quot;hasPasses&quot;:false,&quot;hasFailures&quot;:false,&quot;hasPending&quot;:true,&quot;hasSkipped&quot;:false,&quot;duration&quot;:0},{&quot;title&quot;:&quot;Test Suite - Failed Before&quot;,&quot;suites&quot;:[],&quot;tests&quot;:[{&quot;title&quot;:&quot;passing test&quot;,&quot;fullTitle&quot;:&quot;Master Test Suite Test Suite - Failed Before passing test&quot;,&quot;timedOut&quot;:false,&quot;duration&quot;:0,&quot;pass&quot;:false,&quot;fail&quot;:false,&quot;pending&quot;:false,&quot;code&quot;:&quot;true.should.be.ok;\ndone();&quot;,&quot;err&quot;:{},&quot;isRoot&quot;:false,&quot;parentUUID&quot;:&quot;a70b13a8-5166-4cda-86c4-7b0612b19667&quot;,&quot;skipped&quot;:true},{&quot;title&quot;:&quot;failing test&quot;,&quot;fullTitle&quot;:&quot;Master Test Suite Test Suite - Failed Before failing test&quot;,&quot;timedOut&quot;:false,&quot;duration&quot;:0,&quot;pass&quot;:false,&quot;fail&quot;:false,&quot;pending&quot;:false,&quot;code&quot;:&quot;false.should.be.ok;\ndone();&quot;,&quot;err&quot;:{},&quot;isRoot&quot;:false,&quot;parentUUID&quot;:&quot;a70b13a8-5166-4cda-86c4-7b0612b19667&quot;,&quot;skipped&quot;:true}],&quot;pending&quot;:[],&quot;root&quot;:false,&quot;_timeout&quot;:2000,&quot;file&quot;:&quot;/test-functional/test.js&quot;,&quot;uuid&quot;:&quot;a70b13a8-5166-4cda-86c4-7b0612b19667&quot;,&quot;fullFile&quot;:&quot;/Users/adamgruber/Sites/mochawesome/test-functional/test.js&quot;,&quot;passes&quot;:[],&quot;failures&quot;:[],&quot;skipped&quot;:[{&quot;title&quot;:&quot;passing test&quot;,&quot;fullTitle&quot;:&quot;Master Test Suite Test Suite - Failed Before passing test&quot;,&quot;timedOut&quot;:false,&quot;duration&quot;:0,&quot;pass&quot;:false,&quot;fail&quot;:false,&quot;pending&quot;:false,&quot;code&quot;:&quot;true.should.be.ok;\ndone();&quot;,&quot;err&quot;:{},&quot;isRoot&quot;:false,&quot;parentUUID&quot;:&quot;a70b13a8-5166-4cda-86c4-7b0612b19667&quot;,&quot;skipped&quot;:true},{&quot;title&quot;:&quot;failing test&quot;,&quot;fullTitle&quot;:&quot;Master Test Suite Test Suite - Failed Before failing test&quot;,&quot;timedOut&quot;:false,&quot;duration&quot;:0,&quot;pass&quot;:false,&quot;fail&quot;:false,&quot;pending&quot;:false,&quot;code&quot;:&quot;false.should.be.ok;\ndone();&quot;,&quot;err&quot;:{},&quot;isRoot&quot;:false,&quot;parentUUID&quot;:&quot;a70b13a8-5166-4cda-86c4-7b0612b19667&quot;,&quot;skipped&quot;:true}],&quot;hasTests&quot;:true,&quot;hasSuites&quot;:false,&quot;totalTests&quot;:2,&quot;totalPasses&quot;:0,&quot;totalFailures&quot;:0,&quot;totalPending&quot;:0,&quot;totalSkipped&quot;:2,&quot;hasPasses&quot;:false,&quot;hasFailures&quot;:false,&quot;hasPending&quot;:false,&quot;hasSkipped&quot;:true,&quot;duration&quot;:0},{&quot;title&quot;:&quot;Test Suite - Failed Before and After&quot;,&quot;suites&quot;:[],&quot;tests&quot;:[{&quot;title&quot;:&quot;passing test&quot;,&quot;fullTitle&quot;:&quot;Master Test Suite Test Suite - Failed Before and After passing test&quot;,&quot;timedOut&quot;:false,&quot;duration&quot;:0,&quot;pass&quot;:false,&quot;fail&quot;:false,&quot;pending&quot;:false,&quot;code&quot;:&quot;true.should.be.ok;\ndone();&quot;,&quot;err&quot;:{},&quot;isRoot&quot;:false,&quot;parentUUID&quot;:&quot;42118a21-0ccb-426c-81bd-5b3dfb3ccd8e&quot;,&quot;skipped&quot;:true},{&quot;title&quot;:&quot;failing test&quot;,&quot;fullTitle&quot;:&quot;Master Test Suite Test Suite - Failed Before and After failing test&quot;,&quot;timedOut&quot;:false,&quot;duration&quot;:0,&quot;pass&quot;:false,&quot;fail&quot;:false,&quot;pending&quot;:false,&quot;code&quot;:&quot;false.should.be.ok;\ndone();&quot;,&quot;err&quot;:{},&quot;isRoot&quot;:false,&quot;parentUUID&quot;:&quot;42118a21-0ccb-426c-81bd-5b3dfb3ccd8e&quot;,&quot;skipped&quot;:true}],&quot;pending&quot;:[],&quot;root&quot;:false,&quot;_timeout&quot;:2000,&quot;file&quot;:&quot;/test-functional/test.js&quot;,&quot;uuid&quot;:&quot;42118a21-0ccb-426c-81bd-5b3dfb3ccd8e&quot;,&quot;fullFile&quot;:&quot;/Users/adamgruber/Sites/mochawesome/test-functional/test.js&quot;,&quot;passes&quot;:[],&quot;failures&quot;:[],&quot;skipped&quot;:[{&quot;title&quot;:&quot;passing test&quot;,&quot;fullTitle&quot;:&quot;Master Test Suite Test Suite - Failed Before and After passing test&quot;,&quot;timedOut&quot;:false,&quot;duration&quot;:0,&quot;pass&quot;:false,&quot;fail&quot;:false,&quot;pending&quot;:false,&quot;code&quot;:&quot;true.should.be.ok;\ndone();&quot;,&quot;err&quot;:{},&quot;isRoot&quot;:false,&quot;parentUUID&quot;:&quot;42118a21-0ccb-426c-81bd-5b3dfb3ccd8e&quot;,&quot;skipped&quot;:true},{&quot;title&quot;:&quot;failing test&quot;,&quot;fullTitle&quot;:&quot;Master Test Suite Test Suite - Failed Before and After failing test&quot;,&quot;timedOut&quot;:false,&quot;duration&quot;:0,&quot;pass&quot;:false,&quot;fail&quot;:false,&quot;pending&quot;:false,&quot;code&quot;:&quot;false.should.be.ok;\ndone();&quot;,&quot;err&quot;:{},&quot;isRoot&quot;:false,&quot;parentUUID&quot;:&quot;42118a21-0ccb-426c-81bd-5b3dfb3ccd8e&quot;,&quot;skipped&quot;:true}],&quot;hasTests&quot;:true,&quot;hasSuites&quot;:false,&quot;totalTests&quot;:2,&quot;totalPasses&quot;:0,&quot;totalFailures&quot;:0,&quot;totalPending&quot;:0,&quot;totalSkipped&quot;:2,&quot;hasPasses&quot;:false,&quot;hasFailures&quot;:false,&quot;hasPending&quot;:false,&quot;hasSkipped&quot;:true,&quot;duration&quot;:0},{&quot;title&quot;:&quot;Test Suite - Failed Before Each&quot;,&quot;suites&quot;:[],&quot;tests&quot;:[{&quot;title&quot;:&quot;passing test&quot;,&quot;fullTitle&quot;:&quot;Master Test Suite Test Suite - Failed Before Each passing test&quot;,&quot;timedOut&quot;:false,&quot;duration&quot;:0,&quot;pass&quot;:false,&quot;fail&quot;:false,&quot;pending&quot;:false,&quot;code&quot;:&quot;true.should.be.ok;\ndone();&quot;,&quot;err&quot;:{},&quot;isRoot&quot;:false,&quot;uuid&quot;:&quot;99dc3d36-1eaa-4b85-92e3-e1ba34885bbf&quot;,&quot;parentUUID&quot;:&quot;5a179315-8073-42fb-a53d-b579e8890b3d&quot;,&quot;skipped&quot;:true},{&quot;title&quot;:&quot;failing test&quot;,&quot;fullTitle&quot;:&quot;Master Test Suite Test Suite - Failed Before Each failing test&quot;,&quot;timedOut&quot;:false,&quot;duration&quot;:0,&quot;pass&quot;:false,&quot;fail&quot;:false,&quot;pending&quot;:false,&quot;code&quot;:&quot;false.should.be.ok;\ndone();&quot;,&quot;err&quot;:{},&quot;isRoot&quot;:false,&quot;parentUUID&quot;:&quot;5a179315-8073-42fb-a53d-b579e8890b3d&quot;,&quot;skipped&quot;:true}],&quot;pending&quot;:[],&quot;root&quot;:false,&quot;_timeout&quot;:2000,&quot;file&quot;:&quot;/test-functional/test.js&quot;,&quot;uuid&quot;:&quot;5a179315-8073-42fb-a53d-b579e8890b3d&quot;,&quot;fullFile&quot;:&quot;/Users/adamgruber/Sites/mochawesome/test-functional/test.js&quot;,&quot;passes&quot;:[],&quot;failures&quot;:[],&quot;skipped&quot;:[{&quot;title&quot;:&quot;passing test&quot;,&quot;fullTitle&quot;:&quot;Master Test Suite Test Suite - Failed Before Each passing test&quot;,&quot;timedOut&quot;:false,&quot;duration&quot;:0,&quot;pass&quot;:false,&quot;fail&quot;:false,&quot;pending&quot;:false,&quot;code&quot;:&quot;true.should.be.ok;\ndone();&quot;,&quot;err&quot;:{},&quot;isRoot&quot;:false,&quot;uuid&quot;:&quot;99dc3d36-1eaa-4b85-92e3-e1ba34885bbf&quot;,&quot;parentUUID&quot;:&quot;5a179315-8073-42fb-a53d-b579e8890b3d&quot;,&quot;skipped&quot;:true},{&quot;title&quot;:&quot;failing test&quot;,&quot;fullTitle&quot;:&quot;Master Test Suite Test Suite - Failed Before Each failing test&quot;,&quot;timedOut&quot;:false,&quot;duration&quot;:0,&quot;pass&quot;:false,&quot;fail&quot;:false,&quot;pending&quot;:false,&quot;code&quot;:&quot;false.should.be.ok;\ndone();&quot;,&quot;err&quot;:{},&quot;isRoot&quot;:false,&quot;parentUUID&quot;:&quot;5a179315-8073-42fb-a53d-b579e8890b3d&quot;,&quot;skipped&quot;:true}],&quot;hasTests&quot;:true,&quot;hasSuites&quot;:false,&quot;totalTests&quot;:2,&quot;totalPasses&quot;:0,&quot;totalFailures&quot;:0,&quot;totalPending&quot;:0,&quot;totalSkipped&quot;:2,&quot;hasPasses&quot;:false,&quot;hasFailures&quot;:false,&quot;hasPending&quot;:false,&quot;hasSkipped&quot;:true,&quot;duration&quot;:0},{&quot;title&quot;:&quot;Test Suite - Failed After Each&quot;,&quot;suites&quot;:[],&quot;tests&quot;:[{&quot;title&quot;:&quot;passing test&quot;,&quot;fullTitle&quot;:&quot;Master Test Suite Test Suite - Failed After Each passing test&quot;,&quot;timedOut&quot;:false,&quot;duration&quot;:0,&quot;state&quot;:&quot;passed&quot;,&quot;speed&quot;:&quot;fast&quot;,&quot;pass&quot;:true,&quot;fail&quot;:false,&quot;pending&quot;:false,&quot;code&quot;:&quot;true.should.be.ok;\ndone();&quot;,&quot;err&quot;:{},&quot;isRoot&quot;:false,&quot;uuid&quot;:&quot;55c9aa87-b741-4f15-b798-9b6e058e23d6&quot;,&quot;parentUUID&quot;:&quot;8f445bfe-0ca2-414f-9a1c-27d902cb064c&quot;,&quot;skipped&quot;:false},{&quot;title&quot;:&quot;pending test&quot;,&quot;fullTitle&quot;:&quot;Master Test Suite Test Suite - Failed After Each pending test&quot;,&quot;timedOut&quot;:false,&quot;duration&quot;:0,&quot;pass&quot;:false,&quot;fail&quot;:false,&quot;pending&quot;:true,&quot;code&quot;:&quot;&quot;,&quot;err&quot;:{},&quot;isRoot&quot;:false,&quot;parentUUID&quot;:&quot;8f445bfe-0ca2-414f-9a1c-27d902cb064c&quot;,&quot;skipped&quot;:false},{&quot;title&quot;:&quot;failing test&quot;,&quot;fullTitle&quot;:&quot;Master Test Suite Test Suite - Failed After Each failing test&quot;,&quot;timedOut&quot;:false,&quot;duration&quot;:0,&quot;state&quot;:&quot;failed&quot;,&quot;pass&quot;:false,&quot;fail&quot;:true,&quot;pending&quot;:false,&quot;code&quot;:&quot;false.should.be.ok;\ndone();&quot;,&quot;err&quot;:{&quot;name&quot;:&quot;AssertionError&quot;,&quot;actual&quot;:false,&quot;operator&quot;:&quot;to be truthy&quot;,&quot;message&quot;:&quot;expected false to be truthy&quot;,&quot;generatedMessage&quot;:true,&quot;estack&quot;:&quot;AssertionError: expected false to be truthy\n    at Assertion.prop.(anonymous function) (node_modules/should/lib/should.js:61:14)\n    at Context.&lt;anonymous&gt; (test-functional/test.js:159:7)&quot;},&quot;isRoot&quot;:false,&quot;uuid&quot;:&quot;9be8e963-e212-4e06-bde2-a9d2857c9c1a&quot;,&quot;parentUUID&quot;:&quot;8f445bfe-0ca2-414f-9a1c-27d902cb064c&quot;,&quot;skipped&quot;:false},{&quot;title&quot;:&quot;passing test&quot;,&quot;fullTitle&quot;:&quot;Master Test Suite Test Suite - Failed After Each passing test&quot;,&quot;timedOut&quot;:false,&quot;duration&quot;:0,&quot;state&quot;:&quot;passed&quot;,&quot;speed&quot;:&quot;fast&quot;,&quot;pass&quot;:true,&quot;fail&quot;:false,&quot;pending&quot;:false,&quot;code&quot;:&quot;true.should.be.ok;\ndone();&quot;,&quot;err&quot;:{},&quot;isRoot&quot;:false,&quot;uuid&quot;:&quot;fe73dac8-8576-45d9-a224-89f10ca507d2&quot;,&quot;parentUUID&quot;:&quot;8f445bfe-0ca2-414f-9a1c-27d902cb064c&quot;,&quot;skipped&quot;:false},{&quot;title&quot;:&quot;pending test&quot;,&quot;fullTitle&quot;:&quot;Master Test Suite Test Suite - Failed After Each pending test&quot;,&quot;timedOut&quot;:false,&quot;duration&quot;:0,&quot;pass&quot;:false,&quot;fail&quot;:false,&quot;pending&quot;:true,&quot;code&quot;:&quot;&quot;,&quot;err&quot;:{},&quot;isRoot&quot;:false,&quot;parentUUID&quot;:&quot;8f445bfe-0ca2-414f-9a1c-27d902cb064c&quot;,&quot;skipped&quot;:false}],&quot;pending&quot;:[{&quot;title&quot;:&quot;pending test&quot;,&quot;fullTitle&quot;:&quot;Master Test Suite Test Suite - Failed After Each pending test&quot;,&quot;timedOut&quot;:false,&quot;duration&quot;:0,&quot;pass&quot;:false,&quot;fail&quot;:false,&quot;pending&quot;:true,&quot;code&quot;:&quot;&quot;,&quot;err&quot;:{},&quot;isRoot&quot;:false,&quot;parentUUID&quot;:&quot;8f445bfe-0ca2-414f-9a1c-27d902cb064c&quot;,&quot;skipped&quot;:false},{&quot;title&quot;:&quot;pending test&quot;,&quot;fullTitle&quot;:&quot;Master Test Suite Test Suite - Failed After Each pending test&quot;,&quot;timedOut&quot;:false,&quot;duration&quot;:0,&quot;pass&quot;:false,&quot;fail&quot;:false,&quot;pending&quot;:true,&quot;code&quot;:&quot;&quot;,&quot;err&quot;:{},&quot;isRoot&quot;:false,&quot;parentUUID&quot;:&quot;8f445bfe-0ca2-414f-9a1c-27d902cb064c&quot;,&quot;skipped&quot;:false}],&quot;root&quot;:false,&quot;_timeout&quot;:2000,&quot;file&quot;:&quot;/test-functional/test.js&quot;,&quot;uuid&quot;:&quot;8f445bfe-0ca2-414f-9a1c-27d902cb064c&quot;,&quot;fullFile&quot;:&quot;/Users/adamgruber/Sites/mochawesome/test-functional/test.js&quot;,&quot;passes&quot;:[{&quot;title&quot;:&quot;passing test&quot;,&quot;fullTitle&quot;:&quot;Master Test Suite Test Suite - Failed After Each passing test&quot;,&quot;timedOut&quot;:false,&quot;duration&quot;:0,&quot;state&quot;:&quot;passed&quot;,&quot;speed&quot;:&quot;fast&quot;,&quot;pass&quot;:true,&quot;fail&quot;:false,&quot;pending&quot;:false,&quot;code&quot;:&quot;true.should.be.ok;\ndone();&quot;,&quot;err&quot;:{},&quot;isRoot&quot;:false,&quot;uuid&quot;:&quot;55c9aa87-b741-4f15-b798-9b6e058e23d6&quot;,&quot;parentUUID&quot;:&quot;8f445bfe-0ca2-414f-9a1c-27d902cb064c&quot;,&quot;skipped&quot;:false},{&quot;title&quot;:&quot;passing test&quot;,&quot;fullTitle&quot;:&quot;Master Test Suite Test Suite - Failed After Each passing test&quot;,&quot;timedOut&quot;:false,&quot;duration&quot;:0,&quot;state&quot;:&quot;passed&quot;,&quot;speed&quot;:&quot;fast&quot;,&quot;pass&quot;:true,&quot;fail&quot;:false,&quot;pending&quot;:false,&quot;code&quot;:&quot;true.should.be.ok;\ndone();&quot;,&quot;err&quot;:{},&quot;isRoot&quot;:false,&quot;uuid&quot;:&quot;fe73dac8-8576-45d9-a224-89f10ca507d2&quot;,&quot;parentUUID&quot;:&quot;8f445bfe-0ca2-414f-9a1c-27d902cb064c&quot;,&quot;skipped&quot;:false}],&quot;failures&quot;:[{&quot;title&quot;:&quot;failing test&quot;,&quot;fullTitle&quot;:&quot;Master Test Suite Test Suite - Failed After Each failing test&quot;,&quot;timedOut&quot;:false,&quot;duration&quot;:0,&quot;state&quot;:&quot;failed&quot;,&quot;pass&quot;:false,&quot;fail&quot;:true,&quot;pending&quot;:false,&quot;code&quot;:&quot;false.should.be.ok;\ndone();&quot;,&quot;err&quot;:{&quot;name&quot;:&quot;AssertionError&quot;,&quot;actual&quot;:false,&quot;operator&quot;:&quot;to be truthy&quot;,&quot;message&quot;:&quot;expected false to be truthy&quot;,&quot;generatedMessage&quot;:true,&quot;estack&quot;:&quot;AssertionError: expected false to be truthy\n    at Assertion.prop.(anonymous function) (node_modules/should/lib/should.js:61:14)\n    at Context.&lt;anonymous&gt; (test-functional/test.js:159:7)&quot;},&quot;isRoot&quot;:false,&quot;uuid&quot;:&quot;9be8e963-e212-4e06-bde2-a9d2857c9c1a&quot;,&quot;parentUUID&quot;:&quot;8f445bfe-0ca2-414f-9a1c-27d902cb064c&quot;,&quot;skipped&quot;:false}],&quot;skipped&quot;:[],&quot;hasTests&quot;:true,&quot;hasSuites&quot;:false,&quot;totalTests&quot;:5,&quot;totalPasses&quot;:2,&quot;totalFailures&quot;:1,&quot;totalPending&quot;:2,&quot;totalSkipped&quot;:0,&quot;hasPasses&quot;:true,&quot;hasFailures&quot;:true,&quot;hasPending&quot;:true,&quot;hasSkipped&quot;:false,&quot;duration&quot;:0}],&quot;tests&quot;:[],&quot;pending&quot;:[],&quot;root&quot;:false,&quot;_timeout&quot;:2000,&quot;file&quot;:&quot;/test-functional/test.js&quot;,&quot;uuid&quot;:&quot;55815493-6d8d-47d4-ade6-310aeef2c21b&quot;,&quot;fullFile&quot;:&quot;/Users/adamgruber/Sites/mochawesome/test-functional/test.js&quot;,&quot;passes&quot;:[],&quot;failures&quot;:[],&quot;skipped&quot;:[],&quot;hasTests&quot;:false,&quot;hasSuites&quot;:true,&quot;totalTests&quot;:0,&quot;totalPasses&quot;:0,&quot;totalFailures&quot;:0,&quot;totalPending&quot;:0,&quot;totalSkipped&quot;:0,&quot;hasPasses&quot;:false,&quot;hasFailures&quot;:false,&quot;hasPending&quot;:false,&quot;hasSkipped&quot;:false,&quot;duration&quot;:0}],&quot;tests&quot;:[],&quot;pending&quot;:[],&quot;root&quot;:true,&quot;_timeout&quot;:2000,&quot;uuid&quot;:&quot;bcc6e215-da9e-47ac-b033-24cf8bc26b00&quot;,&quot;fullFile&quot;:&quot;&quot;,&quot;file&quot;:&quot;&quot;,&quot;passes&quot;:[],&quot;failures&quot;:[],&quot;skipped&quot;:[],&quot;hasTests&quot;:false,&quot;hasSuites&quot;:true,&quot;totalTests&quot;:0,&quot;totalPasses&quot;:0,&quot;totalFailures&quot;:0,&quot;totalPending&quot;:0,&quot;totalSkipped&quot;:0,&quot;hasPasses&quot;:false,&quot;hasFailures&quot;:false,&quot;hasPending&quot;:false,&quot;hasSkipped&quot;:false,&quot;duration&quot;:0,&quot;rootEmpty&quot;:true},&quot;allTests&quot;:[{&quot;title&quot;:&quot;passing test&quot;,&quot;fullTitle&quot;:&quot;Test Suite - Basic passing test&quot;,&quot;timedOut&quot;:false,&quot;duration&quot;:1,&quot;state&quot;:&quot;passed&quot;,&quot;speed&quot;:&quot;fast&quot;,&quot;pass&quot;:true,&quot;fail&quot;:false,&quot;pending&quot;:false,&quot;code&quot;:&quot;true.should.be.ok;\ndone();&quot;,&quot;err&quot;:{},&quot;isRoot&quot;:false,&quot;uuid&quot;:&quot;eb70b576-1a2b-4d82-af57-58fcf58bf43f&quot;,&quot;parentUUID&quot;:&quot;8357a4a2-4e27-45c3-8fa2-9652c19cb264&quot;,&quot;skipped&quot;:false},{&quot;title&quot;:&quot;failing test&quot;,&quot;fullTitle&quot;:&quot;Test Suite - Basic failing test&quot;,&quot;timedOut&quot;:false,&quot;duration&quot;:11,&quot;state&quot;:&quot;failed&quot;,&quot;pass&quot;:false,&quot;fail&quot;:true,&quot;pending&quot;:false,&quot;code&quot;:&quot;var o = retObj();\no.should.eql({});\ndone();&quot;,&quot;err&quot;:{&quot;name&quot;:&quot;AssertionError&quot;,&quot;actual&quot;:&quot;{\n  \&quot;adam\&quot;: \&quot;adam\&quot;\n}&quot;,&quot;expected&quot;:&quot;{}&quot;,&quot;operator&quot;:&quot;to equal&quot;,&quot;message&quot;:&quot;expected { adam: &#x27;adam&#x27; } to equal {}&quot;,&quot;generatedMessage&quot;:true,&quot;showDiff&quot;:true,&quot;estack&quot;:&quot;AssertionError: expected { adam: &#x27;adam&#x27; } to equal {}\n    at Assertion.prop.(anonymous function) (node_modules/should/lib/should.js:61:14)\n    at Context.&lt;anonymous&gt; (test-functional/test.js:13:16)&quot;,&quot;diff&quot;:&quot;- {\n-   \&quot;adam\&quot;: \&quot;adam\&quot;\n- }\n+ {}\n&quot;},&quot;isRoot&quot;:false,&quot;uuid&quot;:&quot;05fea520-ec2b-4503-946d-438373f65acd&quot;,&quot;parentUUID&quot;:&quot;8357a4a2-4e27-45c3-8fa2-9652c19cb264&quot;,&quot;skipped&quot;:false},{&quot;title&quot;:&quot;passing test&quot;,&quot;fullTitle&quot;:&quot;Test Suite - Nested Suites passing test&quot;,&quot;timedOut&quot;:false,&quot;duration&quot;:0,&quot;state&quot;:&quot;passed&quot;,&quot;speed&quot;:&quot;fast&quot;,&quot;pass&quot;:true,&quot;fail&quot;:false,&quot;pending&quot;:false,&quot;code&quot;:&quot;true.should.be.ok;\ndone();&quot;,&quot;err&quot;:{},&quot;isRoot&quot;:false,&quot;uuid&quot;:&quot;3e98187b-3137-4833-a19d-a89e93074d42&quot;,&quot;parentUUID&quot;:&quot;0aeb516a-d1a6-4195-827b-5624e1b36bd2&quot;,&quot;skipped&quot;:false},{&quot;title&quot;:&quot;failing test&quot;,&quot;fullTitle&quot;:&quot;Test Suite - Nested Suites failing test&quot;,&quot;timedOut&quot;:false,&quot;duration&quot;:0,&quot;state&quot;:&quot;failed&quot;,&quot;pass&quot;:false,&quot;fail&quot;:true,&quot;pending&quot;:false,&quot;code&quot;:&quot;false.should.be.ok;\ndone();&quot;,&quot;err&quot;:{&quot;name&quot;:&quot;AssertionError&quot;,&quot;actual&quot;:false,&quot;operator&quot;:&quot;to be truthy&quot;,&quot;message&quot;:&quot;expected false to be truthy&quot;,&quot;generatedMessage&quot;:true,&quot;estack&quot;:&quot;AssertionError: expected false to be truthy\n    at Assertion.prop.(anonymous function) (node_modules/should/lib/should.js:61:14)\n    at Context.&lt;anonymous&gt; (test-functional/test.js:36:7)&quot;},&quot;isRoot&quot;:false,&quot;uuid&quot;:&quot;fad16d71-5d84-4e17-baa8-5b2138fb0c9b&quot;,&quot;parentUUID&quot;:&quot;0aeb516a-d1a6-4195-827b-5624e1b36bd2&quot;,&quot;skipped&quot;:false},{&quot;title&quot;:&quot;passing test&quot;,&quot;fullTitle&quot;:&quot;Nested Test Suite passing test&quot;,&quot;timedOut&quot;:false,&quot;duration&quot;:0,&quot;state&quot;:&quot;passed&quot;,&quot;speed&quot;:&quot;fast&quot;,&quot;pass&quot;:true,&quot;fail&quot;:false,&quot;pending&quot;:false,&quot;code&quot;:&quot;true.should.be.ok;\ndone();&quot;,&quot;err&quot;:{},&quot;isRoot&quot;:false,&quot;uuid&quot;:&quot;9b5ea475-8f9b-4f14-b063-6487c437bc42&quot;,&quot;parentUUID&quot;:&quot;67764360-3fbf-4d56-a9e9-e9b912b0faac&quot;,&quot;skipped&quot;:false},{&quot;title&quot;:&quot;passing test&quot;,&quot;fullTitle&quot;:&quot;Nested Test Suite passing test&quot;,&quot;timedOut&quot;:false,&quot;duration&quot;:0,&quot;state&quot;:&quot;passed&quot;,&quot;speed&quot;:&quot;fast&quot;,&quot;pass&quot;:true,&quot;fail&quot;:false,&quot;pending&quot;:false,&quot;code&quot;:&quot;true.should.be.ok;\ndone();&quot;,&quot;err&quot;:{},&quot;isRoot&quot;:false,&quot;uuid&quot;:&quot;d1c34398-cae1-4091-9616-d9ca482ea20d&quot;,&quot;parentUUID&quot;:&quot;3e2d6724-8d3a-4dce-b951-773d280a6f5f&quot;,&quot;skipped&quot;:false},{&quot;title&quot;:&quot;passing test&quot;,&quot;fullTitle&quot;:&quot;Test Suite - Failed After passing test&quot;,&quot;timedOut&quot;:false,&quot;duration&quot;:0,&quot;state&quot;:&quot;passed&quot;,&quot;speed&quot;:&quot;fast&quot;,&quot;pass&quot;:true,&quot;fail&quot;:false,&quot;pending&quot;:false,&quot;code&quot;:&quot;true.should.be.ok;\ndone();&quot;,&quot;err&quot;:{},&quot;isRoot&quot;:false,&quot;uuid&quot;:&quot;049226cd-6fa2-4691-8a41-086432ce988f&quot;,&quot;parentUUID&quot;:&quot;59119e34-62b6-461a-906c-011f895db41c&quot;,&quot;skipped&quot;:false},{&quot;title&quot;:&quot;pending test&quot;,&quot;fullTitle&quot;:&quot;Test Suite - Failed After pending test&quot;,&quot;timedOut&quot;:false,&quot;duration&quot;:0,&quot;pass&quot;:false,&quot;fail&quot;:false,&quot;pending&quot;:true,&quot;code&quot;:&quot;&quot;,&quot;err&quot;:{},&quot;isRoot&quot;:false,&quot;parentUUID&quot;:&quot;59119e34-62b6-461a-906c-011f895db41c&quot;,&quot;skipped&quot;:false},{&quot;title&quot;:&quot;failing test&quot;,&quot;fullTitle&quot;:&quot;Test Suite - Failed After failing test&quot;,&quot;timedOut&quot;:false,&quot;duration&quot;:1,&quot;state&quot;:&quot;failed&quot;,&quot;pass&quot;:false,&quot;fail&quot;:true,&quot;pending&quot;:false,&quot;code&quot;:&quot;false.should.be.ok;\ndone();&quot;,&quot;err&quot;:{&quot;name&quot;:&quot;AssertionError&quot;,&quot;actual&quot;:false,&quot;operator&quot;:&quot;to be truthy&quot;,&quot;message&quot;:&quot;expected false to be truthy&quot;,&quot;generatedMessage&quot;:true,&quot;estack&quot;:&quot;AssertionError: expected false to be truthy\n    at Assertion.prop.(anonymous function) (node_modules/should/lib/should.js:61:14)\n    at Context.&lt;anonymous&gt; (test-functional/test.js:66:7)&quot;},&quot;isRoot&quot;:false,&quot;uuid&quot;:&quot;fac3ebd7-24f8-42e7-bf9a-0d18a9bf558e&quot;,&quot;parentUUID&quot;:&quot;59119e34-62b6-461a-906c-011f895db41c&quot;,&quot;skipped&quot;:false},{&quot;title&quot;:&quot;passing test&quot;,&quot;fullTitle&quot;:&quot;Test Suite - Failed After passing test&quot;,&quot;timedOut&quot;:false,&quot;duration&quot;:0,&quot;state&quot;:&quot;passed&quot;,&quot;speed&quot;:&quot;fast&quot;,&quot;pass&quot;:true,&quot;fail&quot;:false,&quot;pending&quot;:false,&quot;code&quot;:&quot;true.should.be.ok;\ndone();&quot;,&quot;err&quot;:{},&quot;isRoot&quot;:false,&quot;uuid&quot;:&quot;90010623-3857-48e2-9b8c-969ea48f9034&quot;,&quot;parentUUID&quot;:&quot;59119e34-62b6-461a-906c-011f895db41c&quot;,&quot;skipped&quot;:false},{&quot;title&quot;:&quot;pending test&quot;,&quot;fullTitle&quot;:&quot;Test Suite - Failed After pending test&quot;,&quot;timedOut&quot;:false,&quot;duration&quot;:0,&quot;pass&quot;:false,&quot;fail&quot;:false,&quot;pending&quot;:true,&quot;code&quot;:&quot;&quot;,&quot;err&quot;:{},&quot;isRoot&quot;:false,&quot;parentUUID&quot;:&quot;59119e34-62b6-461a-906c-011f895db41c&quot;,&quot;skipped&quot;:false},{&quot;title&quot;:&quot;passing test&quot;,&quot;fullTitle&quot;:&quot;Test Suite - Pass passing test&quot;,&quot;timedOut&quot;:false,&quot;duration&quot;:0,&quot;state&quot;:&quot;passed&quot;,&quot;speed&quot;:&quot;fast&quot;,&quot;pass&quot;:true,&quot;fail&quot;:false,&quot;pending&quot;:false,&quot;code&quot;:&quot;true.should.be.ok;\ndone();&quot;,&quot;err&quot;:{},&quot;isRoot&quot;:false,&quot;uuid&quot;:&quot;5bb3d31c-1f05-4137-a6c6-11302c698560&quot;,&quot;parentUUID&quot;:&quot;1e647a5c-9bd1-42e6-a3ec-09b11c60ae16&quot;,&quot;skipped&quot;:false},{&quot;title&quot;:&quot;failing test&quot;,&quot;fullTitle&quot;:&quot;Test Suite - Fail failing test&quot;,&quot;timedOut&quot;:false,&quot;duration&quot;:0,&quot;state&quot;:&quot;failed&quot;,&quot;pass&quot;:false,&quot;fail&quot;:true,&quot;pending&quot;:false,&quot;code&quot;:&quot;false.should.be.ok;\ndone();&quot;,&quot;err&quot;:{&quot;name&quot;:&quot;AssertionError&quot;,&quot;actual&quot;:false,&quot;operator&quot;:&quot;to be truthy&quot;,&quot;message&quot;:&quot;expected false to be truthy&quot;,&quot;generatedMessage&quot;:true,&quot;estack&quot;:&quot;AssertionError: expected false to be truthy\n    at Assertion.prop.(anonymous function) (node_modules/should/lib/should.js:61:14)\n    at Context.&lt;anonymous&gt; (test-functional/test.js:90:7)&quot;},&quot;isRoot&quot;:false,&quot;uuid&quot;:&quot;8807aacb-d67a-4030-8645-5bdef8133d9f&quot;,&quot;parentUUID&quot;:&quot;be7f6887-365f-4327-80b2-2d5adcb46261&quot;,&quot;skipped&quot;:false},{&quot;title&quot;:&quot;pending test&quot;,&quot;fullTitle&quot;:&quot;Test Suite - Pend pending test&quot;,&quot;timedOut&quot;:false,&quot;duration&quot;:0,&quot;pass&quot;:false,&quot;fail&quot;:false,&quot;pending&quot;:true,&quot;code&quot;:&quot;&quot;,&quot;err&quot;:{},&quot;isRoot&quot;:false,&quot;parentUUID&quot;:&quot;718e4d95-d945-4a65-bf77-27c451d09426&quot;,&quot;skipped&quot;:false},{&quot;title&quot;:&quot;passing test&quot;,&quot;fullTitle&quot;:&quot;Test Suite - Failed After Each passing test&quot;,&quot;timedOut&quot;:false,&quot;duration&quot;:0,&quot;state&quot;:&quot;passed&quot;,&quot;speed&quot;:&quot;fast&quot;,&quot;pass&quot;:true,&quot;fail&quot;:false,&quot;pending&quot;:false,&quot;code&quot;:&quot;true.should.be.ok;\ndone();&quot;,&quot;err&quot;:{},&quot;isRoot&quot;:false,&quot;uuid&quot;:&quot;55c9aa87-b741-4f15-b798-9b6e058e23d6&quot;,&quot;parentUUID&quot;:&quot;8f445bfe-0ca2-414f-9a1c-27d902cb064c&quot;,&quot;skipped&quot;:false},{&quot;title&quot;:&quot;pending test&quot;,&quot;fullTitle&quot;:&quot;Test Suite - Failed After Each pending test&quot;,&quot;timedOut&quot;:false,&quot;duration&quot;:0,&quot;pass&quot;:false,&quot;fail&quot;:false,&quot;pending&quot;:true,&quot;code&quot;:&quot;&quot;,&quot;err&quot;:{},&quot;isRoot&quot;:false,&quot;parentUUID&quot;:&quot;8f445bfe-0ca2-414f-9a1c-27d902cb064c&quot;,&quot;skipped&quot;:false},{&quot;title&quot;:&quot;failing test&quot;,&quot;fullTitle&quot;:&quot;Test Suite - Failed After Each failing test&quot;,&quot;timedOut&quot;:false,&quot;duration&quot;:0,&quot;state&quot;:&quot;failed&quot;,&quot;pass&quot;:false,&quot;fail&quot;:true,&quot;pending&quot;:false,&quot;code&quot;:&quot;false.should.be.ok;\ndone();&quot;,&quot;err&quot;:{&quot;name&quot;:&quot;AssertionError&quot;,&quot;actual&quot;:false,&quot;operator&quot;:&quot;to be truthy&quot;,&quot;message&quot;:&quot;expected false to be truthy&quot;,&quot;generatedMessage&quot;:true,&quot;estack&quot;:&quot;AssertionError: expected false to be truthy\n    at Assertion.prop.(anonymous function) (node_modules/should/lib/should.js:61:14)\n    at Context.&lt;anonymous&gt; (test-functional/test.js:159:7)&quot;},&quot;isRoot&quot;:false,&quot;uuid&quot;:&quot;9be8e963-e212-4e06-bde2-a9d2857c9c1a&quot;,&quot;parentUUID&quot;:&quot;8f445bfe-0ca2-414f-9a1c-27d902cb064c&quot;,&quot;skipped&quot;:false},{&quot;title&quot;:&quot;passing test&quot;,&quot;fullTitle&quot;:&quot;Test Suite - Failed After Each passing test&quot;,&quot;timedOut&quot;:false,&quot;duration&quot;:0,&quot;state&quot;:&quot;passed&quot;,&quot;speed&quot;:&quot;fast&quot;,&quot;pass&quot;:true,&quot;fail&quot;:false,&quot;pending&quot;:false,&quot;code&quot;:&quot;true.should.be.ok;\ndone();&quot;,&quot;err&quot;:{},&quot;isRoot&quot;:false,&quot;uuid&quot;:&quot;fe73dac8-8576-45d9-a224-89f10ca507d2&quot;,&quot;parentUUID&quot;:&quot;8f445bfe-0ca2-414f-9a1c-27d902cb064c&quot;,&quot;skipped&quot;:false},{&quot;title&quot;:&quot;pending test&quot;,&quot;fullTitle&quot;:&quot;Test Suite - Failed After Each pending test&quot;,&quot;timedOut&quot;:false,&quot;duration&quot;:0,&quot;pass&quot;:false,&quot;fail&quot;:false,&quot;pending&quot;:true,&quot;code&quot;:&quot;&quot;,&quot;err&quot;:{},&quot;isRoot&quot;:false,&quot;parentUUID&quot;:&quot;8f445bfe-0ca2-414f-9a1c-27d902cb064c&quot;,&quot;skipped&quot;:false}],&quot;allPending&quot;:[{&quot;title&quot;:&quot;pending test&quot;,&quot;body&quot;:&quot;&quot;,&quot;sync&quot;:true,&quot;_timeout&quot;:2000,&quot;_slow&quot;:75,&quot;_enableTimeouts&quot;:true,&quot;timedOut&quot;:false,&quot;_trace&quot;:{},&quot;_retries&quot;:-1,&quot;_currentRetry&quot;:0,&quot;pending&quot;:true,&quot;type&quot;:&quot;test&quot;,&quot;file&quot;:&quot;/Users/adamgruber/Sites/mochawesome/test-functional/test.js&quot;,&quot;parent&quot;:{&quot;title&quot;:&quot;Test Suite - Failed After&quot;,&quot;suites&quot;:[],&quot;tests&quot;:[{&quot;title&quot;:&quot;passing test&quot;,&quot;fullTitle&quot;:&quot;Master Test Suite Test Suite - Failed After passing test&quot;,&quot;timedOut&quot;:false,&quot;duration&quot;:0,&quot;state&quot;:&quot;passed&quot;,&quot;speed&quot;:&quot;fast&quot;,&quot;pass&quot;:true,&quot;fail&quot;:false,&quot;pending&quot;:false,&quot;code&quot;:&quot;true.should.be.ok;\ndone();&quot;,&quot;err&quot;:{},&quot;isRoot&quot;:false,&quot;uuid&quot;:&quot;049226cd-6fa2-4691-8a41-086432ce988f&quot;,&quot;parentUUID&quot;:&quot;59119e34-62b6-461a-906c-011f895db41c&quot;,&quot;skipped&quot;:false},{&quot;title&quot;:&quot;pending test&quot;,&quot;fullTitle&quot;:&quot;Master Test Suite Test Suite - Failed After pending test&quot;,&quot;timedOut&quot;:false,&quot;duration&quot;:0,&quot;pass&quot;:false,&quot;fail&quot;:false,&quot;pending&quot;:true,&quot;code&quot;:&quot;&quot;,&quot;err&quot;:{},&quot;isRoot&quot;:false,&quot;parentUUID&quot;:&quot;59119e34-62b6-461a-906c-011f895db41c&quot;,&quot;skipped&quot;:false},{&quot;title&quot;:&quot;failing test&quot;,&quot;fullTitle&quot;:&quot;Master Test Suite Test Suite - Failed After failing test&quot;,&quot;timedOut&quot;:false,&quot;duration&quot;:1,&quot;state&quot;:&quot;failed&quot;,&quot;pass&quot;:false,&quot;fail&quot;:true,&quot;pending&quot;:false,&quot;code&quot;:&quot;false.should.be.ok;\ndone();&quot;,&quot;err&quot;:{&quot;name&quot;:&quot;AssertionError&quot;,&quot;actual&quot;:false,&quot;operator&quot;:&quot;to be truthy&quot;,&quot;message&quot;:&quot;expected false to be truthy&quot;,&quot;generatedMessage&quot;:true,&quot;estack&quot;:&quot;AssertionError: expected false to be truthy\n    at Assertion.prop.(anonymous function) (node_modules/should/lib/should.js:61:14)\n    at Context.&lt;anonymous&gt; (test-functional/test.js:66:7)&quot;},&quot;isRoot&quot;:false,&quot;uuid&quot;:&quot;fac3ebd7-24f8-42e7-bf9a-0d18a9bf558e&quot;,&quot;parentUUID&quot;:&quot;59119e34-62b6-461a-906c-011f895db41c&quot;,&quot;skipped&quot;:false},{&quot;title&quot;:&quot;passing test&quot;,&quot;fullTitle&quot;:&quot;Master Test Suite Test Suite - Failed After passing test&quot;,&quot;timedOut&quot;:false,&quot;duration&quot;:0,&quot;state&quot;:&quot;passed&quot;,&quot;speed&quot;:&quot;fast&quot;,&quot;pass&quot;:true,&quot;fail&quot;:false,&quot;pending&quot;:false,&quot;code&quot;:&quot;true.should.be.ok;\ndone();&quot;,&quot;err&quot;:{},&quot;isRoot&quot;:false,&quot;uuid&quot;:&quot;90010623-3857-48e2-9b8c-969ea48f9034&quot;,&quot;parentUUID&quot;:&quot;59119e34-62b6-461a-906c-011f895db41c&quot;,&quot;skipped&quot;:false},{&quot;title&quot;:&quot;pending test&quot;,&quot;fullTitle&quot;:&quot;Master Test Suite Test Suite - Failed After pending test&quot;,&quot;timedOut&quot;:false,&quot;duration&quot;:0,&quot;pass&quot;:false,&quot;fail&quot;:false,&quot;pending&quot;:true,&quot;code&quot;:&quot;&quot;,&quot;err&quot;:{},&quot;isRoot&quot;:false,&quot;parentUUID&quot;:&quot;59119e34-62b6-461a-906c-011f895db41c&quot;,&quot;skipped&quot;:false}],&quot;pending&quot;:[{&quot;title&quot;:&quot;pending test&quot;,&quot;fullTitle&quot;:&quot;Master Test Suite Test Suite - Failed After pending test&quot;,&quot;timedOut&quot;:false,&quot;duration&quot;:0,&quot;pass&quot;:false,&quot;fail&quot;:false,&quot;pending&quot;:true,&quot;code&quot;:&quot;&quot;,&quot;err&quot;:{},&quot;isRoot&quot;:false,&quot;parentUUID&quot;:&quot;59119e34-62b6-461a-906c-011f895db41c&quot;,&quot;skipped&quot;:false},{&quot;title&quot;:&quot;pending test&quot;,&quot;fullTitle&quot;:&quot;Master Test Suite Test Suite - Failed After pending test&quot;,&quot;timedOut&quot;:false,&quot;duration&quot;:0,&quot;pass&quot;:false,&quot;fail&quot;:false,&quot;pending&quot;:true,&quot;code&quot;:&quot;&quot;,&quot;err&quot;:{},&quot;isRoot&quot;:false,&quot;parentUUID&quot;:&quot;59119e34-62b6-461a-906c-011f895db41c&quot;,&quot;skipped&quot;:false}],&quot;root&quot;:false,&quot;_timeout&quot;:2000,&quot;file&quot;:&quot;/test-functional/test.js&quot;,&quot;uuid&quot;:&quot;59119e34-62b6-461a-906c-011f895db41c&quot;,&quot;fullFile&quot;:&quot;/Users/adamgruber/Sites/mochawesome/test-functional/test.js&quot;,&quot;passes&quot;:[{&quot;title&quot;:&quot;passing test&quot;,&quot;fullTitle&quot;:&quot;Master Test Suite Test Suite - Failed After passing test&quot;,&quot;timedOut&quot;:false,&quot;duration&quot;:0,&quot;state&quot;:&quot;passed&quot;,&quot;speed&quot;:&quot;fast&quot;,&quot;pass&quot;:true,&quot;fail&quot;:false,&quot;pending&quot;:false,&quot;code&quot;:&quot;true.should.be.ok;\ndone();&quot;,&quot;err&quot;:{},&quot;isRoot&quot;:false,&quot;uuid&quot;:&quot;049226cd-6fa2-4691-8a41-086432ce988f&quot;,&quot;parentUUID&quot;:&quot;59119e34-62b6-461a-906c-011f895db41c&quot;,&quot;skipped&quot;:false},{&quot;title&quot;:&quot;passing test&quot;,&quot;fullTitle&quot;:&quot;Master Test Suite Test Suite - Failed After passing test&quot;,&quot;timedOut&quot;:false,&quot;duration&quot;:0,&quot;state&quot;:&quot;passed&quot;,&quot;speed&quot;:&quot;fast&quot;,&quot;pass&quot;:true,&quot;fail&quot;:false,&quot;pending&quot;:false,&quot;code&quot;:&quot;true.should.be.ok;\ndone();&quot;,&quot;err&quot;:{},&quot;isRoot&quot;:false,&quot;uuid&quot;:&quot;90010623-3857-48e2-9b8c-969ea48f9034&quot;,&quot;parentUUID&quot;:&quot;59119e34-62b6-461a-906c-011f895db41c&quot;,&quot;skipped&quot;:false}],&quot;failures&quot;:[{&quot;title&quot;:&quot;failing test&quot;,&quot;fullTitle&quot;:&quot;Master Test Suite Test Suite - Failed After failing test&quot;,&quot;timedOut&quot;:false,&quot;duration&quot;:1,&quot;state&quot;:&quot;failed&quot;,&quot;pass&quot;:false,&quot;fail&quot;:true,&quot;pending&quot;:false,&quot;code&quot;:&quot;false.should.be.ok;\ndone();&quot;,&quot;err&quot;:{&quot;name&quot;:&quot;AssertionError&quot;,&quot;actual&quot;:false,&quot;operator&quot;:&quot;to be truthy&quot;,&quot;message&quot;:&quot;expected false to be truthy&quot;,&quot;generatedMessage&quot;:true,&quot;estack&quot;:&quot;AssertionError: expected false to be truthy\n    at Assertion.prop.(anonymous function) (node_modules/should/lib/should.js:61:14)\n    at Context.&lt;anonymous&gt; (test-functional/test.js:66:7)&quot;},&quot;isRoot&quot;:false,&quot;uuid&quot;:&quot;fac3ebd7-24f8-42e7-bf9a-0d18a9bf558e&quot;,&quot;parentUUID&quot;:&quot;59119e34-62b6-461a-906c-011f895db41c&quot;,&quot;skipped&quot;:false}],&quot;skipped&quot;:[],&quot;hasTests&quot;:true,&quot;hasSuites&quot;:false,&quot;totalTests&quot;:5,&quot;totalPasses&quot;:2,&quot;totalFailures&quot;:1,&quot;totalPending&quot;:2,&quot;totalSkipped&quot;:0,&quot;hasPasses&quot;:true,&quot;hasFailures&quot;:true,&quot;hasPending&quot;:true,&quot;hasSkipped&quot;:false,&quot;duration&quot;:1},&quot;ctx&quot;:{&quot;_runnable&quot;:{&quot;title&quot;:&quot;\&quot;after all\&quot; hook: failing after hook&quot;,&quot;body&quot;:&quot;function () {\n      console.log(&#x27;a&#x27;);\n    }&quot;,&quot;async&quot;:0,&quot;sync&quot;:true,&quot;_timeout&quot;:2000,&quot;_slow&quot;:75,&quot;_enableTimeouts&quot;:true,&quot;timedOut&quot;:false,&quot;_trace&quot;:{},&quot;_retries&quot;:-1,&quot;_currentRetry&quot;:0,&quot;pending&quot;:false,&quot;type&quot;:&quot;hook&quot;,&quot;parent&quot;:{&quot;title&quot;:&quot;Test Suite - Failed After&quot;,&quot;suites&quot;:[],&quot;tests&quot;:[{&quot;title&quot;:&quot;passing test&quot;,&quot;fullTitle&quot;:&quot;Master Test Suite Test Suite - Failed After passing test&quot;,&quot;timedOut&quot;:false,&quot;duration&quot;:0,&quot;state&quot;:&quot;passed&quot;,&quot;speed&quot;:&quot;fast&quot;,&quot;pass&quot;:true,&quot;fail&quot;:false,&quot;pending&quot;:false,&quot;code&quot;:&quot;true.should.be.ok;\ndone();&quot;,&quot;err&quot;:{},&quot;isRoot&quot;:false,&quot;uuid&quot;:&quot;049226cd-6fa2-4691-8a41-086432ce988f&quot;,&quot;parentUUID&quot;:&quot;59119e34-62b6-461a-906c-011f895db41c&quot;,&quot;skipped&quot;:false},{&quot;title&quot;:&quot;pending test&quot;,&quot;fullTitle&quot;:&quot;Master Test Suite Test Suite - Failed After pending test&quot;,&quot;timedOut&quot;:false,&quot;duration&quot;:0,&quot;pass&quot;:false,&quot;fail&quot;:false,&quot;pending&quot;:true,&quot;code&quot;:&quot;&quot;,&quot;err&quot;:{},&quot;isRoot&quot;:false,&quot;parentUUID&quot;:&quot;59119e34-62b6-461a-906c-011f895db41c&quot;,&quot;skipped&quot;:false},{&quot;title&quot;:&quot;failing test&quot;,&quot;fullTitle&quot;:&quot;Master Test Suite Test Suite - Failed After failing test&quot;,&quot;timedOut&quot;:false,&quot;duration&quot;:1,&quot;state&quot;:&quot;failed&quot;,&quot;pass&quot;:false,&quot;fail&quot;:true,&quot;pending&quot;:false,&quot;code&quot;:&quot;false.should.be.ok;\ndone();&quot;,&quot;err&quot;:{&quot;name&quot;:&quot;AssertionError&quot;,&quot;actual&quot;:false,&quot;operator&quot;:&quot;to be truthy&quot;,&quot;message&quot;:&quot;expected false to be truthy&quot;,&quot;generatedMessage&quot;:true,&quot;estack&quot;:&quot;AssertionError: expected false to be truthy\n    at Assertion.prop.(anonymous function) (node_modules/should/lib/should.js:61:14)\n    at Context.&lt;anonymous&gt; (test-functional/test.js:66:7)&quot;},&quot;isRoot&quot;:false,&quot;uuid&quot;:&quot;fac3ebd7-24f8-42e7-bf9a-0d18a9bf558e&quot;,&quot;parentUUID&quot;:&quot;59119e34-62b6-461a-906c-011f895db41c&quot;,&quot;skipped&quot;:false},{&quot;title&quot;:&quot;passing test&quot;,&quot;fullTitle&quot;:&quot;Master Test Suite Test Suite - Failed After passing test&quot;,&quot;timedOut&quot;:false,&quot;duration&quot;:0,&quot;state&quot;:&quot;passed&quot;,&quot;speed&quot;:&quot;fast&quot;,&quot;pass&quot;:true,&quot;fail&quot;:false,&quot;pending&quot;:false,&quot;code&quot;:&quot;true.should.be.ok;\ndone();&quot;,&quot;err&quot;:{},&quot;isRoot&quot;:false,&quot;uuid&quot;:&quot;90010623-3857-48e2-9b8c-969ea48f9034&quot;,&quot;parentUUID&quot;:&quot;59119e34-62b6-461a-906c-011f895db41c&quot;,&quot;skipped&quot;:false},{&quot;title&quot;:&quot;pending test&quot;,&quot;fullTitle&quot;:&quot;Master Test Suite Test Suite - Failed After pending test&quot;,&quot;timedOut&quot;:false,&quot;duration&quot;:0,&quot;pass&quot;:false,&quot;fail&quot;:false,&quot;pending&quot;:true,&quot;code&quot;:&quot;&quot;,&quot;err&quot;:{},&quot;isRoot&quot;:false,&quot;parentUUID&quot;:&quot;59119e34-62b6-461a-906c-011f895db41c&quot;,&quot;skipped&quot;:false}],&quot;pending&quot;:[{&quot;title&quot;:&quot;pending test&quot;,&quot;fullTitle&quot;:&quot;Master Test Suite Test Suite - Failed After pending test&quot;,&quot;timedOut&quot;:false,&quot;duration&quot;:0,&quot;pass&quot;:false,&quot;fail&quot;:false,&quot;pending&quot;:true,&quot;code&quot;:&quot;&quot;,&quot;err&quot;:{},&quot;isRoot&quot;:false,&quot;parentUUID&quot;:&quot;59119e34-62b6-461a-906c-011f895db41c&quot;,&quot;skipped&quot;:false},{&quot;title&quot;:&quot;pending test&quot;,&quot;fullTitle&quot;:&quot;Master Test Suite Test Suite - Failed After pending test&quot;,&quot;timedOut&quot;:false,&quot;duration&quot;:0,&quot;pass&quot;:false,&quot;fail&quot;:false,&quot;pending&quot;:true,&quot;code&quot;:&quot;&quot;,&quot;err&quot;:{},&quot;isRoot&quot;:false,&quot;parentUUID&quot;:&quot;59119e34-62b6-461a-906c-011f895db41c&quot;,&quot;skipped&quot;:false}],&quot;root&quot;:false,&quot;_timeout&quot;:2000,&quot;file&quot;:&quot;/test-functional/test.js&quot;,&quot;uuid&quot;:&quot;59119e34-62b6-461a-906c-011f895db41c&quot;,&quot;fullFile&quot;:&quot;/Users/adamgruber/Sites/mochawesome/test-functional/test.js&quot;,&quot;passes&quot;:[{&quot;title&quot;:&quot;passing test&quot;,&quot;fullTitle&quot;:&quot;Master Test Suite Test Suite - Failed After passing test&quot;,&quot;timedOut&quot;:false,&quot;duration&quot;:0,&quot;state&quot;:&quot;passed&quot;,&quot;speed&quot;:&quot;fast&quot;,&quot;pass&quot;:true,&quot;fail&quot;:false,&quot;pending&quot;:false,&quot;code&quot;:&quot;true.should.be.ok;\ndone();&quot;,&quot;err&quot;:{},&quot;isRoot&quot;:false,&quot;uuid&quot;:&quot;049226cd-6fa2-4691-8a41-086432ce988f&quot;,&quot;parentUUID&quot;:&quot;59119e34-62b6-461a-906c-011f895db41c&quot;,&quot;skipped&quot;:false},{&quot;title&quot;:&quot;passing test&quot;,&quot;fullTitle&quot;:&quot;Master Test Suite Test Suite - Failed After passing test&quot;,&quot;timedOut&quot;:false,&quot;duration&quot;:0,&quot;state&quot;:&quot;passed&quot;,&quot;speed&quot;:&quot;fast&quot;,&quot;pass&quot;:true,&quot;fail&quot;:false,&quot;pending&quot;:false,&quot;code&quot;:&quot;true.should.be.ok;\ndone();&quot;,&quot;err&quot;:{},&quot;isRoot&quot;:false,&quot;uuid&quot;:&quot;90010623-3857-48e2-9b8c-969ea48f9034&quot;,&quot;parentUUID&quot;:&quot;59119e34-62b6-461a-906c-011f895db41c&quot;,&quot;skipped&quot;:false}],&quot;failures&quot;:[{&quot;title&quot;:&quot;failing test&quot;,&quot;fullTitle&quot;:&quot;Master Test Suite Test Suite - Failed After failing test&quot;,&quot;timedOut&quot;:false,&quot;duration&quot;:1,&quot;state&quot;:&quot;failed&quot;,&quot;pass&quot;:false,&quot;fail&quot;:true,&quot;pending&quot;:false,&quot;code&quot;:&quot;false.should.be.ok;\ndone();&quot;,&quot;err&quot;:{&quot;name&quot;:&quot;AssertionError&quot;,&quot;actual&quot;:false,&quot;operator&quot;:&quot;to be truthy&quot;,&quot;message&quot;:&quot;expected false to be truthy&quot;,&quot;generatedMessage&quot;:true,&quot;estack&quot;:&quot;AssertionError: expected false to be truthy\n    at Assertion.prop.(anonymous function) (node_modules/should/lib/should.js:61:14)\n    at Context.&lt;anonymous&gt; (test-functional/test.js:66:7)&quot;},&quot;isRoot&quot;:false,&quot;uuid&quot;:&quot;fac3ebd7-24f8-42e7-bf9a-0d18a9bf558e&quot;,&quot;parentUUID&quot;:&quot;59119e34-62b6-461a-906c-011f895db41c&quot;,&quot;skipped&quot;:false}],&quot;skipped&quot;:[],&quot;hasTests&quot;:true,&quot;hasSuites&quot;:false,&quot;totalTests&quot;:5,&quot;totalPasses&quot;:2,&quot;totalFailures&quot;:1,&quot;totalPending&quot;:2,&quot;totalSkipped&quot;:0,&quot;hasPasses&quot;:true,&quot;hasFailures&quot;:true,&quot;hasPending&quot;:true,&quot;hasSkipped&quot;:false,&quot;duration&quot;:1},&quot;ctx&quot;:&quot;[Circular ~.allPending.0.ctx]&quot;,&quot;_events&quot;:{},&quot;_eventsCount&quot;:1,&quot;duration&quot;:0,&quot;_error&quot;:null},&quot;test&quot;:{&quot;title&quot;:&quot;\&quot;after all\&quot; hook: failing after hook&quot;,&quot;body&quot;:&quot;function () {\n      console.log(&#x27;a&#x27;);\n    }&quot;,&quot;async&quot;:0,&quot;sync&quot;:true,&quot;_timeout&quot;:2000,&quot;_slow&quot;:75,&quot;_enableTimeouts&quot;:true,&quot;timedOut&quot;:false,&quot;_trace&quot;:{},&quot;_retries&quot;:-1,&quot;_currentRetry&quot;:0,&quot;pending&quot;:false,&quot;type&quot;:&quot;hook&quot;,&quot;parent&quot;:{&quot;title&quot;:&quot;Test Suite - Failed After&quot;,&quot;suites&quot;:[],&quot;tests&quot;:[{&quot;title&quot;:&quot;passing test&quot;,&quot;fullTitle&quot;:&quot;Master Test Suite Test Suite - Failed After passing test&quot;,&quot;timedOut&quot;:false,&quot;duration&quot;:0,&quot;state&quot;:&quot;passed&quot;,&quot;speed&quot;:&quot;fast&quot;,&quot;pass&quot;:true,&quot;fail&quot;:false,&quot;pending&quot;:false,&quot;code&quot;:&quot;true.should.be.ok;\ndone();&quot;,&quot;err&quot;:{},&quot;isRoot&quot;:false,&quot;uuid&quot;:&quot;049226cd-6fa2-4691-8a41-086432ce988f&quot;,&quot;parentUUID&quot;:&quot;59119e34-62b6-461a-906c-011f895db41c&quot;,&quot;skipped&quot;:false},{&quot;title&quot;:&quot;pending test&quot;,&quot;fullTitle&quot;:&quot;Master Test Suite Test Suite - Failed After pending test&quot;,&quot;timedOut&quot;:false,&quot;duration&quot;:0,&quot;pass&quot;:false,&quot;fail&quot;:false,&quot;pending&quot;:true,&quot;code&quot;:&quot;&quot;,&quot;err&quot;:{},&quot;isRoot&quot;:false,&quot;parentUUID&quot;:&quot;59119e34-62b6-461a-906c-011f895db41c&quot;,&quot;skipped&quot;:false},{&quot;title&quot;:&quot;failing test&quot;,&quot;fullTitle&quot;:&quot;Master Test Suite Test Suite - Failed After failing test&quot;,&quot;timedOut&quot;:false,&quot;duration&quot;:1,&quot;state&quot;:&quot;failed&quot;,&quot;pass&quot;:false,&quot;fail&quot;:true,&quot;pending&quot;:false,&quot;code&quot;:&quot;false.should.be.ok;\ndone();&quot;,&quot;err&quot;:{&quot;name&quot;:&quot;AssertionError&quot;,&quot;actual&quot;:false,&quot;operator&quot;:&quot;to be truthy&quot;,&quot;message&quot;:&quot;expected false to be truthy&quot;,&quot;generatedMessage&quot;:true,&quot;estack&quot;:&quot;AssertionError: expected false to be truthy\n    at Assertion.prop.(anonymous function) (node_modules/should/lib/should.js:61:14)\n    at Context.&lt;anonymous&gt; (test-functional/test.js:66:7)&quot;},&quot;isRoot&quot;:false,&quot;uuid&quot;:&quot;fac3ebd7-24f8-42e7-bf9a-0d18a9bf558e&quot;,&quot;parentUUID&quot;:&quot;59119e34-62b6-461a-906c-011f895db41c&quot;,&quot;skipped&quot;:false},{&quot;title&quot;:&quot;passing test&quot;,&quot;fullTitle&quot;:&quot;Master Test Suite Test Suite - Failed After passing test&quot;,&quot;timedOut&quot;:false,&quot;duration&quot;:0,&quot;state&quot;:&quot;passed&quot;,&quot;speed&quot;:&quot;fast&quot;,&quot;pass&quot;:true,&quot;fail&quot;:false,&quot;pending&quot;:false,&quot;code&quot;:&quot;true.should.be.ok;\ndone();&quot;,&quot;err&quot;:{},&quot;isRoot&quot;:false,&quot;uuid&quot;:&quot;90010623-3857-48e2-9b8c-969ea48f9034&quot;,&quot;parentUUID&quot;:&quot;59119e34-62b6-461a-906c-011f895db41c&quot;,&quot;skipped&quot;:false},{&quot;title&quot;:&quot;pending test&quot;,&quot;fullTitle&quot;:&quot;Master Test Suite Test Suite - Failed After pending test&quot;,&quot;timedOut&quot;:false,&quot;duration&quot;:0,&quot;pass&quot;:false,&quot;fail&quot;:false,&quot;pending&quot;:true,&quot;code&quot;:&quot;&quot;,&quot;err&quot;:{},&quot;isRoot&quot;:false,&quot;parentUUID&quot;:&quot;59119e34-62b6-461a-906c-011f895db41c&quot;,&quot;skipped&quot;:false}],&quot;pending&quot;:[{&quot;title&quot;:&quot;pending test&quot;,&quot;fullTitle&quot;:&quot;Master Test Suite Test Suite - Failed After pending test&quot;,&quot;timedOut&quot;:false,&quot;duration&quot;:0,&quot;pass&quot;:false,&quot;fail&quot;:false,&quot;pending&quot;:true,&quot;code&quot;:&quot;&quot;,&quot;err&quot;:{},&quot;isRoot&quot;:false,&quot;parentUUID&quot;:&quot;59119e34-62b6-461a-906c-011f895db41c&quot;,&quot;skipped&quot;:false},{&quot;title&quot;:&quot;pending test&quot;,&quot;fullTitle&quot;:&quot;Master Test Suite Test Suite - Failed After pending test&quot;,&quot;timedOut&quot;:false,&quot;duration&quot;:0,&quot;pass&quot;:false,&quot;fail&quot;:false,&quot;pending&quot;:true,&quot;code&quot;:&quot;&quot;,&quot;err&quot;:{},&quot;isRoot&quot;:false,&quot;parentUUID&quot;:&quot;59119e34-62b6-461a-906c-011f895db41c&quot;,&quot;skipped&quot;:false}],&quot;root&quot;:false,&quot;_timeout&quot;:2000,&quot;file&quot;:&quot;/test-functional/test.js&quot;,&quot;uuid&quot;:&quot;59119e34-62b6-461a-906c-011f895db41c&quot;,&quot;fullFile&quot;:&quot;/Users/adamgruber/Sites/mochawesome/test-functional/test.js&quot;,&quot;passes&quot;:[{&quot;title&quot;:&quot;passing test&quot;,&quot;fullTitle&quot;:&quot;Master Test Suite Test Suite - Failed After passing test&quot;,&quot;timedOut&quot;:false,&quot;duration&quot;:0,&quot;state&quot;:&quot;passed&quot;,&quot;speed&quot;:&quot;fast&quot;,&quot;pass&quot;:true,&quot;fail&quot;:false,&quot;pending&quot;:false,&quot;code&quot;:&quot;true.should.be.ok;\ndone();&quot;,&quot;err&quot;:{},&quot;isRoot&quot;:false,&quot;uuid&quot;:&quot;049226cd-6fa2-4691-8a41-086432ce988f&quot;,&quot;parentUUID&quot;:&quot;59119e34-62b6-461a-906c-011f895db41c&quot;,&quot;skipped&quot;:false},{&quot;title&quot;:&quot;passing test&quot;,&quot;fullTitle&quot;:&quot;Master Test Suite Test Suite - Failed After passing test&quot;,&quot;timedOut&quot;:false,&quot;duration&quot;:0,&quot;state&quot;:&quot;passed&quot;,&quot;speed&quot;:&quot;fast&quot;,&quot;pass&quot;:true,&quot;fail&quot;:false,&quot;pending&quot;:false,&quot;code&quot;:&quot;true.should.be.ok;\ndone();&quot;,&quot;err&quot;:{},&quot;isRoot&quot;:false,&quot;uuid&quot;:&quot;90010623-3857-48e2-9b8c-969ea48f9034&quot;,&quot;parentUUID&quot;:&quot;59119e34-62b6-461a-906c-011f895db41c&quot;,&quot;skipped&quot;:false}],&quot;failures&quot;:[{&quot;title&quot;:&quot;failing test&quot;,&quot;fullTitle&quot;:&quot;Master Test Suite Test Suite - Failed After failing test&quot;,&quot;timedOut&quot;:false,&quot;duration&quot;:1,&quot;state&quot;:&quot;failed&quot;,&quot;pass&quot;:false,&quot;fail&quot;:true,&quot;pending&quot;:false,&quot;code&quot;:&quot;false.should.be.ok;\ndone();&quot;,&quot;err&quot;:{&quot;name&quot;:&quot;AssertionError&quot;,&quot;actual&quot;:false,&quot;operator&quot;:&quot;to be truthy&quot;,&quot;message&quot;:&quot;expected false to be truthy&quot;,&quot;generatedMessage&quot;:true,&quot;estack&quot;:&quot;AssertionError: expected false to be truthy\n    at Assertion.prop.(anonymous function) (node_modules/should/lib/should.js:61:14)\n    at Context.&lt;anonymous&gt; (test-functional/test.js:66:7)&quot;},&quot;isRoot&quot;:false,&quot;uuid&quot;:&quot;fac3ebd7-24f8-42e7-bf9a-0d18a9bf558e&quot;,&quot;parentUUID&quot;:&quot;59119e34-62b6-461a-906c-011f895db41c&quot;,&quot;skipped&quot;:false}],&quot;skipped&quot;:[],&quot;hasTests&quot;:true,&quot;hasSuites&quot;:false,&quot;totalTests&quot;:5,&quot;totalPasses&quot;:2,&quot;totalFailures&quot;:1,&quot;totalPending&quot;:2,&quot;totalSkipped&quot;:0,&quot;hasPasses&quot;:true,&quot;hasFailures&quot;:true,&quot;hasPending&quot;:true,&quot;hasSkipped&quot;:false,&quot;duration&quot;:1},&quot;ctx&quot;:&quot;[Circular ~.allPending.0.ctx]&quot;,&quot;_events&quot;:{},&quot;_eventsCount&quot;:1,&quot;duration&quot;:0,&quot;_error&quot;:null}}},{&quot;title&quot;:&quot;pending test&quot;,&quot;body&quot;:&quot;&quot;,&quot;sync&quot;:true,&quot;_timeout&quot;:2000,&quot;_slow&quot;:75,&quot;_enableTimeouts&quot;:true,&quot;timedOut&quot;:false,&quot;_trace&quot;:{},&quot;_retries&quot;:-1,&quot;_currentRetry&quot;:0,&quot;pending&quot;:true,&quot;type&quot;:&quot;test&quot;,&quot;file&quot;:&quot;/Users/adamgruber/Sites/mochawesome/test-functional/test.js&quot;,&quot;parent&quot;:{&quot;title&quot;:&quot;Test Suite - Failed After&quot;,&quot;suites&quot;:[],&quot;tests&quot;:[{&quot;title&quot;:&quot;passing test&quot;,&quot;fullTitle&quot;:&quot;Master Test Suite Test Suite - Failed After passing test&quot;,&quot;timedOut&quot;:false,&quot;duration&quot;:0,&quot;state&quot;:&quot;passed&quot;,&quot;speed&quot;:&quot;fast&quot;,&quot;pass&quot;:true,&quot;fail&quot;:false,&quot;pending&quot;:false,&quot;code&quot;:&quot;true.should.be.ok;\ndone();&quot;,&quot;err&quot;:{},&quot;isRoot&quot;:false,&quot;uuid&quot;:&quot;049226cd-6fa2-4691-8a41-086432ce988f&quot;,&quot;parentUUID&quot;:&quot;59119e34-62b6-461a-906c-011f895db41c&quot;,&quot;skipped&quot;:false},{&quot;title&quot;:&quot;pending test&quot;,&quot;fullTitle&quot;:&quot;Master Test Suite Test Suite - Failed After pending test&quot;,&quot;timedOut&quot;:false,&quot;duration&quot;:0,&quot;pass&quot;:false,&quot;fail&quot;:false,&quot;pending&quot;:true,&quot;code&quot;:&quot;&quot;,&quot;err&quot;:{},&quot;isRoot&quot;:false,&quot;parentUUID&quot;:&quot;59119e34-62b6-461a-906c-011f895db41c&quot;,&quot;skipped&quot;:false},{&quot;title&quot;:&quot;failing test&quot;,&quot;fullTitle&quot;:&quot;Master Test Suite Test Suite - Failed After failing test&quot;,&quot;timedOut&quot;:false,&quot;duration&quot;:1,&quot;state&quot;:&quot;failed&quot;,&quot;pass&quot;:false,&quot;fail&quot;:true,&quot;pending&quot;:false,&quot;code&quot;:&quot;false.should.be.ok;\ndone();&quot;,&quot;err&quot;:{&quot;name&quot;:&quot;AssertionError&quot;,&quot;actual&quot;:false,&quot;operator&quot;:&quot;to be truthy&quot;,&quot;message&quot;:&quot;expected false to be truthy&quot;,&quot;generatedMessage&quot;:true,&quot;estack&quot;:&quot;AssertionError: expected false to be truthy\n    at Assertion.prop.(anonymous function) (node_modules/should/lib/should.js:61:14)\n    at Context.&lt;anonymous&gt; (test-functional/test.js:66:7)&quot;},&quot;isRoot&quot;:false,&quot;uuid&quot;:&quot;fac3ebd7-24f8-42e7-bf9a-0d18a9bf558e&quot;,&quot;parentUUID&quot;:&quot;59119e34-62b6-461a-906c-011f895db41c&quot;,&quot;skipped&quot;:false},{&quot;title&quot;:&quot;passing test&quot;,&quot;fullTitle&quot;:&quot;Master Test Suite Test Suite - Failed After passing test&quot;,&quot;timedOut&quot;:false,&quot;duration&quot;:0,&quot;state&quot;:&quot;passed&quot;,&quot;speed&quot;:&quot;fast&quot;,&quot;pass&quot;:true,&quot;fail&quot;:false,&quot;pending&quot;:false,&quot;code&quot;:&quot;true.should.be.ok;\ndone();&quot;,&quot;err&quot;:{},&quot;isRoot&quot;:false,&quot;uuid&quot;:&quot;90010623-3857-48e2-9b8c-969ea48f9034&quot;,&quot;parentUUID&quot;:&quot;59119e34-62b6-461a-906c-011f895db41c&quot;,&quot;skipped&quot;:false},{&quot;title&quot;:&quot;pending test&quot;,&quot;fullTitle&quot;:&quot;Master Test Suite Test Suite - Failed After pending test&quot;,&quot;timedOut&quot;:false,&quot;duration&quot;:0,&quot;pass&quot;:false,&quot;fail&quot;:false,&quot;pending&quot;:true,&quot;code&quot;:&quot;&quot;,&quot;err&quot;:{},&quot;isRoot&quot;:false,&quot;parentUUID&quot;:&quot;59119e34-62b6-461a-906c-011f895db41c&quot;,&quot;skipped&quot;:false}],&quot;pending&quot;:[{&quot;title&quot;:&quot;pending test&quot;,&quot;fullTitle&quot;:&quot;Master Test Suite Test Suite - Failed After pending test&quot;,&quot;timedOut&quot;:false,&quot;duration&quot;:0,&quot;pass&quot;:false,&quot;fail&quot;:false,&quot;pending&quot;:true,&quot;code&quot;:&quot;&quot;,&quot;err&quot;:{},&quot;isRoot&quot;:false,&quot;parentUUID&quot;:&quot;59119e34-62b6-461a-906c-011f895db41c&quot;,&quot;skipped&quot;:false},{&quot;title&quot;:&quot;pending test&quot;,&quot;fullTitle&quot;:&quot;Master Test Suite Test Suite - Failed After pending test&quot;,&quot;timedOut&quot;:false,&quot;duration&quot;:0,&quot;pass&quot;:false,&quot;fail&quot;:false,&quot;pending&quot;:true,&quot;code&quot;:&quot;&quot;,&quot;err&quot;:{},&quot;isRoot&quot;:false,&quot;parentUUID&quot;:&quot;59119e34-62b6-461a-906c-011f895db41c&quot;,&quot;skipped&quot;:false}],&quot;root&quot;:false,&quot;_timeout&quot;:2000,&quot;file&quot;:&quot;/test-functional/test.js&quot;,&quot;uuid&quot;:&quot;59119e34-62b6-461a-906c-011f895db41c&quot;,&quot;fullFile&quot;:&quot;/Users/adamgruber/Sites/mochawesome/test-functional/test.js&quot;,&quot;passes&quot;:[{&quot;title&quot;:&quot;passing test&quot;,&quot;fullTitle&quot;:&quot;Master Test Suite Test Suite - Failed After passing test&quot;,&quot;timedOut&quot;:false,&quot;duration&quot;:0,&quot;state&quot;:&quot;passed&quot;,&quot;speed&quot;:&quot;fast&quot;,&quot;pass&quot;:true,&quot;fail&quot;:false,&quot;pending&quot;:false,&quot;code&quot;:&quot;true.should.be.ok;\ndone();&quot;,&quot;err&quot;:{},&quot;isRoot&quot;:false,&quot;uuid&quot;:&quot;049226cd-6fa2-4691-8a41-086432ce988f&quot;,&quot;parentUUID&quot;:&quot;59119e34-62b6-461a-906c-011f895db41c&quot;,&quot;skipped&quot;:false},{&quot;title&quot;:&quot;passing test&quot;,&quot;fullTitle&quot;:&quot;Master Test Suite Test Suite - Failed After passing test&quot;,&quot;timedOut&quot;:false,&quot;duration&quot;:0,&quot;state&quot;:&quot;passed&quot;,&quot;speed&quot;:&quot;fast&quot;,&quot;pass&quot;:true,&quot;fail&quot;:false,&quot;pending&quot;:false,&quot;code&quot;:&quot;true.should.be.ok;\ndone();&quot;,&quot;err&quot;:{},&quot;isRoot&quot;:false,&quot;uuid&quot;:&quot;90010623-3857-48e2-9b8c-969ea48f9034&quot;,&quot;parentUUID&quot;:&quot;59119e34-62b6-461a-906c-011f895db41c&quot;,&quot;skipped&quot;:false}],&quot;failures&quot;:[{&quot;title&quot;:&quot;failing test&quot;,&quot;fullTitle&quot;:&quot;Master Test Suite Test Suite - Failed After failing test&quot;,&quot;timedOut&quot;:false,&quot;duration&quot;:1,&quot;state&quot;:&quot;failed&quot;,&quot;pass&quot;:false,&quot;fail&quot;:true,&quot;pending&quot;:false,&quot;code&quot;:&quot;false.should.be.ok;\ndone();&quot;,&quot;err&quot;:{&quot;name&quot;:&quot;AssertionError&quot;,&quot;actual&quot;:false,&quot;operator&quot;:&quot;to be truthy&quot;,&quot;message&quot;:&quot;expected false to be truthy&quot;,&quot;generatedMessage&quot;:true,&quot;estack&quot;:&quot;AssertionError: expected false to be truthy\n    at Assertion.prop.(anonymous function) (node_modules/should/lib/should.js:61:14)\n    at Context.&lt;anonymous&gt; (test-functional/test.js:66:7)&quot;},&quot;isRoot&quot;:false,&quot;uuid&quot;:&quot;fac3ebd7-24f8-42e7-bf9a-0d18a9bf558e&quot;,&quot;parentUUID&quot;:&quot;59119e34-62b6-461a-906c-011f895db41c&quot;,&quot;skipped&quot;:false}],&quot;skipped&quot;:[],&quot;hasTests&quot;:true,&quot;hasSuites&quot;:false,&quot;totalTests&quot;:5,&quot;totalPasses&quot;:2,&quot;totalFailures&quot;:1,&quot;totalPending&quot;:2,&quot;totalSkipped&quot;:0,&quot;hasPasses&quot;:true,&quot;hasFailures&quot;:true,&quot;hasPending&quot;:true,&quot;hasSkipped&quot;:false,&quot;duration&quot;:1},&quot;ctx&quot;:{&quot;_runnable&quot;:{&quot;title&quot;:&quot;\&quot;after all\&quot; hook: failing after hook&quot;,&quot;body&quot;:&quot;function () {\n      console.log(&#x27;a&#x27;);\n    }&quot;,&quot;async&quot;:0,&quot;sync&quot;:true,&quot;_timeout&quot;:2000,&quot;_slow&quot;:75,&quot;_enableTimeouts&quot;:true,&quot;timedOut&quot;:false,&quot;_trace&quot;:{},&quot;_retries&quot;:-1,&quot;_currentRetry&quot;:0,&quot;pending&quot;:false,&quot;type&quot;:&quot;hook&quot;,&quot;parent&quot;:{&quot;title&quot;:&quot;Test Suite - Failed After&quot;,&quot;suites&quot;:[],&quot;tests&quot;:[{&quot;title&quot;:&quot;passing test&quot;,&quot;fullTitle&quot;:&quot;Master Test Suite Test Suite - Failed After passing test&quot;,&quot;timedOut&quot;:false,&quot;duration&quot;:0,&quot;state&quot;:&quot;passed&quot;,&quot;speed&quot;:&quot;fast&quot;,&quot;pass&quot;:true,&quot;fail&quot;:false,&quot;pending&quot;:false,&quot;code&quot;:&quot;true.should.be.ok;\ndone();&quot;,&quot;err&quot;:{},&quot;isRoot&quot;:false,&quot;uuid&quot;:&quot;049226cd-6fa2-4691-8a41-086432ce988f&quot;,&quot;parentUUID&quot;:&quot;59119e34-62b6-461a-906c-011f895db41c&quot;,&quot;skipped&quot;:false},{&quot;title&quot;:&quot;pending test&quot;,&quot;fullTitle&quot;:&quot;Master Test Suite Test Suite - Failed After pending test&quot;,&quot;timedOut&quot;:false,&quot;duration&quot;:0,&quot;pass&quot;:false,&quot;fail&quot;:false,&quot;pending&quot;:true,&quot;code&quot;:&quot;&quot;,&quot;err&quot;:{},&quot;isRoot&quot;:false,&quot;parentUUID&quot;:&quot;59119e34-62b6-461a-906c-011f895db41c&quot;,&quot;skipped&quot;:false},{&quot;title&quot;:&quot;failing test&quot;,&quot;fullTitle&quot;:&quot;Master Test Suite Test Suite - Failed After failing test&quot;,&quot;timedOut&quot;:false,&quot;duration&quot;:1,&quot;state&quot;:&quot;failed&quot;,&quot;pass&quot;:false,&quot;fail&quot;:true,&quot;pending&quot;:false,&quot;code&quot;:&quot;false.should.be.ok;\ndone();&quot;,&quot;err&quot;:{&quot;name&quot;:&quot;AssertionError&quot;,&quot;actual&quot;:false,&quot;operator&quot;:&quot;to be truthy&quot;,&quot;message&quot;:&quot;expected false to be truthy&quot;,&quot;generatedMessage&quot;:true,&quot;estack&quot;:&quot;AssertionError: expected false to be truthy\n    at Assertion.prop.(anonymous function) (node_modules/should/lib/should.js:61:14)\n    at Context.&lt;anonymous&gt; (test-functional/test.js:66:7)&quot;},&quot;isRoot&quot;:false,&quot;uuid&quot;:&quot;fac3ebd7-24f8-42e7-bf9a-0d18a9bf558e&quot;,&quot;parentUUID&quot;:&quot;59119e34-62b6-461a-906c-011f895db41c&quot;,&quot;skipped&quot;:false},{&quot;title&quot;:&quot;passing test&quot;,&quot;fullTitle&quot;:&quot;Master Test Suite Test Suite - Failed After passing test&quot;,&quot;timedOut&quot;:false,&quot;duration&quot;:0,&quot;state&quot;:&quot;passed&quot;,&quot;speed&quot;:&quot;fast&quot;,&quot;pass&quot;:true,&quot;fail&quot;:false,&quot;pending&quot;:false,&quot;code&quot;:&quot;true.should.be.ok;\ndone();&quot;,&quot;err&quot;:{},&quot;isRoot&quot;:false,&quot;uuid&quot;:&quot;90010623-3857-48e2-9b8c-969ea48f9034&quot;,&quot;parentUUID&quot;:&quot;59119e34-62b6-461a-906c-011f895db41c&quot;,&quot;skipped&quot;:false},{&quot;title&quot;:&quot;pending test&quot;,&quot;fullTitle&quot;:&quot;Master Test Suite Test Suite - Failed After pending test&quot;,&quot;timedOut&quot;:false,&quot;duration&quot;:0,&quot;pass&quot;:false,&quot;fail&quot;:false,&quot;pending&quot;:true,&quot;code&quot;:&quot;&quot;,&quot;err&quot;:{},&quot;isRoot&quot;:false,&quot;parentUUID&quot;:&quot;59119e34-62b6-461a-906c-011f895db41c&quot;,&quot;skipped&quot;:false}],&quot;pending&quot;:[{&quot;title&quot;:&quot;pending test&quot;,&quot;fullTitle&quot;:&quot;Master Test Suite Test Suite - Failed After pending test&quot;,&quot;timedOut&quot;:false,&quot;duration&quot;:0,&quot;pass&quot;:false,&quot;fail&quot;:false,&quot;pending&quot;:true,&quot;code&quot;:&quot;&quot;,&quot;err&quot;:{},&quot;isRoot&quot;:false,&quot;parentUUID&quot;:&quot;59119e34-62b6-461a-906c-011f895db41c&quot;,&quot;skipped&quot;:false},{&quot;title&quot;:&quot;pending test&quot;,&quot;fullTitle&quot;:&quot;Master Test Suite Test Suite - Failed After pending test&quot;,&quot;timedOut&quot;:false,&quot;duration&quot;:0,&quot;pass&quot;:false,&quot;fail&quot;:false,&quot;pending&quot;:true,&quot;code&quot;:&quot;&quot;,&quot;err&quot;:{},&quot;isRoot&quot;:false,&quot;parentUUID&quot;:&quot;59119e34-62b6-461a-906c-011f895db41c&quot;,&quot;skipped&quot;:false}],&quot;root&quot;:false,&quot;_timeout&quot;:2000,&quot;file&quot;:&quot;/test-functional/test.js&quot;,&quot;uuid&quot;:&quot;59119e34-62b6-461a-906c-011f895db41c&quot;,&quot;fullFile&quot;:&quot;/Users/adamgruber/Sites/mochawesome/test-functional/test.js&quot;,&quot;passes&quot;:[{&quot;title&quot;:&quot;passing test&quot;,&quot;fullTitle&quot;:&quot;Master Test Suite Test Suite - Failed After passing test&quot;,&quot;timedOut&quot;:false,&quot;duration&quot;:0,&quot;state&quot;:&quot;passed&quot;,&quot;speed&quot;:&quot;fast&quot;,&quot;pass&quot;:true,&quot;fail&quot;:false,&quot;pending&quot;:false,&quot;code&quot;:&quot;true.should.be.ok;\ndone();&quot;,&quot;err&quot;:{},&quot;isRoot&quot;:false,&quot;uuid&quot;:&quot;049226cd-6fa2-4691-8a41-086432ce988f&quot;,&quot;parentUUID&quot;:&quot;59119e34-62b6-461a-906c-011f895db41c&quot;,&quot;skipped&quot;:false},{&quot;title&quot;:&quot;passing test&quot;,&quot;fullTitle&quot;:&quot;Master Test Suite Test Suite - Failed After passing test&quot;,&quot;timedOut&quot;:false,&quot;duration&quot;:0,&quot;state&quot;:&quot;passed&quot;,&quot;speed&quot;:&quot;fast&quot;,&quot;pass&quot;:true,&quot;fail&quot;:false,&quot;pending&quot;:false,&quot;code&quot;:&quot;true.should.be.ok;\ndone();&quot;,&quot;err&quot;:{},&quot;isRoot&quot;:false,&quot;uuid&quot;:&quot;90010623-3857-48e2-9b8c-969ea48f9034&quot;,&quot;parentUUID&quot;:&quot;59119e34-62b6-461a-906c-011f895db41c&quot;,&quot;skipped&quot;:false}],&quot;failures&quot;:[{&quot;title&quot;:&quot;failing test&quot;,&quot;fullTitle&quot;:&quot;Master Test Suite Test Suite - Failed After failing test&quot;,&quot;timedOut&quot;:false,&quot;duration&quot;:1,&quot;state&quot;:&quot;failed&quot;,&quot;pass&quot;:false,&quot;fail&quot;:true,&quot;pending&quot;:false,&quot;code&quot;:&quot;false.should.be.ok;\ndone();&quot;,&quot;err&quot;:{&quot;name&quot;:&quot;AssertionError&quot;,&quot;actual&quot;:false,&quot;operator&quot;:&quot;to be truthy&quot;,&quot;message&quot;:&quot;expected false to be truthy&quot;,&quot;generatedMessage&quot;:true,&quot;estack&quot;:&quot;AssertionError: expected false to be truthy\n    at Assertion.prop.(anonymous function) (node_modules/should/lib/should.js:61:14)\n    at Context.&lt;anonymous&gt; (test-functional/test.js:66:7)&quot;},&quot;isRoot&quot;:false,&quot;uuid&quot;:&quot;fac3ebd7-24f8-42e7-bf9a-0d18a9bf558e&quot;,&quot;parentUUID&quot;:&quot;59119e34-62b6-461a-906c-011f895db41c&quot;,&quot;skipped&quot;:false}],&quot;skipped&quot;:[],&quot;hasTests&quot;:true,&quot;hasSuites&quot;:false,&quot;totalTests&quot;:5,&quot;totalPasses&quot;:2,&quot;totalFailures&quot;:1,&quot;totalPending&quot;:2,&quot;totalSkipped&quot;:0,&quot;hasPasses&quot;:true,&quot;hasFailures&quot;:true,&quot;hasPending&quot;:true,&quot;hasSkipped&quot;:false,&quot;duration&quot;:1},&quot;ctx&quot;:&quot;[Circular ~.allPending.1.ctx]&quot;,&quot;_events&quot;:{},&quot;_eventsCount&quot;:1,&quot;duration&quot;:0,&quot;_error&quot;:null},&quot;test&quot;:{&quot;title&quot;:&quot;\&quot;after all\&quot; hook: failing after hook&quot;,&quot;body&quot;:&quot;function () {\n      console.log(&#x27;a&#x27;);\n    }&quot;,&quot;async&quot;:0,&quot;sync&quot;:true,&quot;_timeout&quot;:2000,&quot;_slow&quot;:75,&quot;_enableTimeouts&quot;:true,&quot;timedOut&quot;:false,&quot;_trace&quot;:{},&quot;_retries&quot;:-1,&quot;_currentRetry&quot;:0,&quot;pending&quot;:false,&quot;type&quot;:&quot;hook&quot;,&quot;parent&quot;:{&quot;title&quot;:&quot;Test Suite - Failed After&quot;,&quot;suites&quot;:[],&quot;tests&quot;:[{&quot;title&quot;:&quot;passing test&quot;,&quot;fullTitle&quot;:&quot;Master Test Suite Test Suite - Failed After passing test&quot;,&quot;timedOut&quot;:false,&quot;duration&quot;:0,&quot;state&quot;:&quot;passed&quot;,&quot;speed&quot;:&quot;fast&quot;,&quot;pass&quot;:true,&quot;fail&quot;:false,&quot;pending&quot;:false,&quot;code&quot;:&quot;true.should.be.ok;\ndone();&quot;,&quot;err&quot;:{},&quot;isRoot&quot;:false,&quot;uuid&quot;:&quot;049226cd-6fa2-4691-8a41-086432ce988f&quot;,&quot;parentUUID&quot;:&quot;59119e34-62b6-461a-906c-011f895db41c&quot;,&quot;skipped&quot;:false},{&quot;title&quot;:&quot;pending test&quot;,&quot;fullTitle&quot;:&quot;Master Test Suite Test Suite - Failed After pending test&quot;,&quot;timedOut&quot;:false,&quot;duration&quot;:0,&quot;pass&quot;:false,&quot;fail&quot;:false,&quot;pending&quot;:true,&quot;code&quot;:&quot;&quot;,&quot;err&quot;:{},&quot;isRoot&quot;:false,&quot;parentUUID&quot;:&quot;59119e34-62b6-461a-906c-011f895db41c&quot;,&quot;skipped&quot;:false},{&quot;title&quot;:&quot;failing test&quot;,&quot;fullTitle&quot;:&quot;Master Test Suite Test Suite - Failed After failing test&quot;,&quot;timedOut&quot;:false,&quot;duration&quot;:1,&quot;state&quot;:&quot;failed&quot;,&quot;pass&quot;:false,&quot;fail&quot;:true,&quot;pending&quot;:false,&quot;code&quot;:&quot;false.should.be.ok;\ndone();&quot;,&quot;err&quot;:{&quot;name&quot;:&quot;AssertionError&quot;,&quot;actual&quot;:false,&quot;operator&quot;:&quot;to be truthy&quot;,&quot;message&quot;:&quot;expected false to be truthy&quot;,&quot;generatedMessage&quot;:true,&quot;estack&quot;:&quot;AssertionError: expected false to be truthy\n    at Assertion.prop.(anonymous function) (node_modules/should/lib/should.js:61:14)\n    at Context.&lt;anonymous&gt; (test-functional/test.js:66:7)&quot;},&quot;isRoot&quot;:false,&quot;uuid&quot;:&quot;fac3ebd7-24f8-42e7-bf9a-0d18a9bf558e&quot;,&quot;parentUUID&quot;:&quot;59119e34-62b6-461a-906c-011f895db41c&quot;,&quot;skipped&quot;:false},{&quot;title&quot;:&quot;passing test&quot;,&quot;fullTitle&quot;:&quot;Master Test Suite Test Suite - Failed After passing test&quot;,&quot;timedOut&quot;:false,&quot;duration&quot;:0,&quot;state&quot;:&quot;passed&quot;,&quot;speed&quot;:&quot;fast&quot;,&quot;pass&quot;:true,&quot;fail&quot;:false,&quot;pending&quot;:false,&quot;code&quot;:&quot;true.should.be.ok;\ndone();&quot;,&quot;err&quot;:{},&quot;isRoot&quot;:false,&quot;uuid&quot;:&quot;90010623-3857-48e2-9b8c-969ea48f9034&quot;,&quot;parentUUID&quot;:&quot;59119e34-62b6-461a-906c-011f895db41c&quot;,&quot;skipped&quot;:false},{&quot;title&quot;:&quot;pending test&quot;,&quot;fullTitle&quot;:&quot;Master Test Suite Test Suite - Failed After pending test&quot;,&quot;timedOut&quot;:false,&quot;duration&quot;:0,&quot;pass&quot;:false,&quot;fail&quot;:false,&quot;pending&quot;:true,&quot;code&quot;:&quot;&quot;,&quot;err&quot;:{},&quot;isRoot&quot;:false,&quot;parentUUID&quot;:&quot;59119e34-62b6-461a-906c-011f895db41c&quot;,&quot;skipped&quot;:false}],&quot;pending&quot;:[{&quot;title&quot;:&quot;pending test&quot;,&quot;fullTitle&quot;:&quot;Master Test Suite Test Suite - Failed After pending test&quot;,&quot;timedOut&quot;:false,&quot;duration&quot;:0,&quot;pass&quot;:false,&quot;fail&quot;:false,&quot;pending&quot;:true,&quot;code&quot;:&quot;&quot;,&quot;err&quot;:{},&quot;isRoot&quot;:false,&quot;parentUUID&quot;:&quot;59119e34-62b6-461a-906c-011f895db41c&quot;,&quot;skipped&quot;:false},{&quot;title&quot;:&quot;pending test&quot;,&quot;fullTitle&quot;:&quot;Master Test Suite Test Suite - Failed After pending test&quot;,&quot;timedOut&quot;:false,&quot;duration&quot;:0,&quot;pass&quot;:false,&quot;fail&quot;:false,&quot;pending&quot;:true,&quot;code&quot;:&quot;&quot;,&quot;err&quot;:{},&quot;isRoot&quot;:false,&quot;parentUUID&quot;:&quot;59119e34-62b6-461a-906c-011f895db41c&quot;,&quot;skipped&quot;:false}],&quot;root&quot;:false,&quot;_timeout&quot;:2000,&quot;file&quot;:&quot;/test-functional/test.js&quot;,&quot;uuid&quot;:&quot;59119e34-62b6-461a-906c-011f895db41c&quot;,&quot;fullFile&quot;:&quot;/Users/adamgruber/Sites/mochawesome/test-functional/test.js&quot;,&quot;passes&quot;:[{&quot;title&quot;:&quot;passing test&quot;,&quot;fullTitle&quot;:&quot;Master Test Suite Test Suite - Failed After passing test&quot;,&quot;timedOut&quot;:false,&quot;duration&quot;:0,&quot;state&quot;:&quot;passed&quot;,&quot;speed&quot;:&quot;fast&quot;,&quot;pass&quot;:true,&quot;fail&quot;:false,&quot;pending&quot;:false,&quot;code&quot;:&quot;true.should.be.ok;\ndone();&quot;,&quot;err&quot;:{},&quot;isRoot&quot;:false,&quot;uuid&quot;:&quot;049226cd-6fa2-4691-8a41-086432ce988f&quot;,&quot;parentUUID&quot;:&quot;59119e34-62b6-461a-906c-011f895db41c&quot;,&quot;skipped&quot;:false},{&quot;title&quot;:&quot;passing test&quot;,&quot;fullTitle&quot;:&quot;Master Test Suite Test Suite - Failed After passing test&quot;,&quot;timedOut&quot;:false,&quot;duration&quot;:0,&quot;state&quot;:&quot;passed&quot;,&quot;speed&quot;:&quot;fast&quot;,&quot;pass&quot;:true,&quot;fail&quot;:false,&quot;pending&quot;:false,&quot;code&quot;:&quot;true.should.be.ok;\ndone();&quot;,&quot;err&quot;:{},&quot;isRoot&quot;:false,&quot;uuid&quot;:&quot;90010623-3857-48e2-9b8c-969ea48f9034&quot;,&quot;parentUUID&quot;:&quot;59119e34-62b6-461a-906c-011f895db41c&quot;,&quot;skipped&quot;:false}],&quot;failures&quot;:[{&quot;title&quot;:&quot;failing test&quot;,&quot;fullTitle&quot;:&quot;Master Test Suite Test Suite - Failed After failing test&quot;,&quot;timedOut&quot;:false,&quot;duration&quot;:1,&quot;state&quot;:&quot;failed&quot;,&quot;pass&quot;:false,&quot;fail&quot;:true,&quot;pending&quot;:false,&quot;code&quot;:&quot;false.should.be.ok;\ndone();&quot;,&quot;err&quot;:{&quot;name&quot;:&quot;AssertionError&quot;,&quot;actual&quot;:false,&quot;operator&quot;:&quot;to be truthy&quot;,&quot;message&quot;:&quot;expected false to be truthy&quot;,&quot;generatedMessage&quot;:true,&quot;estack&quot;:&quot;AssertionError: expected false to be truthy\n    at Assertion.prop.(anonymous function) (node_modules/should/lib/should.js:61:14)\n    at Context.&lt;anonymous&gt; (test-functional/test.js:66:7)&quot;},&quot;isRoot&quot;:false,&quot;uuid&quot;:&quot;fac3ebd7-24f8-42e7-bf9a-0d18a9bf558e&quot;,&quot;parentUUID&quot;:&quot;59119e34-62b6-461a-906c-011f895db41c&quot;,&quot;skipped&quot;:false}],&quot;skipped&quot;:[],&quot;hasTests&quot;:true,&quot;hasSuites&quot;:false,&quot;totalTests&quot;:5,&quot;totalPasses&quot;:2,&quot;totalFailures&quot;:1,&quot;totalPending&quot;:2,&quot;totalSkipped&quot;:0,&quot;hasPasses&quot;:true,&quot;hasFailures&quot;:true,&quot;hasPending&quot;:true,&quot;hasSkipped&quot;:false,&quot;duration&quot;:1},&quot;ctx&quot;:&quot;[Circular ~.allPending.1.ctx]&quot;,&quot;_events&quot;:{},&quot;_eventsCount&quot;:1,&quot;duration&quot;:0,&quot;_error&quot;:null}}},{&quot;title&quot;:&quot;pending test&quot;,&quot;body&quot;:&quot;&quot;,&quot;sync&quot;:true,&quot;_timeout&quot;:2000,&quot;_slow&quot;:75,&quot;_enableTimeouts&quot;:true,&quot;timedOut&quot;:false,&quot;_trace&quot;:{},&quot;_retries&quot;:-1,&quot;_currentRetry&quot;:0,&quot;pending&quot;:true,&quot;type&quot;:&quot;test&quot;,&quot;file&quot;:&quot;/Users/adamgruber/Sites/mochawesome/test-functional/test.js&quot;,&quot;parent&quot;:{&quot;title&quot;:&quot;Test Suite - Pend&quot;,&quot;suites&quot;:[],&quot;tests&quot;:[{&quot;title&quot;:&quot;pending test&quot;,&quot;fullTitle&quot;:&quot;Master Test Suite Test Suite - Pend pending test&quot;,&quot;timedOut&quot;:false,&quot;duration&quot;:0,&quot;pass&quot;:false,&quot;fail&quot;:false,&quot;pending&quot;:true,&quot;code&quot;:&quot;&quot;,&quot;err&quot;:{},&quot;isRoot&quot;:false,&quot;parentUUID&quot;:&quot;718e4d95-d945-4a65-bf77-27c451d09426&quot;,&quot;skipped&quot;:false}],&quot;pending&quot;:[{&quot;title&quot;:&quot;pending test&quot;,&quot;fullTitle&quot;:&quot;Master Test Suite Test Suite - Pend pending test&quot;,&quot;timedOut&quot;:false,&quot;duration&quot;:0,&quot;pass&quot;:false,&quot;fail&quot;:false,&quot;pending&quot;:true,&quot;code&quot;:&quot;&quot;,&quot;err&quot;:{},&quot;isRoot&quot;:false,&quot;parentUUID&quot;:&quot;718e4d95-d945-4a65-bf77-27c451d09426&quot;,&quot;skipped&quot;:false}],&quot;root&quot;:false,&quot;_timeout&quot;:2000,&quot;file&quot;:&quot;/test-functional/test.js&quot;,&quot;uuid&quot;:&quot;718e4d95-d945-4a65-bf77-27c451d09426&quot;,&quot;fullFile&quot;:&quot;/Users/adamgruber/Sites/mochawesome/test-functional/test.js&quot;,&quot;passes&quot;:[],&quot;failures&quot;:[],&quot;skipped&quot;:[],&quot;hasTests&quot;:true,&quot;hasSuites&quot;:false,&quot;totalTests&quot;:1,&quot;totalPasses&quot;:0,&quot;totalFailures&quot;:0,&quot;totalPending&quot;:1,&quot;totalSkipped&quot;:0,&quot;hasPasses&quot;:false,&quot;hasFailures&quot;:false,&quot;hasPending&quot;:true,&quot;hasSkipped&quot;:false,&quot;duration&quot;:0},&quot;ctx&quot;:{}},{&quot;title&quot;:&quot;pending test&quot;,&quot;body&quot;:&quot;&quot;,&quot;sync&quot;:true,&quot;_timeout&quot;:2000,&quot;_slow&quot;:75,&quot;_enableTimeouts&quot;:true,&quot;timedOut&quot;:false,&quot;_trace&quot;:{},&quot;_retries&quot;:-1,&quot;_currentRetry&quot;:0,&quot;pending&quot;:true,&quot;type&quot;:&quot;test&quot;,&quot;file&quot;:&quot;/Users/adamgruber/Sites/mochawesome/test-functional/test.js&quot;,&quot;parent&quot;:{&quot;title&quot;:&quot;Test Suite - Failed After Each&quot;,&quot;suites&quot;:[],&quot;tests&quot;:[{&quot;title&quot;:&quot;passing test&quot;,&quot;fullTitle&quot;:&quot;Master Test Suite Test Suite - Failed After Each passing test&quot;,&quot;timedOut&quot;:false,&quot;duration&quot;:0,&quot;state&quot;:&quot;passed&quot;,&quot;speed&quot;:&quot;fast&quot;,&quot;pass&quot;:true,&quot;fail&quot;:false,&quot;pending&quot;:false,&quot;code&quot;:&quot;true.should.be.ok;\ndone();&quot;,&quot;err&quot;:{},&quot;isRoot&quot;:false,&quot;uuid&quot;:&quot;55c9aa87-b741-4f15-b798-9b6e058e23d6&quot;,&quot;parentUUID&quot;:&quot;8f445bfe-0ca2-414f-9a1c-27d902cb064c&quot;,&quot;skipped&quot;:false},{&quot;title&quot;:&quot;pending test&quot;,&quot;fullTitle&quot;:&quot;Master Test Suite Test Suite - Failed After Each pending test&quot;,&quot;timedOut&quot;:false,&quot;duration&quot;:0,&quot;pass&quot;:false,&quot;fail&quot;:false,&quot;pending&quot;:true,&quot;code&quot;:&quot;&quot;,&quot;err&quot;:{},&quot;isRoot&quot;:false,&quot;parentUUID&quot;:&quot;8f445bfe-0ca2-414f-9a1c-27d902cb064c&quot;,&quot;skipped&quot;:false},{&quot;title&quot;:&quot;failing test&quot;,&quot;fullTitle&quot;:&quot;Master Test Suite Test Suite - Failed After Each failing test&quot;,&quot;timedOut&quot;:false,&quot;duration&quot;:0,&quot;state&quot;:&quot;failed&quot;,&quot;pass&quot;:false,&quot;fail&quot;:true,&quot;pending&quot;:false,&quot;code&quot;:&quot;false.should.be.ok;\ndone();&quot;,&quot;err&quot;:{&quot;name&quot;:&quot;AssertionError&quot;,&quot;actual&quot;:false,&quot;operator&quot;:&quot;to be truthy&quot;,&quot;message&quot;:&quot;expected false to be truthy&quot;,&quot;generatedMessage&quot;:true,&quot;estack&quot;:&quot;AssertionError: expected false to be truthy\n    at Assertion.prop.(anonymous function) (node_modules/should/lib/should.js:61:14)\n    at Context.&lt;anonymous&gt; (test-functional/test.js:159:7)&quot;},&quot;isRoot&quot;:false,&quot;uuid&quot;:&quot;9be8e963-e212-4e06-bde2-a9d2857c9c1a&quot;,&quot;parentUUID&quot;:&quot;8f445bfe-0ca2-414f-9a1c-27d902cb064c&quot;,&quot;skipped&quot;:false},{&quot;title&quot;:&quot;passing test&quot;,&quot;fullTitle&quot;:&quot;Master Test Suite Test Suite - Failed After Each passing test&quot;,&quot;timedOut&quot;:false,&quot;duration&quot;:0,&quot;state&quot;:&quot;passed&quot;,&quot;speed&quot;:&quot;fast&quot;,&quot;pass&quot;:true,&quot;fail&quot;:false,&quot;pending&quot;:false,&quot;code&quot;:&quot;true.should.be.ok;\ndone();&quot;,&quot;err&quot;:{},&quot;isRoot&quot;:false,&quot;uuid&quot;:&quot;fe73dac8-8576-45d9-a224-89f10ca507d2&quot;,&quot;parentUUID&quot;:&quot;8f445bfe-0ca2-414f-9a1c-27d902cb064c&quot;,&quot;skipped&quot;:false},{&quot;title&quot;:&quot;pending test&quot;,&quot;fullTitle&quot;:&quot;Master Test Suite Test Suite - Failed After Each pending test&quot;,&quot;timedOut&quot;:false,&quot;duration&quot;:0,&quot;pass&quot;:false,&quot;fail&quot;:false,&quot;pending&quot;:true,&quot;code&quot;:&quot;&quot;,&quot;err&quot;:{},&quot;isRoot&quot;:false,&quot;parentUUID&quot;:&quot;8f445bfe-0ca2-414f-9a1c-27d902cb064c&quot;,&quot;skipped&quot;:false}],&quot;pending&quot;:[{&quot;title&quot;:&quot;pending test&quot;,&quot;fullTitle&quot;:&quot;Master Test Suite Test Suite - Failed After Each pending test&quot;,&quot;timedOut&quot;:false,&quot;duration&quot;:0,&quot;pass&quot;:false,&quot;fail&quot;:false,&quot;pending&quot;:true,&quot;code&quot;:&quot;&quot;,&quot;err&quot;:{},&quot;isRoot&quot;:false,&quot;parentUUID&quot;:&quot;8f445bfe-0ca2-414f-9a1c-27d902cb064c&quot;,&quot;skipped&quot;:false},{&quot;title&quot;:&quot;pending test&quot;,&quot;fullTitle&quot;:&quot;Master Test Suite Test Suite - Failed After Each pending test&quot;,&quot;timedOut&quot;:false,&quot;duration&quot;:0,&quot;pass&quot;:false,&quot;fail&quot;:false,&quot;pending&quot;:true,&quot;code&quot;:&quot;&quot;,&quot;err&quot;:{},&quot;isRoot&quot;:false,&quot;parentUUID&quot;:&quot;8f445bfe-0ca2-414f-9a1c-27d902cb064c&quot;,&quot;skipped&quot;:false}],&quot;root&quot;:false,&quot;_timeout&quot;:2000,&quot;file&quot;:&quot;/test-functional/test.js&quot;,&quot;uuid&quot;:&quot;8f445bfe-0ca2-414f-9a1c-27d902cb064c&quot;,&quot;fullFile&quot;:&quot;/Users/adamgruber/Sites/mochawesome/test-functional/test.js&quot;,&quot;passes&quot;:[{&quot;title&quot;:&quot;passing test&quot;,&quot;fullTitle&quot;:&quot;Master Test Suite Test Suite - Failed After Each passing test&quot;,&quot;timedOut&quot;:false,&quot;duration&quot;:0,&quot;state&quot;:&quot;passed&quot;,&quot;speed&quot;:&quot;fast&quot;,&quot;pass&quot;:true,&quot;fail&quot;:false,&quot;pending&quot;:false,&quot;code&quot;:&quot;true.should.be.ok;\ndone();&quot;,&quot;err&quot;:{},&quot;isRoot&quot;:false,&quot;uuid&quot;:&quot;55c9aa87-b741-4f15-b798-9b6e058e23d6&quot;,&quot;parentUUID&quot;:&quot;8f445bfe-0ca2-414f-9a1c-27d902cb064c&quot;,&quot;skipped&quot;:false},{&quot;title&quot;:&quot;passing test&quot;,&quot;fullTitle&quot;:&quot;Master Test Suite Test Suite - Failed After Each passing test&quot;,&quot;timedOut&quot;:false,&quot;duration&quot;:0,&quot;state&quot;:&quot;passed&quot;,&quot;speed&quot;:&quot;fast&quot;,&quot;pass&quot;:true,&quot;fail&quot;:false,&quot;pending&quot;:false,&quot;code&quot;:&quot;true.should.be.ok;\ndone();&quot;,&quot;err&quot;:{},&quot;isRoot&quot;:false,&quot;uuid&quot;:&quot;fe73dac8-8576-45d9-a224-89f10ca507d2&quot;,&quot;parentUUID&quot;:&quot;8f445bfe-0ca2-414f-9a1c-27d902cb064c&quot;,&quot;skipped&quot;:false}],&quot;failures&quot;:[{&quot;title&quot;:&quot;failing test&quot;,&quot;fullTitle&quot;:&quot;Master Test Suite Test Suite - Failed After Each failing test&quot;,&quot;timedOut&quot;:false,&quot;duration&quot;:0,&quot;state&quot;:&quot;failed&quot;,&quot;pass&quot;:false,&quot;fail&quot;:true,&quot;pending&quot;:false,&quot;code&quot;:&quot;false.should.be.ok;\ndone();&quot;,&quot;err&quot;:{&quot;name&quot;:&quot;AssertionError&quot;,&quot;actual&quot;:false,&quot;operator&quot;:&quot;to be truthy&quot;,&quot;message&quot;:&quot;expected false to be truthy&quot;,&quot;generatedMessage&quot;:true,&quot;estack&quot;:&quot;AssertionError: expected false to be truthy\n    at Assertion.prop.(anonymous function) (node_modules/should/lib/should.js:61:14)\n    at Context.&lt;anonymous&gt; (test-functional/test.js:159:7)&quot;},&quot;isRoot&quot;:false,&quot;uuid&quot;:&quot;9be8e963-e212-4e06-bde2-a9d2857c9c1a&quot;,&quot;parentUUID&quot;:&quot;8f445bfe-0ca2-414f-9a1c-27d902cb064c&quot;,&quot;skipped&quot;:false}],&quot;skipped&quot;:[],&quot;hasTests&quot;:true,&quot;hasSuites&quot;:false,&quot;totalTests&quot;:5,&quot;totalPasses&quot;:2,&quot;totalFailures&quot;:1,&quot;totalPending&quot;:2,&quot;totalSkipped&quot;:0,&quot;hasPasses&quot;:true,&quot;hasFailures&quot;:true,&quot;hasPending&quot;:true,&quot;hasSkipped&quot;:false,&quot;duration&quot;:0},&quot;ctx&quot;:{&quot;_runnable&quot;:{&quot;title&quot;:&quot;\&quot;after each\&quot; hook: failing afterEach hook&quot;,&quot;body&quot;:&quot;function () {\n      console.log(&#x27;a&#x27;);\n    }&quot;,&quot;async&quot;:0,&quot;sync&quot;:true,&quot;_timeout&quot;:2000,&quot;_slow&quot;:75,&quot;_enableTimeouts&quot;:true,&quot;timedOut&quot;:false,&quot;_trace&quot;:{},&quot;_retries&quot;:-1,&quot;_currentRetry&quot;:0,&quot;pending&quot;:false,&quot;type&quot;:&quot;hook&quot;,&quot;parent&quot;:{&quot;title&quot;:&quot;Test Suite - Failed After Each&quot;,&quot;suites&quot;:[],&quot;tests&quot;:[{&quot;title&quot;:&quot;passing test&quot;,&quot;fullTitle&quot;:&quot;Master Test Suite Test Suite - Failed After Each passing test&quot;,&quot;timedOut&quot;:false,&quot;duration&quot;:0,&quot;state&quot;:&quot;passed&quot;,&quot;speed&quot;:&quot;fast&quot;,&quot;pass&quot;:true,&quot;fail&quot;:false,&quot;pending&quot;:false,&quot;code&quot;:&quot;true.should.be.ok;\ndone();&quot;,&quot;err&quot;:{},&quot;isRoot&quot;:false,&quot;uuid&quot;:&quot;55c9aa87-b741-4f15-b798-9b6e058e23d6&quot;,&quot;parentUUID&quot;:&quot;8f445bfe-0ca2-414f-9a1c-27d902cb064c&quot;,&quot;skipped&quot;:false},{&quot;title&quot;:&quot;pending test&quot;,&quot;fullTitle&quot;:&quot;Master Test Suite Test Suite - Failed After Each pending test&quot;,&quot;timedOut&quot;:false,&quot;duration&quot;:0,&quot;pass&quot;:false,&quot;fail&quot;:false,&quot;pending&quot;:true,&quot;code&quot;:&quot;&quot;,&quot;err&quot;:{},&quot;isRoot&quot;:false,&quot;parentUUID&quot;:&quot;8f445bfe-0ca2-414f-9a1c-27d902cb064c&quot;,&quot;skipped&quot;:false},{&quot;title&quot;:&quot;failing test&quot;,&quot;fullTitle&quot;:&quot;Master Test Suite Test Suite - Failed After Each failing test&quot;,&quot;timedOut&quot;:false,&quot;duration&quot;:0,&quot;state&quot;:&quot;failed&quot;,&quot;pass&quot;:false,&quot;fail&quot;:true,&quot;pending&quot;:false,&quot;code&quot;:&quot;false.should.be.ok;\ndone();&quot;,&quot;err&quot;:{&quot;name&quot;:&quot;AssertionError&quot;,&quot;actual&quot;:false,&quot;operator&quot;:&quot;to be truthy&quot;,&quot;message&quot;:&quot;expected false to be truthy&quot;,&quot;generatedMessage&quot;:true,&quot;estack&quot;:&quot;AssertionError: expected false to be truthy\n    at Assertion.prop.(anonymous function) (node_modules/should/lib/should.js:61:14)\n    at Context.&lt;anonymous&gt; (test-functional/test.js:159:7)&quot;},&quot;isRoot&quot;:false,&quot;uuid&quot;:&quot;9be8e963-e212-4e06-bde2-a9d2857c9c1a&quot;,&quot;parentUUID&quot;:&quot;8f445bfe-0ca2-414f-9a1c-27d902cb064c&quot;,&quot;skipped&quot;:false},{&quot;title&quot;:&quot;passing test&quot;,&quot;fullTitle&quot;:&quot;Master Test Suite Test Suite - Failed After Each passing test&quot;,&quot;timedOut&quot;:false,&quot;duration&quot;:0,&quot;state&quot;:&quot;passed&quot;,&quot;speed&quot;:&quot;fast&quot;,&quot;pass&quot;:true,&quot;fail&quot;:false,&quot;pending&quot;:false,&quot;code&quot;:&quot;true.should.be.ok;\ndone();&quot;,&quot;err&quot;:{},&quot;isRoot&quot;:false,&quot;uuid&quot;:&quot;fe73dac8-8576-45d9-a224-89f10ca507d2&quot;,&quot;parentUUID&quot;:&quot;8f445bfe-0ca2-414f-9a1c-27d902cb064c&quot;,&quot;skipped&quot;:false},{&quot;title&quot;:&quot;pending test&quot;,&quot;fullTitle&quot;:&quot;Master Test Suite Test Suite - Failed After Each pending test&quot;,&quot;timedOut&quot;:false,&quot;duration&quot;:0,&quot;pass&quot;:false,&quot;fail&quot;:false,&quot;pending&quot;:true,&quot;code&quot;:&quot;&quot;,&quot;err&quot;:{},&quot;isRoot&quot;:false,&quot;parentUUID&quot;:&quot;8f445bfe-0ca2-414f-9a1c-27d902cb064c&quot;,&quot;skipped&quot;:false}],&quot;pending&quot;:[{&quot;title&quot;:&quot;pending test&quot;,&quot;fullTitle&quot;:&quot;Master Test Suite Test Suite - Failed After Each pending test&quot;,&quot;timedOut&quot;:false,&quot;duration&quot;:0,&quot;pass&quot;:false,&quot;fail&quot;:false,&quot;pending&quot;:true,&quot;code&quot;:&quot;&quot;,&quot;err&quot;:{},&quot;isRoot&quot;:false,&quot;parentUUID&quot;:&quot;8f445bfe-0ca2-414f-9a1c-27d902cb064c&quot;,&quot;skipped&quot;:false},{&quot;title&quot;:&quot;pending test&quot;,&quot;fullTitle&quot;:&quot;Master Test Suite Test Suite - Failed After Each pending test&quot;,&quot;timedOut&quot;:false,&quot;duration&quot;:0,&quot;pass&quot;:false,&quot;fail&quot;:false,&quot;pending&quot;:true,&quot;code&quot;:&quot;&quot;,&quot;err&quot;:{},&quot;isRoot&quot;:false,&quot;parentUUID&quot;:&quot;8f445bfe-0ca2-414f-9a1c-27d902cb064c&quot;,&quot;skipped&quot;:false}],&quot;root&quot;:false,&quot;_timeout&quot;:2000,&quot;file&quot;:&quot;/test-functional/test.js&quot;,&quot;uuid&quot;:&quot;8f445bfe-0ca2-414f-9a1c-27d902cb064c&quot;,&quot;fullFile&quot;:&quot;/Users/adamgruber/Sites/mochawesome/test-functional/test.js&quot;,&quot;passes&quot;:[{&quot;title&quot;:&quot;passing test&quot;,&quot;fullTitle&quot;:&quot;Master Test Suite Test Suite - Failed After Each passing test&quot;,&quot;timedOut&quot;:false,&quot;duration&quot;:0,&quot;state&quot;:&quot;passed&quot;,&quot;speed&quot;:&quot;fast&quot;,&quot;pass&quot;:true,&quot;fail&quot;:false,&quot;pending&quot;:false,&quot;code&quot;:&quot;true.should.be.ok;\ndone();&quot;,&quot;err&quot;:{},&quot;isRoot&quot;:false,&quot;uuid&quot;:&quot;55c9aa87-b741-4f15-b798-9b6e058e23d6&quot;,&quot;parentUUID&quot;:&quot;8f445bfe-0ca2-414f-9a1c-27d902cb064c&quot;,&quot;skipped&quot;:false},{&quot;title&quot;:&quot;passing test&quot;,&quot;fullTitle&quot;:&quot;Master Test Suite Test Suite - Failed After Each passing test&quot;,&quot;timedOut&quot;:false,&quot;duration&quot;:0,&quot;state&quot;:&quot;passed&quot;,&quot;speed&quot;:&quot;fast&quot;,&quot;pass&quot;:true,&quot;fail&quot;:false,&quot;pending&quot;:false,&quot;code&quot;:&quot;true.should.be.ok;\ndone();&quot;,&quot;err&quot;:{},&quot;isRoot&quot;:false,&quot;uuid&quot;:&quot;fe73dac8-8576-45d9-a224-89f10ca507d2&quot;,&quot;parentUUID&quot;:&quot;8f445bfe-0ca2-414f-9a1c-27d902cb064c&quot;,&quot;skipped&quot;:false}],&quot;failures&quot;:[{&quot;title&quot;:&quot;failing test&quot;,&quot;fullTitle&quot;:&quot;Master Test Suite Test Suite - Failed After Each failing test&quot;,&quot;timedOut&quot;:false,&quot;duration&quot;:0,&quot;state&quot;:&quot;failed&quot;,&quot;pass&quot;:false,&quot;fail&quot;:true,&quot;pending&quot;:false,&quot;code&quot;:&quot;false.should.be.ok;\ndone();&quot;,&quot;err&quot;:{&quot;name&quot;:&quot;AssertionError&quot;,&quot;actual&quot;:false,&quot;operator&quot;:&quot;to be truthy&quot;,&quot;message&quot;:&quot;expected false to be truthy&quot;,&quot;generatedMessage&quot;:true,&quot;estack&quot;:&quot;AssertionError: expected false to be truthy\n    at Assertion.prop.(anonymous function) (node_modules/should/lib/should.js:61:14)\n    at Context.&lt;anonymous&gt; (test-functional/test.js:159:7)&quot;},&quot;isRoot&quot;:false,&quot;uuid&quot;:&quot;9be8e963-e212-4e06-bde2-a9d2857c9c1a&quot;,&quot;parentUUID&quot;:&quot;8f445bfe-0ca2-414f-9a1c-27d902cb064c&quot;,&quot;skipped&quot;:false}],&quot;skipped&quot;:[],&quot;hasTests&quot;:true,&quot;hasSuites&quot;:false,&quot;totalTests&quot;:5,&quot;totalPasses&quot;:2,&quot;totalFailures&quot;:1,&quot;totalPending&quot;:2,&quot;totalSkipped&quot;:0,&quot;hasPasses&quot;:true,&quot;hasFailures&quot;:true,&quot;hasPending&quot;:true,&quot;hasSkipped&quot;:false,&quot;duration&quot;:0},&quot;ctx&quot;:&quot;[Circular ~.allPending.3.ctx]&quot;,&quot;_events&quot;:{},&quot;_eventsCount&quot;:1,&quot;duration&quot;:0,&quot;_error&quot;:null},&quot;test&quot;:{&quot;title&quot;:&quot;\&quot;after each\&quot; hook: failing afterEach hook&quot;,&quot;body&quot;:&quot;function () {\n      console.log(&#x27;a&#x27;);\n    }&quot;,&quot;async&quot;:0,&quot;sync&quot;:true,&quot;_timeout&quot;:2000,&quot;_slow&quot;:75,&quot;_enableTimeouts&quot;:true,&quot;timedOut&quot;:false,&quot;_trace&quot;:{},&quot;_retries&quot;:-1,&quot;_currentRetry&quot;:0,&quot;pending&quot;:false,&quot;type&quot;:&quot;hook&quot;,&quot;parent&quot;:{&quot;title&quot;:&quot;Test Suite - Failed After Each&quot;,&quot;suites&quot;:[],&quot;tests&quot;:[{&quot;title&quot;:&quot;passing test&quot;,&quot;fullTitle&quot;:&quot;Master Test Suite Test Suite - Failed After Each passing test&quot;,&quot;timedOut&quot;:false,&quot;duration&quot;:0,&quot;state&quot;:&quot;passed&quot;,&quot;speed&quot;:&quot;fast&quot;,&quot;pass&quot;:true,&quot;fail&quot;:false,&quot;pending&quot;:false,&quot;code&quot;:&quot;true.should.be.ok;\ndone();&quot;,&quot;err&quot;:{},&quot;isRoot&quot;:false,&quot;uuid&quot;:&quot;55c9aa87-b741-4f15-b798-9b6e058e23d6&quot;,&quot;parentUUID&quot;:&quot;8f445bfe-0ca2-414f-9a1c-27d902cb064c&quot;,&quot;skipped&quot;:false},{&quot;title&quot;:&quot;pending test&quot;,&quot;fullTitle&quot;:&quot;Master Test Suite Test Suite - Failed After Each pending test&quot;,&quot;timedOut&quot;:false,&quot;duration&quot;:0,&quot;pass&quot;:false,&quot;fail&quot;:false,&quot;pending&quot;:true,&quot;code&quot;:&quot;&quot;,&quot;err&quot;:{},&quot;isRoot&quot;:false,&quot;parentUUID&quot;:&quot;8f445bfe-0ca2-414f-9a1c-27d902cb064c&quot;,&quot;skipped&quot;:false},{&quot;title&quot;:&quot;failing test&quot;,&quot;fullTitle&quot;:&quot;Master Test Suite Test Suite - Failed After Each failing test&quot;,&quot;timedOut&quot;:false,&quot;duration&quot;:0,&quot;state&quot;:&quot;failed&quot;,&quot;pass&quot;:false,&quot;fail&quot;:true,&quot;pending&quot;:false,&quot;code&quot;:&quot;false.should.be.ok;\ndone();&quot;,&quot;err&quot;:{&quot;name&quot;:&quot;AssertionError&quot;,&quot;actual&quot;:false,&quot;operator&quot;:&quot;to be truthy&quot;,&quot;message&quot;:&quot;expected false to be truthy&quot;,&quot;generatedMessage&quot;:true,&quot;estack&quot;:&quot;AssertionError: expected false to be truthy\n    at Assertion.prop.(anonymous function) (node_modules/should/lib/should.js:61:14)\n    at Context.&lt;anonymous&gt; (test-functional/test.js:159:7)&quot;},&quot;isRoot&quot;:false,&quot;uuid&quot;:&quot;9be8e963-e212-4e06-bde2-a9d2857c9c1a&quot;,&quot;parentUUID&quot;:&quot;8f445bfe-0ca2-414f-9a1c-27d902cb064c&quot;,&quot;skipped&quot;:false},{&quot;title&quot;:&quot;passing test&quot;,&quot;fullTitle&quot;:&quot;Master Test Suite Test Suite - Failed After Each passing test&quot;,&quot;timedOut&quot;:false,&quot;duration&quot;:0,&quot;state&quot;:&quot;passed&quot;,&quot;speed&quot;:&quot;fast&quot;,&quot;pass&quot;:true,&quot;fail&quot;:false,&quot;pending&quot;:false,&quot;code&quot;:&quot;true.should.be.ok;\ndone();&quot;,&quot;err&quot;:{},&quot;isRoot&quot;:false,&quot;uuid&quot;:&quot;fe73dac8-8576-45d9-a224-89f10ca507d2&quot;,&quot;parentUUID&quot;:&quot;8f445bfe-0ca2-414f-9a1c-27d902cb064c&quot;,&quot;skipped&quot;:false},{&quot;title&quot;:&quot;pending test&quot;,&quot;fullTitle&quot;:&quot;Master Test Suite Test Suite - Failed After Each pending test&quot;,&quot;timedOut&quot;:false,&quot;duration&quot;:0,&quot;pass&quot;:false,&quot;fail&quot;:false,&quot;pending&quot;:true,&quot;code&quot;:&quot;&quot;,&quot;err&quot;:{},&quot;isRoot&quot;:false,&quot;parentUUID&quot;:&quot;8f445bfe-0ca2-414f-9a1c-27d902cb064c&quot;,&quot;skipped&quot;:false}],&quot;pending&quot;:[{&quot;title&quot;:&quot;pending test&quot;,&quot;fullTitle&quot;:&quot;Master Test Suite Test Suite - Failed After Each pending test&quot;,&quot;timedOut&quot;:false,&quot;duration&quot;:0,&quot;pass&quot;:false,&quot;fail&quot;:false,&quot;pending&quot;:true,&quot;code&quot;:&quot;&quot;,&quot;err&quot;:{},&quot;isRoot&quot;:false,&quot;parentUUID&quot;:&quot;8f445bfe-0ca2-414f-9a1c-27d902cb064c&quot;,&quot;skipped&quot;:false},{&quot;title&quot;:&quot;pending test&quot;,&quot;fullTitle&quot;:&quot;Master Test Suite Test Suite - Failed After Each pending test&quot;,&quot;timedOut&quot;:false,&quot;duration&quot;:0,&quot;pass&quot;:false,&quot;fail&quot;:false,&quot;pending&quot;:true,&quot;code&quot;:&quot;&quot;,&quot;err&quot;:{},&quot;isRoot&quot;:false,&quot;parentUUID&quot;:&quot;8f445bfe-0ca2-414f-9a1c-27d902cb064c&quot;,&quot;skipped&quot;:false}],&quot;root&quot;:false,&quot;_timeout&quot;:2000,&quot;file&quot;:&quot;/test-functional/test.js&quot;,&quot;uuid&quot;:&quot;8f445bfe-0ca2-414f-9a1c-27d902cb064c&quot;,&quot;fullFile&quot;:&quot;/Users/adamgruber/Sites/mochawesome/test-functional/test.js&quot;,&quot;passes&quot;:[{&quot;title&quot;:&quot;passing test&quot;,&quot;fullTitle&quot;:&quot;Master Test Suite Test Suite - Failed After Each passing test&quot;,&quot;timedOut&quot;:false,&quot;duration&quot;:0,&quot;state&quot;:&quot;passed&quot;,&quot;speed&quot;:&quot;fast&quot;,&quot;pass&quot;:true,&quot;fail&quot;:false,&quot;pending&quot;:false,&quot;code&quot;:&quot;true.should.be.ok;\ndone();&quot;,&quot;err&quot;:{},&quot;isRoot&quot;:false,&quot;uuid&quot;:&quot;55c9aa87-b741-4f15-b798-9b6e058e23d6&quot;,&quot;parentUUID&quot;:&quot;8f445bfe-0ca2-414f-9a1c-27d902cb064c&quot;,&quot;skipped&quot;:false},{&quot;title&quot;:&quot;passing test&quot;,&quot;fullTitle&quot;:&quot;Master Test Suite Test Suite - Failed After Each passing test&quot;,&quot;timedOut&quot;:false,&quot;duration&quot;:0,&quot;state&quot;:&quot;passed&quot;,&quot;speed&quot;:&quot;fast&quot;,&quot;pass&quot;:true,&quot;fail&quot;:false,&quot;pending&quot;:false,&quot;code&quot;:&quot;true.should.be.ok;\ndone();&quot;,&quot;err&quot;:{},&quot;isRoot&quot;:false,&quot;uuid&quot;:&quot;fe73dac8-8576-45d9-a224-89f10ca507d2&quot;,&quot;parentUUID&quot;:&quot;8f445bfe-0ca2-414f-9a1c-27d902cb064c&quot;,&quot;skipped&quot;:false}],&quot;failures&quot;:[{&quot;title&quot;:&quot;failing test&quot;,&quot;fullTitle&quot;:&quot;Master Test Suite Test Suite - Failed After Each failing test&quot;,&quot;timedOut&quot;:false,&quot;duration&quot;:0,&quot;state&quot;:&quot;failed&quot;,&quot;pass&quot;:false,&quot;fail&quot;:true,&quot;pending&quot;:false,&quot;code&quot;:&quot;false.should.be.ok;\ndone();&quot;,&quot;err&quot;:{&quot;name&quot;:&quot;AssertionError&quot;,&quot;actual&quot;:false,&quot;operator&quot;:&quot;to be truthy&quot;,&quot;message&quot;:&quot;expected false to be truthy&quot;,&quot;generatedMessage&quot;:true,&quot;estack&quot;:&quot;AssertionError: expected false to be truthy\n    at Assertion.prop.(anonymous function) (node_modules/should/lib/should.js:61:14)\n    at Context.&lt;anonymous&gt; (test-functional/test.js:159:7)&quot;},&quot;isRoot&quot;:false,&quot;uuid&quot;:&quot;9be8e963-e212-4e06-bde2-a9d2857c9c1a&quot;,&quot;parentUUID&quot;:&quot;8f445bfe-0ca2-414f-9a1c-27d902cb064c&quot;,&quot;skipped&quot;:false}],&quot;skipped&quot;:[],&quot;hasTests&quot;:true,&quot;hasSuites&quot;:false,&quot;totalTests&quot;:5,&quot;totalPasses&quot;:2,&quot;totalFailures&quot;:1,&quot;totalPending&quot;:2,&quot;totalSkipped&quot;:0,&quot;hasPasses&quot;:true,&quot;hasFailures&quot;:true,&quot;hasPending&quot;:true,&quot;hasSkipped&quot;:false,&quot;duration&quot;:0},&quot;ctx&quot;:&quot;[Circular ~.allPending.3.ctx]&quot;,&quot;_events&quot;:{},&quot;_eventsCount&quot;:1,&quot;duration&quot;:0,&quot;_error&quot;:null}}},{&quot;title&quot;:&quot;pending test&quot;,&quot;body&quot;:&quot;&quot;,&quot;sync&quot;:true,&quot;_timeout&quot;:2000,&quot;_slow&quot;:75,&quot;_enableTimeouts&quot;:true,&quot;timedOut&quot;:false,&quot;_trace&quot;:{},&quot;_retries&quot;:-1,&quot;_currentRetry&quot;:0,&quot;pending&quot;:true,&quot;type&quot;:&quot;test&quot;,&quot;file&quot;:&quot;/Users/adamgruber/Sites/mochawesome/test-functional/test.js&quot;,&quot;parent&quot;:{&quot;title&quot;:&quot;Test Suite - Failed After Each&quot;,&quot;suites&quot;:[],&quot;tests&quot;:[{&quot;title&quot;:&quot;passing test&quot;,&quot;fullTitle&quot;:&quot;Master Test Suite Test Suite - Failed After Each passing test&quot;,&quot;timedOut&quot;:false,&quot;duration&quot;:0,&quot;state&quot;:&quot;passed&quot;,&quot;speed&quot;:&quot;fast&quot;,&quot;pass&quot;:true,&quot;fail&quot;:false,&quot;pending&quot;:false,&quot;code&quot;:&quot;true.should.be.ok;\ndone();&quot;,&quot;err&quot;:{},&quot;isRoot&quot;:false,&quot;uuid&quot;:&quot;55c9aa87-b741-4f15-b798-9b6e058e23d6&quot;,&quot;parentUUID&quot;:&quot;8f445bfe-0ca2-414f-9a1c-27d902cb064c&quot;,&quot;skipped&quot;:false},{&quot;title&quot;:&quot;pending test&quot;,&quot;fullTitle&quot;:&quot;Master Test Suite Test Suite - Failed After Each pending test&quot;,&quot;timedOut&quot;:false,&quot;duration&quot;:0,&quot;pass&quot;:false,&quot;fail&quot;:false,&quot;pending&quot;:true,&quot;code&quot;:&quot;&quot;,&quot;err&quot;:{},&quot;isRoot&quot;:false,&quot;parentUUID&quot;:&quot;8f445bfe-0ca2-414f-9a1c-27d902cb064c&quot;,&quot;skipped&quot;:false},{&quot;title&quot;:&quot;failing test&quot;,&quot;fullTitle&quot;:&quot;Master Test Suite Test Suite - Failed After Each failing test&quot;,&quot;timedOut&quot;:false,&quot;duration&quot;:0,&quot;state&quot;:&quot;failed&quot;,&quot;pass&quot;:false,&quot;fail&quot;:true,&quot;pending&quot;:false,&quot;code&quot;:&quot;false.should.be.ok;\ndone();&quot;,&quot;err&quot;:{&quot;name&quot;:&quot;AssertionError&quot;,&quot;actual&quot;:false,&quot;operator&quot;:&quot;to be truthy&quot;,&quot;message&quot;:&quot;expected false to be truthy&quot;,&quot;generatedMessage&quot;:true,&quot;estack&quot;:&quot;AssertionError: expected false to be truthy\n    at Assertion.prop.(anonymous function) (node_modules/should/lib/should.js:61:14)\n    at Context.&lt;anonymous&gt; (test-functional/test.js:159:7)&quot;},&quot;isRoot&quot;:false,&quot;uuid&quot;:&quot;9be8e963-e212-4e06-bde2-a9d2857c9c1a&quot;,&quot;parentUUID&quot;:&quot;8f445bfe-0ca2-414f-9a1c-27d902cb064c&quot;,&quot;skipped&quot;:false},{&quot;title&quot;:&quot;passing test&quot;,&quot;fullTitle&quot;:&quot;Master Test Suite Test Suite - Failed After Each passing test&quot;,&quot;timedOut&quot;:false,&quot;duration&quot;:0,&quot;state&quot;:&quot;passed&quot;,&quot;speed&quot;:&quot;fast&quot;,&quot;pass&quot;:true,&quot;fail&quot;:false,&quot;pending&quot;:false,&quot;code&quot;:&quot;true.should.be.ok;\ndone();&quot;,&quot;err&quot;:{},&quot;isRoot&quot;:false,&quot;uuid&quot;:&quot;fe73dac8-8576-45d9-a224-89f10ca507d2&quot;,&quot;parentUUID&quot;:&quot;8f445bfe-0ca2-414f-9a1c-27d902cb064c&quot;,&quot;skipped&quot;:false},{&quot;title&quot;:&quot;pending test&quot;,&quot;fullTitle&quot;:&quot;Master Test Suite Test Suite - Failed After Each pending test&quot;,&quot;timedOut&quot;:false,&quot;duration&quot;:0,&quot;pass&quot;:false,&quot;fail&quot;:false,&quot;pending&quot;:true,&quot;code&quot;:&quot;&quot;,&quot;err&quot;:{},&quot;isRoot&quot;:false,&quot;parentUUID&quot;:&quot;8f445bfe-0ca2-414f-9a1c-27d902cb064c&quot;,&quot;skipped&quot;:false}],&quot;pending&quot;:[{&quot;title&quot;:&quot;pending test&quot;,&quot;fullTitle&quot;:&quot;Master Test Suite Test Suite - Failed After Each pending test&quot;,&quot;timedOut&quot;:false,&quot;duration&quot;:0,&quot;pass&quot;:false,&quot;fail&quot;:false,&quot;pending&quot;:true,&quot;code&quot;:&quot;&quot;,&quot;err&quot;:{},&quot;isRoot&quot;:false,&quot;parentUUID&quot;:&quot;8f445bfe-0ca2-414f-9a1c-27d902cb064c&quot;,&quot;skipped&quot;:false},{&quot;title&quot;:&quot;pending test&quot;,&quot;fullTitle&quot;:&quot;Master Test Suite Test Suite - Failed After Each pending test&quot;,&quot;timedOut&quot;:false,&quot;duration&quot;:0,&quot;pass&quot;:false,&quot;fail&quot;:false,&quot;pending&quot;:true,&quot;code&quot;:&quot;&quot;,&quot;err&quot;:{},&quot;isRoot&quot;:false,&quot;parentUUID&quot;:&quot;8f445bfe-0ca2-414f-9a1c-27d902cb064c&quot;,&quot;skipped&quot;:false}],&quot;root&quot;:false,&quot;_timeout&quot;:2000,&quot;file&quot;:&quot;/test-functional/test.js&quot;,&quot;uuid&quot;:&quot;8f445bfe-0ca2-414f-9a1c-27d902cb064c&quot;,&quot;fullFile&quot;:&quot;/Users/adamgruber/Sites/mochawesome/test-functional/test.js&quot;,&quot;passes&quot;:[{&quot;title&quot;:&quot;passing test&quot;,&quot;fullTitle&quot;:&quot;Master Test Suite Test Suite - Failed After Each passing test&quot;,&quot;timedOut&quot;:false,&quot;duration&quot;:0,&quot;state&quot;:&quot;passed&quot;,&quot;speed&quot;:&quot;fast&quot;,&quot;pass&quot;:true,&quot;fail&quot;:false,&quot;pending&quot;:false,&quot;code&quot;:&quot;true.should.be.ok;\ndone();&quot;,&quot;err&quot;:{},&quot;isRoot&quot;:false,&quot;uuid&quot;:&quot;55c9aa87-b741-4f15-b798-9b6e058e23d6&quot;,&quot;parentUUID&quot;:&quot;8f445bfe-0ca2-414f-9a1c-27d902cb064c&quot;,&quot;skipped&quot;:false},{&quot;title&quot;:&quot;passing test&quot;,&quot;fullTitle&quot;:&quot;Master Test Suite Test Suite - Failed After Each passing test&quot;,&quot;timedOut&quot;:false,&quot;duration&quot;:0,&quot;state&quot;:&quot;passed&quot;,&quot;speed&quot;:&quot;fast&quot;,&quot;pass&quot;:true,&quot;fail&quot;:false,&quot;pending&quot;:false,&quot;code&quot;:&quot;true.should.be.ok;\ndone();&quot;,&quot;err&quot;:{},&quot;isRoot&quot;:false,&quot;uuid&quot;:&quot;fe73dac8-8576-45d9-a224-89f10ca507d2&quot;,&quot;parentUUID&quot;:&quot;8f445bfe-0ca2-414f-9a1c-27d902cb064c&quot;,&quot;skipped&quot;:false}],&quot;failures&quot;:[{&quot;title&quot;:&quot;failing test&quot;,&quot;fullTitle&quot;:&quot;Master Test Suite Test Suite - Failed After Each failing test&quot;,&quot;timedOut&quot;:false,&quot;duration&quot;:0,&quot;state&quot;:&quot;failed&quot;,&quot;pass&quot;:false,&quot;fail&quot;:true,&quot;pending&quot;:false,&quot;code&quot;:&quot;false.should.be.ok;\ndone();&quot;,&quot;err&quot;:{&quot;name&quot;:&quot;AssertionError&quot;,&quot;actual&quot;:false,&quot;operator&quot;:&quot;to be truthy&quot;,&quot;message&quot;:&quot;expected false to be truthy&quot;,&quot;generatedMessage&quot;:true,&quot;estack&quot;:&quot;AssertionError: expected false to be truthy\n    at Assertion.prop.(anonymous function) (node_modules/should/lib/should.js:61:14)\n    at Context.&lt;anonymous&gt; (test-functional/test.js:159:7)&quot;},&quot;isRoot&quot;:false,&quot;uuid&quot;:&quot;9be8e963-e212-4e06-bde2-a9d2857c9c1a&quot;,&quot;parentUUID&quot;:&quot;8f445bfe-0ca2-414f-9a1c-27d902cb064c&quot;,&quot;skipped&quot;:false}],&quot;skipped&quot;:[],&quot;hasTests&quot;:true,&quot;hasSuites&quot;:false,&quot;totalTests&quot;:5,&quot;totalPasses&quot;:2,&quot;totalFailures&quot;:1,&quot;totalPending&quot;:2,&quot;totalSkipped&quot;:0,&quot;hasPasses&quot;:true,&quot;hasFailures&quot;:true,&quot;hasPending&quot;:true,&quot;hasSkipped&quot;:false,&quot;duration&quot;:0},&quot;ctx&quot;:{&quot;_runnable&quot;:{&quot;title&quot;:&quot;\&quot;after each\&quot; hook: failing afterEach hook&quot;,&quot;body&quot;:&quot;function () {\n      console.log(&#x27;a&#x27;);\n    }&quot;,&quot;async&quot;:0,&quot;sync&quot;:true,&quot;_timeout&quot;:2000,&quot;_slow&quot;:75,&quot;_enableTimeouts&quot;:true,&quot;timedOut&quot;:false,&quot;_trace&quot;:{},&quot;_retries&quot;:-1,&quot;_currentRetry&quot;:0,&quot;pending&quot;:false,&quot;type&quot;:&quot;hook&quot;,&quot;parent&quot;:{&quot;title&quot;:&quot;Test Suite - Failed After Each&quot;,&quot;suites&quot;:[],&quot;tests&quot;:[{&quot;title&quot;:&quot;passing test&quot;,&quot;fullTitle&quot;:&quot;Master Test Suite Test Suite - Failed After Each passing test&quot;,&quot;timedOut&quot;:false,&quot;duration&quot;:0,&quot;state&quot;:&quot;passed&quot;,&quot;speed&quot;:&quot;fast&quot;,&quot;pass&quot;:true,&quot;fail&quot;:false,&quot;pending&quot;:false,&quot;code&quot;:&quot;true.should.be.ok;\ndone();&quot;,&quot;err&quot;:{},&quot;isRoot&quot;:false,&quot;uuid&quot;:&quot;55c9aa87-b741-4f15-b798-9b6e058e23d6&quot;,&quot;parentUUID&quot;:&quot;8f445bfe-0ca2-414f-9a1c-27d902cb064c&quot;,&quot;skipped&quot;:false},{&quot;title&quot;:&quot;pending test&quot;,&quot;fullTitle&quot;:&quot;Master Test Suite Test Suite - Failed After Each pending test&quot;,&quot;timedOut&quot;:false,&quot;duration&quot;:0,&quot;pass&quot;:false,&quot;fail&quot;:false,&quot;pending&quot;:true,&quot;code&quot;:&quot;&quot;,&quot;err&quot;:{},&quot;isRoot&quot;:false,&quot;parentUUID&quot;:&quot;8f445bfe-0ca2-414f-9a1c-27d902cb064c&quot;,&quot;skipped&quot;:false},{&quot;title&quot;:&quot;failing test&quot;,&quot;fullTitle&quot;:&quot;Master Test Suite Test Suite - Failed After Each failing test&quot;,&quot;timedOut&quot;:false,&quot;duration&quot;:0,&quot;state&quot;:&quot;failed&quot;,&quot;pass&quot;:false,&quot;fail&quot;:true,&quot;pending&quot;:false,&quot;code&quot;:&quot;false.should.be.ok;\ndone();&quot;,&quot;err&quot;:{&quot;name&quot;:&quot;AssertionError&quot;,&quot;actual&quot;:false,&quot;operator&quot;:&quot;to be truthy&quot;,&quot;message&quot;:&quot;expected false to be truthy&quot;,&quot;generatedMessage&quot;:true,&quot;estack&quot;:&quot;AssertionError: expected false to be truthy\n    at Assertion.prop.(anonymous function) (node_modules/should/lib/should.js:61:14)\n    at Context.&lt;anonymous&gt; (test-functional/test.js:159:7)&quot;},&quot;isRoot&quot;:false,&quot;uuid&quot;:&quot;9be8e963-e212-4e06-bde2-a9d2857c9c1a&quot;,&quot;parentUUID&quot;:&quot;8f445bfe-0ca2-414f-9a1c-27d902cb064c&quot;,&quot;skipped&quot;:false},{&quot;title&quot;:&quot;passing test&quot;,&quot;fullTitle&quot;:&quot;Master Test Suite Test Suite - Failed After Each passing test&quot;,&quot;timedOut&quot;:false,&quot;duration&quot;:0,&quot;state&quot;:&quot;passed&quot;,&quot;speed&quot;:&quot;fast&quot;,&quot;pass&quot;:true,&quot;fail&quot;:false,&quot;pending&quot;:false,&quot;code&quot;:&quot;true.should.be.ok;\ndone();&quot;,&quot;err&quot;:{},&quot;isRoot&quot;:false,&quot;uuid&quot;:&quot;fe73dac8-8576-45d9-a224-89f10ca507d2&quot;,&quot;parentUUID&quot;:&quot;8f445bfe-0ca2-414f-9a1c-27d902cb064c&quot;,&quot;skipped&quot;:false},{&quot;title&quot;:&quot;pending test&quot;,&quot;fullTitle&quot;:&quot;Master Test Suite Test Suite - Failed After Each pending test&quot;,&quot;timedOut&quot;:false,&quot;duration&quot;:0,&quot;pass&quot;:false,&quot;fail&quot;:false,&quot;pending&quot;:true,&quot;code&quot;:&quot;&quot;,&quot;err&quot;:{},&quot;isRoot&quot;:false,&quot;parentUUID&quot;:&quot;8f445bfe-0ca2-414f-9a1c-27d902cb064c&quot;,&quot;skipped&quot;:false}],&quot;pending&quot;:[{&quot;title&quot;:&quot;pending test&quot;,&quot;fullTitle&quot;:&quot;Master Test Suite Test Suite - Failed After Each pending test&quot;,&quot;timedOut&quot;:false,&quot;duration&quot;:0,&quot;pass&quot;:false,&quot;fail&quot;:false,&quot;pending&quot;:true,&quot;code&quot;:&quot;&quot;,&quot;err&quot;:{},&quot;isRoot&quot;:false,&quot;parentUUID&quot;:&quot;8f445bfe-0ca2-414f-9a1c-27d902cb064c&quot;,&quot;skipped&quot;:false},{&quot;title&quot;:&quot;pending test&quot;,&quot;fullTitle&quot;:&quot;Master Test Suite Test Suite - Failed After Each pending test&quot;,&quot;timedOut&quot;:false,&quot;duration&quot;:0,&quot;pass&quot;:false,&quot;fail&quot;:false,&quot;pending&quot;:true,&quot;code&quot;:&quot;&quot;,&quot;err&quot;:{},&quot;isRoot&quot;:false,&quot;parentUUID&quot;:&quot;8f445bfe-0ca2-414f-9a1c-27d902cb064c&quot;,&quot;skipped&quot;:false}],&quot;root&quot;:false,&quot;_timeout&quot;:2000,&quot;file&quot;:&quot;/test-functional/test.js&quot;,&quot;uuid&quot;:&quot;8f445bfe-0ca2-414f-9a1c-27d902cb064c&quot;,&quot;fullFile&quot;:&quot;/Users/adamgruber/Sites/mochawesome/test-functional/test.js&quot;,&quot;passes&quot;:[{&quot;title&quot;:&quot;passing test&quot;,&quot;fullTitle&quot;:&quot;Master Test Suite Test Suite - Failed After Each passing test&quot;,&quot;timedOut&quot;:false,&quot;duration&quot;:0,&quot;state&quot;:&quot;passed&quot;,&quot;speed&quot;:&quot;fast&quot;,&quot;pass&quot;:true,&quot;fail&quot;:false,&quot;pending&quot;:false,&quot;code&quot;:&quot;true.should.be.ok;\ndone();&quot;,&quot;err&quot;:{},&quot;isRoot&quot;:false,&quot;uuid&quot;:&quot;55c9aa87-b741-4f15-b798-9b6e058e23d6&quot;,&quot;parentUUID&quot;:&quot;8f445bfe-0ca2-414f-9a1c-27d902cb064c&quot;,&quot;skipped&quot;:false},{&quot;title&quot;:&quot;passing test&quot;,&quot;fullTitle&quot;:&quot;Master Test Suite Test Suite - Failed After Each passing test&quot;,&quot;timedOut&quot;:false,&quot;duration&quot;:0,&quot;state&quot;:&quot;passed&quot;,&quot;speed&quot;:&quot;fast&quot;,&quot;pass&quot;:true,&quot;fail&quot;:false,&quot;pending&quot;:false,&quot;code&quot;:&quot;true.should.be.ok;\ndone();&quot;,&quot;err&quot;:{},&quot;isRoot&quot;:false,&quot;uuid&quot;:&quot;fe73dac8-8576-45d9-a224-89f10ca507d2&quot;,&quot;parentUUID&quot;:&quot;8f445bfe-0ca2-414f-9a1c-27d902cb064c&quot;,&quot;skipped&quot;:false}],&quot;failures&quot;:[{&quot;title&quot;:&quot;failing test&quot;,&quot;fullTitle&quot;:&quot;Master Test Suite Test Suite - Failed After Each failing test&quot;,&quot;timedOut&quot;:false,&quot;duration&quot;:0,&quot;state&quot;:&quot;failed&quot;,&quot;pass&quot;:false,&quot;fail&quot;:true,&quot;pending&quot;:false,&quot;code&quot;:&quot;false.should.be.ok;\ndone();&quot;,&quot;err&quot;:{&quot;name&quot;:&quot;AssertionError&quot;,&quot;actual&quot;:false,&quot;operator&quot;:&quot;to be truthy&quot;,&quot;message&quot;:&quot;expected false to be truthy&quot;,&quot;generatedMessage&quot;:true,&quot;estack&quot;:&quot;AssertionError: expected false to be truthy\n    at Assertion.prop.(anonymous function) (node_modules/should/lib/should.js:61:14)\n    at Context.&lt;anonymous&gt; (test-functional/test.js:159:7)&quot;},&quot;isRoot&quot;:false,&quot;uuid&quot;:&quot;9be8e963-e212-4e06-bde2-a9d2857c9c1a&quot;,&quot;parentUUID&quot;:&quot;8f445bfe-0ca2-414f-9a1c-27d902cb064c&quot;,&quot;skipped&quot;:false}],&quot;skipped&quot;:[],&quot;hasTests&quot;:true,&quot;hasSuites&quot;:false,&quot;totalTests&quot;:5,&quot;totalPasses&quot;:2,&quot;totalFailures&quot;:1,&quot;totalPending&quot;:2,&quot;totalSkipped&quot;:0,&quot;hasPasses&quot;:true,&quot;hasFailures&quot;:true,&quot;hasPending&quot;:true,&quot;hasSkipped&quot;:false,&quot;duration&quot;:0},&quot;ctx&quot;:&quot;[Circular ~.allPending.4.ctx]&quot;,&quot;_events&quot;:{},&quot;_eventsCount&quot;:1,&quot;duration&quot;:0,&quot;_error&quot;:null},&quot;test&quot;:{&quot;title&quot;:&quot;\&quot;after each\&quot; hook: failing afterEach hook&quot;,&quot;body&quot;:&quot;function () {\n      console.log(&#x27;a&#x27;);\n    }&quot;,&quot;async&quot;:0,&quot;sync&quot;:true,&quot;_timeout&quot;:2000,&quot;_slow&quot;:75,&quot;_enableTimeouts&quot;:true,&quot;timedOut&quot;:false,&quot;_trace&quot;:{},&quot;_retries&quot;:-1,&quot;_currentRetry&quot;:0,&quot;pending&quot;:false,&quot;type&quot;:&quot;hook&quot;,&quot;parent&quot;:{&quot;title&quot;:&quot;Test Suite - Failed After Each&quot;,&quot;suites&quot;:[],&quot;tests&quot;:[{&quot;title&quot;:&quot;passing test&quot;,&quot;fullTitle&quot;:&quot;Master Test Suite Test Suite - Failed After Each passing test&quot;,&quot;timedOut&quot;:false,&quot;duration&quot;:0,&quot;state&quot;:&quot;passed&quot;,&quot;speed&quot;:&quot;fast&quot;,&quot;pass&quot;:true,&quot;fail&quot;:false,&quot;pending&quot;:false,&quot;code&quot;:&quot;true.should.be.ok;\ndone();&quot;,&quot;err&quot;:{},&quot;isRoot&quot;:false,&quot;uuid&quot;:&quot;55c9aa87-b741-4f15-b798-9b6e058e23d6&quot;,&quot;parentUUID&quot;:&quot;8f445bfe-0ca2-414f-9a1c-27d902cb064c&quot;,&quot;skipped&quot;:false},{&quot;title&quot;:&quot;pending test&quot;,&quot;fullTitle&quot;:&quot;Master Test Suite Test Suite - Failed After Each pending test&quot;,&quot;timedOut&quot;:false,&quot;duration&quot;:0,&quot;pass&quot;:false,&quot;fail&quot;:false,&quot;pending&quot;:true,&quot;code&quot;:&quot;&quot;,&quot;err&quot;:{},&quot;isRoot&quot;:false,&quot;parentUUID&quot;:&quot;8f445bfe-0ca2-414f-9a1c-27d902cb064c&quot;,&quot;skipped&quot;:false},{&quot;title&quot;:&quot;failing test&quot;,&quot;fullTitle&quot;:&quot;Master Test Suite Test Suite - Failed After Each failing test&quot;,&quot;timedOut&quot;:false,&quot;duration&quot;:0,&quot;state&quot;:&quot;failed&quot;,&quot;pass&quot;:false,&quot;fail&quot;:true,&quot;pending&quot;:false,&quot;code&quot;:&quot;false.should.be.ok;\ndone();&quot;,&quot;err&quot;:{&quot;name&quot;:&quot;AssertionError&quot;,&quot;actual&quot;:false,&quot;operator&quot;:&quot;to be truthy&quot;,&quot;message&quot;:&quot;expected false to be truthy&quot;,&quot;generatedMessage&quot;:true,&quot;estack&quot;:&quot;AssertionError: expected false to be truthy\n    at Assertion.prop.(anonymous function) (node_modules/should/lib/should.js:61:14)\n    at Context.&lt;anonymous&gt; (test-functional/test.js:159:7)&quot;},&quot;isRoot&quot;:false,&quot;uuid&quot;:&quot;9be8e963-e212-4e06-bde2-a9d2857c9c1a&quot;,&quot;parentUUID&quot;:&quot;8f445bfe-0ca2-414f-9a1c-27d902cb064c&quot;,&quot;skipped&quot;:false},{&quot;title&quot;:&quot;passing test&quot;,&quot;fullTitle&quot;:&quot;Master Test Suite Test Suite - Failed After Each passing test&quot;,&quot;timedOut&quot;:false,&quot;duration&quot;:0,&quot;state&quot;:&quot;passed&quot;,&quot;speed&quot;:&quot;fast&quot;,&quot;pass&quot;:true,&quot;fail&quot;:false,&quot;pending&quot;:false,&quot;code&quot;:&quot;true.should.be.ok;\ndone();&quot;,&quot;err&quot;:{},&quot;isRoot&quot;:false,&quot;uuid&quot;:&quot;fe73dac8-8576-45d9-a224-89f10ca507d2&quot;,&quot;parentUUID&quot;:&quot;8f445bfe-0ca2-414f-9a1c-27d902cb064c&quot;,&quot;skipped&quot;:false},{&quot;title&quot;:&quot;pending test&quot;,&quot;fullTitle&quot;:&quot;Master Test Suite Test Suite - Failed After Each pending test&quot;,&quot;timedOut&quot;:false,&quot;duration&quot;:0,&quot;pass&quot;:false,&quot;fail&quot;:false,&quot;pending&quot;:true,&quot;code&quot;:&quot;&quot;,&quot;err&quot;:{},&quot;isRoot&quot;:false,&quot;parentUUID&quot;:&quot;8f445bfe-0ca2-414f-9a1c-27d902cb064c&quot;,&quot;skipped&quot;:false}],&quot;pending&quot;:[{&quot;title&quot;:&quot;pending test&quot;,&quot;fullTitle&quot;:&quot;Master Test Suite Test Suite - Failed After Each pending test&quot;,&quot;timedOut&quot;:false,&quot;duration&quot;:0,&quot;pass&quot;:false,&quot;fail&quot;:false,&quot;pending&quot;:true,&quot;code&quot;:&quot;&quot;,&quot;err&quot;:{},&quot;isRoot&quot;:false,&quot;parentUUID&quot;:&quot;8f445bfe-0ca2-414f-9a1c-27d902cb064c&quot;,&quot;skipped&quot;:false},{&quot;title&quot;:&quot;pending test&quot;,&quot;fullTitle&quot;:&quot;Master Test Suite Test Suite - Failed After Each pending test&quot;,&quot;timedOut&quot;:false,&quot;duration&quot;:0,&quot;pass&quot;:false,&quot;fail&quot;:false,&quot;pending&quot;:true,&quot;code&quot;:&quot;&quot;,&quot;err&quot;:{},&quot;isRoot&quot;:false,&quot;parentUUID&quot;:&quot;8f445bfe-0ca2-414f-9a1c-27d902cb064c&quot;,&quot;skipped&quot;:false}],&quot;root&quot;:false,&quot;_timeout&quot;:2000,&quot;file&quot;:&quot;/test-functional/test.js&quot;,&quot;uuid&quot;:&quot;8f445bfe-0ca2-414f-9a1c-27d902cb064c&quot;,&quot;fullFile&quot;:&quot;/Users/adamgruber/Sites/mochawesome/test-functional/test.js&quot;,&quot;passes&quot;:[{&quot;title&quot;:&quot;passing test&quot;,&quot;fullTitle&quot;:&quot;Master Test Suite Test Suite - Failed After Each passing test&quot;,&quot;timedOut&quot;:false,&quot;duration&quot;:0,&quot;state&quot;:&quot;passed&quot;,&quot;speed&quot;:&quot;fast&quot;,&quot;pass&quot;:true,&quot;fail&quot;:false,&quot;pending&quot;:false,&quot;code&quot;:&quot;true.should.be.ok;\ndone();&quot;,&quot;err&quot;:{},&quot;isRoot&quot;:false,&quot;uuid&quot;:&quot;55c9aa87-b741-4f15-b798-9b6e058e23d6&quot;,&quot;parentUUID&quot;:&quot;8f445bfe-0ca2-414f-9a1c-27d902cb064c&quot;,&quot;skipped&quot;:false},{&quot;title&quot;:&quot;passing test&quot;,&quot;fullTitle&quot;:&quot;Master Test Suite Test Suite - Failed After Each passing test&quot;,&quot;timedOut&quot;:false,&quot;duration&quot;:0,&quot;state&quot;:&quot;passed&quot;,&quot;speed&quot;:&quot;fast&quot;,&quot;pass&quot;:true,&quot;fail&quot;:false,&quot;pending&quot;:false,&quot;code&quot;:&quot;true.should.be.ok;\ndone();&quot;,&quot;err&quot;:{},&quot;isRoot&quot;:false,&quot;uuid&quot;:&quot;fe73dac8-8576-45d9-a224-89f10ca507d2&quot;,&quot;parentUUID&quot;:&quot;8f445bfe-0ca2-414f-9a1c-27d902cb064c&quot;,&quot;skipped&quot;:false}],&quot;failures&quot;:[{&quot;title&quot;:&quot;failing test&quot;,&quot;fullTitle&quot;:&quot;Master Test Suite Test Suite - Failed After Each failing test&quot;,&quot;timedOut&quot;:false,&quot;duration&quot;:0,&quot;state&quot;:&quot;failed&quot;,&quot;pass&quot;:false,&quot;fail&quot;:true,&quot;pending&quot;:false,&quot;code&quot;:&quot;false.should.be.ok;\ndone();&quot;,&quot;err&quot;:{&quot;name&quot;:&quot;AssertionError&quot;,&quot;actual&quot;:false,&quot;operator&quot;:&quot;to be truthy&quot;,&quot;message&quot;:&quot;expected false to be truthy&quot;,&quot;generatedMessage&quot;:true,&quot;estack&quot;:&quot;AssertionError: expected false to be truthy\n    at Assertion.prop.(anonymous function) (node_modules/should/lib/should.js:61:14)\n    at Context.&lt;anonymous&gt; (test-functional/test.js:159:7)&quot;},&quot;isRoot&quot;:false,&quot;uuid&quot;:&quot;9be8e963-e212-4e06-bde2-a9d2857c9c1a&quot;,&quot;parentUUID&quot;:&quot;8f445bfe-0ca2-414f-9a1c-27d902cb064c&quot;,&quot;skipped&quot;:false}],&quot;skipped&quot;:[],&quot;hasTests&quot;:true,&quot;hasSuites&quot;:false,&quot;totalTests&quot;:5,&quot;totalPasses&quot;:2,&quot;totalFailures&quot;:1,&quot;totalPending&quot;:2,&quot;totalSkipped&quot;:0,&quot;hasPasses&quot;:true,&quot;hasFailures&quot;:true,&quot;hasPending&quot;:true,&quot;hasSkipped&quot;:false,&quot;duration&quot;:0},&quot;ctx&quot;:&quot;[Circular ~.allPending.4.ctx]&quot;,&quot;_events&quot;:{},&quot;_eventsCount&quot;:1,&quot;duration&quot;:0,&quot;_error&quot;:null}}}],&quot;allPasses&quot;:[{&quot;title&quot;:&quot;passing test&quot;,&quot;fullTitle&quot;:&quot;Test Suite - Basic passing test&quot;,&quot;timedOut&quot;:false,&quot;duration&quot;:1,&quot;state&quot;:&quot;passed&quot;,&quot;speed&quot;:&quot;fast&quot;,&quot;pass&quot;:true,&quot;fail&quot;:false,&quot;pending&quot;:false,&quot;code&quot;:&quot;true.should.be.ok;\ndone();&quot;,&quot;err&quot;:{},&quot;isRoot&quot;:false,&quot;uuid&quot;:&quot;eb70b576-1a2b-4d82-af57-58fcf58bf43f&quot;,&quot;parentUUID&quot;:&quot;8357a4a2-4e27-45c3-8fa2-9652c19cb264&quot;,&quot;skipped&quot;:false},{&quot;title&quot;:&quot;passing test&quot;,&quot;fullTitle&quot;:&quot;Test Suite - Nested Suites passing test&quot;,&quot;timedOut&quot;:false,&quot;duration&quot;:0,&quot;state&quot;:&quot;passed&quot;,&quot;speed&quot;:&quot;fast&quot;,&quot;pass&quot;:true,&quot;fail&quot;:false,&quot;pending&quot;:false,&quot;code&quot;:&quot;true.should.be.ok;\ndone();&quot;,&quot;err&quot;:{},&quot;isRoot&quot;:false,&quot;uuid&quot;:&quot;3e98187b-3137-4833-a19d-a89e93074d42&quot;,&quot;parentUUID&quot;:&quot;0aeb516a-d1a6-4195-827b-5624e1b36bd2&quot;,&quot;skipped&quot;:false},{&quot;title&quot;:&quot;passing test&quot;,&quot;fullTitle&quot;:&quot;Nested Test Suite passing test&quot;,&quot;timedOut&quot;:false,&quot;duration&quot;:0,&quot;state&quot;:&quot;passed&quot;,&quot;speed&quot;:&quot;fast&quot;,&quot;pass&quot;:true,&quot;fail&quot;:false,&quot;pending&quot;:false,&quot;code&quot;:&quot;true.should.be.ok;\ndone();&quot;,&quot;err&quot;:{},&quot;isRoot&quot;:false,&quot;uuid&quot;:&quot;9b5ea475-8f9b-4f14-b063-6487c437bc42&quot;,&quot;parentUUID&quot;:&quot;67764360-3fbf-4d56-a9e9-e9b912b0faac&quot;,&quot;skipped&quot;:false},{&quot;title&quot;:&quot;passing test&quot;,&quot;fullTitle&quot;:&quot;Nested Test Suite passing test&quot;,&quot;timedOut&quot;:false,&quot;duration&quot;:0,&quot;state&quot;:&quot;passed&quot;,&quot;speed&quot;:&quot;fast&quot;,&quot;pass&quot;:true,&quot;fail&quot;:false,&quot;pending&quot;:false,&quot;code&quot;:&quot;true.should.be.ok;\ndone();&quot;,&quot;err&quot;:{},&quot;isRoot&quot;:false,&quot;uuid&quot;:&quot;d1c34398-cae1-4091-9616-d9ca482ea20d&quot;,&quot;parentUUID&quot;:&quot;3e2d6724-8d3a-4dce-b951-773d280a6f5f&quot;,&quot;skipped&quot;:false},{&quot;title&quot;:&quot;passing test&quot;,&quot;fullTitle&quot;:&quot;Test Suite - Failed After passing test&quot;,&quot;timedOut&quot;:false,&quot;duration&quot;:0,&quot;state&quot;:&quot;passed&quot;,&quot;speed&quot;:&quot;fast&quot;,&quot;pass&quot;:true,&quot;fail&quot;:false,&quot;pending&quot;:false,&quot;code&quot;:&quot;true.should.be.ok;\ndone();&quot;,&quot;err&quot;:{},&quot;isRoot&quot;:false,&quot;uuid&quot;:&quot;049226cd-6fa2-4691-8a41-086432ce988f&quot;,&quot;parentUUID&quot;:&quot;59119e34-62b6-461a-906c-011f895db41c&quot;,&quot;skipped&quot;:false},{&quot;title&quot;:&quot;passing test&quot;,&quot;fullTitle&quot;:&quot;Test Suite - Failed After passing test&quot;,&quot;timedOut&quot;:false,&quot;duration&quot;:0,&quot;state&quot;:&quot;passed&quot;,&quot;speed&quot;:&quot;fast&quot;,&quot;pass&quot;:true,&quot;fail&quot;:false,&quot;pending&quot;:false,&quot;code&quot;:&quot;true.should.be.ok;\ndone();&quot;,&quot;err&quot;:{},&quot;isRoot&quot;:false,&quot;uuid&quot;:&quot;90010623-3857-48e2-9b8c-969ea48f9034&quot;,&quot;parentUUID&quot;:&quot;59119e34-62b6-461a-906c-011f895db41c&quot;,&quot;skipped&quot;:false},{&quot;title&quot;:&quot;passing test&quot;,&quot;fullTitle&quot;:&quot;Test Suite - Pass passing test&quot;,&quot;timedOut&quot;:false,&quot;duration&quot;:0,&quot;state&quot;:&quot;passed&quot;,&quot;speed&quot;:&quot;fast&quot;,&quot;pass&quot;:true,&quot;fail&quot;:false,&quot;pending&quot;:false,&quot;code&quot;:&quot;true.should.be.ok;\ndone();&quot;,&quot;err&quot;:{},&quot;isRoot&quot;:false,&quot;uuid&quot;:&quot;5bb3d31c-1f05-4137-a6c6-11302c698560&quot;,&quot;parentUUID&quot;:&quot;1e647a5c-9bd1-42e6-a3ec-09b11c60ae16&quot;,&quot;skipped&quot;:false},{&quot;title&quot;:&quot;passing test&quot;,&quot;fullTitle&quot;:&quot;Test Suite - Failed After Each passing test&quot;,&quot;timedOut&quot;:false,&quot;duration&quot;:0,&quot;state&quot;:&quot;passed&quot;,&quot;speed&quot;:&quot;fast&quot;,&quot;pass&quot;:true,&quot;fail&quot;:false,&quot;pending&quot;:false,&quot;code&quot;:&quot;true.should.be.ok;\ndone();&quot;,&quot;err&quot;:{},&quot;isRoot&quot;:false,&quot;uuid&quot;:&quot;55c9aa87-b741-4f15-b798-9b6e058e23d6&quot;,&quot;parentUUID&quot;:&quot;8f445bfe-0ca2-414f-9a1c-27d902cb064c&quot;,&quot;skipped&quot;:false},{&quot;title&quot;:&quot;passing test&quot;,&quot;fullTitle&quot;:&quot;Test Suite - Failed After Each passing test&quot;,&quot;timedOut&quot;:false,&quot;duration&quot;:0,&quot;state&quot;:&quot;passed&quot;,&quot;speed&quot;:&quot;fast&quot;,&quot;pass&quot;:true,&quot;fail&quot;:false,&quot;pending&quot;:false,&quot;code&quot;:&quot;true.should.be.ok;\ndone();&quot;,&quot;err&quot;:{},&quot;isRoot&quot;:false,&quot;uuid&quot;:&quot;fe73dac8-8576-45d9-a224-89f10ca507d2&quot;,&quot;parentUUID&quot;:&quot;8f445bfe-0ca2-414f-9a1c-27d902cb064c&quot;,&quot;skipped&quot;:false}],&quot;allFailures&quot;:[{&quot;title&quot;:&quot;failing test&quot;,&quot;fullTitle&quot;:&quot;Test Suite - Basic failing test&quot;,&quot;timedOut&quot;:false,&quot;duration&quot;:11,&quot;state&quot;:&quot;failed&quot;,&quot;pass&quot;:false,&quot;fail&quot;:true,&quot;pending&quot;:false,&quot;code&quot;:&quot;var o = retObj();\no.should.eql({});\ndone();&quot;,&quot;err&quot;:{&quot;name&quot;:&quot;AssertionError&quot;,&quot;actual&quot;:&quot;{\n  \&quot;adam\&quot;: \&quot;adam\&quot;\n}&quot;,&quot;expected&quot;:&quot;{}&quot;,&quot;operator&quot;:&quot;to equal&quot;,&quot;message&quot;:&quot;expected { adam: &#x27;adam&#x27; } to equal {}&quot;,&quot;generatedMessage&quot;:true,&quot;showDiff&quot;:true,&quot;estack&quot;:&quot;AssertionError: expected { adam: &#x27;adam&#x27; } to equal {}\n    at Assertion.prop.(anonymous function) (node_modules/should/lib/should.js:61:14)\n    at Context.&lt;anonymous&gt; (test-functional/test.js:13:16)&quot;,&quot;diff&quot;:&quot;- {\n-   \&quot;adam\&quot;: \&quot;adam\&quot;\n- }\n+ {}\n&quot;},&quot;isRoot&quot;:false,&quot;uuid&quot;:&quot;05fea520-ec2b-4503-946d-438373f65acd&quot;,&quot;parentUUID&quot;:&quot;8357a4a2-4e27-45c3-8fa2-9652c19cb264&quot;,&quot;skipped&quot;:false},{&quot;title&quot;:&quot;failing test&quot;,&quot;fullTitle&quot;:&quot;Test Suite - Nested Suites failing test&quot;,&quot;timedOut&quot;:false,&quot;duration&quot;:0,&quot;state&quot;:&quot;failed&quot;,&quot;pass&quot;:false,&quot;fail&quot;:true,&quot;pending&quot;:false,&quot;code&quot;:&quot;false.should.be.ok;\ndone();&quot;,&quot;err&quot;:{&quot;name&quot;:&quot;AssertionError&quot;,&quot;actual&quot;:false,&quot;operator&quot;:&quot;to be truthy&quot;,&quot;message&quot;:&quot;expected false to be truthy&quot;,&quot;generatedMessage&quot;:true,&quot;estack&quot;:&quot;AssertionError: expected false to be truthy\n    at Assertion.prop.(anonymous function) (node_modules/should/lib/should.js:61:14)\n    at Context.&lt;anonymous&gt; (test-functional/test.js:36:7)&quot;},&quot;isRoot&quot;:false,&quot;uuid&quot;:&quot;fad16d71-5d84-4e17-baa8-5b2138fb0c9b&quot;,&quot;parentUUID&quot;:&quot;0aeb516a-d1a6-4195-827b-5624e1b36bd2&quot;,&quot;skipped&quot;:false},{&quot;title&quot;:&quot;\&quot;before all\&quot; hook: nested failing before&quot;,&quot;fullTitle&quot;:&quot;Test Suite - Nested Suites Failing Before \&quot;before all\&quot; hook: nested failing before&quot;,&quot;timedOut&quot;:false,&quot;duration&quot;:0,&quot;state&quot;:&quot;failed&quot;,&quot;pass&quot;:false,&quot;fail&quot;:true,&quot;pending&quot;:false,&quot;code&quot;:&quot;console.log(a); // eslint-disable-line&quot;,&quot;err&quot;:{&quot;estack&quot;:&quot;ReferenceError: a is not defined\n    at Context.&lt;anonymous&gt; (test-functional/test.js:43:19)&quot;},&quot;isRoot&quot;:false,&quot;parentUUID&quot;:&quot;3dd93556-7b66-46ed-bc7c-82607b32a93e&quot;,&quot;skipped&quot;:false},{&quot;title&quot;:&quot;failing test&quot;,&quot;fullTitle&quot;:&quot;Test Suite - Failed After failing test&quot;,&quot;timedOut&quot;:false,&quot;duration&quot;:1,&quot;state&quot;:&quot;failed&quot;,&quot;pass&quot;:false,&quot;fail&quot;:true,&quot;pending&quot;:false,&quot;code&quot;:&quot;false.should.be.ok;\ndone();&quot;,&quot;err&quot;:{&quot;name&quot;:&quot;AssertionError&quot;,&quot;actual&quot;:false,&quot;operator&quot;:&quot;to be truthy&quot;,&quot;message&quot;:&quot;expected false to be truthy&quot;,&quot;generatedMessage&quot;:true,&quot;estack&quot;:&quot;AssertionError: expected false to be truthy\n    at Assertion.prop.(anonymous function) (node_modules/should/lib/should.js:61:14)\n    at Context.&lt;anonymous&gt; (test-functional/test.js:66:7)&quot;},&quot;isRoot&quot;:false,&quot;uuid&quot;:&quot;fac3ebd7-24f8-42e7-bf9a-0d18a9bf558e&quot;,&quot;parentUUID&quot;:&quot;59119e34-62b6-461a-906c-011f895db41c&quot;,&quot;skipped&quot;:false},{&quot;title&quot;:&quot;failing test&quot;,&quot;fullTitle&quot;:&quot;Test Suite - Fail failing test&quot;,&quot;timedOut&quot;:false,&quot;duration&quot;:0,&quot;state&quot;:&quot;failed&quot;,&quot;pass&quot;:false,&quot;fail&quot;:true,&quot;pending&quot;:false,&quot;code&quot;:&quot;false.should.be.ok;\ndone();&quot;,&quot;err&quot;:{&quot;name&quot;:&quot;AssertionError&quot;,&quot;actual&quot;:false,&quot;operator&quot;:&quot;to be truthy&quot;,&quot;message&quot;:&quot;expected false to be truthy&quot;,&quot;generatedMessage&quot;:true,&quot;estack&quot;:&quot;AssertionError: expected false to be truthy\n    at Assertion.prop.(anonymous function) (node_modules/should/lib/should.js:61:14)\n    at Context.&lt;anonymous&gt; (test-functional/test.js:90:7)&quot;},&quot;isRoot&quot;:false,&quot;uuid&quot;:&quot;8807aacb-d67a-4030-8645-5bdef8133d9f&quot;,&quot;parentUUID&quot;:&quot;be7f6887-365f-4327-80b2-2d5adcb46261&quot;,&quot;skipped&quot;:false},{&quot;title&quot;:&quot;\&quot;before all\&quot; hook: failing before hook&quot;,&quot;fullTitle&quot;:&quot;Test Suite - Failed Before \&quot;before all\&quot; hook: failing before hook&quot;,&quot;timedOut&quot;:false,&quot;duration&quot;:0,&quot;state&quot;:&quot;failed&quot;,&quot;pass&quot;:false,&quot;fail&quot;:true,&quot;pending&quot;:false,&quot;code&quot;:&quot;console.log(a); // eslint-disable-line&quot;,&quot;err&quot;:{&quot;estack&quot;:&quot;ReferenceError: a is not defined\n    at Context.&lt;anonymous&gt; (test-functional/test.js:104:19)&quot;},&quot;isRoot&quot;:false,&quot;parentUUID&quot;:&quot;a70b13a8-5166-4cda-86c4-7b0612b19667&quot;,&quot;skipped&quot;:false},{&quot;title&quot;:&quot;\&quot;before all\&quot; hook: failing before hook&quot;,&quot;fullTitle&quot;:&quot;Test Suite - Failed Before and After \&quot;before all\&quot; hook: failing before hook&quot;,&quot;timedOut&quot;:false,&quot;duration&quot;:0,&quot;state&quot;:&quot;failed&quot;,&quot;pass&quot;:false,&quot;fail&quot;:true,&quot;pending&quot;:false,&quot;code&quot;:&quot;console.log(a); // eslint-disable-line&quot;,&quot;err&quot;:{&quot;estack&quot;:&quot;ReferenceError: a is not defined\n    at Context.&lt;anonymous&gt; (test-functional/test.js:119:19)&quot;},&quot;isRoot&quot;:false,&quot;parentUUID&quot;:&quot;42118a21-0ccb-426c-81bd-5b3dfb3ccd8e&quot;,&quot;skipped&quot;:false},{&quot;title&quot;:&quot;\&quot;after all\&quot; hook: failing after hook&quot;,&quot;fullTitle&quot;:&quot;Test Suite - Failed Before and After \&quot;after all\&quot; hook: failing after hook&quot;,&quot;timedOut&quot;:false,&quot;duration&quot;:0,&quot;state&quot;:&quot;failed&quot;,&quot;pass&quot;:false,&quot;fail&quot;:true,&quot;pending&quot;:false,&quot;code&quot;:&quot;console.log(a); // eslint-disable-line&quot;,&quot;err&quot;:{&quot;estack&quot;:&quot;ReferenceError: a is not defined\n    at Context.&lt;anonymous&gt; (test-functional/test.js:131:19)&quot;},&quot;isRoot&quot;:false,&quot;parentUUID&quot;:&quot;42118a21-0ccb-426c-81bd-5b3dfb3ccd8e&quot;,&quot;skipped&quot;:false},{&quot;title&quot;:&quot;\&quot;before each\&quot; hook: failing beforeEach hook for \&quot;passing test\&quot;&quot;,&quot;fullTitle&quot;:&quot;Test Suite - Failed Before Each \&quot;before each\&quot; hook: failing beforeEach hook for \&quot;passing test\&quot;&quot;,&quot;timedOut&quot;:false,&quot;duration&quot;:0,&quot;state&quot;:&quot;failed&quot;,&quot;pass&quot;:false,&quot;fail&quot;:true,&quot;pending&quot;:false,&quot;code&quot;:&quot;console.log(a); // eslint-disable-line&quot;,&quot;err&quot;:{&quot;estack&quot;:&quot;ReferenceError: a is not defined\n    at Context.&lt;anonymous&gt; (test-functional/test.js:137:19)&quot;},&quot;isRoot&quot;:false,&quot;parentUUID&quot;:&quot;5a179315-8073-42fb-a53d-b579e8890b3d&quot;,&quot;skipped&quot;:false},{&quot;title&quot;:&quot;failing test&quot;,&quot;fullTitle&quot;:&quot;Test Suite - Failed After Each failing test&quot;,&quot;timedOut&quot;:false,&quot;duration&quot;:0,&quot;state&quot;:&quot;failed&quot;,&quot;pass&quot;:false,&quot;fail&quot;:true,&quot;pending&quot;:false,&quot;code&quot;:&quot;false.should.be.ok;\ndone();&quot;,&quot;err&quot;:{&quot;name&quot;:&quot;AssertionError&quot;,&quot;actual&quot;:false,&quot;operator&quot;:&quot;to be truthy&quot;,&quot;message&quot;:&quot;expected false to be truthy&quot;,&quot;generatedMessage&quot;:true,&quot;estack&quot;:&quot;AssertionError: expected false to be truthy\n    at Assertion.prop.(anonymous function) (node_modules/should/lib/should.js:61:14)\n    at Context.&lt;anonymous&gt; (test-functional/test.js:159:7)&quot;},&quot;isRoot&quot;:false,&quot;uuid&quot;:&quot;9be8e963-e212-4e06-bde2-a9d2857c9c1a&quot;,&quot;parentUUID&quot;:&quot;8f445bfe-0ca2-414f-9a1c-27d902cb064c&quot;,&quot;skipped&quot;:false}],&quot;copyrightYear&quot;:2016}" data-config="{&quot;inlineAssets&quot;:false,&quot;reportDir&quot;:&quot;mochawesome-reports&quot;,&quot;reportFilename&quot;:&quot;mochawesome&quot;,&quot;reportTitle&quot;:&quot;mochawesome-report&quot;,&quot;reportPageTitle&quot;:&quot;Mochawesome Report Card&quot;,&quot;dev&quot;:true,&quot;reportHtmlFile&quot;:&quot;/Users/adamgruber/Sites/mochawesome-report/test-functional/reportTest.html&quot;}"><div id="report"></div><script src="http://localhost:8080/app.js"></script></body></html>