{
  "stats": {
    "suites": 14,
    "tests": 19,
    "passes": 9,
    "pending": 5,
    "failures": 5,
    "start": "2016-09-19T16:09:15.813Z",
    "end": "2016-09-19T16:09:16.336Z",
    "duration": 523,
    "testsRegistered": 27,
    "passPercent": 40.9,
    "pendingPercent": 18.5,
    "other": 5,
    "hasOther": true,
    "skipped": 8,
    "hasSkipped": true,
    "passPercentClass": "danger",
    "pendingPercentClass": "danger"
  },
  "suites": {
    "title": "",
    "suites": [
      {
        "title": "Master Test Suite",
        "suites": [
          {
            "title": "Test Suite - Basic",
            "suites": [],
            "tests": [
              {
                "title": "passing test",
                "fullTitle": "Master Test Suite Test Suite - Basic passing test",
                "timedOut": false,
                "duration": 1,
                "state": "passed",
                "speed": "fast",
                "pass": true,
                "fail": false,
                "pending": false,
                "code": "true.should.be.ok;\ndone();",
                "err": {},
                "isRoot": false,
                "uuid": "c482608c-8fe4-45d3-af88-02bdc7f53113",
                "parentUUID": "1c0748df-2df9-4e03-af03-c5dab2885e90",
                "skipped": false
              },
              {
                "title": "failing test",
                "fullTitle": "Master Test Suite Test Suite - Basic failing test",
                "timedOut": false,
                "duration": 11,
                "state": "failed",
                "pass": false,
                "fail": true,
                "pending": false,
                "code": "var o = retObj();\no.should.eql({});\ndone();",
                "err": {
                  "name": "AssertionError",
                  "actual": "{\n  \"adam\": \"adam\"\n}",
                  "expected": "{}",
                  "operator": "to equal",
                  "message": "expected { adam: 'adam' } to equal {}",
                  "generatedMessage": true,
                  "showDiff": true,
                  "estack": "AssertionError: expected { adam: 'adam' } to equal {}\n    at Assertion.prop.(anonymous function) (node_modules/should/lib/should.js:61:14)\n    at Context.<anonymous> (test-functional/test.js:18:16)",
                  "diff": "- {\n-   \"adam\": \"adam\"\n- }\n+ {}\n"
                },
                "isRoot": false,
                "uuid": "5199b065-58dd-4da7-999e-3b37ae743f64",
                "parentUUID": "1c0748df-2df9-4e03-af03-c5dab2885e90",
                "skipped": false
              }
            ],
            "pending": [],
            "root": false,
            "_timeout": 2000,
            "file": "/test-functional/test.js",
            "uuid": "1c0748df-2df9-4e03-af03-c5dab2885e90",
            "fullFile": "/Users/adamgruber/Sites/mochawesome/test-functional/test.js",
            "passes": [
              {
                "title": "passing test",
                "fullTitle": "Master Test Suite Test Suite - Basic passing test",
                "timedOut": false,
                "duration": 1,
                "state": "passed",
                "speed": "fast",
                "pass": true,
                "fail": false,
                "pending": false,
                "code": "true.should.be.ok;\ndone();",
                "err": {},
                "isRoot": false,
                "uuid": "c482608c-8fe4-45d3-af88-02bdc7f53113",
                "parentUUID": "1c0748df-2df9-4e03-af03-c5dab2885e90",
                "skipped": false
              }
            ],
            "failures": [
              {
                "title": "failing test",
                "fullTitle": "Master Test Suite Test Suite - Basic failing test",
                "timedOut": false,
                "duration": 11,
                "state": "failed",
                "pass": false,
                "fail": true,
                "pending": false,
                "code": "var o = retObj();\no.should.eql({});\ndone();",
                "err": {
                  "name": "AssertionError",
                  "actual": "{\n  \"adam\": \"adam\"\n}",
                  "expected": "{}",
                  "operator": "to equal",
                  "message": "expected { adam: 'adam' } to equal {}",
                  "generatedMessage": true,
                  "showDiff": true,
                  "estack": "AssertionError: expected { adam: 'adam' } to equal {}\n    at Assertion.prop.(anonymous function) (node_modules/should/lib/should.js:61:14)\n    at Context.<anonymous> (test-functional/test.js:18:16)",
                  "diff": "- {\n-   \"adam\": \"adam\"\n- }\n+ {}\n"
                },
                "isRoot": false,
                "uuid": "5199b065-58dd-4da7-999e-3b37ae743f64",
                "parentUUID": "1c0748df-2df9-4e03-af03-c5dab2885e90",
                "skipped": false
              }
            ],
            "skipped": [],
            "hasTests": true,
            "hasSuites": false,
            "totalTests": 2,
            "totalPasses": 1,
            "totalFailures": 1,
            "totalPending": 0,
            "totalSkipped": 0,
            "hasPasses": true,
            "hasFailures": true,
            "hasPending": false,
            "hasSkipped": false,
            "duration": 12
          },
          {
            "title": "Test Suite - Nested Suites",
            "suites": [
              {
                "title": "Nested Test Suite",
                "suites": [],
                "tests": [
                  {
                    "title": "passing test",
                    "fullTitle": "Test Suite - Nested Suites Nested Test Suite passing test",
                    "timedOut": false,
                    "duration": 0,
                    "state": "passed",
                    "speed": "fast",
                    "pass": true,
                    "fail": false,
                    "pending": false,
                    "code": "true.should.be.ok;\ndone();",
                    "err": {},
                    "isRoot": false,
                    "uuid": "7aa82a9a-f34b-443e-9cc6-df62612ae506",
                    "parentUUID": "a60dc664-41f7-4cc6-9b64-4f39b846077a",
                    "skipped": false
                  }
                ],
                "pending": [],
                "root": false,
                "_timeout": 2000,
                "file": "/test-functional/test.js",
                "uuid": "a60dc664-41f7-4cc6-9b64-4f39b846077a",
                "fullFile": "/Users/adamgruber/Sites/mochawesome/test-functional/test.js",
                "passes": [
                  {
                    "title": "passing test",
                    "fullTitle": "Test Suite - Nested Suites Nested Test Suite passing test",
                    "timedOut": false,
                    "duration": 0,
                    "state": "passed",
                    "speed": "fast",
                    "pass": true,
                    "fail": false,
                    "pending": false,
                    "code": "true.should.be.ok;\ndone();",
                    "err": {},
                    "isRoot": false,
                    "uuid": "7aa82a9a-f34b-443e-9cc6-df62612ae506",
                    "parentUUID": "a60dc664-41f7-4cc6-9b64-4f39b846077a",
                    "skipped": false
                  }
                ],
                "failures": [],
                "skipped": [],
                "hasTests": true,
                "hasSuites": false,
                "totalTests": 1,
                "totalPasses": 1,
                "totalFailures": 0,
                "totalPending": 0,
                "totalSkipped": 0,
                "hasPasses": true,
                "hasFailures": false,
                "hasPending": false,
                "hasSkipped": false,
                "duration": 0
              },
              {
                "title": "Nested Test Suite",
                "suites": [],
                "tests": [
                  {
                    "title": "passing test",
                    "fullTitle": "Test Suite - Nested Suites Nested Test Suite passing test",
                    "timedOut": false,
                    "duration": 0,
                    "state": "passed",
                    "speed": "fast",
                    "pass": true,
                    "fail": false,
                    "pending": false,
                    "code": "true.should.be.ok;\ndone();",
                    "err": {},
                    "isRoot": false,
                    "uuid": "7c3acfe9-7640-4e68-b6ab-58236bf72e47",
                    "parentUUID": "688a43cf-c6ec-454f-8f27-8962d6c3aa4e",
                    "skipped": false
                  }
                ],
                "pending": [],
                "root": false,
                "_timeout": 2000,
                "file": "/test-functional/test.js",
                "uuid": "688a43cf-c6ec-454f-8f27-8962d6c3aa4e",
                "fullFile": "/Users/adamgruber/Sites/mochawesome/test-functional/test.js",
                "passes": [
                  {
                    "title": "passing test",
                    "fullTitle": "Test Suite - Nested Suites Nested Test Suite passing test",
                    "timedOut": false,
                    "duration": 0,
                    "state": "passed",
                    "speed": "fast",
                    "pass": true,
                    "fail": false,
                    "pending": false,
                    "code": "true.should.be.ok;\ndone();",
                    "err": {},
                    "isRoot": false,
                    "uuid": "7c3acfe9-7640-4e68-b6ab-58236bf72e47",
                    "parentUUID": "688a43cf-c6ec-454f-8f27-8962d6c3aa4e",
                    "skipped": false
                  }
                ],
                "failures": [],
                "skipped": [],
                "hasTests": true,
                "hasSuites": false,
                "totalTests": 1,
                "totalPasses": 1,
                "totalFailures": 0,
                "totalPending": 0,
                "totalSkipped": 0,
                "hasPasses": true,
                "hasFailures": false,
                "hasPending": false,
                "hasSkipped": false,
                "duration": 0
              }
            ],
            "tests": [
              {
                "title": "passing test",
                "fullTitle": "Master Test Suite Test Suite - Nested Suites passing test",
                "timedOut": false,
                "duration": 1,
                "state": "passed",
                "speed": "fast",
                "pass": true,
                "fail": false,
                "pending": false,
                "code": "true.should.be.ok;\ndone();",
                "err": {},
                "isRoot": false,
                "uuid": "d1964e22-af7c-4bb7-a525-d07814dc8b13",
                "parentUUID": "0e14f41a-cfcf-4aa8-901d-b60dfdeda8e5",
                "skipped": false
              },
              {
                "title": "failing test",
                "fullTitle": "Master Test Suite Test Suite - Nested Suites failing test",
                "timedOut": false,
                "duration": 0,
                "state": "failed",
                "pass": false,
                "fail": true,
                "pending": false,
                "code": "false.should.be.ok;\ndone();",
                "err": {
                  "name": "AssertionError",
                  "actual": false,
                  "operator": "to be truthy",
                  "message": "expected false to be truthy",
                  "generatedMessage": true,
                  "estack": "AssertionError: expected false to be truthy\n    at Assertion.prop.(anonymous function) (node_modules/should/lib/should.js:61:14)\n    at Context.<anonymous> (test-functional/test.js:41:7)"
                },
                "isRoot": false,
                "uuid": "739c40e3-c10a-4ba4-b3fd-4f042858a438",
                "parentUUID": "0e14f41a-cfcf-4aa8-901d-b60dfdeda8e5",
                "skipped": false
              }
            ],
            "pending": [],
            "root": false,
            "_timeout": 2000,
            "file": "/test-functional/test.js",
            "uuid": "0e14f41a-cfcf-4aa8-901d-b60dfdeda8e5",
            "fullFile": "/Users/adamgruber/Sites/mochawesome/test-functional/test.js",
            "passes": [
              {
                "title": "passing test",
                "fullTitle": "Master Test Suite Test Suite - Nested Suites passing test",
                "timedOut": false,
                "duration": 1,
                "state": "passed",
                "speed": "fast",
                "pass": true,
                "fail": false,
                "pending": false,
                "code": "true.should.be.ok;\ndone();",
                "err": {},
                "isRoot": false,
                "uuid": "d1964e22-af7c-4bb7-a525-d07814dc8b13",
                "parentUUID": "0e14f41a-cfcf-4aa8-901d-b60dfdeda8e5",
                "skipped": false
              }
            ],
            "failures": [
              {
                "title": "failing test",
                "fullTitle": "Master Test Suite Test Suite - Nested Suites failing test",
                "timedOut": false,
                "duration": 0,
                "state": "failed",
                "pass": false,
                "fail": true,
                "pending": false,
                "code": "false.should.be.ok;\ndone();",
                "err": {
                  "name": "AssertionError",
                  "actual": false,
                  "operator": "to be truthy",
                  "message": "expected false to be truthy",
                  "generatedMessage": true,
                  "estack": "AssertionError: expected false to be truthy\n    at Assertion.prop.(anonymous function) (node_modules/should/lib/should.js:61:14)\n    at Context.<anonymous> (test-functional/test.js:41:7)"
                },
                "isRoot": false,
                "uuid": "739c40e3-c10a-4ba4-b3fd-4f042858a438",
                "parentUUID": "0e14f41a-cfcf-4aa8-901d-b60dfdeda8e5",
                "skipped": false
              }
            ],
            "skipped": [],
            "hasTests": true,
            "hasSuites": true,
            "totalTests": 2,
            "totalPasses": 1,
            "totalFailures": 1,
            "totalPending": 0,
            "totalSkipped": 0,
            "hasPasses": true,
            "hasFailures": true,
            "hasPending": false,
            "hasSkipped": false,
            "duration": 1
          },
          {
            "title": "Test Suite - Nested Suites Failing Before",
            "suites": [
              {
                "title": "Nested Test Suite",
                "suites": [],
                "tests": [
                  {
                    "title": "passing test",
                    "fullTitle": "Test Suite - Nested Suites Failing Before Nested Test Suite passing test",
                    "timedOut": false,
                    "duration": 0,
                    "pass": false,
                    "fail": false,
                    "pending": false,
                    "code": "true.should.be.ok;\ndone();",
                    "err": {},
                    "isRoot": false,
                    "parentUUID": "ad431c3d-130a-408d-8117-9b67c939ca3a",
                    "skipped": true
                  }
                ],
                "pending": [],
                "root": false,
                "_timeout": 2000,
                "file": "/test-functional/test.js",
                "uuid": "ad431c3d-130a-408d-8117-9b67c939ca3a",
                "fullFile": "/Users/adamgruber/Sites/mochawesome/test-functional/test.js",
                "passes": [],
                "failures": [],
                "skipped": [
                  {
                    "title": "passing test",
                    "fullTitle": "Test Suite - Nested Suites Failing Before Nested Test Suite passing test",
                    "timedOut": false,
                    "duration": 0,
                    "pass": false,
                    "fail": false,
                    "pending": false,
                    "code": "true.should.be.ok;\ndone();",
                    "err": {},
                    "isRoot": false,
                    "parentUUID": "ad431c3d-130a-408d-8117-9b67c939ca3a",
                    "skipped": true
                  }
                ],
                "hasTests": true,
                "hasSuites": false,
                "totalTests": 1,
                "totalPasses": 0,
                "totalFailures": 0,
                "totalPending": 0,
                "totalSkipped": 1,
                "hasPasses": false,
                "hasFailures": false,
                "hasPending": false,
                "hasSkipped": true,
                "duration": 0
              }
            ],
            "tests": [
              {
                "title": "passing test",
                "fullTitle": "Master Test Suite Test Suite - Nested Suites Failing Before passing test",
                "timedOut": false,
                "duration": 0,
                "pass": false,
                "fail": false,
                "pending": false,
                "code": "true.should.be.ok;\ndone();",
                "err": {},
                "isRoot": false,
                "parentUUID": "6bd2e30f-9f8c-494b-b3c1-8d0240c0fb8f",
                "skipped": true
              }
            ],
            "pending": [],
            "root": false,
            "_timeout": 2000,
            "file": "/test-functional/test.js",
            "uuid": "6bd2e30f-9f8c-494b-b3c1-8d0240c0fb8f",
            "fullFile": "/Users/adamgruber/Sites/mochawesome/test-functional/test.js",
            "passes": [],
            "failures": [],
            "skipped": [
              {
                "title": "passing test",
                "fullTitle": "Master Test Suite Test Suite - Nested Suites Failing Before passing test",
                "timedOut": false,
                "duration": 0,
                "pass": false,
                "fail": false,
                "pending": false,
                "code": "true.should.be.ok;\ndone();",
                "err": {},
                "isRoot": false,
                "parentUUID": "6bd2e30f-9f8c-494b-b3c1-8d0240c0fb8f",
                "skipped": true
              }
            ],
            "hasTests": true,
            "hasSuites": true,
            "totalTests": 1,
            "totalPasses": 0,
            "totalFailures": 0,
            "totalPending": 0,
            "totalSkipped": 1,
            "hasPasses": false,
            "hasFailures": false,
            "hasPending": false,
            "hasSkipped": true,
            "duration": 0
          },
          {
            "title": "Test Suite - Failed After",
            "suites": [],
            "tests": [
              {
                "title": "passing test",
                "fullTitle": "Master Test Suite Test Suite - Failed After passing test",
                "timedOut": false,
                "duration": 0,
                "state": "passed",
                "speed": "fast",
                "pass": true,
                "fail": false,
                "pending": false,
                "code": "true.should.be.ok;\ndone();",
                "err": {},
                "isRoot": false,
                "uuid": "29927b3f-77b1-4995-8556-5ceddca4992c",
                "parentUUID": "55fcb5b1-8e58-4250-82b8-1ef0bd3ddc0e",
                "skipped": false
              },
              {
                "title": "pending test",
                "fullTitle": "Master Test Suite Test Suite - Failed After pending test",
                "timedOut": false,
                "duration": 0,
                "pass": false,
                "fail": false,
                "pending": true,
                "code": "",
                "err": {},
                "isRoot": false,
                "uuid": "2e3cbf35-8cff-4c0f-8ba5-cf20e2d66910",
                "parentUUID": "55fcb5b1-8e58-4250-82b8-1ef0bd3ddc0e",
                "skipped": false
              },
              {
                "title": "failing test",
                "fullTitle": "Master Test Suite Test Suite - Failed After failing test",
                "timedOut": false,
                "duration": 0,
                "state": "failed",
                "pass": false,
                "fail": true,
                "pending": false,
                "code": "false.should.be.ok;\ndone();",
                "err": {
                  "name": "AssertionError",
                  "actual": false,
                  "operator": "to be truthy",
                  "message": "expected false to be truthy",
                  "generatedMessage": true,
                  "estack": "AssertionError: expected false to be truthy\n    at Assertion.prop.(anonymous function) (node_modules/should/lib/should.js:61:14)\n    at Context.<anonymous> (test-functional/test.js:71:7)"
                },
                "isRoot": false,
                "uuid": "ac9ffb6b-9349-425c-8c99-10414f7318ae",
                "parentUUID": "55fcb5b1-8e58-4250-82b8-1ef0bd3ddc0e",
                "skipped": false
              },
              {
                "title": "passing test",
                "fullTitle": "Master Test Suite Test Suite - Failed After passing test",
                "timedOut": false,
                "duration": 0,
                "state": "passed",
                "speed": "fast",
                "pass": true,
                "fail": false,
                "pending": false,
                "code": "true.should.be.ok;\ndone();",
                "err": {},
                "isRoot": false,
                "uuid": "5648183f-0092-4e99-86ae-da7f1c9442b2",
                "parentUUID": "55fcb5b1-8e58-4250-82b8-1ef0bd3ddc0e",
                "skipped": false
              },
              {
                "title": "pending test",
                "fullTitle": "Master Test Suite Test Suite - Failed After pending test",
                "timedOut": false,
                "duration": 0,
                "pass": false,
                "fail": false,
                "pending": true,
                "code": "",
                "err": {},
                "isRoot": false,
                "uuid": "46f8e61f-abd1-458a-a7ef-da4bf5a1db82",
                "parentUUID": "55fcb5b1-8e58-4250-82b8-1ef0bd3ddc0e",
                "skipped": false
              }
            ],
            "pending": [
              {
                "title": "pending test",
                "fullTitle": "Master Test Suite Test Suite - Failed After pending test",
                "timedOut": false,
                "duration": 0,
                "pass": false,
                "fail": false,
                "pending": true,
                "code": "",
                "err": {},
                "isRoot": false,
                "uuid": "2e3cbf35-8cff-4c0f-8ba5-cf20e2d66910",
                "parentUUID": "55fcb5b1-8e58-4250-82b8-1ef0bd3ddc0e",
                "skipped": false
              },
              {
                "title": "pending test",
                "fullTitle": "Master Test Suite Test Suite - Failed After pending test",
                "timedOut": false,
                "duration": 0,
                "pass": false,
                "fail": false,
                "pending": true,
                "code": "",
                "err": {},
                "isRoot": false,
                "uuid": "46f8e61f-abd1-458a-a7ef-da4bf5a1db82",
                "parentUUID": "55fcb5b1-8e58-4250-82b8-1ef0bd3ddc0e",
                "skipped": false
              }
            ],
            "root": false,
            "_timeout": 2000,
            "file": "/test-functional/test.js",
            "uuid": "55fcb5b1-8e58-4250-82b8-1ef0bd3ddc0e",
            "fullFile": "/Users/adamgruber/Sites/mochawesome/test-functional/test.js",
            "passes": [
              {
                "title": "passing test",
                "fullTitle": "Master Test Suite Test Suite - Failed After passing test",
                "timedOut": false,
                "duration": 0,
                "state": "passed",
                "speed": "fast",
                "pass": true,
                "fail": false,
                "pending": false,
                "code": "true.should.be.ok;\ndone();",
                "err": {},
                "isRoot": false,
                "uuid": "29927b3f-77b1-4995-8556-5ceddca4992c",
                "parentUUID": "55fcb5b1-8e58-4250-82b8-1ef0bd3ddc0e",
                "skipped": false
              },
              {
                "title": "passing test",
                "fullTitle": "Master Test Suite Test Suite - Failed After passing test",
                "timedOut": false,
                "duration": 0,
                "state": "passed",
                "speed": "fast",
                "pass": true,
                "fail": false,
                "pending": false,
                "code": "true.should.be.ok;\ndone();",
                "err": {},
                "isRoot": false,
                "uuid": "5648183f-0092-4e99-86ae-da7f1c9442b2",
                "parentUUID": "55fcb5b1-8e58-4250-82b8-1ef0bd3ddc0e",
                "skipped": false
              }
            ],
            "failures": [
              {
                "title": "failing test",
                "fullTitle": "Master Test Suite Test Suite - Failed After failing test",
                "timedOut": false,
                "duration": 0,
                "state": "failed",
                "pass": false,
                "fail": true,
                "pending": false,
                "code": "false.should.be.ok;\ndone();",
                "err": {
                  "name": "AssertionError",
                  "actual": false,
                  "operator": "to be truthy",
                  "message": "expected false to be truthy",
                  "generatedMessage": true,
                  "estack": "AssertionError: expected false to be truthy\n    at Assertion.prop.(anonymous function) (node_modules/should/lib/should.js:61:14)\n    at Context.<anonymous> (test-functional/test.js:71:7)"
                },
                "isRoot": false,
                "uuid": "ac9ffb6b-9349-425c-8c99-10414f7318ae",
                "parentUUID": "55fcb5b1-8e58-4250-82b8-1ef0bd3ddc0e",
                "skipped": false
              }
            ],
            "skipped": [],
            "hasTests": true,
            "hasSuites": false,
            "totalTests": 5,
            "totalPasses": 2,
            "totalFailures": 1,
            "totalPending": 2,
            "totalSkipped": 0,
            "hasPasses": true,
            "hasFailures": true,
            "hasPending": true,
            "hasSkipped": false,
            "duration": 0
          },
          {
            "title": "Test Suite - Pass",
            "suites": [],
            "tests": [
              {
                "title": "passing test",
                "fullTitle": "Master Test Suite Test Suite - Pass passing test",
                "timedOut": false,
                "duration": 0,
                "state": "passed",
                "speed": "fast",
                "pass": true,
                "fail": false,
                "pending": false,
                "code": "true.should.be.ok;\ndone();",
                "err": {},
                "isRoot": false,
                "uuid": "e2d9ee1a-c549-4971-967a-baec4ae23557",
                "parentUUID": "6eb0d611-2007-449d-87e7-dd62a4fcc683",
                "skipped": false
              }
            ],
            "pending": [],
            "root": false,
            "_timeout": 2000,
            "file": "/test-functional/test.js",
            "uuid": "6eb0d611-2007-449d-87e7-dd62a4fcc683",
            "fullFile": "/Users/adamgruber/Sites/mochawesome/test-functional/test.js",
            "passes": [
              {
                "title": "passing test",
                "fullTitle": "Master Test Suite Test Suite - Pass passing test",
                "timedOut": false,
                "duration": 0,
                "state": "passed",
                "speed": "fast",
                "pass": true,
                "fail": false,
                "pending": false,
                "code": "true.should.be.ok;\ndone();",
                "err": {},
                "isRoot": false,
                "uuid": "e2d9ee1a-c549-4971-967a-baec4ae23557",
                "parentUUID": "6eb0d611-2007-449d-87e7-dd62a4fcc683",
                "skipped": false
              }
            ],
            "failures": [],
            "skipped": [],
            "hasTests": true,
            "hasSuites": false,
            "totalTests": 1,
            "totalPasses": 1,
            "totalFailures": 0,
            "totalPending": 0,
            "totalSkipped": 0,
            "hasPasses": true,
            "hasFailures": false,
            "hasPending": false,
            "hasSkipped": false,
            "duration": 0
          },
          {
            "title": "Test Suite - Fail",
            "suites": [],
            "tests": [
              {
                "title": "failing test",
                "fullTitle": "Master Test Suite Test Suite - Fail failing test",
                "timedOut": false,
                "duration": 0,
                "state": "failed",
                "pass": false,
                "fail": true,
                "pending": false,
                "code": "false.should.be.ok;\ndone();",
                "err": {
                  "name": "AssertionError",
                  "actual": false,
                  "operator": "to be truthy",
                  "message": "expected false to be truthy",
                  "generatedMessage": true,
                  "estack": "AssertionError: expected false to be truthy\n    at Assertion.prop.(anonymous function) (node_modules/should/lib/should.js:61:14)\n    at Context.<anonymous> (test-functional/test.js:95:7)"
                },
                "isRoot": false,
                "uuid": "408dff6c-7f7b-4212-b253-74a7ed8c09d8",
                "parentUUID": "e644953d-c207-41af-95bb-7141a6d8fb2d",
                "skipped": false
              }
            ],
            "pending": [],
            "root": false,
            "_timeout": 2000,
            "file": "/test-functional/test.js",
            "uuid": "e644953d-c207-41af-95bb-7141a6d8fb2d",
            "fullFile": "/Users/adamgruber/Sites/mochawesome/test-functional/test.js",
            "passes": [],
            "failures": [
              {
                "title": "failing test",
                "fullTitle": "Master Test Suite Test Suite - Fail failing test",
                "timedOut": false,
                "duration": 0,
                "state": "failed",
                "pass": false,
                "fail": true,
                "pending": false,
                "code": "false.should.be.ok;\ndone();",
                "err": {
                  "name": "AssertionError",
                  "actual": false,
                  "operator": "to be truthy",
                  "message": "expected false to be truthy",
                  "generatedMessage": true,
                  "estack": "AssertionError: expected false to be truthy\n    at Assertion.prop.(anonymous function) (node_modules/should/lib/should.js:61:14)\n    at Context.<anonymous> (test-functional/test.js:95:7)"
                },
                "isRoot": false,
                "uuid": "408dff6c-7f7b-4212-b253-74a7ed8c09d8",
                "parentUUID": "e644953d-c207-41af-95bb-7141a6d8fb2d",
                "skipped": false
              }
            ],
            "skipped": [],
            "hasTests": true,
            "hasSuites": false,
            "totalTests": 1,
            "totalPasses": 0,
            "totalFailures": 1,
            "totalPending": 0,
            "totalSkipped": 0,
            "hasPasses": false,
            "hasFailures": true,
            "hasPending": false,
            "hasSkipped": false,
            "duration": 0
          },
          {
            "title": "Test Suite - Pend",
            "suites": [],
            "tests": [
              {
                "title": "pending test",
                "fullTitle": "Master Test Suite Test Suite - Pend pending test",
                "timedOut": false,
                "duration": 0,
                "pass": false,
                "fail": false,
                "pending": true,
                "code": "",
                "err": {},
                "isRoot": false,
                "uuid": "a577d232-da4b-4c3a-822a-f74835c66877",
                "parentUUID": "176b03ad-42fe-4bc6-89ba-042c616deb50",
                "skipped": false
              }
            ],
            "pending": [
              {
                "title": "pending test",
                "fullTitle": "Master Test Suite Test Suite - Pend pending test",
                "timedOut": false,
                "duration": 0,
                "pass": false,
                "fail": false,
                "pending": true,
                "code": "",
                "err": {},
                "isRoot": false,
                "uuid": "a577d232-da4b-4c3a-822a-f74835c66877",
                "parentUUID": "176b03ad-42fe-4bc6-89ba-042c616deb50",
                "skipped": false
              }
            ],
            "root": false,
            "_timeout": 2000,
            "file": "/test-functional/test.js",
            "uuid": "176b03ad-42fe-4bc6-89ba-042c616deb50",
            "fullFile": "/Users/adamgruber/Sites/mochawesome/test-functional/test.js",
            "passes": [],
            "failures": [],
            "skipped": [],
            "hasTests": true,
            "hasSuites": false,
            "totalTests": 1,
            "totalPasses": 0,
            "totalFailures": 0,
            "totalPending": 1,
            "totalSkipped": 0,
            "hasPasses": false,
            "hasFailures": false,
            "hasPending": true,
            "hasSkipped": false,
            "duration": 0
          },
          {
            "title": "Test Suite - Failed Before",
            "suites": [],
            "tests": [
              {
                "title": "passing test",
                "fullTitle": "Master Test Suite Test Suite - Failed Before passing test",
                "timedOut": false,
                "duration": 0,
                "pass": false,
                "fail": false,
                "pending": false,
                "code": "true.should.be.ok;\ndone();",
                "err": {},
                "isRoot": false,
                "parentUUID": "f26171b3-bdf2-498c-9105-c936e2ad75cb",
                "skipped": true
              },
              {
                "title": "failing test",
                "fullTitle": "Master Test Suite Test Suite - Failed Before failing test",
                "timedOut": false,
                "duration": 0,
                "pass": false,
                "fail": false,
                "pending": false,
                "code": "false.should.be.ok;\ndone();",
                "err": {},
                "isRoot": false,
                "parentUUID": "f26171b3-bdf2-498c-9105-c936e2ad75cb",
                "skipped": true
              }
            ],
            "pending": [],
            "root": false,
            "_timeout": 2000,
            "file": "/test-functional/test.js",
            "uuid": "f26171b3-bdf2-498c-9105-c936e2ad75cb",
            "fullFile": "/Users/adamgruber/Sites/mochawesome/test-functional/test.js",
            "passes": [],
            "failures": [],
            "skipped": [
              {
                "title": "passing test",
                "fullTitle": "Master Test Suite Test Suite - Failed Before passing test",
                "timedOut": false,
                "duration": 0,
                "pass": false,
                "fail": false,
                "pending": false,
                "code": "true.should.be.ok;\ndone();",
                "err": {},
                "isRoot": false,
                "parentUUID": "f26171b3-bdf2-498c-9105-c936e2ad75cb",
                "skipped": true
              },
              {
                "title": "failing test",
                "fullTitle": "Master Test Suite Test Suite - Failed Before failing test",
                "timedOut": false,
                "duration": 0,
                "pass": false,
                "fail": false,
                "pending": false,
                "code": "false.should.be.ok;\ndone();",
                "err": {},
                "isRoot": false,
                "parentUUID": "f26171b3-bdf2-498c-9105-c936e2ad75cb",
                "skipped": true
              }
            ],
            "hasTests": true,
            "hasSuites": false,
            "totalTests": 2,
            "totalPasses": 0,
            "totalFailures": 0,
            "totalPending": 0,
            "totalSkipped": 2,
            "hasPasses": false,
            "hasFailures": false,
            "hasPending": false,
            "hasSkipped": true,
            "duration": 0
          },
          {
            "title": "Test Suite - Failed Before and After",
            "suites": [],
            "tests": [
              {
                "title": "passing test",
                "fullTitle": "Master Test Suite Test Suite - Failed Before and After passing test",
                "timedOut": false,
                "duration": 0,
                "pass": false,
                "fail": false,
                "pending": false,
                "code": "true.should.be.ok;\ndone();",
                "err": {},
                "isRoot": false,
                "parentUUID": "e69cbda3-e8f9-4bea-89dd-0a2b9f40be63",
                "skipped": true
              },
              {
                "title": "failing test",
                "fullTitle": "Master Test Suite Test Suite - Failed Before and After failing test",
                "timedOut": false,
                "duration": 0,
                "pass": false,
                "fail": false,
                "pending": false,
                "code": "false.should.be.ok;\ndone();",
                "err": {},
                "isRoot": false,
                "parentUUID": "e69cbda3-e8f9-4bea-89dd-0a2b9f40be63",
                "skipped": true
              }
            ],
            "pending": [],
            "root": false,
            "_timeout": 2000,
            "file": "/test-functional/test.js",
            "uuid": "e69cbda3-e8f9-4bea-89dd-0a2b9f40be63",
            "fullFile": "/Users/adamgruber/Sites/mochawesome/test-functional/test.js",
            "passes": [],
            "failures": [],
            "skipped": [
              {
                "title": "passing test",
                "fullTitle": "Master Test Suite Test Suite - Failed Before and After passing test",
                "timedOut": false,
                "duration": 0,
                "pass": false,
                "fail": false,
                "pending": false,
                "code": "true.should.be.ok;\ndone();",
                "err": {},
                "isRoot": false,
                "parentUUID": "e69cbda3-e8f9-4bea-89dd-0a2b9f40be63",
                "skipped": true
              },
              {
                "title": "failing test",
                "fullTitle": "Master Test Suite Test Suite - Failed Before and After failing test",
                "timedOut": false,
                "duration": 0,
                "pass": false,
                "fail": false,
                "pending": false,
                "code": "false.should.be.ok;\ndone();",
                "err": {},
                "isRoot": false,
                "parentUUID": "e69cbda3-e8f9-4bea-89dd-0a2b9f40be63",
                "skipped": true
              }
            ],
            "hasTests": true,
            "hasSuites": false,
            "totalTests": 2,
            "totalPasses": 0,
            "totalFailures": 0,
            "totalPending": 0,
            "totalSkipped": 2,
            "hasPasses": false,
            "hasFailures": false,
            "hasPending": false,
            "hasSkipped": true,
            "duration": 0
          },
          {
            "title": "Test Suite - Failed Before Each",
            "suites": [],
            "tests": [
              {
                "title": "passing test",
                "fullTitle": "Master Test Suite Test Suite - Failed Before Each passing test",
                "timedOut": false,
                "duration": 0,
                "pass": false,
                "fail": false,
                "pending": false,
                "code": "true.should.be.ok;\ndone();",
                "err": {},
                "isRoot": false,
                "uuid": "997d21a8-f524-4313-8736-b22cf7150221",
                "parentUUID": "a75b2a6d-7f61-4791-af59-ef26aae6bb75",
                "skipped": true
              },
              {
                "title": "failing test",
                "fullTitle": "Master Test Suite Test Suite - Failed Before Each failing test",
                "timedOut": false,
                "duration": 0,
                "pass": false,
                "fail": false,
                "pending": false,
                "code": "false.should.be.ok;\ndone();",
                "err": {},
                "isRoot": false,
                "parentUUID": "a75b2a6d-7f61-4791-af59-ef26aae6bb75",
                "skipped": true
              }
            ],
            "pending": [],
            "root": false,
            "_timeout": 2000,
            "file": "/test-functional/test.js",
            "uuid": "a75b2a6d-7f61-4791-af59-ef26aae6bb75",
            "fullFile": "/Users/adamgruber/Sites/mochawesome/test-functional/test.js",
            "passes": [],
            "failures": [],
            "skipped": [
              {
                "title": "passing test",
                "fullTitle": "Master Test Suite Test Suite - Failed Before Each passing test",
                "timedOut": false,
                "duration": 0,
                "pass": false,
                "fail": false,
                "pending": false,
                "code": "true.should.be.ok;\ndone();",
                "err": {},
                "isRoot": false,
                "uuid": "997d21a8-f524-4313-8736-b22cf7150221",
                "parentUUID": "a75b2a6d-7f61-4791-af59-ef26aae6bb75",
                "skipped": true
              },
              {
                "title": "failing test",
                "fullTitle": "Master Test Suite Test Suite - Failed Before Each failing test",
                "timedOut": false,
                "duration": 0,
                "pass": false,
                "fail": false,
                "pending": false,
                "code": "false.should.be.ok;\ndone();",
                "err": {},
                "isRoot": false,
                "parentUUID": "a75b2a6d-7f61-4791-af59-ef26aae6bb75",
                "skipped": true
              }
            ],
            "hasTests": true,
            "hasSuites": false,
            "totalTests": 2,
            "totalPasses": 0,
            "totalFailures": 0,
            "totalPending": 0,
            "totalSkipped": 2,
            "hasPasses": false,
            "hasFailures": false,
            "hasPending": false,
            "hasSkipped": true,
            "duration": 0
          },
          {
            "title": "Test Suite - Failed After Each",
            "suites": [],
            "tests": [
              {
                "title": "passing test",
                "fullTitle": "Master Test Suite Test Suite - Failed After Each passing test",
                "timedOut": false,
                "duration": 0,
                "state": "passed",
                "speed": "fast",
                "pass": true,
                "fail": false,
                "pending": false,
                "code": "true.should.be.ok;\ndone();",
                "err": {},
                "isRoot": false,
                "uuid": "a8f65990-ac33-4cf1-a6f1-0017f877ecbf",
                "parentUUID": "cee29574-dba3-42e6-b5e7-42e22392377f",
                "skipped": false
              },
              {
                "title": "pending test",
                "fullTitle": "Master Test Suite Test Suite - Failed After Each pending test",
                "timedOut": false,
                "duration": 0,
                "pass": false,
                "fail": false,
                "pending": true,
                "code": "",
                "err": {},
                "isRoot": false,
                "uuid": "e5df6258-bd09-47be-ab84-6d71865d37f6",
                "parentUUID": "cee29574-dba3-42e6-b5e7-42e22392377f",
                "skipped": false
              },
              {
                "title": "failing test",
                "fullTitle": "Master Test Suite Test Suite - Failed After Each failing test",
                "timedOut": false,
                "duration": 0,
                "state": "failed",
                "pass": false,
                "fail": true,
                "pending": false,
                "code": "false.should.be.ok;\ndone();",
                "err": {
                  "name": "AssertionError",
                  "actual": false,
                  "operator": "to be truthy",
                  "message": "expected false to be truthy",
                  "generatedMessage": true,
                  "estack": "AssertionError: expected false to be truthy\n    at Assertion.prop.(anonymous function) (node_modules/should/lib/should.js:61:14)\n    at Context.<anonymous> (test-functional/test.js:164:7)"
                },
                "isRoot": false,
                "uuid": "6d237c54-07ad-4365-8e43-bc29656b46b3",
                "parentUUID": "cee29574-dba3-42e6-b5e7-42e22392377f",
                "skipped": false
              },
              {
                "title": "passing test",
                "fullTitle": "Master Test Suite Test Suite - Failed After Each passing test",
                "timedOut": false,
                "duration": 0,
                "state": "passed",
                "speed": "fast",
                "pass": true,
                "fail": false,
                "pending": false,
                "code": "true.should.be.ok;\ndone();",
                "err": {},
                "isRoot": false,
                "uuid": "328de578-409a-4c35-8d53-95e24d71304e",
                "parentUUID": "cee29574-dba3-42e6-b5e7-42e22392377f",
                "skipped": false
              },
              {
                "title": "pending test",
                "fullTitle": "Master Test Suite Test Suite - Failed After Each pending test",
                "timedOut": false,
                "duration": 0,
                "pass": false,
                "fail": false,
                "pending": true,
                "code": "",
                "err": {},
                "isRoot": false,
                "uuid": "d702710c-226d-4a7a-b55e-3a0c74bbba07",
                "parentUUID": "cee29574-dba3-42e6-b5e7-42e22392377f",
                "skipped": false
              }
            ],
            "pending": [
              {
                "title": "pending test",
                "fullTitle": "Master Test Suite Test Suite - Failed After Each pending test",
                "timedOut": false,
                "duration": 0,
                "pass": false,
                "fail": false,
                "pending": true,
                "code": "",
                "err": {},
                "isRoot": false,
                "uuid": "e5df6258-bd09-47be-ab84-6d71865d37f6",
                "parentUUID": "cee29574-dba3-42e6-b5e7-42e22392377f",
                "skipped": false
              },
              {
                "title": "pending test",
                "fullTitle": "Master Test Suite Test Suite - Failed After Each pending test",
                "timedOut": false,
                "duration": 0,
                "pass": false,
                "fail": false,
                "pending": true,
                "code": "",
                "err": {},
                "isRoot": false,
                "uuid": "d702710c-226d-4a7a-b55e-3a0c74bbba07",
                "parentUUID": "cee29574-dba3-42e6-b5e7-42e22392377f",
                "skipped": false
              }
            ],
            "root": false,
            "_timeout": 2000,
            "file": "/test-functional/test.js",
            "uuid": "cee29574-dba3-42e6-b5e7-42e22392377f",
            "fullFile": "/Users/adamgruber/Sites/mochawesome/test-functional/test.js",
            "passes": [
              {
                "title": "passing test",
                "fullTitle": "Master Test Suite Test Suite - Failed After Each passing test",
                "timedOut": false,
                "duration": 0,
                "state": "passed",
                "speed": "fast",
                "pass": true,
                "fail": false,
                "pending": false,
                "code": "true.should.be.ok;\ndone();",
                "err": {},
                "isRoot": false,
                "uuid": "a8f65990-ac33-4cf1-a6f1-0017f877ecbf",
                "parentUUID": "cee29574-dba3-42e6-b5e7-42e22392377f",
                "skipped": false
              },
              {
                "title": "passing test",
                "fullTitle": "Master Test Suite Test Suite - Failed After Each passing test",
                "timedOut": false,
                "duration": 0,
                "state": "passed",
                "speed": "fast",
                "pass": true,
                "fail": false,
                "pending": false,
                "code": "true.should.be.ok;\ndone();",
                "err": {},
                "isRoot": false,
                "uuid": "328de578-409a-4c35-8d53-95e24d71304e",
                "parentUUID": "cee29574-dba3-42e6-b5e7-42e22392377f",
                "skipped": false
              }
            ],
            "failures": [
              {
                "title": "failing test",
                "fullTitle": "Master Test Suite Test Suite - Failed After Each failing test",
                "timedOut": false,
                "duration": 0,
                "state": "failed",
                "pass": false,
                "fail": true,
                "pending": false,
                "code": "false.should.be.ok;\ndone();",
                "err": {
                  "name": "AssertionError",
                  "actual": false,
                  "operator": "to be truthy",
                  "message": "expected false to be truthy",
                  "generatedMessage": true,
                  "estack": "AssertionError: expected false to be truthy\n    at Assertion.prop.(anonymous function) (node_modules/should/lib/should.js:61:14)\n    at Context.<anonymous> (test-functional/test.js:164:7)"
                },
                "isRoot": false,
                "uuid": "6d237c54-07ad-4365-8e43-bc29656b46b3",
                "parentUUID": "cee29574-dba3-42e6-b5e7-42e22392377f",
                "skipped": false
              }
            ],
            "skipped": [],
            "hasTests": true,
            "hasSuites": false,
            "totalTests": 5,
            "totalPasses": 2,
            "totalFailures": 1,
            "totalPending": 2,
            "totalSkipped": 0,
            "hasPasses": true,
            "hasFailures": true,
            "hasPending": true,
            "hasSkipped": false,
            "duration": 0
          }
        ],
        "tests": [],
        "pending": [],
        "root": false,
        "_timeout": 2000,
        "file": "/test-functional/test.js",
        "uuid": "b3ad6aa7-2078-4768-a590-571bccc4dd30",
        "fullFile": "/Users/adamgruber/Sites/mochawesome/test-functional/test.js",
        "passes": [],
        "failures": [],
        "skipped": [],
        "hasTests": false,
        "hasSuites": true,
        "totalTests": 0,
        "totalPasses": 0,
        "totalFailures": 0,
        "totalPending": 0,
        "totalSkipped": 0,
        "hasPasses": false,
        "hasFailures": false,
        "hasPending": false,
        "hasSkipped": false,
        "duration": 0
      }
    ],
    "tests": [],
    "pending": [],
    "root": true,
    "_timeout": 2000,
    "uuid": "092920a3-e792-43ab-aec4-80233be187ab",
    "fullFile": "",
    "file": "",
    "passes": [],
    "failures": [],
    "skipped": [],
    "hasTests": false,
    "hasSuites": true,
    "totalTests": 0,
    "totalPasses": 0,
    "totalFailures": 0,
    "totalPending": 0,
    "totalSkipped": 0,
    "hasPasses": false,
    "hasFailures": false,
    "hasPending": false,
    "hasSkipped": false,
    "duration": 0,
    "rootEmpty": true
  },
  "allTests": [
    {
      "title": "passing test",
      "fullTitle": "Test Suite - Basic passing test",
      "timedOut": false,
      "duration": 1,
      "state": "passed",
      "speed": "fast",
      "pass": true,
      "fail": false,
      "pending": false,
      "code": "true.should.be.ok;\ndone();",
      "err": {},
      "isRoot": false,
      "uuid": "c482608c-8fe4-45d3-af88-02bdc7f53113",
      "parentUUID": "1c0748df-2df9-4e03-af03-c5dab2885e90",
      "skipped": false
    },
    {
      "title": "failing test",
      "fullTitle": "Test Suite - Basic failing test",
      "timedOut": false,
      "duration": 11,
      "state": "failed",
      "pass": false,
      "fail": true,
      "pending": false,
      "code": "var o = retObj();\no.should.eql({});\ndone();",
      "err": {
        "name": "AssertionError",
        "actual": "{\n  \"adam\": \"adam\"\n}",
        "expected": "{}",
        "operator": "to equal",
        "message": "expected { adam: 'adam' } to equal {}",
        "generatedMessage": true,
        "showDiff": true,
        "estack": "AssertionError: expected { adam: 'adam' } to equal {}\n    at Assertion.prop.(anonymous function) (node_modules/should/lib/should.js:61:14)\n    at Context.<anonymous> (test-functional/test.js:18:16)",
        "diff": "- {\n-   \"adam\": \"adam\"\n- }\n+ {}\n"
      },
      "isRoot": false,
      "uuid": "5199b065-58dd-4da7-999e-3b37ae743f64",
      "parentUUID": "1c0748df-2df9-4e03-af03-c5dab2885e90",
      "skipped": false
    },
    {
      "title": "passing test",
      "fullTitle": "Test Suite - Nested Suites passing test",
      "timedOut": false,
      "duration": 1,
      "state": "passed",
      "speed": "fast",
      "pass": true,
      "fail": false,
      "pending": false,
      "code": "true.should.be.ok;\ndone();",
      "err": {},
      "isRoot": false,
      "uuid": "d1964e22-af7c-4bb7-a525-d07814dc8b13",
      "parentUUID": "0e14f41a-cfcf-4aa8-901d-b60dfdeda8e5",
      "skipped": false
    },
    {
      "title": "failing test",
      "fullTitle": "Test Suite - Nested Suites failing test",
      "timedOut": false,
      "duration": 0,
      "state": "failed",
      "pass": false,
      "fail": true,
      "pending": false,
      "code": "false.should.be.ok;\ndone();",
      "err": {
        "name": "AssertionError",
        "actual": false,
        "operator": "to be truthy",
        "message": "expected false to be truthy",
        "generatedMessage": true,
        "estack": "AssertionError: expected false to be truthy\n    at Assertion.prop.(anonymous function) (node_modules/should/lib/should.js:61:14)\n    at Context.<anonymous> (test-functional/test.js:41:7)"
      },
      "isRoot": false,
      "uuid": "739c40e3-c10a-4ba4-b3fd-4f042858a438",
      "parentUUID": "0e14f41a-cfcf-4aa8-901d-b60dfdeda8e5",
      "skipped": false
    },
    {
      "title": "passing test",
      "fullTitle": "Nested Test Suite passing test",
      "timedOut": false,
      "duration": 0,
      "state": "passed",
      "speed": "fast",
      "pass": true,
      "fail": false,
      "pending": false,
      "code": "true.should.be.ok;\ndone();",
      "err": {},
      "isRoot": false,
      "uuid": "7aa82a9a-f34b-443e-9cc6-df62612ae506",
      "parentUUID": "a60dc664-41f7-4cc6-9b64-4f39b846077a",
      "skipped": false
    },
    {
      "title": "passing test",
      "fullTitle": "Nested Test Suite passing test",
      "timedOut": false,
      "duration": 0,
      "state": "passed",
      "speed": "fast",
      "pass": true,
      "fail": false,
      "pending": false,
      "code": "true.should.be.ok;\ndone();",
      "err": {},
      "isRoot": false,
      "uuid": "7c3acfe9-7640-4e68-b6ab-58236bf72e47",
      "parentUUID": "688a43cf-c6ec-454f-8f27-8962d6c3aa4e",
      "skipped": false
    },
    {
      "title": "passing test",
      "fullTitle": "Test Suite - Failed After passing test",
      "timedOut": false,
      "duration": 0,
      "state": "passed",
      "speed": "fast",
      "pass": true,
      "fail": false,
      "pending": false,
      "code": "true.should.be.ok;\ndone();",
      "err": {},
      "isRoot": false,
      "uuid": "29927b3f-77b1-4995-8556-5ceddca4992c",
      "parentUUID": "55fcb5b1-8e58-4250-82b8-1ef0bd3ddc0e",
      "skipped": false
    },
    {
      "title": "pending test",
      "fullTitle": "Test Suite - Failed After pending test",
      "timedOut": false,
      "duration": 0,
      "pass": false,
      "fail": false,
      "pending": true,
      "code": "",
      "err": {},
      "isRoot": false,
      "uuid": "2e3cbf35-8cff-4c0f-8ba5-cf20e2d66910",
      "parentUUID": "55fcb5b1-8e58-4250-82b8-1ef0bd3ddc0e",
      "skipped": false
    },
    {
      "title": "failing test",
      "fullTitle": "Test Suite - Failed After failing test",
      "timedOut": false,
      "duration": 0,
      "state": "failed",
      "pass": false,
      "fail": true,
      "pending": false,
      "code": "false.should.be.ok;\ndone();",
      "err": {
        "name": "AssertionError",
        "actual": false,
        "operator": "to be truthy",
        "message": "expected false to be truthy",
        "generatedMessage": true,
        "estack": "AssertionError: expected false to be truthy\n    at Assertion.prop.(anonymous function) (node_modules/should/lib/should.js:61:14)\n    at Context.<anonymous> (test-functional/test.js:71:7)"
      },
      "isRoot": false,
      "uuid": "ac9ffb6b-9349-425c-8c99-10414f7318ae",
      "parentUUID": "55fcb5b1-8e58-4250-82b8-1ef0bd3ddc0e",
      "skipped": false
    },
    {
      "title": "passing test",
      "fullTitle": "Test Suite - Failed After passing test",
      "timedOut": false,
      "duration": 0,
      "state": "passed",
      "speed": "fast",
      "pass": true,
      "fail": false,
      "pending": false,
      "code": "true.should.be.ok;\ndone();",
      "err": {},
      "isRoot": false,
      "uuid": "5648183f-0092-4e99-86ae-da7f1c9442b2",
      "parentUUID": "55fcb5b1-8e58-4250-82b8-1ef0bd3ddc0e",
      "skipped": false
    },
    {
      "title": "pending test",
      "fullTitle": "Test Suite - Failed After pending test",
      "timedOut": false,
      "duration": 0,
      "pass": false,
      "fail": false,
      "pending": true,
      "code": "",
      "err": {},
      "isRoot": false,
      "uuid": "46f8e61f-abd1-458a-a7ef-da4bf5a1db82",
      "parentUUID": "55fcb5b1-8e58-4250-82b8-1ef0bd3ddc0e",
      "skipped": false
    },
    {
      "title": "passing test",
      "fullTitle": "Test Suite - Pass passing test",
      "timedOut": false,
      "duration": 0,
      "state": "passed",
      "speed": "fast",
      "pass": true,
      "fail": false,
      "pending": false,
      "code": "true.should.be.ok;\ndone();",
      "err": {},
      "isRoot": false,
      "uuid": "e2d9ee1a-c549-4971-967a-baec4ae23557",
      "parentUUID": "6eb0d611-2007-449d-87e7-dd62a4fcc683",
      "skipped": false
    },
    {
      "title": "failing test",
      "fullTitle": "Test Suite - Fail failing test",
      "timedOut": false,
      "duration": 0,
      "state": "failed",
      "pass": false,
      "fail": true,
      "pending": false,
      "code": "false.should.be.ok;\ndone();",
      "err": {
        "name": "AssertionError",
        "actual": false,
        "operator": "to be truthy",
        "message": "expected false to be truthy",
        "generatedMessage": true,
        "estack": "AssertionError: expected false to be truthy\n    at Assertion.prop.(anonymous function) (node_modules/should/lib/should.js:61:14)\n    at Context.<anonymous> (test-functional/test.js:95:7)"
      },
      "isRoot": false,
      "uuid": "408dff6c-7f7b-4212-b253-74a7ed8c09d8",
      "parentUUID": "e644953d-c207-41af-95bb-7141a6d8fb2d",
      "skipped": false
    },
    {
      "title": "pending test",
      "fullTitle": "Test Suite - Pend pending test",
      "timedOut": false,
      "duration": 0,
      "pass": false,
      "fail": false,
      "pending": true,
      "code": "",
      "err": {},
      "isRoot": false,
      "uuid": "a577d232-da4b-4c3a-822a-f74835c66877",
      "parentUUID": "176b03ad-42fe-4bc6-89ba-042c616deb50",
      "skipped": false
    },
    {
      "title": "passing test",
      "fullTitle": "Test Suite - Failed After Each passing test",
      "timedOut": false,
      "duration": 0,
      "state": "passed",
      "speed": "fast",
      "pass": true,
      "fail": false,
      "pending": false,
      "code": "true.should.be.ok;\ndone();",
      "err": {},
      "isRoot": false,
      "uuid": "a8f65990-ac33-4cf1-a6f1-0017f877ecbf",
      "parentUUID": "cee29574-dba3-42e6-b5e7-42e22392377f",
      "skipped": false
    },
    {
      "title": "pending test",
      "fullTitle": "Test Suite - Failed After Each pending test",
      "timedOut": false,
      "duration": 0,
      "pass": false,
      "fail": false,
      "pending": true,
      "code": "",
      "err": {},
      "isRoot": false,
      "uuid": "e5df6258-bd09-47be-ab84-6d71865d37f6",
      "parentUUID": "cee29574-dba3-42e6-b5e7-42e22392377f",
      "skipped": false
    },
    {
      "title": "failing test",
      "fullTitle": "Test Suite - Failed After Each failing test",
      "timedOut": false,
      "duration": 0,
      "state": "failed",
      "pass": false,
      "fail": true,
      "pending": false,
      "code": "false.should.be.ok;\ndone();",
      "err": {
        "name": "AssertionError",
        "actual": false,
        "operator": "to be truthy",
        "message": "expected false to be truthy",
        "generatedMessage": true,
        "estack": "AssertionError: expected false to be truthy\n    at Assertion.prop.(anonymous function) (node_modules/should/lib/should.js:61:14)\n    at Context.<anonymous> (test-functional/test.js:164:7)"
      },
      "isRoot": false,
      "uuid": "6d237c54-07ad-4365-8e43-bc29656b46b3",
      "parentUUID": "cee29574-dba3-42e6-b5e7-42e22392377f",
      "skipped": false
    },
    {
      "title": "passing test",
      "fullTitle": "Test Suite - Failed After Each passing test",
      "timedOut": false,
      "duration": 0,
      "state": "passed",
      "speed": "fast",
      "pass": true,
      "fail": false,
      "pending": false,
      "code": "true.should.be.ok;\ndone();",
      "err": {},
      "isRoot": false,
      "uuid": "328de578-409a-4c35-8d53-95e24d71304e",
      "parentUUID": "cee29574-dba3-42e6-b5e7-42e22392377f",
      "skipped": false
    },
    {
      "title": "pending test",
      "fullTitle": "Test Suite - Failed After Each pending test",
      "timedOut": false,
      "duration": 0,
      "pass": false,
      "fail": false,
      "pending": true,
      "code": "",
      "err": {},
      "isRoot": false,
      "uuid": "d702710c-226d-4a7a-b55e-3a0c74bbba07",
      "parentUUID": "cee29574-dba3-42e6-b5e7-42e22392377f",
      "skipped": false
    }
  ],
  "allPending": [
    {
      "title": "pending test",
      "body": "",
      "sync": true,
      "_timeout": 2000,
      "_slow": 75,
      "_enableTimeouts": true,
      "timedOut": false,
      "_trace": {},
      "_retries": -1,
      "_currentRetry": 0,
      "pending": true,
      "type": "test",
      "file": "/Users/adamgruber/Sites/mochawesome/test-functional/test.js",
      "parent": {
        "title": "Test Suite - Failed After",
        "suites": [],
        "tests": [
          {
            "title": "passing test",
            "fullTitle": "Master Test Suite Test Suite - Failed After passing test",
            "timedOut": false,
            "duration": 0,
            "state": "passed",
            "speed": "fast",
            "pass": true,
            "fail": false,
            "pending": false,
            "code": "true.should.be.ok;\ndone();",
            "err": {},
            "isRoot": false,
            "uuid": "29927b3f-77b1-4995-8556-5ceddca4992c",
            "parentUUID": "55fcb5b1-8e58-4250-82b8-1ef0bd3ddc0e",
            "skipped": false
          },
          {
            "title": "pending test",
            "fullTitle": "Master Test Suite Test Suite - Failed After pending test",
            "timedOut": false,
            "duration": 0,
            "pass": false,
            "fail": false,
            "pending": true,
            "code": "",
            "err": {},
            "isRoot": false,
            "uuid": "2e3cbf35-8cff-4c0f-8ba5-cf20e2d66910",
            "parentUUID": "55fcb5b1-8e58-4250-82b8-1ef0bd3ddc0e",
            "skipped": false
          },
          {
            "title": "failing test",
            "fullTitle": "Master Test Suite Test Suite - Failed After failing test",
            "timedOut": false,
            "duration": 0,
            "state": "failed",
            "pass": false,
            "fail": true,
            "pending": false,
            "code": "false.should.be.ok;\ndone();",
            "err": {
              "name": "AssertionError",
              "actual": false,
              "operator": "to be truthy",
              "message": "expected false to be truthy",
              "generatedMessage": true,
              "estack": "AssertionError: expected false to be truthy\n    at Assertion.prop.(anonymous function) (node_modules/should/lib/should.js:61:14)\n    at Context.<anonymous> (test-functional/test.js:71:7)"
            },
            "isRoot": false,
            "uuid": "ac9ffb6b-9349-425c-8c99-10414f7318ae",
            "parentUUID": "55fcb5b1-8e58-4250-82b8-1ef0bd3ddc0e",
            "skipped": false
          },
          {
            "title": "passing test",
            "fullTitle": "Master Test Suite Test Suite - Failed After passing test",
            "timedOut": false,
            "duration": 0,
            "state": "passed",
            "speed": "fast",
            "pass": true,
            "fail": false,
            "pending": false,
            "code": "true.should.be.ok;\ndone();",
            "err": {},
            "isRoot": false,
            "uuid": "5648183f-0092-4e99-86ae-da7f1c9442b2",
            "parentUUID": "55fcb5b1-8e58-4250-82b8-1ef0bd3ddc0e",
            "skipped": false
          },
          {
            "title": "pending test",
            "fullTitle": "Master Test Suite Test Suite - Failed After pending test",
            "timedOut": false,
            "duration": 0,
            "pass": false,
            "fail": false,
            "pending": true,
            "code": "",
            "err": {},
            "isRoot": false,
            "uuid": "46f8e61f-abd1-458a-a7ef-da4bf5a1db82",
            "parentUUID": "55fcb5b1-8e58-4250-82b8-1ef0bd3ddc0e",
            "skipped": false
          }
        ],
        "pending": [
          {
            "title": "pending test",
            "fullTitle": "Master Test Suite Test Suite - Failed After pending test",
            "timedOut": false,
            "duration": 0,
            "pass": false,
            "fail": false,
            "pending": true,
            "code": "",
            "err": {},
            "isRoot": false,
            "uuid": "2e3cbf35-8cff-4c0f-8ba5-cf20e2d66910",
            "parentUUID": "55fcb5b1-8e58-4250-82b8-1ef0bd3ddc0e",
            "skipped": false
          },
          {
            "title": "pending test",
            "fullTitle": "Master Test Suite Test Suite - Failed After pending test",
            "timedOut": false,
            "duration": 0,
            "pass": false,
            "fail": false,
            "pending": true,
            "code": "",
            "err": {},
            "isRoot": false,
            "uuid": "46f8e61f-abd1-458a-a7ef-da4bf5a1db82",
            "parentUUID": "55fcb5b1-8e58-4250-82b8-1ef0bd3ddc0e",
            "skipped": false
          }
        ],
        "root": false,
        "_timeout": 2000,
        "file": "/test-functional/test.js",
        "uuid": "55fcb5b1-8e58-4250-82b8-1ef0bd3ddc0e",
        "fullFile": "/Users/adamgruber/Sites/mochawesome/test-functional/test.js",
        "passes": [
          {
            "title": "passing test",
            "fullTitle": "Master Test Suite Test Suite - Failed After passing test",
            "timedOut": false,
            "duration": 0,
            "state": "passed",
            "speed": "fast",
            "pass": true,
            "fail": false,
            "pending": false,
            "code": "true.should.be.ok;\ndone();",
            "err": {},
            "isRoot": false,
            "uuid": "29927b3f-77b1-4995-8556-5ceddca4992c",
            "parentUUID": "55fcb5b1-8e58-4250-82b8-1ef0bd3ddc0e",
            "skipped": false
          },
          {
            "title": "passing test",
            "fullTitle": "Master Test Suite Test Suite - Failed After passing test",
            "timedOut": false,
            "duration": 0,
            "state": "passed",
            "speed": "fast",
            "pass": true,
            "fail": false,
            "pending": false,
            "code": "true.should.be.ok;\ndone();",
            "err": {},
            "isRoot": false,
            "uuid": "5648183f-0092-4e99-86ae-da7f1c9442b2",
            "parentUUID": "55fcb5b1-8e58-4250-82b8-1ef0bd3ddc0e",
            "skipped": false
          }
        ],
        "failures": [
          {
            "title": "failing test",
            "fullTitle": "Master Test Suite Test Suite - Failed After failing test",
            "timedOut": false,
            "duration": 0,
            "state": "failed",
            "pass": false,
            "fail": true,
            "pending": false,
            "code": "false.should.be.ok;\ndone();",
            "err": {
              "name": "AssertionError",
              "actual": false,
              "operator": "to be truthy",
              "message": "expected false to be truthy",
              "generatedMessage": true,
              "estack": "AssertionError: expected false to be truthy\n    at Assertion.prop.(anonymous function) (node_modules/should/lib/should.js:61:14)\n    at Context.<anonymous> (test-functional/test.js:71:7)"
            },
            "isRoot": false,
            "uuid": "ac9ffb6b-9349-425c-8c99-10414f7318ae",
            "parentUUID": "55fcb5b1-8e58-4250-82b8-1ef0bd3ddc0e",
            "skipped": false
          }
        ],
        "skipped": [],
        "hasTests": true,
        "hasSuites": false,
        "totalTests": 5,
        "totalPasses": 2,
        "totalFailures": 1,
        "totalPending": 2,
        "totalSkipped": 0,
        "hasPasses": true,
        "hasFailures": true,
        "hasPending": true,
        "hasSkipped": false,
        "duration": 0
      },
      "ctx": {
        "_runnable": {
          "title": "\"after all\" hook: failing after hook",
          "body": "function () {\n      console.log('a');\n    }",
          "async": 0,
          "sync": true,
          "_timeout": 2000,
          "_slow": 75,
          "_enableTimeouts": true,
          "timedOut": false,
          "_trace": {},
          "_retries": -1,
          "_currentRetry": 0,
          "pending": false,
          "type": "hook",
          "parent": {
            "title": "Test Suite - Failed After",
            "suites": [],
            "tests": [
              {
                "title": "passing test",
                "fullTitle": "Master Test Suite Test Suite - Failed After passing test",
                "timedOut": false,
                "duration": 0,
                "state": "passed",
                "speed": "fast",
                "pass": true,
                "fail": false,
                "pending": false,
                "code": "true.should.be.ok;\ndone();",
                "err": {},
                "isRoot": false,
                "uuid": "29927b3f-77b1-4995-8556-5ceddca4992c",
                "parentUUID": "55fcb5b1-8e58-4250-82b8-1ef0bd3ddc0e",
                "skipped": false
              },
              {
                "title": "pending test",
                "fullTitle": "Master Test Suite Test Suite - Failed After pending test",
                "timedOut": false,
                "duration": 0,
                "pass": false,
                "fail": false,
                "pending": true,
                "code": "",
                "err": {},
                "isRoot": false,
                "uuid": "2e3cbf35-8cff-4c0f-8ba5-cf20e2d66910",
                "parentUUID": "55fcb5b1-8e58-4250-82b8-1ef0bd3ddc0e",
                "skipped": false
              },
              {
                "title": "failing test",
                "fullTitle": "Master Test Suite Test Suite - Failed After failing test",
                "timedOut": false,
                "duration": 0,
                "state": "failed",
                "pass": false,
                "fail": true,
                "pending": false,
                "code": "false.should.be.ok;\ndone();",
                "err": {
                  "name": "AssertionError",
                  "actual": false,
                  "operator": "to be truthy",
                  "message": "expected false to be truthy",
                  "generatedMessage": true,
                  "estack": "AssertionError: expected false to be truthy\n    at Assertion.prop.(anonymous function) (node_modules/should/lib/should.js:61:14)\n    at Context.<anonymous> (test-functional/test.js:71:7)"
                },
                "isRoot": false,
                "uuid": "ac9ffb6b-9349-425c-8c99-10414f7318ae",
                "parentUUID": "55fcb5b1-8e58-4250-82b8-1ef0bd3ddc0e",
                "skipped": false
              },
              {
                "title": "passing test",
                "fullTitle": "Master Test Suite Test Suite - Failed After passing test",
                "timedOut": false,
                "duration": 0,
                "state": "passed",
                "speed": "fast",
                "pass": true,
                "fail": false,
                "pending": false,
                "code": "true.should.be.ok;\ndone();",
                "err": {},
                "isRoot": false,
                "uuid": "5648183f-0092-4e99-86ae-da7f1c9442b2",
                "parentUUID": "55fcb5b1-8e58-4250-82b8-1ef0bd3ddc0e",
                "skipped": false
              },
              {
                "title": "pending test",
                "fullTitle": "Master Test Suite Test Suite - Failed After pending test",
                "timedOut": false,
                "duration": 0,
                "pass": false,
                "fail": false,
                "pending": true,
                "code": "",
                "err": {},
                "isRoot": false,
                "uuid": "46f8e61f-abd1-458a-a7ef-da4bf5a1db82",
                "parentUUID": "55fcb5b1-8e58-4250-82b8-1ef0bd3ddc0e",
                "skipped": false
              }
            ],
            "pending": [
              {
                "title": "pending test",
                "fullTitle": "Master Test Suite Test Suite - Failed After pending test",
                "timedOut": false,
                "duration": 0,
                "pass": false,
                "fail": false,
                "pending": true,
                "code": "",
                "err": {},
                "isRoot": false,
                "uuid": "2e3cbf35-8cff-4c0f-8ba5-cf20e2d66910",
                "parentUUID": "55fcb5b1-8e58-4250-82b8-1ef0bd3ddc0e",
                "skipped": false
              },
              {
                "title": "pending test",
                "fullTitle": "Master Test Suite Test Suite - Failed After pending test",
                "timedOut": false,
                "duration": 0,
                "pass": false,
                "fail": false,
                "pending": true,
                "code": "",
                "err": {},
                "isRoot": false,
                "uuid": "46f8e61f-abd1-458a-a7ef-da4bf5a1db82",
                "parentUUID": "55fcb5b1-8e58-4250-82b8-1ef0bd3ddc0e",
                "skipped": false
              }
            ],
            "root": false,
            "_timeout": 2000,
            "file": "/test-functional/test.js",
            "uuid": "55fcb5b1-8e58-4250-82b8-1ef0bd3ddc0e",
            "fullFile": "/Users/adamgruber/Sites/mochawesome/test-functional/test.js",
            "passes": [
              {
                "title": "passing test",
                "fullTitle": "Master Test Suite Test Suite - Failed After passing test",
                "timedOut": false,
                "duration": 0,
                "state": "passed",
                "speed": "fast",
                "pass": true,
                "fail": false,
                "pending": false,
                "code": "true.should.be.ok;\ndone();",
                "err": {},
                "isRoot": false,
                "uuid": "29927b3f-77b1-4995-8556-5ceddca4992c",
                "parentUUID": "55fcb5b1-8e58-4250-82b8-1ef0bd3ddc0e",
                "skipped": false
              },
              {
                "title": "passing test",
                "fullTitle": "Master Test Suite Test Suite - Failed After passing test",
                "timedOut": false,
                "duration": 0,
                "state": "passed",
                "speed": "fast",
                "pass": true,
                "fail": false,
                "pending": false,
                "code": "true.should.be.ok;\ndone();",
                "err": {},
                "isRoot": false,
                "uuid": "5648183f-0092-4e99-86ae-da7f1c9442b2",
                "parentUUID": "55fcb5b1-8e58-4250-82b8-1ef0bd3ddc0e",
                "skipped": false
              }
            ],
            "failures": [
              {
                "title": "failing test",
                "fullTitle": "Master Test Suite Test Suite - Failed After failing test",
                "timedOut": false,
                "duration": 0,
                "state": "failed",
                "pass": false,
                "fail": true,
                "pending": false,
                "code": "false.should.be.ok;\ndone();",
                "err": {
                  "name": "AssertionError",
                  "actual": false,
                  "operator": "to be truthy",
                  "message": "expected false to be truthy",
                  "generatedMessage": true,
                  "estack": "AssertionError: expected false to be truthy\n    at Assertion.prop.(anonymous function) (node_modules/should/lib/should.js:61:14)\n    at Context.<anonymous> (test-functional/test.js:71:7)"
                },
                "isRoot": false,
                "uuid": "ac9ffb6b-9349-425c-8c99-10414f7318ae",
                "parentUUID": "55fcb5b1-8e58-4250-82b8-1ef0bd3ddc0e",
                "skipped": false
              }
            ],
            "skipped": [],
            "hasTests": true,
            "hasSuites": false,
            "totalTests": 5,
            "totalPasses": 2,
            "totalFailures": 1,
            "totalPending": 2,
            "totalSkipped": 0,
            "hasPasses": true,
            "hasFailures": true,
            "hasPending": true,
            "hasSkipped": false,
            "duration": 0
          },
          "ctx": "[Circular ~.allPending.0.ctx]",
          "_events": {},
          "_eventsCount": 1,
          "duration": 0,
          "_error": null
        },
        "test": {
          "title": "\"after all\" hook: failing after hook",
          "body": "function () {\n      console.log('a');\n    }",
          "async": 0,
          "sync": true,
          "_timeout": 2000,
          "_slow": 75,
          "_enableTimeouts": true,
          "timedOut": false,
          "_trace": {},
          "_retries": -1,
          "_currentRetry": 0,
          "pending": false,
          "type": "hook",
          "parent": {
            "title": "Test Suite - Failed After",
            "suites": [],
            "tests": [
              {
                "title": "passing test",
                "fullTitle": "Master Test Suite Test Suite - Failed After passing test",
                "timedOut": false,
                "duration": 0,
                "state": "passed",
                "speed": "fast",
                "pass": true,
                "fail": false,
                "pending": false,
                "code": "true.should.be.ok;\ndone();",
                "err": {},
                "isRoot": false,
                "uuid": "29927b3f-77b1-4995-8556-5ceddca4992c",
                "parentUUID": "55fcb5b1-8e58-4250-82b8-1ef0bd3ddc0e",
                "skipped": false
              },
              {
                "title": "pending test",
                "fullTitle": "Master Test Suite Test Suite - Failed After pending test",
                "timedOut": false,
                "duration": 0,
                "pass": false,
                "fail": false,
                "pending": true,
                "code": "",
                "err": {},
                "isRoot": false,
                "uuid": "2e3cbf35-8cff-4c0f-8ba5-cf20e2d66910",
                "parentUUID": "55fcb5b1-8e58-4250-82b8-1ef0bd3ddc0e",
                "skipped": false
              },
              {
                "title": "failing test",
                "fullTitle": "Master Test Suite Test Suite - Failed After failing test",
                "timedOut": false,
                "duration": 0,
                "state": "failed",
                "pass": false,
                "fail": true,
                "pending": false,
                "code": "false.should.be.ok;\ndone();",
                "err": {
                  "name": "AssertionError",
                  "actual": false,
                  "operator": "to be truthy",
                  "message": "expected false to be truthy",
                  "generatedMessage": true,
                  "estack": "AssertionError: expected false to be truthy\n    at Assertion.prop.(anonymous function) (node_modules/should/lib/should.js:61:14)\n    at Context.<anonymous> (test-functional/test.js:71:7)"
                },
                "isRoot": false,
                "uuid": "ac9ffb6b-9349-425c-8c99-10414f7318ae",
                "parentUUID": "55fcb5b1-8e58-4250-82b8-1ef0bd3ddc0e",
                "skipped": false
              },
              {
                "title": "passing test",
                "fullTitle": "Master Test Suite Test Suite - Failed After passing test",
                "timedOut": false,
                "duration": 0,
                "state": "passed",
                "speed": "fast",
                "pass": true,
                "fail": false,
                "pending": false,
                "code": "true.should.be.ok;\ndone();",
                "err": {},
                "isRoot": false,
                "uuid": "5648183f-0092-4e99-86ae-da7f1c9442b2",
                "parentUUID": "55fcb5b1-8e58-4250-82b8-1ef0bd3ddc0e",
                "skipped": false
              },
              {
                "title": "pending test",
                "fullTitle": "Master Test Suite Test Suite - Failed After pending test",
                "timedOut": false,
                "duration": 0,
                "pass": false,
                "fail": false,
                "pending": true,
                "code": "",
                "err": {},
                "isRoot": false,
                "uuid": "46f8e61f-abd1-458a-a7ef-da4bf5a1db82",
                "parentUUID": "55fcb5b1-8e58-4250-82b8-1ef0bd3ddc0e",
                "skipped": false
              }
            ],
            "pending": [
              {
                "title": "pending test",
                "fullTitle": "Master Test Suite Test Suite - Failed After pending test",
                "timedOut": false,
                "duration": 0,
                "pass": false,
                "fail": false,
                "pending": true,
                "code": "",
                "err": {},
                "isRoot": false,
                "uuid": "2e3cbf35-8cff-4c0f-8ba5-cf20e2d66910",
                "parentUUID": "55fcb5b1-8e58-4250-82b8-1ef0bd3ddc0e",
                "skipped": false
              },
              {
                "title": "pending test",
                "fullTitle": "Master Test Suite Test Suite - Failed After pending test",
                "timedOut": false,
                "duration": 0,
                "pass": false,
                "fail": false,
                "pending": true,
                "code": "",
                "err": {},
                "isRoot": false,
                "uuid": "46f8e61f-abd1-458a-a7ef-da4bf5a1db82",
                "parentUUID": "55fcb5b1-8e58-4250-82b8-1ef0bd3ddc0e",
                "skipped": false
              }
            ],
            "root": false,
            "_timeout": 2000,
            "file": "/test-functional/test.js",
            "uuid": "55fcb5b1-8e58-4250-82b8-1ef0bd3ddc0e",
            "fullFile": "/Users/adamgruber/Sites/mochawesome/test-functional/test.js",
            "passes": [
              {
                "title": "passing test",
                "fullTitle": "Master Test Suite Test Suite - Failed After passing test",
                "timedOut": false,
                "duration": 0,
                "state": "passed",
                "speed": "fast",
                "pass": true,
                "fail": false,
                "pending": false,
                "code": "true.should.be.ok;\ndone();",
                "err": {},
                "isRoot": false,
                "uuid": "29927b3f-77b1-4995-8556-5ceddca4992c",
                "parentUUID": "55fcb5b1-8e58-4250-82b8-1ef0bd3ddc0e",
                "skipped": false
              },
              {
                "title": "passing test",
                "fullTitle": "Master Test Suite Test Suite - Failed After passing test",
                "timedOut": false,
                "duration": 0,
                "state": "passed",
                "speed": "fast",
                "pass": true,
                "fail": false,
                "pending": false,
                "code": "true.should.be.ok;\ndone();",
                "err": {},
                "isRoot": false,
                "uuid": "5648183f-0092-4e99-86ae-da7f1c9442b2",
                "parentUUID": "55fcb5b1-8e58-4250-82b8-1ef0bd3ddc0e",
                "skipped": false
              }
            ],
            "failures": [
              {
                "title": "failing test",
                "fullTitle": "Master Test Suite Test Suite - Failed After failing test",
                "timedOut": false,
                "duration": 0,
                "state": "failed",
                "pass": false,
                "fail": true,
                "pending": false,
                "code": "false.should.be.ok;\ndone();",
                "err": {
                  "name": "AssertionError",
                  "actual": false,
                  "operator": "to be truthy",
                  "message": "expected false to be truthy",
                  "generatedMessage": true,
                  "estack": "AssertionError: expected false to be truthy\n    at Assertion.prop.(anonymous function) (node_modules/should/lib/should.js:61:14)\n    at Context.<anonymous> (test-functional/test.js:71:7)"
                },
                "isRoot": false,
                "uuid": "ac9ffb6b-9349-425c-8c99-10414f7318ae",
                "parentUUID": "55fcb5b1-8e58-4250-82b8-1ef0bd3ddc0e",
                "skipped": false
              }
            ],
            "skipped": [],
            "hasTests": true,
            "hasSuites": false,
            "totalTests": 5,
            "totalPasses": 2,
            "totalFailures": 1,
            "totalPending": 2,
            "totalSkipped": 0,
            "hasPasses": true,
            "hasFailures": true,
            "hasPending": true,
            "hasSkipped": false,
            "duration": 0
          },
          "ctx": "[Circular ~.allPending.0.ctx]",
          "_events": {},
          "_eventsCount": 1,
          "duration": 0,
          "_error": null
        }
      },
      "uuid": "2e3cbf35-8cff-4c0f-8ba5-cf20e2d66910"
    },
    {
      "title": "pending test",
      "body": "",
      "sync": true,
      "_timeout": 2000,
      "_slow": 75,
      "_enableTimeouts": true,
      "timedOut": false,
      "_trace": {},
      "_retries": -1,
      "_currentRetry": 0,
      "pending": true,
      "type": "test",
      "file": "/Users/adamgruber/Sites/mochawesome/test-functional/test.js",
      "parent": {
        "title": "Test Suite - Failed After",
        "suites": [],
        "tests": [
          {
            "title": "passing test",
            "fullTitle": "Master Test Suite Test Suite - Failed After passing test",
            "timedOut": false,
            "duration": 0,
            "state": "passed",
            "speed": "fast",
            "pass": true,
            "fail": false,
            "pending": false,
            "code": "true.should.be.ok;\ndone();",
            "err": {},
            "isRoot": false,
            "uuid": "29927b3f-77b1-4995-8556-5ceddca4992c",
            "parentUUID": "55fcb5b1-8e58-4250-82b8-1ef0bd3ddc0e",
            "skipped": false
          },
          {
            "title": "pending test",
            "fullTitle": "Master Test Suite Test Suite - Failed After pending test",
            "timedOut": false,
            "duration": 0,
            "pass": false,
            "fail": false,
            "pending": true,
            "code": "",
            "err": {},
            "isRoot": false,
            "uuid": "2e3cbf35-8cff-4c0f-8ba5-cf20e2d66910",
            "parentUUID": "55fcb5b1-8e58-4250-82b8-1ef0bd3ddc0e",
            "skipped": false
          },
          {
            "title": "failing test",
            "fullTitle": "Master Test Suite Test Suite - Failed After failing test",
            "timedOut": false,
            "duration": 0,
            "state": "failed",
            "pass": false,
            "fail": true,
            "pending": false,
            "code": "false.should.be.ok;\ndone();",
            "err": {
              "name": "AssertionError",
              "actual": false,
              "operator": "to be truthy",
              "message": "expected false to be truthy",
              "generatedMessage": true,
              "estack": "AssertionError: expected false to be truthy\n    at Assertion.prop.(anonymous function) (node_modules/should/lib/should.js:61:14)\n    at Context.<anonymous> (test-functional/test.js:71:7)"
            },
            "isRoot": false,
            "uuid": "ac9ffb6b-9349-425c-8c99-10414f7318ae",
            "parentUUID": "55fcb5b1-8e58-4250-82b8-1ef0bd3ddc0e",
            "skipped": false
          },
          {
            "title": "passing test",
            "fullTitle": "Master Test Suite Test Suite - Failed After passing test",
            "timedOut": false,
            "duration": 0,
            "state": "passed",
            "speed": "fast",
            "pass": true,
            "fail": false,
            "pending": false,
            "code": "true.should.be.ok;\ndone();",
            "err": {},
            "isRoot": false,
            "uuid": "5648183f-0092-4e99-86ae-da7f1c9442b2",
            "parentUUID": "55fcb5b1-8e58-4250-82b8-1ef0bd3ddc0e",
            "skipped": false
          },
          {
            "title": "pending test",
            "fullTitle": "Master Test Suite Test Suite - Failed After pending test",
            "timedOut": false,
            "duration": 0,
            "pass": false,
            "fail": false,
            "pending": true,
            "code": "",
            "err": {},
            "isRoot": false,
            "uuid": "46f8e61f-abd1-458a-a7ef-da4bf5a1db82",
            "parentUUID": "55fcb5b1-8e58-4250-82b8-1ef0bd3ddc0e",
            "skipped": false
          }
        ],
        "pending": [
          {
            "title": "pending test",
            "fullTitle": "Master Test Suite Test Suite - Failed After pending test",
            "timedOut": false,
            "duration": 0,
            "pass": false,
            "fail": false,
            "pending": true,
            "code": "",
            "err": {},
            "isRoot": false,
            "uuid": "2e3cbf35-8cff-4c0f-8ba5-cf20e2d66910",
            "parentUUID": "55fcb5b1-8e58-4250-82b8-1ef0bd3ddc0e",
            "skipped": false
          },
          {
            "title": "pending test",
            "fullTitle": "Master Test Suite Test Suite - Failed After pending test",
            "timedOut": false,
            "duration": 0,
            "pass": false,
            "fail": false,
            "pending": true,
            "code": "",
            "err": {},
            "isRoot": false,
            "uuid": "46f8e61f-abd1-458a-a7ef-da4bf5a1db82",
            "parentUUID": "55fcb5b1-8e58-4250-82b8-1ef0bd3ddc0e",
            "skipped": false
          }
        ],
        "root": false,
        "_timeout": 2000,
        "file": "/test-functional/test.js",
        "uuid": "55fcb5b1-8e58-4250-82b8-1ef0bd3ddc0e",
        "fullFile": "/Users/adamgruber/Sites/mochawesome/test-functional/test.js",
        "passes": [
          {
            "title": "passing test",
            "fullTitle": "Master Test Suite Test Suite - Failed After passing test",
            "timedOut": false,
            "duration": 0,
            "state": "passed",
            "speed": "fast",
            "pass": true,
            "fail": false,
            "pending": false,
            "code": "true.should.be.ok;\ndone();",
            "err": {},
            "isRoot": false,
            "uuid": "29927b3f-77b1-4995-8556-5ceddca4992c",
            "parentUUID": "55fcb5b1-8e58-4250-82b8-1ef0bd3ddc0e",
            "skipped": false
          },
          {
            "title": "passing test",
            "fullTitle": "Master Test Suite Test Suite - Failed After passing test",
            "timedOut": false,
            "duration": 0,
            "state": "passed",
            "speed": "fast",
            "pass": true,
            "fail": false,
            "pending": false,
            "code": "true.should.be.ok;\ndone();",
            "err": {},
            "isRoot": false,
            "uuid": "5648183f-0092-4e99-86ae-da7f1c9442b2",
            "parentUUID": "55fcb5b1-8e58-4250-82b8-1ef0bd3ddc0e",
            "skipped": false
          }
        ],
        "failures": [
          {
            "title": "failing test",
            "fullTitle": "Master Test Suite Test Suite - Failed After failing test",
            "timedOut": false,
            "duration": 0,
            "state": "failed",
            "pass": false,
            "fail": true,
            "pending": false,
            "code": "false.should.be.ok;\ndone();",
            "err": {
              "name": "AssertionError",
              "actual": false,
              "operator": "to be truthy",
              "message": "expected false to be truthy",
              "generatedMessage": true,
              "estack": "AssertionError: expected false to be truthy\n    at Assertion.prop.(anonymous function) (node_modules/should/lib/should.js:61:14)\n    at Context.<anonymous> (test-functional/test.js:71:7)"
            },
            "isRoot": false,
            "uuid": "ac9ffb6b-9349-425c-8c99-10414f7318ae",
            "parentUUID": "55fcb5b1-8e58-4250-82b8-1ef0bd3ddc0e",
            "skipped": false
          }
        ],
        "skipped": [],
        "hasTests": true,
        "hasSuites": false,
        "totalTests": 5,
        "totalPasses": 2,
        "totalFailures": 1,
        "totalPending": 2,
        "totalSkipped": 0,
        "hasPasses": true,
        "hasFailures": true,
        "hasPending": true,
        "hasSkipped": false,
        "duration": 0
      },
      "ctx": {
        "_runnable": {
          "title": "\"after all\" hook: failing after hook",
          "body": "function () {\n      console.log('a');\n    }",
          "async": 0,
          "sync": true,
          "_timeout": 2000,
          "_slow": 75,
          "_enableTimeouts": true,
          "timedOut": false,
          "_trace": {},
          "_retries": -1,
          "_currentRetry": 0,
          "pending": false,
          "type": "hook",
          "parent": {
            "title": "Test Suite - Failed After",
            "suites": [],
            "tests": [
              {
                "title": "passing test",
                "fullTitle": "Master Test Suite Test Suite - Failed After passing test",
                "timedOut": false,
                "duration": 0,
                "state": "passed",
                "speed": "fast",
                "pass": true,
                "fail": false,
                "pending": false,
                "code": "true.should.be.ok;\ndone();",
                "err": {},
                "isRoot": false,
                "uuid": "29927b3f-77b1-4995-8556-5ceddca4992c",
                "parentUUID": "55fcb5b1-8e58-4250-82b8-1ef0bd3ddc0e",
                "skipped": false
              },
              {
                "title": "pending test",
                "fullTitle": "Master Test Suite Test Suite - Failed After pending test",
                "timedOut": false,
                "duration": 0,
                "pass": false,
                "fail": false,
                "pending": true,
                "code": "",
                "err": {},
                "isRoot": false,
                "uuid": "2e3cbf35-8cff-4c0f-8ba5-cf20e2d66910",
                "parentUUID": "55fcb5b1-8e58-4250-82b8-1ef0bd3ddc0e",
                "skipped": false
              },
              {
                "title": "failing test",
                "fullTitle": "Master Test Suite Test Suite - Failed After failing test",
                "timedOut": false,
                "duration": 0,
                "state": "failed",
                "pass": false,
                "fail": true,
                "pending": false,
                "code": "false.should.be.ok;\ndone();",
                "err": {
                  "name": "AssertionError",
                  "actual": false,
                  "operator": "to be truthy",
                  "message": "expected false to be truthy",
                  "generatedMessage": true,
                  "estack": "AssertionError: expected false to be truthy\n    at Assertion.prop.(anonymous function) (node_modules/should/lib/should.js:61:14)\n    at Context.<anonymous> (test-functional/test.js:71:7)"
                },
                "isRoot": false,
                "uuid": "ac9ffb6b-9349-425c-8c99-10414f7318ae",
                "parentUUID": "55fcb5b1-8e58-4250-82b8-1ef0bd3ddc0e",
                "skipped": false
              },
              {
                "title": "passing test",
                "fullTitle": "Master Test Suite Test Suite - Failed After passing test",
                "timedOut": false,
                "duration": 0,
                "state": "passed",
                "speed": "fast",
                "pass": true,
                "fail": false,
                "pending": false,
                "code": "true.should.be.ok;\ndone();",
                "err": {},
                "isRoot": false,
                "uuid": "5648183f-0092-4e99-86ae-da7f1c9442b2",
                "parentUUID": "55fcb5b1-8e58-4250-82b8-1ef0bd3ddc0e",
                "skipped": false
              },
              {
                "title": "pending test",
                "fullTitle": "Master Test Suite Test Suite - Failed After pending test",
                "timedOut": false,
                "duration": 0,
                "pass": false,
                "fail": false,
                "pending": true,
                "code": "",
                "err": {},
                "isRoot": false,
                "uuid": "46f8e61f-abd1-458a-a7ef-da4bf5a1db82",
                "parentUUID": "55fcb5b1-8e58-4250-82b8-1ef0bd3ddc0e",
                "skipped": false
              }
            ],
            "pending": [
              {
                "title": "pending test",
                "fullTitle": "Master Test Suite Test Suite - Failed After pending test",
                "timedOut": false,
                "duration": 0,
                "pass": false,
                "fail": false,
                "pending": true,
                "code": "",
                "err": {},
                "isRoot": false,
                "uuid": "2e3cbf35-8cff-4c0f-8ba5-cf20e2d66910",
                "parentUUID": "55fcb5b1-8e58-4250-82b8-1ef0bd3ddc0e",
                "skipped": false
              },
              {
                "title": "pending test",
                "fullTitle": "Master Test Suite Test Suite - Failed After pending test",
                "timedOut": false,
                "duration": 0,
                "pass": false,
                "fail": false,
                "pending": true,
                "code": "",
                "err": {},
                "isRoot": false,
                "uuid": "46f8e61f-abd1-458a-a7ef-da4bf5a1db82",
                "parentUUID": "55fcb5b1-8e58-4250-82b8-1ef0bd3ddc0e",
                "skipped": false
              }
            ],
            "root": false,
            "_timeout": 2000,
            "file": "/test-functional/test.js",
            "uuid": "55fcb5b1-8e58-4250-82b8-1ef0bd3ddc0e",
            "fullFile": "/Users/adamgruber/Sites/mochawesome/test-functional/test.js",
            "passes": [
              {
                "title": "passing test",
                "fullTitle": "Master Test Suite Test Suite - Failed After passing test",
                "timedOut": false,
                "duration": 0,
                "state": "passed",
                "speed": "fast",
                "pass": true,
                "fail": false,
                "pending": false,
                "code": "true.should.be.ok;\ndone();",
                "err": {},
                "isRoot": false,
                "uuid": "29927b3f-77b1-4995-8556-5ceddca4992c",
                "parentUUID": "55fcb5b1-8e58-4250-82b8-1ef0bd3ddc0e",
                "skipped": false
              },
              {
                "title": "passing test",
                "fullTitle": "Master Test Suite Test Suite - Failed After passing test",
                "timedOut": false,
                "duration": 0,
                "state": "passed",
                "speed": "fast",
                "pass": true,
                "fail": false,
                "pending": false,
                "code": "true.should.be.ok;\ndone();",
                "err": {},
                "isRoot": false,
                "uuid": "5648183f-0092-4e99-86ae-da7f1c9442b2",
                "parentUUID": "55fcb5b1-8e58-4250-82b8-1ef0bd3ddc0e",
                "skipped": false
              }
            ],
            "failures": [
              {
                "title": "failing test",
                "fullTitle": "Master Test Suite Test Suite - Failed After failing test",
                "timedOut": false,
                "duration": 0,
                "state": "failed",
                "pass": false,
                "fail": true,
                "pending": false,
                "code": "false.should.be.ok;\ndone();",
                "err": {
                  "name": "AssertionError",
                  "actual": false,
                  "operator": "to be truthy",
                  "message": "expected false to be truthy",
                  "generatedMessage": true,
                  "estack": "AssertionError: expected false to be truthy\n    at Assertion.prop.(anonymous function) (node_modules/should/lib/should.js:61:14)\n    at Context.<anonymous> (test-functional/test.js:71:7)"
                },
                "isRoot": false,
                "uuid": "ac9ffb6b-9349-425c-8c99-10414f7318ae",
                "parentUUID": "55fcb5b1-8e58-4250-82b8-1ef0bd3ddc0e",
                "skipped": false
              }
            ],
            "skipped": [],
            "hasTests": true,
            "hasSuites": false,
            "totalTests": 5,
            "totalPasses": 2,
            "totalFailures": 1,
            "totalPending": 2,
            "totalSkipped": 0,
            "hasPasses": true,
            "hasFailures": true,
            "hasPending": true,
            "hasSkipped": false,
            "duration": 0
          },
          "ctx": "[Circular ~.allPending.1.ctx]",
          "_events": {},
          "_eventsCount": 1,
          "duration": 0,
          "_error": null
        },
        "test": {
          "title": "\"after all\" hook: failing after hook",
          "body": "function () {\n      console.log('a');\n    }",
          "async": 0,
          "sync": true,
          "_timeout": 2000,
          "_slow": 75,
          "_enableTimeouts": true,
          "timedOut": false,
          "_trace": {},
          "_retries": -1,
          "_currentRetry": 0,
          "pending": false,
          "type": "hook",
          "parent": {
            "title": "Test Suite - Failed After",
            "suites": [],
            "tests": [
              {
                "title": "passing test",
                "fullTitle": "Master Test Suite Test Suite - Failed After passing test",
                "timedOut": false,
                "duration": 0,
                "state": "passed",
                "speed": "fast",
                "pass": true,
                "fail": false,
                "pending": false,
                "code": "true.should.be.ok;\ndone();",
                "err": {},
                "isRoot": false,
                "uuid": "29927b3f-77b1-4995-8556-5ceddca4992c",
                "parentUUID": "55fcb5b1-8e58-4250-82b8-1ef0bd3ddc0e",
                "skipped": false
              },
              {
                "title": "pending test",
                "fullTitle": "Master Test Suite Test Suite - Failed After pending test",
                "timedOut": false,
                "duration": 0,
                "pass": false,
                "fail": false,
                "pending": true,
                "code": "",
                "err": {},
                "isRoot": false,
                "uuid": "2e3cbf35-8cff-4c0f-8ba5-cf20e2d66910",
                "parentUUID": "55fcb5b1-8e58-4250-82b8-1ef0bd3ddc0e",
                "skipped": false
              },
              {
                "title": "failing test",
                "fullTitle": "Master Test Suite Test Suite - Failed After failing test",
                "timedOut": false,
                "duration": 0,
                "state": "failed",
                "pass": false,
                "fail": true,
                "pending": false,
                "code": "false.should.be.ok;\ndone();",
                "err": {
                  "name": "AssertionError",
                  "actual": false,
                  "operator": "to be truthy",
                  "message": "expected false to be truthy",
                  "generatedMessage": true,
                  "estack": "AssertionError: expected false to be truthy\n    at Assertion.prop.(anonymous function) (node_modules/should/lib/should.js:61:14)\n    at Context.<anonymous> (test-functional/test.js:71:7)"
                },
                "isRoot": false,
                "uuid": "ac9ffb6b-9349-425c-8c99-10414f7318ae",
                "parentUUID": "55fcb5b1-8e58-4250-82b8-1ef0bd3ddc0e",
                "skipped": false
              },
              {
                "title": "passing test",
                "fullTitle": "Master Test Suite Test Suite - Failed After passing test",
                "timedOut": false,
                "duration": 0,
                "state": "passed",
                "speed": "fast",
                "pass": true,
                "fail": false,
                "pending": false,
                "code": "true.should.be.ok;\ndone();",
                "err": {},
                "isRoot": false,
                "uuid": "5648183f-0092-4e99-86ae-da7f1c9442b2",
                "parentUUID": "55fcb5b1-8e58-4250-82b8-1ef0bd3ddc0e",
                "skipped": false
              },
              {
                "title": "pending test",
                "fullTitle": "Master Test Suite Test Suite - Failed After pending test",
                "timedOut": false,
                "duration": 0,
                "pass": false,
                "fail": false,
                "pending": true,
                "code": "",
                "err": {},
                "isRoot": false,
                "uuid": "46f8e61f-abd1-458a-a7ef-da4bf5a1db82",
                "parentUUID": "55fcb5b1-8e58-4250-82b8-1ef0bd3ddc0e",
                "skipped": false
              }
            ],
            "pending": [
              {
                "title": "pending test",
                "fullTitle": "Master Test Suite Test Suite - Failed After pending test",
                "timedOut": false,
                "duration": 0,
                "pass": false,
                "fail": false,
                "pending": true,
                "code": "",
                "err": {},
                "isRoot": false,
                "uuid": "2e3cbf35-8cff-4c0f-8ba5-cf20e2d66910",
                "parentUUID": "55fcb5b1-8e58-4250-82b8-1ef0bd3ddc0e",
                "skipped": false
              },
              {
                "title": "pending test",
                "fullTitle": "Master Test Suite Test Suite - Failed After pending test",
                "timedOut": false,
                "duration": 0,
                "pass": false,
                "fail": false,
                "pending": true,
                "code": "",
                "err": {},
                "isRoot": false,
                "uuid": "46f8e61f-abd1-458a-a7ef-da4bf5a1db82",
                "parentUUID": "55fcb5b1-8e58-4250-82b8-1ef0bd3ddc0e",
                "skipped": false
              }
            ],
            "root": false,
            "_timeout": 2000,
            "file": "/test-functional/test.js",
            "uuid": "55fcb5b1-8e58-4250-82b8-1ef0bd3ddc0e",
            "fullFile": "/Users/adamgruber/Sites/mochawesome/test-functional/test.js",
            "passes": [
              {
                "title": "passing test",
                "fullTitle": "Master Test Suite Test Suite - Failed After passing test",
                "timedOut": false,
                "duration": 0,
                "state": "passed",
                "speed": "fast",
                "pass": true,
                "fail": false,
                "pending": false,
                "code": "true.should.be.ok;\ndone();",
                "err": {},
                "isRoot": false,
                "uuid": "29927b3f-77b1-4995-8556-5ceddca4992c",
                "parentUUID": "55fcb5b1-8e58-4250-82b8-1ef0bd3ddc0e",
                "skipped": false
              },
              {
                "title": "passing test",
                "fullTitle": "Master Test Suite Test Suite - Failed After passing test",
                "timedOut": false,
                "duration": 0,
                "state": "passed",
                "speed": "fast",
                "pass": true,
                "fail": false,
                "pending": false,
                "code": "true.should.be.ok;\ndone();",
                "err": {},
                "isRoot": false,
                "uuid": "5648183f-0092-4e99-86ae-da7f1c9442b2",
                "parentUUID": "55fcb5b1-8e58-4250-82b8-1ef0bd3ddc0e",
                "skipped": false
              }
            ],
            "failures": [
              {
                "title": "failing test",
                "fullTitle": "Master Test Suite Test Suite - Failed After failing test",
                "timedOut": false,
                "duration": 0,
                "state": "failed",
                "pass": false,
                "fail": true,
                "pending": false,
                "code": "false.should.be.ok;\ndone();",
                "err": {
                  "name": "AssertionError",
                  "actual": false,
                  "operator": "to be truthy",
                  "message": "expected false to be truthy",
                  "generatedMessage": true,
                  "estack": "AssertionError: expected false to be truthy\n    at Assertion.prop.(anonymous function) (node_modules/should/lib/should.js:61:14)\n    at Context.<anonymous> (test-functional/test.js:71:7)"
                },
                "isRoot": false,
                "uuid": "ac9ffb6b-9349-425c-8c99-10414f7318ae",
                "parentUUID": "55fcb5b1-8e58-4250-82b8-1ef0bd3ddc0e",
                "skipped": false
              }
            ],
            "skipped": [],
            "hasTests": true,
            "hasSuites": false,
            "totalTests": 5,
            "totalPasses": 2,
            "totalFailures": 1,
            "totalPending": 2,
            "totalSkipped": 0,
            "hasPasses": true,
            "hasFailures": true,
            "hasPending": true,
            "hasSkipped": false,
            "duration": 0
          },
          "ctx": "[Circular ~.allPending.1.ctx]",
          "_events": {},
          "_eventsCount": 1,
          "duration": 0,
          "_error": null
        }
      },
      "uuid": "46f8e61f-abd1-458a-a7ef-da4bf5a1db82"
    },
    {
      "title": "pending test",
      "body": "",
      "sync": true,
      "_timeout": 2000,
      "_slow": 75,
      "_enableTimeouts": true,
      "timedOut": false,
      "_trace": {},
      "_retries": -1,
      "_currentRetry": 0,
      "pending": true,
      "type": "test",
      "file": "/Users/adamgruber/Sites/mochawesome/test-functional/test.js",
      "parent": {
        "title": "Test Suite - Pend",
        "suites": [],
        "tests": [
          {
            "title": "pending test",
            "fullTitle": "Master Test Suite Test Suite - Pend pending test",
            "timedOut": false,
            "duration": 0,
            "pass": false,
            "fail": false,
            "pending": true,
            "code": "",
            "err": {},
            "isRoot": false,
            "uuid": "a577d232-da4b-4c3a-822a-f74835c66877",
            "parentUUID": "176b03ad-42fe-4bc6-89ba-042c616deb50",
            "skipped": false
          }
        ],
        "pending": [
          {
            "title": "pending test",
            "fullTitle": "Master Test Suite Test Suite - Pend pending test",
            "timedOut": false,
            "duration": 0,
            "pass": false,
            "fail": false,
            "pending": true,
            "code": "",
            "err": {},
            "isRoot": false,
            "uuid": "a577d232-da4b-4c3a-822a-f74835c66877",
            "parentUUID": "176b03ad-42fe-4bc6-89ba-042c616deb50",
            "skipped": false
          }
        ],
        "root": false,
        "_timeout": 2000,
        "file": "/test-functional/test.js",
        "uuid": "176b03ad-42fe-4bc6-89ba-042c616deb50",
        "fullFile": "/Users/adamgruber/Sites/mochawesome/test-functional/test.js",
        "passes": [],
        "failures": [],
        "skipped": [],
        "hasTests": true,
        "hasSuites": false,
        "totalTests": 1,
        "totalPasses": 0,
        "totalFailures": 0,
        "totalPending": 1,
        "totalSkipped": 0,
        "hasPasses": false,
        "hasFailures": false,
        "hasPending": true,
        "hasSkipped": false,
        "duration": 0
      },
      "ctx": {},
      "uuid": "a577d232-da4b-4c3a-822a-f74835c66877"
    },
    {
      "title": "pending test",
      "body": "",
      "sync": true,
      "_timeout": 2000,
      "_slow": 75,
      "_enableTimeouts": true,
      "timedOut": false,
      "_trace": {},
      "_retries": -1,
      "_currentRetry": 0,
      "pending": true,
      "type": "test",
      "file": "/Users/adamgruber/Sites/mochawesome/test-functional/test.js",
      "parent": {
        "title": "Test Suite - Failed After Each",
        "suites": [],
        "tests": [
          {
            "title": "passing test",
            "fullTitle": "Master Test Suite Test Suite - Failed After Each passing test",
            "timedOut": false,
            "duration": 0,
            "state": "passed",
            "speed": "fast",
            "pass": true,
            "fail": false,
            "pending": false,
            "code": "true.should.be.ok;\ndone();",
            "err": {},
            "isRoot": false,
            "uuid": "a8f65990-ac33-4cf1-a6f1-0017f877ecbf",
            "parentUUID": "cee29574-dba3-42e6-b5e7-42e22392377f",
            "skipped": false
          },
          {
            "title": "pending test",
            "fullTitle": "Master Test Suite Test Suite - Failed After Each pending test",
            "timedOut": false,
            "duration": 0,
            "pass": false,
            "fail": false,
            "pending": true,
            "code": "",
            "err": {},
            "isRoot": false,
            "uuid": "e5df6258-bd09-47be-ab84-6d71865d37f6",
            "parentUUID": "cee29574-dba3-42e6-b5e7-42e22392377f",
            "skipped": false
          },
          {
            "title": "failing test",
            "fullTitle": "Master Test Suite Test Suite - Failed After Each failing test",
            "timedOut": false,
            "duration": 0,
            "state": "failed",
            "pass": false,
            "fail": true,
            "pending": false,
            "code": "false.should.be.ok;\ndone();",
            "err": {
              "name": "AssertionError",
              "actual": false,
              "operator": "to be truthy",
              "message": "expected false to be truthy",
              "generatedMessage": true,
              "estack": "AssertionError: expected false to be truthy\n    at Assertion.prop.(anonymous function) (node_modules/should/lib/should.js:61:14)\n    at Context.<anonymous> (test-functional/test.js:164:7)"
            },
            "isRoot": false,
            "uuid": "6d237c54-07ad-4365-8e43-bc29656b46b3",
            "parentUUID": "cee29574-dba3-42e6-b5e7-42e22392377f",
            "skipped": false
          },
          {
            "title": "passing test",
            "fullTitle": "Master Test Suite Test Suite - Failed After Each passing test",
            "timedOut": false,
            "duration": 0,
            "state": "passed",
            "speed": "fast",
            "pass": true,
            "fail": false,
            "pending": false,
            "code": "true.should.be.ok;\ndone();",
            "err": {},
            "isRoot": false,
            "uuid": "328de578-409a-4c35-8d53-95e24d71304e",
            "parentUUID": "cee29574-dba3-42e6-b5e7-42e22392377f",
            "skipped": false
          },
          {
            "title": "pending test",
            "fullTitle": "Master Test Suite Test Suite - Failed After Each pending test",
            "timedOut": false,
            "duration": 0,
            "pass": false,
            "fail": false,
            "pending": true,
            "code": "",
            "err": {},
            "isRoot": false,
            "uuid": "d702710c-226d-4a7a-b55e-3a0c74bbba07",
            "parentUUID": "cee29574-dba3-42e6-b5e7-42e22392377f",
            "skipped": false
          }
        ],
        "pending": [
          {
            "title": "pending test",
            "fullTitle": "Master Test Suite Test Suite - Failed After Each pending test",
            "timedOut": false,
            "duration": 0,
            "pass": false,
            "fail": false,
            "pending": true,
            "code": "",
            "err": {},
            "isRoot": false,
            "uuid": "e5df6258-bd09-47be-ab84-6d71865d37f6",
            "parentUUID": "cee29574-dba3-42e6-b5e7-42e22392377f",
            "skipped": false
          },
          {
            "title": "pending test",
            "fullTitle": "Master Test Suite Test Suite - Failed After Each pending test",
            "timedOut": false,
            "duration": 0,
            "pass": false,
            "fail": false,
            "pending": true,
            "code": "",
            "err": {},
            "isRoot": false,
            "uuid": "d702710c-226d-4a7a-b55e-3a0c74bbba07",
            "parentUUID": "cee29574-dba3-42e6-b5e7-42e22392377f",
            "skipped": false
          }
        ],
        "root": false,
        "_timeout": 2000,
        "file": "/test-functional/test.js",
        "uuid": "cee29574-dba3-42e6-b5e7-42e22392377f",
        "fullFile": "/Users/adamgruber/Sites/mochawesome/test-functional/test.js",
        "passes": [
          {
            "title": "passing test",
            "fullTitle": "Master Test Suite Test Suite - Failed After Each passing test",
            "timedOut": false,
            "duration": 0,
            "state": "passed",
            "speed": "fast",
            "pass": true,
            "fail": false,
            "pending": false,
            "code": "true.should.be.ok;\ndone();",
            "err": {},
            "isRoot": false,
            "uuid": "a8f65990-ac33-4cf1-a6f1-0017f877ecbf",
            "parentUUID": "cee29574-dba3-42e6-b5e7-42e22392377f",
            "skipped": false
          },
          {
            "title": "passing test",
            "fullTitle": "Master Test Suite Test Suite - Failed After Each passing test",
            "timedOut": false,
            "duration": 0,
            "state": "passed",
            "speed": "fast",
            "pass": true,
            "fail": false,
            "pending": false,
            "code": "true.should.be.ok;\ndone();",
            "err": {},
            "isRoot": false,
            "uuid": "328de578-409a-4c35-8d53-95e24d71304e",
            "parentUUID": "cee29574-dba3-42e6-b5e7-42e22392377f",
            "skipped": false
          }
        ],
        "failures": [
          {
            "title": "failing test",
            "fullTitle": "Master Test Suite Test Suite - Failed After Each failing test",
            "timedOut": false,
            "duration": 0,
            "state": "failed",
            "pass": false,
            "fail": true,
            "pending": false,
            "code": "false.should.be.ok;\ndone();",
            "err": {
              "name": "AssertionError",
              "actual": false,
              "operator": "to be truthy",
              "message": "expected false to be truthy",
              "generatedMessage": true,
              "estack": "AssertionError: expected false to be truthy\n    at Assertion.prop.(anonymous function) (node_modules/should/lib/should.js:61:14)\n    at Context.<anonymous> (test-functional/test.js:164:7)"
            },
            "isRoot": false,
            "uuid": "6d237c54-07ad-4365-8e43-bc29656b46b3",
            "parentUUID": "cee29574-dba3-42e6-b5e7-42e22392377f",
            "skipped": false
          }
        ],
        "skipped": [],
        "hasTests": true,
        "hasSuites": false,
        "totalTests": 5,
        "totalPasses": 2,
        "totalFailures": 1,
        "totalPending": 2,
        "totalSkipped": 0,
        "hasPasses": true,
        "hasFailures": true,
        "hasPending": true,
        "hasSkipped": false,
        "duration": 0
      },
      "ctx": {
        "_runnable": {
          "title": "\"after each\" hook: failing afterEach hook",
          "body": "function () {\n      console.log('a');\n    }",
          "async": 0,
          "sync": true,
          "_timeout": 2000,
          "_slow": 75,
          "_enableTimeouts": true,
          "timedOut": false,
          "_trace": {},
          "_retries": -1,
          "_currentRetry": 0,
          "pending": false,
          "type": "hook",
          "parent": {
            "title": "Test Suite - Failed After Each",
            "suites": [],
            "tests": [
              {
                "title": "passing test",
                "fullTitle": "Master Test Suite Test Suite - Failed After Each passing test",
                "timedOut": false,
                "duration": 0,
                "state": "passed",
                "speed": "fast",
                "pass": true,
                "fail": false,
                "pending": false,
                "code": "true.should.be.ok;\ndone();",
                "err": {},
                "isRoot": false,
                "uuid": "a8f65990-ac33-4cf1-a6f1-0017f877ecbf",
                "parentUUID": "cee29574-dba3-42e6-b5e7-42e22392377f",
                "skipped": false
              },
              {
                "title": "pending test",
                "fullTitle": "Master Test Suite Test Suite - Failed After Each pending test",
                "timedOut": false,
                "duration": 0,
                "pass": false,
                "fail": false,
                "pending": true,
                "code": "",
                "err": {},
                "isRoot": false,
                "uuid": "e5df6258-bd09-47be-ab84-6d71865d37f6",
                "parentUUID": "cee29574-dba3-42e6-b5e7-42e22392377f",
                "skipped": false
              },
              {
                "title": "failing test",
                "fullTitle": "Master Test Suite Test Suite - Failed After Each failing test",
                "timedOut": false,
                "duration": 0,
                "state": "failed",
                "pass": false,
                "fail": true,
                "pending": false,
                "code": "false.should.be.ok;\ndone();",
                "err": {
                  "name": "AssertionError",
                  "actual": false,
                  "operator": "to be truthy",
                  "message": "expected false to be truthy",
                  "generatedMessage": true,
                  "estack": "AssertionError: expected false to be truthy\n    at Assertion.prop.(anonymous function) (node_modules/should/lib/should.js:61:14)\n    at Context.<anonymous> (test-functional/test.js:164:7)"
                },
                "isRoot": false,
                "uuid": "6d237c54-07ad-4365-8e43-bc29656b46b3",
                "parentUUID": "cee29574-dba3-42e6-b5e7-42e22392377f",
                "skipped": false
              },
              {
                "title": "passing test",
                "fullTitle": "Master Test Suite Test Suite - Failed After Each passing test",
                "timedOut": false,
                "duration": 0,
                "state": "passed",
                "speed": "fast",
                "pass": true,
                "fail": false,
                "pending": false,
                "code": "true.should.be.ok;\ndone();",
                "err": {},
                "isRoot": false,
                "uuid": "328de578-409a-4c35-8d53-95e24d71304e",
                "parentUUID": "cee29574-dba3-42e6-b5e7-42e22392377f",
                "skipped": false
              },
              {
                "title": "pending test",
                "fullTitle": "Master Test Suite Test Suite - Failed After Each pending test",
                "timedOut": false,
                "duration": 0,
                "pass": false,
                "fail": false,
                "pending": true,
                "code": "",
                "err": {},
                "isRoot": false,
                "uuid": "d702710c-226d-4a7a-b55e-3a0c74bbba07",
                "parentUUID": "cee29574-dba3-42e6-b5e7-42e22392377f",
                "skipped": false
              }
            ],
            "pending": [
              {
                "title": "pending test",
                "fullTitle": "Master Test Suite Test Suite - Failed After Each pending test",
                "timedOut": false,
                "duration": 0,
                "pass": false,
                "fail": false,
                "pending": true,
                "code": "",
                "err": {},
                "isRoot": false,
                "uuid": "e5df6258-bd09-47be-ab84-6d71865d37f6",
                "parentUUID": "cee29574-dba3-42e6-b5e7-42e22392377f",
                "skipped": false
              },
              {
                "title": "pending test",
                "fullTitle": "Master Test Suite Test Suite - Failed After Each pending test",
                "timedOut": false,
                "duration": 0,
                "pass": false,
                "fail": false,
                "pending": true,
                "code": "",
                "err": {},
                "isRoot": false,
                "uuid": "d702710c-226d-4a7a-b55e-3a0c74bbba07",
                "parentUUID": "cee29574-dba3-42e6-b5e7-42e22392377f",
                "skipped": false
              }
            ],
            "root": false,
            "_timeout": 2000,
            "file": "/test-functional/test.js",
            "uuid": "cee29574-dba3-42e6-b5e7-42e22392377f",
            "fullFile": "/Users/adamgruber/Sites/mochawesome/test-functional/test.js",
            "passes": [
              {
                "title": "passing test",
                "fullTitle": "Master Test Suite Test Suite - Failed After Each passing test",
                "timedOut": false,
                "duration": 0,
                "state": "passed",
                "speed": "fast",
                "pass": true,
                "fail": false,
                "pending": false,
                "code": "true.should.be.ok;\ndone();",
                "err": {},
                "isRoot": false,
                "uuid": "a8f65990-ac33-4cf1-a6f1-0017f877ecbf",
                "parentUUID": "cee29574-dba3-42e6-b5e7-42e22392377f",
                "skipped": false
              },
              {
                "title": "passing test",
                "fullTitle": "Master Test Suite Test Suite - Failed After Each passing test",
                "timedOut": false,
                "duration": 0,
                "state": "passed",
                "speed": "fast",
                "pass": true,
                "fail": false,
                "pending": false,
                "code": "true.should.be.ok;\ndone();",
                "err": {},
                "isRoot": false,
                "uuid": "328de578-409a-4c35-8d53-95e24d71304e",
                "parentUUID": "cee29574-dba3-42e6-b5e7-42e22392377f",
                "skipped": false
              }
            ],
            "failures": [
              {
                "title": "failing test",
                "fullTitle": "Master Test Suite Test Suite - Failed After Each failing test",
                "timedOut": false,
                "duration": 0,
                "state": "failed",
                "pass": false,
                "fail": true,
                "pending": false,
                "code": "false.should.be.ok;\ndone();",
                "err": {
                  "name": "AssertionError",
                  "actual": false,
                  "operator": "to be truthy",
                  "message": "expected false to be truthy",
                  "generatedMessage": true,
                  "estack": "AssertionError: expected false to be truthy\n    at Assertion.prop.(anonymous function) (node_modules/should/lib/should.js:61:14)\n    at Context.<anonymous> (test-functional/test.js:164:7)"
                },
                "isRoot": false,
                "uuid": "6d237c54-07ad-4365-8e43-bc29656b46b3",
                "parentUUID": "cee29574-dba3-42e6-b5e7-42e22392377f",
                "skipped": false
              }
            ],
            "skipped": [],
            "hasTests": true,
            "hasSuites": false,
            "totalTests": 5,
            "totalPasses": 2,
            "totalFailures": 1,
            "totalPending": 2,
            "totalSkipped": 0,
            "hasPasses": true,
            "hasFailures": true,
            "hasPending": true,
            "hasSkipped": false,
            "duration": 0
          },
          "ctx": "[Circular ~.allPending.3.ctx]",
          "_events": {},
          "_eventsCount": 1,
          "duration": 0,
          "_error": null
        },
        "test": {
          "title": "\"after each\" hook: failing afterEach hook",
          "body": "function () {\n      console.log('a');\n    }",
          "async": 0,
          "sync": true,
          "_timeout": 2000,
          "_slow": 75,
          "_enableTimeouts": true,
          "timedOut": false,
          "_trace": {},
          "_retries": -1,
          "_currentRetry": 0,
          "pending": false,
          "type": "hook",
          "parent": {
            "title": "Test Suite - Failed After Each",
            "suites": [],
            "tests": [
              {
                "title": "passing test",
                "fullTitle": "Master Test Suite Test Suite - Failed After Each passing test",
                "timedOut": false,
                "duration": 0,
                "state": "passed",
                "speed": "fast",
                "pass": true,
                "fail": false,
                "pending": false,
                "code": "true.should.be.ok;\ndone();",
                "err": {},
                "isRoot": false,
                "uuid": "a8f65990-ac33-4cf1-a6f1-0017f877ecbf",
                "parentUUID": "cee29574-dba3-42e6-b5e7-42e22392377f",
                "skipped": false
              },
              {
                "title": "pending test",
                "fullTitle": "Master Test Suite Test Suite - Failed After Each pending test",
                "timedOut": false,
                "duration": 0,
                "pass": false,
                "fail": false,
                "pending": true,
                "code": "",
                "err": {},
                "isRoot": false,
                "uuid": "e5df6258-bd09-47be-ab84-6d71865d37f6",
                "parentUUID": "cee29574-dba3-42e6-b5e7-42e22392377f",
                "skipped": false
              },
              {
                "title": "failing test",
                "fullTitle": "Master Test Suite Test Suite - Failed After Each failing test",
                "timedOut": false,
                "duration": 0,
                "state": "failed",
                "pass": false,
                "fail": true,
                "pending": false,
                "code": "false.should.be.ok;\ndone();",
                "err": {
                  "name": "AssertionError",
                  "actual": false,
                  "operator": "to be truthy",
                  "message": "expected false to be truthy",
                  "generatedMessage": true,
                  "estack": "AssertionError: expected false to be truthy\n    at Assertion.prop.(anonymous function) (node_modules/should/lib/should.js:61:14)\n    at Context.<anonymous> (test-functional/test.js:164:7)"
                },
                "isRoot": false,
                "uuid": "6d237c54-07ad-4365-8e43-bc29656b46b3",
                "parentUUID": "cee29574-dba3-42e6-b5e7-42e22392377f",
                "skipped": false
              },
              {
                "title": "passing test",
                "fullTitle": "Master Test Suite Test Suite - Failed After Each passing test",
                "timedOut": false,
                "duration": 0,
                "state": "passed",
                "speed": "fast",
                "pass": true,
                "fail": false,
                "pending": false,
                "code": "true.should.be.ok;\ndone();",
                "err": {},
                "isRoot": false,
                "uuid": "328de578-409a-4c35-8d53-95e24d71304e",
                "parentUUID": "cee29574-dba3-42e6-b5e7-42e22392377f",
                "skipped": false
              },
              {
                "title": "pending test",
                "fullTitle": "Master Test Suite Test Suite - Failed After Each pending test",
                "timedOut": false,
                "duration": 0,
                "pass": false,
                "fail": false,
                "pending": true,
                "code": "",
                "err": {},
                "isRoot": false,
                "uuid": "d702710c-226d-4a7a-b55e-3a0c74bbba07",
                "parentUUID": "cee29574-dba3-42e6-b5e7-42e22392377f",
                "skipped": false
              }
            ],
            "pending": [
              {
                "title": "pending test",
                "fullTitle": "Master Test Suite Test Suite - Failed After Each pending test",
                "timedOut": false,
                "duration": 0,
                "pass": false,
                "fail": false,
                "pending": true,
                "code": "",
                "err": {},
                "isRoot": false,
                "uuid": "e5df6258-bd09-47be-ab84-6d71865d37f6",
                "parentUUID": "cee29574-dba3-42e6-b5e7-42e22392377f",
                "skipped": false
              },
              {
                "title": "pending test",
                "fullTitle": "Master Test Suite Test Suite - Failed After Each pending test",
                "timedOut": false,
                "duration": 0,
                "pass": false,
                "fail": false,
                "pending": true,
                "code": "",
                "err": {},
                "isRoot": false,
                "uuid": "d702710c-226d-4a7a-b55e-3a0c74bbba07",
                "parentUUID": "cee29574-dba3-42e6-b5e7-42e22392377f",
                "skipped": false
              }
            ],
            "root": false,
            "_timeout": 2000,
            "file": "/test-functional/test.js",
            "uuid": "cee29574-dba3-42e6-b5e7-42e22392377f",
            "fullFile": "/Users/adamgruber/Sites/mochawesome/test-functional/test.js",
            "passes": [
              {
                "title": "passing test",
                "fullTitle": "Master Test Suite Test Suite - Failed After Each passing test",
                "timedOut": false,
                "duration": 0,
                "state": "passed",
                "speed": "fast",
                "pass": true,
                "fail": false,
                "pending": false,
                "code": "true.should.be.ok;\ndone();",
                "err": {},
                "isRoot": false,
                "uuid": "a8f65990-ac33-4cf1-a6f1-0017f877ecbf",
                "parentUUID": "cee29574-dba3-42e6-b5e7-42e22392377f",
                "skipped": false
              },
              {
                "title": "passing test",
                "fullTitle": "Master Test Suite Test Suite - Failed After Each passing test",
                "timedOut": false,
                "duration": 0,
                "state": "passed",
                "speed": "fast",
                "pass": true,
                "fail": false,
                "pending": false,
                "code": "true.should.be.ok;\ndone();",
                "err": {},
                "isRoot": false,
                "uuid": "328de578-409a-4c35-8d53-95e24d71304e",
                "parentUUID": "cee29574-dba3-42e6-b5e7-42e22392377f",
                "skipped": false
              }
            ],
            "failures": [
              {
                "title": "failing test",
                "fullTitle": "Master Test Suite Test Suite - Failed After Each failing test",
                "timedOut": false,
                "duration": 0,
                "state": "failed",
                "pass": false,
                "fail": true,
                "pending": false,
                "code": "false.should.be.ok;\ndone();",
                "err": {
                  "name": "AssertionError",
                  "actual": false,
                  "operator": "to be truthy",
                  "message": "expected false to be truthy",
                  "generatedMessage": true,
                  "estack": "AssertionError: expected false to be truthy\n    at Assertion.prop.(anonymous function) (node_modules/should/lib/should.js:61:14)\n    at Context.<anonymous> (test-functional/test.js:164:7)"
                },
                "isRoot": false,
                "uuid": "6d237c54-07ad-4365-8e43-bc29656b46b3",
                "parentUUID": "cee29574-dba3-42e6-b5e7-42e22392377f",
                "skipped": false
              }
            ],
            "skipped": [],
            "hasTests": true,
            "hasSuites": false,
            "totalTests": 5,
            "totalPasses": 2,
            "totalFailures": 1,
            "totalPending": 2,
            "totalSkipped": 0,
            "hasPasses": true,
            "hasFailures": true,
            "hasPending": true,
            "hasSkipped": false,
            "duration": 0
          },
          "ctx": "[Circular ~.allPending.3.ctx]",
          "_events": {},
          "_eventsCount": 1,
          "duration": 0,
          "_error": null
        }
      },
      "uuid": "e5df6258-bd09-47be-ab84-6d71865d37f6"
    },
    {
      "title": "pending test",
      "body": "",
      "sync": true,
      "_timeout": 2000,
      "_slow": 75,
      "_enableTimeouts": true,
      "timedOut": false,
      "_trace": {},
      "_retries": -1,
      "_currentRetry": 0,
      "pending": true,
      "type": "test",
      "file": "/Users/adamgruber/Sites/mochawesome/test-functional/test.js",
      "parent": {
        "title": "Test Suite - Failed After Each",
        "suites": [],
        "tests": [
          {
            "title": "passing test",
            "fullTitle": "Master Test Suite Test Suite - Failed After Each passing test",
            "timedOut": false,
            "duration": 0,
            "state": "passed",
            "speed": "fast",
            "pass": true,
            "fail": false,
            "pending": false,
            "code": "true.should.be.ok;\ndone();",
            "err": {},
            "isRoot": false,
            "uuid": "a8f65990-ac33-4cf1-a6f1-0017f877ecbf",
            "parentUUID": "cee29574-dba3-42e6-b5e7-42e22392377f",
            "skipped": false
          },
          {
            "title": "pending test",
            "fullTitle": "Master Test Suite Test Suite - Failed After Each pending test",
            "timedOut": false,
            "duration": 0,
            "pass": false,
            "fail": false,
            "pending": true,
            "code": "",
            "err": {},
            "isRoot": false,
            "uuid": "e5df6258-bd09-47be-ab84-6d71865d37f6",
            "parentUUID": "cee29574-dba3-42e6-b5e7-42e22392377f",
            "skipped": false
          },
          {
            "title": "failing test",
            "fullTitle": "Master Test Suite Test Suite - Failed After Each failing test",
            "timedOut": false,
            "duration": 0,
            "state": "failed",
            "pass": false,
            "fail": true,
            "pending": false,
            "code": "false.should.be.ok;\ndone();",
            "err": {
              "name": "AssertionError",
              "actual": false,
              "operator": "to be truthy",
              "message": "expected false to be truthy",
              "generatedMessage": true,
              "estack": "AssertionError: expected false to be truthy\n    at Assertion.prop.(anonymous function) (node_modules/should/lib/should.js:61:14)\n    at Context.<anonymous> (test-functional/test.js:164:7)"
            },
            "isRoot": false,
            "uuid": "6d237c54-07ad-4365-8e43-bc29656b46b3",
            "parentUUID": "cee29574-dba3-42e6-b5e7-42e22392377f",
            "skipped": false
          },
          {
            "title": "passing test",
            "fullTitle": "Master Test Suite Test Suite - Failed After Each passing test",
            "timedOut": false,
            "duration": 0,
            "state": "passed",
            "speed": "fast",
            "pass": true,
            "fail": false,
            "pending": false,
            "code": "true.should.be.ok;\ndone();",
            "err": {},
            "isRoot": false,
            "uuid": "328de578-409a-4c35-8d53-95e24d71304e",
            "parentUUID": "cee29574-dba3-42e6-b5e7-42e22392377f",
            "skipped": false
          },
          {
            "title": "pending test",
            "fullTitle": "Master Test Suite Test Suite - Failed After Each pending test",
            "timedOut": false,
            "duration": 0,
            "pass": false,
            "fail": false,
            "pending": true,
            "code": "",
            "err": {},
            "isRoot": false,
            "uuid": "d702710c-226d-4a7a-b55e-3a0c74bbba07",
            "parentUUID": "cee29574-dba3-42e6-b5e7-42e22392377f",
            "skipped": false
          }
        ],
        "pending": [
          {
            "title": "pending test",
            "fullTitle": "Master Test Suite Test Suite - Failed After Each pending test",
            "timedOut": false,
            "duration": 0,
            "pass": false,
            "fail": false,
            "pending": true,
            "code": "",
            "err": {},
            "isRoot": false,
            "uuid": "e5df6258-bd09-47be-ab84-6d71865d37f6",
            "parentUUID": "cee29574-dba3-42e6-b5e7-42e22392377f",
            "skipped": false
          },
          {
            "title": "pending test",
            "fullTitle": "Master Test Suite Test Suite - Failed After Each pending test",
            "timedOut": false,
            "duration": 0,
            "pass": false,
            "fail": false,
            "pending": true,
            "code": "",
            "err": {},
            "isRoot": false,
            "uuid": "d702710c-226d-4a7a-b55e-3a0c74bbba07",
            "parentUUID": "cee29574-dba3-42e6-b5e7-42e22392377f",
            "skipped": false
          }
        ],
        "root": false,
        "_timeout": 2000,
        "file": "/test-functional/test.js",
        "uuid": "cee29574-dba3-42e6-b5e7-42e22392377f",
        "fullFile": "/Users/adamgruber/Sites/mochawesome/test-functional/test.js",
        "passes": [
          {
            "title": "passing test",
            "fullTitle": "Master Test Suite Test Suite - Failed After Each passing test",
            "timedOut": false,
            "duration": 0,
            "state": "passed",
            "speed": "fast",
            "pass": true,
            "fail": false,
            "pending": false,
            "code": "true.should.be.ok;\ndone();",
            "err": {},
            "isRoot": false,
            "uuid": "a8f65990-ac33-4cf1-a6f1-0017f877ecbf",
            "parentUUID": "cee29574-dba3-42e6-b5e7-42e22392377f",
            "skipped": false
          },
          {
            "title": "passing test",
            "fullTitle": "Master Test Suite Test Suite - Failed After Each passing test",
            "timedOut": false,
            "duration": 0,
            "state": "passed",
            "speed": "fast",
            "pass": true,
            "fail": false,
            "pending": false,
            "code": "true.should.be.ok;\ndone();",
            "err": {},
            "isRoot": false,
            "uuid": "328de578-409a-4c35-8d53-95e24d71304e",
            "parentUUID": "cee29574-dba3-42e6-b5e7-42e22392377f",
            "skipped": false
          }
        ],
        "failures": [
          {
            "title": "failing test",
            "fullTitle": "Master Test Suite Test Suite - Failed After Each failing test",
            "timedOut": false,
            "duration": 0,
            "state": "failed",
            "pass": false,
            "fail": true,
            "pending": false,
            "code": "false.should.be.ok;\ndone();",
            "err": {
              "name": "AssertionError",
              "actual": false,
              "operator": "to be truthy",
              "message": "expected false to be truthy",
              "generatedMessage": true,
              "estack": "AssertionError: expected false to be truthy\n    at Assertion.prop.(anonymous function) (node_modules/should/lib/should.js:61:14)\n    at Context.<anonymous> (test-functional/test.js:164:7)"
            },
            "isRoot": false,
            "uuid": "6d237c54-07ad-4365-8e43-bc29656b46b3",
            "parentUUID": "cee29574-dba3-42e6-b5e7-42e22392377f",
            "skipped": false
          }
        ],
        "skipped": [],
        "hasTests": true,
        "hasSuites": false,
        "totalTests": 5,
        "totalPasses": 2,
        "totalFailures": 1,
        "totalPending": 2,
        "totalSkipped": 0,
        "hasPasses": true,
        "hasFailures": true,
        "hasPending": true,
        "hasSkipped": false,
        "duration": 0
      },
      "ctx": {
        "_runnable": {
          "title": "\"after each\" hook: failing afterEach hook",
          "body": "function () {\n      console.log('a');\n    }",
          "async": 0,
          "sync": true,
          "_timeout": 2000,
          "_slow": 75,
          "_enableTimeouts": true,
          "timedOut": false,
          "_trace": {},
          "_retries": -1,
          "_currentRetry": 0,
          "pending": false,
          "type": "hook",
          "parent": {
            "title": "Test Suite - Failed After Each",
            "suites": [],
            "tests": [
              {
                "title": "passing test",
                "fullTitle": "Master Test Suite Test Suite - Failed After Each passing test",
                "timedOut": false,
                "duration": 0,
                "state": "passed",
                "speed": "fast",
                "pass": true,
                "fail": false,
                "pending": false,
                "code": "true.should.be.ok;\ndone();",
                "err": {},
                "isRoot": false,
                "uuid": "a8f65990-ac33-4cf1-a6f1-0017f877ecbf",
                "parentUUID": "cee29574-dba3-42e6-b5e7-42e22392377f",
                "skipped": false
              },
              {
                "title": "pending test",
                "fullTitle": "Master Test Suite Test Suite - Failed After Each pending test",
                "timedOut": false,
                "duration": 0,
                "pass": false,
                "fail": false,
                "pending": true,
                "code": "",
                "err": {},
                "isRoot": false,
                "uuid": "e5df6258-bd09-47be-ab84-6d71865d37f6",
                "parentUUID": "cee29574-dba3-42e6-b5e7-42e22392377f",
                "skipped": false
              },
              {
                "title": "failing test",
                "fullTitle": "Master Test Suite Test Suite - Failed After Each failing test",
                "timedOut": false,
                "duration": 0,
                "state": "failed",
                "pass": false,
                "fail": true,
                "pending": false,
                "code": "false.should.be.ok;\ndone();",
                "err": {
                  "name": "AssertionError",
                  "actual": false,
                  "operator": "to be truthy",
                  "message": "expected false to be truthy",
                  "generatedMessage": true,
                  "estack": "AssertionError: expected false to be truthy\n    at Assertion.prop.(anonymous function) (node_modules/should/lib/should.js:61:14)\n    at Context.<anonymous> (test-functional/test.js:164:7)"
                },
                "isRoot": false,
                "uuid": "6d237c54-07ad-4365-8e43-bc29656b46b3",
                "parentUUID": "cee29574-dba3-42e6-b5e7-42e22392377f",
                "skipped": false
              },
              {
                "title": "passing test",
                "fullTitle": "Master Test Suite Test Suite - Failed After Each passing test",
                "timedOut": false,
                "duration": 0,
                "state": "passed",
                "speed": "fast",
                "pass": true,
                "fail": false,
                "pending": false,
                "code": "true.should.be.ok;\ndone();",
                "err": {},
                "isRoot": false,
                "uuid": "328de578-409a-4c35-8d53-95e24d71304e",
                "parentUUID": "cee29574-dba3-42e6-b5e7-42e22392377f",
                "skipped": false
              },
              {
                "title": "pending test",
                "fullTitle": "Master Test Suite Test Suite - Failed After Each pending test",
                "timedOut": false,
                "duration": 0,
                "pass": false,
                "fail": false,
                "pending": true,
                "code": "",
                "err": {},
                "isRoot": false,
                "uuid": "d702710c-226d-4a7a-b55e-3a0c74bbba07",
                "parentUUID": "cee29574-dba3-42e6-b5e7-42e22392377f",
                "skipped": false
              }
            ],
            "pending": [
              {
                "title": "pending test",
                "fullTitle": "Master Test Suite Test Suite - Failed After Each pending test",
                "timedOut": false,
                "duration": 0,
                "pass": false,
                "fail": false,
                "pending": true,
                "code": "",
                "err": {},
                "isRoot": false,
                "uuid": "e5df6258-bd09-47be-ab84-6d71865d37f6",
                "parentUUID": "cee29574-dba3-42e6-b5e7-42e22392377f",
                "skipped": false
              },
              {
                "title": "pending test",
                "fullTitle": "Master Test Suite Test Suite - Failed After Each pending test",
                "timedOut": false,
                "duration": 0,
                "pass": false,
                "fail": false,
                "pending": true,
                "code": "",
                "err": {},
                "isRoot": false,
                "uuid": "d702710c-226d-4a7a-b55e-3a0c74bbba07",
                "parentUUID": "cee29574-dba3-42e6-b5e7-42e22392377f",
                "skipped": false
              }
            ],
            "root": false,
            "_timeout": 2000,
            "file": "/test-functional/test.js",
            "uuid": "cee29574-dba3-42e6-b5e7-42e22392377f",
            "fullFile": "/Users/adamgruber/Sites/mochawesome/test-functional/test.js",
            "passes": [
              {
                "title": "passing test",
                "fullTitle": "Master Test Suite Test Suite - Failed After Each passing test",
                "timedOut": false,
                "duration": 0,
                "state": "passed",
                "speed": "fast",
                "pass": true,
                "fail": false,
                "pending": false,
                "code": "true.should.be.ok;\ndone();",
                "err": {},
                "isRoot": false,
                "uuid": "a8f65990-ac33-4cf1-a6f1-0017f877ecbf",
                "parentUUID": "cee29574-dba3-42e6-b5e7-42e22392377f",
                "skipped": false
              },
              {
                "title": "passing test",
                "fullTitle": "Master Test Suite Test Suite - Failed After Each passing test",
                "timedOut": false,
                "duration": 0,
                "state": "passed",
                "speed": "fast",
                "pass": true,
                "fail": false,
                "pending": false,
                "code": "true.should.be.ok;\ndone();",
                "err": {},
                "isRoot": false,
                "uuid": "328de578-409a-4c35-8d53-95e24d71304e",
                "parentUUID": "cee29574-dba3-42e6-b5e7-42e22392377f",
                "skipped": false
              }
            ],
            "failures": [
              {
                "title": "failing test",
                "fullTitle": "Master Test Suite Test Suite - Failed After Each failing test",
                "timedOut": false,
                "duration": 0,
                "state": "failed",
                "pass": false,
                "fail": true,
                "pending": false,
                "code": "false.should.be.ok;\ndone();",
                "err": {
                  "name": "AssertionError",
                  "actual": false,
                  "operator": "to be truthy",
                  "message": "expected false to be truthy",
                  "generatedMessage": true,
                  "estack": "AssertionError: expected false to be truthy\n    at Assertion.prop.(anonymous function) (node_modules/should/lib/should.js:61:14)\n    at Context.<anonymous> (test-functional/test.js:164:7)"
                },
                "isRoot": false,
                "uuid": "6d237c54-07ad-4365-8e43-bc29656b46b3",
                "parentUUID": "cee29574-dba3-42e6-b5e7-42e22392377f",
                "skipped": false
              }
            ],
            "skipped": [],
            "hasTests": true,
            "hasSuites": false,
            "totalTests": 5,
            "totalPasses": 2,
            "totalFailures": 1,
            "totalPending": 2,
            "totalSkipped": 0,
            "hasPasses": true,
            "hasFailures": true,
            "hasPending": true,
            "hasSkipped": false,
            "duration": 0
          },
          "ctx": "[Circular ~.allPending.4.ctx]",
          "_events": {},
          "_eventsCount": 1,
          "duration": 0,
          "_error": null
        },
        "test": {
          "title": "\"after each\" hook: failing afterEach hook",
          "body": "function () {\n      console.log('a');\n    }",
          "async": 0,
          "sync": true,
          "_timeout": 2000,
          "_slow": 75,
          "_enableTimeouts": true,
          "timedOut": false,
          "_trace": {},
          "_retries": -1,
          "_currentRetry": 0,
          "pending": false,
          "type": "hook",
          "parent": {
            "title": "Test Suite - Failed After Each",
            "suites": [],
            "tests": [
              {
                "title": "passing test",
                "fullTitle": "Master Test Suite Test Suite - Failed After Each passing test",
                "timedOut": false,
                "duration": 0,
                "state": "passed",
                "speed": "fast",
                "pass": true,
                "fail": false,
                "pending": false,
                "code": "true.should.be.ok;\ndone();",
                "err": {},
                "isRoot": false,
                "uuid": "a8f65990-ac33-4cf1-a6f1-0017f877ecbf",
                "parentUUID": "cee29574-dba3-42e6-b5e7-42e22392377f",
                "skipped": false
              },
              {
                "title": "pending test",
                "fullTitle": "Master Test Suite Test Suite - Failed After Each pending test",
                "timedOut": false,
                "duration": 0,
                "pass": false,
                "fail": false,
                "pending": true,
                "code": "",
                "err": {},
                "isRoot": false,
                "uuid": "e5df6258-bd09-47be-ab84-6d71865d37f6",
                "parentUUID": "cee29574-dba3-42e6-b5e7-42e22392377f",
                "skipped": false
              },
              {
                "title": "failing test",
                "fullTitle": "Master Test Suite Test Suite - Failed After Each failing test",
                "timedOut": false,
                "duration": 0,
                "state": "failed",
                "pass": false,
                "fail": true,
                "pending": false,
                "code": "false.should.be.ok;\ndone();",
                "err": {
                  "name": "AssertionError",
                  "actual": false,
                  "operator": "to be truthy",
                  "message": "expected false to be truthy",
                  "generatedMessage": true,
                  "estack": "AssertionError: expected false to be truthy\n    at Assertion.prop.(anonymous function) (node_modules/should/lib/should.js:61:14)\n    at Context.<anonymous> (test-functional/test.js:164:7)"
                },
                "isRoot": false,
                "uuid": "6d237c54-07ad-4365-8e43-bc29656b46b3",
                "parentUUID": "cee29574-dba3-42e6-b5e7-42e22392377f",
                "skipped": false
              },
              {
                "title": "passing test",
                "fullTitle": "Master Test Suite Test Suite - Failed After Each passing test",
                "timedOut": false,
                "duration": 0,
                "state": "passed",
                "speed": "fast",
                "pass": true,
                "fail": false,
                "pending": false,
                "code": "true.should.be.ok;\ndone();",
                "err": {},
                "isRoot": false,
                "uuid": "328de578-409a-4c35-8d53-95e24d71304e",
                "parentUUID": "cee29574-dba3-42e6-b5e7-42e22392377f",
                "skipped": false
              },
              {
                "title": "pending test",
                "fullTitle": "Master Test Suite Test Suite - Failed After Each pending test",
                "timedOut": false,
                "duration": 0,
                "pass": false,
                "fail": false,
                "pending": true,
                "code": "",
                "err": {},
                "isRoot": false,
                "uuid": "d702710c-226d-4a7a-b55e-3a0c74bbba07",
                "parentUUID": "cee29574-dba3-42e6-b5e7-42e22392377f",
                "skipped": false
              }
            ],
            "pending": [
              {
                "title": "pending test",
                "fullTitle": "Master Test Suite Test Suite - Failed After Each pending test",
                "timedOut": false,
                "duration": 0,
                "pass": false,
                "fail": false,
                "pending": true,
                "code": "",
                "err": {},
                "isRoot": false,
                "uuid": "e5df6258-bd09-47be-ab84-6d71865d37f6",
                "parentUUID": "cee29574-dba3-42e6-b5e7-42e22392377f",
                "skipped": false
              },
              {
                "title": "pending test",
                "fullTitle": "Master Test Suite Test Suite - Failed After Each pending test",
                "timedOut": false,
                "duration": 0,
                "pass": false,
                "fail": false,
                "pending": true,
                "code": "",
                "err": {},
                "isRoot": false,
                "uuid": "d702710c-226d-4a7a-b55e-3a0c74bbba07",
                "parentUUID": "cee29574-dba3-42e6-b5e7-42e22392377f",
                "skipped": false
              }
            ],
            "root": false,
            "_timeout": 2000,
            "file": "/test-functional/test.js",
            "uuid": "cee29574-dba3-42e6-b5e7-42e22392377f",
            "fullFile": "/Users/adamgruber/Sites/mochawesome/test-functional/test.js",
            "passes": [
              {
                "title": "passing test",
                "fullTitle": "Master Test Suite Test Suite - Failed After Each passing test",
                "timedOut": false,
                "duration": 0,
                "state": "passed",
                "speed": "fast",
                "pass": true,
                "fail": false,
                "pending": false,
                "code": "true.should.be.ok;\ndone();",
                "err": {},
                "isRoot": false,
                "uuid": "a8f65990-ac33-4cf1-a6f1-0017f877ecbf",
                "parentUUID": "cee29574-dba3-42e6-b5e7-42e22392377f",
                "skipped": false
              },
              {
                "title": "passing test",
                "fullTitle": "Master Test Suite Test Suite - Failed After Each passing test",
                "timedOut": false,
                "duration": 0,
                "state": "passed",
                "speed": "fast",
                "pass": true,
                "fail": false,
                "pending": false,
                "code": "true.should.be.ok;\ndone();",
                "err": {},
                "isRoot": false,
                "uuid": "328de578-409a-4c35-8d53-95e24d71304e",
                "parentUUID": "cee29574-dba3-42e6-b5e7-42e22392377f",
                "skipped": false
              }
            ],
            "failures": [
              {
                "title": "failing test",
                "fullTitle": "Master Test Suite Test Suite - Failed After Each failing test",
                "timedOut": false,
                "duration": 0,
                "state": "failed",
                "pass": false,
                "fail": true,
                "pending": false,
                "code": "false.should.be.ok;\ndone();",
                "err": {
                  "name": "AssertionError",
                  "actual": false,
                  "operator": "to be truthy",
                  "message": "expected false to be truthy",
                  "generatedMessage": true,
                  "estack": "AssertionError: expected false to be truthy\n    at Assertion.prop.(anonymous function) (node_modules/should/lib/should.js:61:14)\n    at Context.<anonymous> (test-functional/test.js:164:7)"
                },
                "isRoot": false,
                "uuid": "6d237c54-07ad-4365-8e43-bc29656b46b3",
                "parentUUID": "cee29574-dba3-42e6-b5e7-42e22392377f",
                "skipped": false
              }
            ],
            "skipped": [],
            "hasTests": true,
            "hasSuites": false,
            "totalTests": 5,
            "totalPasses": 2,
            "totalFailures": 1,
            "totalPending": 2,
            "totalSkipped": 0,
            "hasPasses": true,
            "hasFailures": true,
            "hasPending": true,
            "hasSkipped": false,
            "duration": 0
          },
          "ctx": "[Circular ~.allPending.4.ctx]",
          "_events": {},
          "_eventsCount": 1,
          "duration": 0,
          "_error": null
        }
      },
      "uuid": "d702710c-226d-4a7a-b55e-3a0c74bbba07"
    }
  ],
  "allPasses": [
    {
      "title": "passing test",
      "fullTitle": "Test Suite - Basic passing test",
      "timedOut": false,
      "duration": 1,
      "state": "passed",
      "speed": "fast",
      "pass": true,
      "fail": false,
      "pending": false,
      "code": "true.should.be.ok;\ndone();",
      "err": {},
      "isRoot": false,
      "uuid": "c482608c-8fe4-45d3-af88-02bdc7f53113",
      "parentUUID": "1c0748df-2df9-4e03-af03-c5dab2885e90",
      "skipped": false
    },
    {
      "title": "passing test",
      "fullTitle": "Test Suite - Nested Suites passing test",
      "timedOut": false,
      "duration": 1,
      "state": "passed",
      "speed": "fast",
      "pass": true,
      "fail": false,
      "pending": false,
      "code": "true.should.be.ok;\ndone();",
      "err": {},
      "isRoot": false,
      "uuid": "d1964e22-af7c-4bb7-a525-d07814dc8b13",
      "parentUUID": "0e14f41a-cfcf-4aa8-901d-b60dfdeda8e5",
      "skipped": false
    },
    {
      "title": "passing test",
      "fullTitle": "Nested Test Suite passing test",
      "timedOut": false,
      "duration": 0,
      "state": "passed",
      "speed": "fast",
      "pass": true,
      "fail": false,
      "pending": false,
      "code": "true.should.be.ok;\ndone();",
      "err": {},
      "isRoot": false,
      "uuid": "7aa82a9a-f34b-443e-9cc6-df62612ae506",
      "parentUUID": "a60dc664-41f7-4cc6-9b64-4f39b846077a",
      "skipped": false
    },
    {
      "title": "passing test",
      "fullTitle": "Nested Test Suite passing test",
      "timedOut": false,
      "duration": 0,
      "state": "passed",
      "speed": "fast",
      "pass": true,
      "fail": false,
      "pending": false,
      "code": "true.should.be.ok;\ndone();",
      "err": {},
      "isRoot": false,
      "uuid": "7c3acfe9-7640-4e68-b6ab-58236bf72e47",
      "parentUUID": "688a43cf-c6ec-454f-8f27-8962d6c3aa4e",
      "skipped": false
    },
    {
      "title": "passing test",
      "fullTitle": "Test Suite - Failed After passing test",
      "timedOut": false,
      "duration": 0,
      "state": "passed",
      "speed": "fast",
      "pass": true,
      "fail": false,
      "pending": false,
      "code": "true.should.be.ok;\ndone();",
      "err": {},
      "isRoot": false,
      "uuid": "29927b3f-77b1-4995-8556-5ceddca4992c",
      "parentUUID": "55fcb5b1-8e58-4250-82b8-1ef0bd3ddc0e",
      "skipped": false
    },
    {
      "title": "passing test",
      "fullTitle": "Test Suite - Failed After passing test",
      "timedOut": false,
      "duration": 0,
      "state": "passed",
      "speed": "fast",
      "pass": true,
      "fail": false,
      "pending": false,
      "code": "true.should.be.ok;\ndone();",
      "err": {},
      "isRoot": false,
      "uuid": "5648183f-0092-4e99-86ae-da7f1c9442b2",
      "parentUUID": "55fcb5b1-8e58-4250-82b8-1ef0bd3ddc0e",
      "skipped": false
    },
    {
      "title": "passing test",
      "fullTitle": "Test Suite - Pass passing test",
      "timedOut": false,
      "duration": 0,
      "state": "passed",
      "speed": "fast",
      "pass": true,
      "fail": false,
      "pending": false,
      "code": "true.should.be.ok;\ndone();",
      "err": {},
      "isRoot": false,
      "uuid": "e2d9ee1a-c549-4971-967a-baec4ae23557",
      "parentUUID": "6eb0d611-2007-449d-87e7-dd62a4fcc683",
      "skipped": false
    },
    {
      "title": "passing test",
      "fullTitle": "Test Suite - Failed After Each passing test",
      "timedOut": false,
      "duration": 0,
      "state": "passed",
      "speed": "fast",
      "pass": true,
      "fail": false,
      "pending": false,
      "code": "true.should.be.ok;\ndone();",
      "err": {},
      "isRoot": false,
      "uuid": "a8f65990-ac33-4cf1-a6f1-0017f877ecbf",
      "parentUUID": "cee29574-dba3-42e6-b5e7-42e22392377f",
      "skipped": false
    },
    {
      "title": "passing test",
      "fullTitle": "Test Suite - Failed After Each passing test",
      "timedOut": false,
      "duration": 0,
      "state": "passed",
      "speed": "fast",
      "pass": true,
      "fail": false,
      "pending": false,
      "code": "true.should.be.ok;\ndone();",
      "err": {},
      "isRoot": false,
      "uuid": "328de578-409a-4c35-8d53-95e24d71304e",
      "parentUUID": "cee29574-dba3-42e6-b5e7-42e22392377f",
      "skipped": false
    }
  ],
  "allFailures": [
    {
      "title": "failing test",
      "fullTitle": "Test Suite - Basic failing test",
      "timedOut": false,
      "duration": 11,
      "state": "failed",
      "pass": false,
      "fail": true,
      "pending": false,
      "code": "var o = retObj();\no.should.eql({});\ndone();",
      "err": {
        "name": "AssertionError",
        "actual": "{\n  \"adam\": \"adam\"\n}",
        "expected": "{}",
        "operator": "to equal",
        "message": "expected { adam: 'adam' } to equal {}",
        "generatedMessage": true,
        "showDiff": true,
        "estack": "AssertionError: expected { adam: 'adam' } to equal {}\n    at Assertion.prop.(anonymous function) (node_modules/should/lib/should.js:61:14)\n    at Context.<anonymous> (test-functional/test.js:18:16)",
        "diff": "- {\n-   \"adam\": \"adam\"\n- }\n+ {}\n"
      },
      "isRoot": false,
      "uuid": "5199b065-58dd-4da7-999e-3b37ae743f64",
      "parentUUID": "1c0748df-2df9-4e03-af03-c5dab2885e90",
      "skipped": false
    },
    {
      "title": "failing test",
      "fullTitle": "Test Suite - Nested Suites failing test",
      "timedOut": false,
      "duration": 0,
      "state": "failed",
      "pass": false,
      "fail": true,
      "pending": false,
      "code": "false.should.be.ok;\ndone();",
      "err": {
        "name": "AssertionError",
        "actual": false,
        "operator": "to be truthy",
        "message": "expected false to be truthy",
        "generatedMessage": true,
        "estack": "AssertionError: expected false to be truthy\n    at Assertion.prop.(anonymous function) (node_modules/should/lib/should.js:61:14)\n    at Context.<anonymous> (test-functional/test.js:41:7)"
      },
      "isRoot": false,
      "uuid": "739c40e3-c10a-4ba4-b3fd-4f042858a438",
      "parentUUID": "0e14f41a-cfcf-4aa8-901d-b60dfdeda8e5",
      "skipped": false
    },
    {
      "title": "\"before all\" hook: nested failing before",
      "fullTitle": "Test Suite - Nested Suites Failing Before \"before all\" hook: nested failing before",
      "timedOut": false,
      "duration": 0,
      "state": "failed",
      "pass": false,
      "fail": true,
      "pending": false,
      "code": "console.log(a); // eslint-disable-line",
      "err": {
        "estack": "ReferenceError: a is not defined\n    at Context.<anonymous> (test-functional/test.js:48:19)"
      },
      "isRoot": false,
      "parentUUID": "6bd2e30f-9f8c-494b-b3c1-8d0240c0fb8f",
      "skipped": false
    },
    {
      "title": "failing test",
      "fullTitle": "Test Suite - Failed After failing test",
      "timedOut": false,
      "duration": 0,
      "state": "failed",
      "pass": false,
      "fail": true,
      "pending": false,
      "code": "false.should.be.ok;\ndone();",
      "err": {
        "name": "AssertionError",
        "actual": false,
        "operator": "to be truthy",
        "message": "expected false to be truthy",
        "generatedMessage": true,
        "estack": "AssertionError: expected false to be truthy\n    at Assertion.prop.(anonymous function) (node_modules/should/lib/should.js:61:14)\n    at Context.<anonymous> (test-functional/test.js:71:7)"
      },
      "isRoot": false,
      "uuid": "ac9ffb6b-9349-425c-8c99-10414f7318ae",
      "parentUUID": "55fcb5b1-8e58-4250-82b8-1ef0bd3ddc0e",
      "skipped": false
    },
    {
      "title": "failing test",
      "fullTitle": "Test Suite - Fail failing test",
      "timedOut": false,
      "duration": 0,
      "state": "failed",
      "pass": false,
      "fail": true,
      "pending": false,
      "code": "false.should.be.ok;\ndone();",
      "err": {
        "name": "AssertionError",
        "actual": false,
        "operator": "to be truthy",
        "message": "expected false to be truthy",
        "generatedMessage": true,
        "estack": "AssertionError: expected false to be truthy\n    at Assertion.prop.(anonymous function) (node_modules/should/lib/should.js:61:14)\n    at Context.<anonymous> (test-functional/test.js:95:7)"
      },
      "isRoot": false,
      "uuid": "408dff6c-7f7b-4212-b253-74a7ed8c09d8",
      "parentUUID": "e644953d-c207-41af-95bb-7141a6d8fb2d",
      "skipped": false
    },
    {
      "title": "\"before all\" hook: failing before hook",
      "fullTitle": "Test Suite - Failed Before \"before all\" hook: failing before hook",
      "timedOut": false,
      "duration": 0,
      "state": "failed",
      "pass": false,
      "fail": true,
      "pending": false,
      "code": "console.log(a); // eslint-disable-line",
      "err": {
        "estack": "ReferenceError: a is not defined\n    at Context.<anonymous> (test-functional/test.js:109:19)"
      },
      "isRoot": false,
      "parentUUID": "f26171b3-bdf2-498c-9105-c936e2ad75cb",
      "skipped": false
    },
    {
      "title": "\"before all\" hook: failing before hook",
      "fullTitle": "Test Suite - Failed Before and After \"before all\" hook: failing before hook",
      "timedOut": false,
      "duration": 0,
      "state": "failed",
      "pass": false,
      "fail": true,
      "pending": false,
      "code": "console.log(a); // eslint-disable-line",
      "err": {
        "estack": "ReferenceError: a is not defined\n    at Context.<anonymous> (test-functional/test.js:124:19)"
      },
      "isRoot": false,
      "parentUUID": "e69cbda3-e8f9-4bea-89dd-0a2b9f40be63",
      "skipped": false
    },
    {
      "title": "\"after all\" hook: failing after hook",
      "fullTitle": "Test Suite - Failed Before and After \"after all\" hook: failing after hook",
      "timedOut": false,
      "duration": 0,
      "state": "failed",
      "pass": false,
      "fail": true,
      "pending": false,
      "code": "console.log(a); // eslint-disable-line",
      "err": {
        "estack": "ReferenceError: a is not defined\n    at Context.<anonymous> (test-functional/test.js:136:19)"
      },
      "isRoot": false,
      "parentUUID": "e69cbda3-e8f9-4bea-89dd-0a2b9f40be63",
      "skipped": false
    },
    {
      "title": "\"before each\" hook: failing beforeEach hook for \"passing test\"",
      "fullTitle": "Test Suite - Failed Before Each \"before each\" hook: failing beforeEach hook for \"passing test\"",
      "timedOut": false,
      "duration": 0,
      "state": "failed",
      "pass": false,
      "fail": true,
      "pending": false,
      "code": "console.log(a); // eslint-disable-line",
      "err": {
        "estack": "ReferenceError: a is not defined\n    at Context.<anonymous> (test-functional/test.js:142:19)"
      },
      "isRoot": false,
      "parentUUID": "a75b2a6d-7f61-4791-af59-ef26aae6bb75",
      "skipped": false
    },
    {
      "title": "failing test",
      "fullTitle": "Test Suite - Failed After Each failing test",
      "timedOut": false,
      "duration": 0,
      "state": "failed",
      "pass": false,
      "fail": true,
      "pending": false,
      "code": "false.should.be.ok;\ndone();",
      "err": {
        "name": "AssertionError",
        "actual": false,
        "operator": "to be truthy",
        "message": "expected false to be truthy",
        "generatedMessage": true,
        "estack": "AssertionError: expected false to be truthy\n    at Assertion.prop.(anonymous function) (node_modules/should/lib/should.js:61:14)\n    at Context.<anonymous> (test-functional/test.js:164:7)"
      },
      "isRoot": false,
      "uuid": "6d237c54-07ad-4365-8e43-bc29656b46b3",
      "parentUUID": "cee29574-dba3-42e6-b5e7-42e22392377f",
      "skipped": false
    }
  ],
  "copyrightYear": 2016
}