{
  "stats": {
    "suites": 14,
    "tests": 20,
    "passes": 10,
    "pending": 5,
    "failures": 5,
    "start": "2016-09-19T15:35:14.621Z",
    "end": "2016-09-19T15:35:15.115Z",
    "duration": 494,
    "testsRegistered": 28,
    "passPercent": 43.5,
    "pendingPercent": 17.9,
    "other": 5,
    "hasOther": true,
    "skipped": 8,
    "hasSkipped": true,
    "passPercentClass": "danger",
    "pendingPercentClass": "danger"
  },
  "suites": {
    "title": "",
    "suites": [
      {
        "title": "Master Test Suite",
        "suites": [
          {
            "title": "Test Suite - Basic",
            "suites": [],
            "tests": [
              {
                "title": "passing test",
                "fullTitle": "Master Test Suite Test Suite - Basic passing test",
                "timedOut": false,
                "duration": 0,
                "state": "passed",
                "speed": "fast",
                "pass": true,
                "fail": false,
                "pending": false,
                "code": "true.should.be.ok;\ndone();",
                "err": {},
                "isRoot": false,
                "uuid": "06d7c0d6-d895-47f4-beee-2de760fa31b5",
                "parentUUID": "72cee000-885c-4d9b-983c-d8ff9014e301",
                "skipped": false
              },
              {
                "title": "failing test",
                "fullTitle": "Master Test Suite Test Suite - Basic failing test",
                "timedOut": false,
                "duration": 10,
                "state": "failed",
                "pass": false,
                "fail": true,
                "pending": false,
                "code": "var o = retObj();\no.should.eql({});\ndone();",
                "err": {
                  "name": "AssertionError",
                  "actual": "{\n  \"adam\": \"adam\"\n}",
                  "expected": "{}",
                  "operator": "to equal",
                  "message": "expected { adam: 'adam' } to equal {}",
                  "generatedMessage": true,
                  "showDiff": true,
                  "estack": "AssertionError: expected { adam: 'adam' } to equal {}\n    at Assertion.prop.(anonymous function) (node_modules/should/lib/should.js:61:14)\n    at Context.<anonymous> (test-functional/test.js:18:16)",
                  "diff": "- {\n-   \"adam\": \"adam\"\n- }\n+ {}\n"
                },
                "isRoot": false,
                "uuid": "746954a0-85ec-4101-b15c-148300b04e08",
                "parentUUID": "72cee000-885c-4d9b-983c-d8ff9014e301",
                "skipped": false
              }
            ],
            "pending": [],
            "root": false,
            "_timeout": 2000,
            "file": "/test-functional/test.js",
            "uuid": "72cee000-885c-4d9b-983c-d8ff9014e301",
            "fullFile": "/Users/adamgruber/Sites/mochawesome/test-functional/test.js",
            "passes": [
              {
                "title": "passing test",
                "fullTitle": "Master Test Suite Test Suite - Basic passing test",
                "timedOut": false,
                "duration": 0,
                "state": "passed",
                "speed": "fast",
                "pass": true,
                "fail": false,
                "pending": false,
                "code": "true.should.be.ok;\ndone();",
                "err": {},
                "isRoot": false,
                "uuid": "06d7c0d6-d895-47f4-beee-2de760fa31b5",
                "parentUUID": "72cee000-885c-4d9b-983c-d8ff9014e301",
                "skipped": false
              }
            ],
            "failures": [
              {
                "title": "failing test",
                "fullTitle": "Master Test Suite Test Suite - Basic failing test",
                "timedOut": false,
                "duration": 10,
                "state": "failed",
                "pass": false,
                "fail": true,
                "pending": false,
                "code": "var o = retObj();\no.should.eql({});\ndone();",
                "err": {
                  "name": "AssertionError",
                  "actual": "{\n  \"adam\": \"adam\"\n}",
                  "expected": "{}",
                  "operator": "to equal",
                  "message": "expected { adam: 'adam' } to equal {}",
                  "generatedMessage": true,
                  "showDiff": true,
                  "estack": "AssertionError: expected { adam: 'adam' } to equal {}\n    at Assertion.prop.(anonymous function) (node_modules/should/lib/should.js:61:14)\n    at Context.<anonymous> (test-functional/test.js:18:16)",
                  "diff": "- {\n-   \"adam\": \"adam\"\n- }\n+ {}\n"
                },
                "isRoot": false,
                "uuid": "746954a0-85ec-4101-b15c-148300b04e08",
                "parentUUID": "72cee000-885c-4d9b-983c-d8ff9014e301",
                "skipped": false
              }
            ],
            "skipped": [],
            "hasTests": true,
            "hasSuites": false,
            "totalTests": 2,
            "totalPasses": 1,
            "totalFailures": 1,
            "totalPending": 0,
            "totalSkipped": 0,
            "hasPasses": true,
            "hasFailures": true,
            "hasPending": false,
            "hasSkipped": false,
            "duration": 10
          },
          {
            "title": "Test Suite - Nested Suites",
            "suites": [
              {
                "title": "Nested Test Suite",
                "suites": [],
                "tests": [
                  {
                    "title": "passing test",
                    "fullTitle": "Test Suite - Nested Suites Nested Test Suite passing test",
                    "timedOut": false,
                    "duration": 0,
                    "state": "passed",
                    "speed": "fast",
                    "pass": true,
                    "fail": false,
                    "pending": false,
                    "code": "true.should.be.ok;\ndone();",
                    "err": {},
                    "isRoot": false,
                    "uuid": "d64a9562-5412-42f6-97b0-e886d591ccd5",
                    "parentUUID": "b4ff8bbb-f13a-4f0f-9384-6d9cb67a02f0",
                    "skipped": false
                  }
                ],
                "pending": [],
                "root": false,
                "_timeout": 2000,
                "file": "/test-functional/test.js",
                "uuid": "b4ff8bbb-f13a-4f0f-9384-6d9cb67a02f0",
                "fullFile": "/Users/adamgruber/Sites/mochawesome/test-functional/test.js",
                "passes": [
                  {
                    "title": "passing test",
                    "fullTitle": "Test Suite - Nested Suites Nested Test Suite passing test",
                    "timedOut": false,
                    "duration": 0,
                    "state": "passed",
                    "speed": "fast",
                    "pass": true,
                    "fail": false,
                    "pending": false,
                    "code": "true.should.be.ok;\ndone();",
                    "err": {},
                    "isRoot": false,
                    "uuid": "d64a9562-5412-42f6-97b0-e886d591ccd5",
                    "parentUUID": "b4ff8bbb-f13a-4f0f-9384-6d9cb67a02f0",
                    "skipped": false
                  }
                ],
                "failures": [],
                "skipped": [],
                "hasTests": true,
                "hasSuites": false,
                "totalTests": 1,
                "totalPasses": 1,
                "totalFailures": 0,
                "totalPending": 0,
                "totalSkipped": 0,
                "hasPasses": true,
                "hasFailures": false,
                "hasPending": false,
                "hasSkipped": false,
                "duration": 0
              },
              {
                "title": "Nested Test Suite",
                "suites": [],
                "tests": [
                  {
                    "title": "passing test",
                    "fullTitle": "Test Suite - Nested Suites Nested Test Suite passing test",
                    "timedOut": false,
                    "duration": 0,
                    "state": "passed",
                    "speed": "fast",
                    "pass": true,
                    "fail": false,
                    "pending": false,
                    "code": "true.should.be.ok;\ndone();",
                    "err": {},
                    "isRoot": false,
                    "uuid": "55621615-fa73-4166-a2b2-bc8c6e4cd4aa",
                    "parentUUID": "98134c87-03b5-48f9-bc6e-0806e2e96827",
                    "skipped": false
                  }
                ],
                "pending": [],
                "root": false,
                "_timeout": 2000,
                "file": "/test-functional/test.js",
                "uuid": "98134c87-03b5-48f9-bc6e-0806e2e96827",
                "fullFile": "/Users/adamgruber/Sites/mochawesome/test-functional/test.js",
                "passes": [
                  {
                    "title": "passing test",
                    "fullTitle": "Test Suite - Nested Suites Nested Test Suite passing test",
                    "timedOut": false,
                    "duration": 0,
                    "state": "passed",
                    "speed": "fast",
                    "pass": true,
                    "fail": false,
                    "pending": false,
                    "code": "true.should.be.ok;\ndone();",
                    "err": {},
                    "isRoot": false,
                    "uuid": "55621615-fa73-4166-a2b2-bc8c6e4cd4aa",
                    "parentUUID": "98134c87-03b5-48f9-bc6e-0806e2e96827",
                    "skipped": false
                  }
                ],
                "failures": [],
                "skipped": [],
                "hasTests": true,
                "hasSuites": false,
                "totalTests": 1,
                "totalPasses": 1,
                "totalFailures": 0,
                "totalPending": 0,
                "totalSkipped": 0,
                "hasPasses": true,
                "hasFailures": false,
                "hasPending": false,
                "hasSkipped": false,
                "duration": 0
              }
            ],
            "tests": [
              {
                "title": "passing test",
                "fullTitle": "Master Test Suite Test Suite - Nested Suites passing test",
                "timedOut": false,
                "duration": 1,
                "state": "passed",
                "speed": "fast",
                "pass": true,
                "fail": false,
                "pending": false,
                "code": "true.should.be.ok;\ndone();",
                "err": {},
                "isRoot": false,
                "uuid": "2594f0fb-48b4-4261-91ef-f80bc381a09f",
                "parentUUID": "f749378d-872d-4e33-979e-e397ac0b832c",
                "skipped": false
              },
              {
                "title": "failing test",
                "fullTitle": "Master Test Suite Test Suite - Nested Suites failing test",
                "timedOut": false,
                "duration": 0,
                "state": "failed",
                "pass": false,
                "fail": true,
                "pending": false,
                "code": "false.should.be.ok;\ndone();",
                "err": {
                  "name": "AssertionError",
                  "actual": false,
                  "operator": "to be truthy",
                  "message": "expected false to be truthy",
                  "generatedMessage": true,
                  "estack": "AssertionError: expected false to be truthy\n    at Assertion.prop.(anonymous function) (node_modules/should/lib/should.js:61:14)\n    at Context.<anonymous> (test-functional/test.js:41:7)"
                },
                "isRoot": false,
                "uuid": "0416969e-56a5-461f-912c-a8d5e1cd2dd6",
                "parentUUID": "f749378d-872d-4e33-979e-e397ac0b832c",
                "skipped": false
              }
            ],
            "pending": [],
            "root": false,
            "_timeout": 2000,
            "file": "/test-functional/test.js",
            "uuid": "f749378d-872d-4e33-979e-e397ac0b832c",
            "fullFile": "/Users/adamgruber/Sites/mochawesome/test-functional/test.js",
            "passes": [
              {
                "title": "passing test",
                "fullTitle": "Master Test Suite Test Suite - Nested Suites passing test",
                "timedOut": false,
                "duration": 1,
                "state": "passed",
                "speed": "fast",
                "pass": true,
                "fail": false,
                "pending": false,
                "code": "true.should.be.ok;\ndone();",
                "err": {},
                "isRoot": false,
                "uuid": "2594f0fb-48b4-4261-91ef-f80bc381a09f",
                "parentUUID": "f749378d-872d-4e33-979e-e397ac0b832c",
                "skipped": false
              }
            ],
            "failures": [
              {
                "title": "failing test",
                "fullTitle": "Master Test Suite Test Suite - Nested Suites failing test",
                "timedOut": false,
                "duration": 0,
                "state": "failed",
                "pass": false,
                "fail": true,
                "pending": false,
                "code": "false.should.be.ok;\ndone();",
                "err": {
                  "name": "AssertionError",
                  "actual": false,
                  "operator": "to be truthy",
                  "message": "expected false to be truthy",
                  "generatedMessage": true,
                  "estack": "AssertionError: expected false to be truthy\n    at Assertion.prop.(anonymous function) (node_modules/should/lib/should.js:61:14)\n    at Context.<anonymous> (test-functional/test.js:41:7)"
                },
                "isRoot": false,
                "uuid": "0416969e-56a5-461f-912c-a8d5e1cd2dd6",
                "parentUUID": "f749378d-872d-4e33-979e-e397ac0b832c",
                "skipped": false
              }
            ],
            "skipped": [],
            "hasTests": true,
            "hasSuites": true,
            "totalTests": 2,
            "totalPasses": 1,
            "totalFailures": 1,
            "totalPending": 0,
            "totalSkipped": 0,
            "hasPasses": true,
            "hasFailures": true,
            "hasPending": false,
            "hasSkipped": false,
            "duration": 1
          },
          {
            "title": "Test Suite - Nested Suites Failing Before",
            "suites": [
              {
                "title": "Nested Test Suite",
                "suites": [],
                "tests": [
                  {
                    "title": "passing test",
                    "fullTitle": "Test Suite - Nested Suites Failing Before Nested Test Suite passing test",
                    "timedOut": false,
                    "duration": 0,
                    "pass": false,
                    "fail": false,
                    "pending": false,
                    "code": "true.should.be.ok;\ndone();",
                    "err": {},
                    "isRoot": false,
                    "parentUUID": "5ff37b80-2c77-4e23-907e-12266fd37438",
                    "skipped": true
                  }
                ],
                "pending": [],
                "root": false,
                "_timeout": 2000,
                "file": "/test-functional/test.js",
                "uuid": "5ff37b80-2c77-4e23-907e-12266fd37438",
                "fullFile": "/Users/adamgruber/Sites/mochawesome/test-functional/test.js",
                "passes": [],
                "failures": [],
                "skipped": [
                  {
                    "title": "passing test",
                    "fullTitle": "Test Suite - Nested Suites Failing Before Nested Test Suite passing test",
                    "timedOut": false,
                    "duration": 0,
                    "pass": false,
                    "fail": false,
                    "pending": false,
                    "code": "true.should.be.ok;\ndone();",
                    "err": {},
                    "isRoot": false,
                    "parentUUID": "5ff37b80-2c77-4e23-907e-12266fd37438",
                    "skipped": true
                  }
                ],
                "hasTests": true,
                "hasSuites": false,
                "totalTests": 1,
                "totalPasses": 0,
                "totalFailures": 0,
                "totalPending": 0,
                "totalSkipped": 1,
                "hasPasses": false,
                "hasFailures": false,
                "hasPending": false,
                "hasSkipped": true,
                "duration": 0
              }
            ],
            "tests": [
              {
                "title": "passing test",
                "fullTitle": "Master Test Suite Test Suite - Nested Suites Failing Before passing test",
                "timedOut": false,
                "duration": 0,
                "pass": false,
                "fail": false,
                "pending": false,
                "code": "true.should.be.ok;\ndone();",
                "err": {},
                "isRoot": false,
                "parentUUID": "7e0cd19d-2f37-4081-ba84-012165d30aa4",
                "skipped": true
              }
            ],
            "pending": [],
            "root": false,
            "_timeout": 2000,
            "file": "/test-functional/test.js",
            "uuid": "7e0cd19d-2f37-4081-ba84-012165d30aa4",
            "fullFile": "/Users/adamgruber/Sites/mochawesome/test-functional/test.js",
            "passes": [],
            "failures": [],
            "skipped": [
              {
                "title": "passing test",
                "fullTitle": "Master Test Suite Test Suite - Nested Suites Failing Before passing test",
                "timedOut": false,
                "duration": 0,
                "pass": false,
                "fail": false,
                "pending": false,
                "code": "true.should.be.ok;\ndone();",
                "err": {},
                "isRoot": false,
                "parentUUID": "7e0cd19d-2f37-4081-ba84-012165d30aa4",
                "skipped": true
              }
            ],
            "hasTests": true,
            "hasSuites": true,
            "totalTests": 1,
            "totalPasses": 0,
            "totalFailures": 0,
            "totalPending": 0,
            "totalSkipped": 1,
            "hasPasses": false,
            "hasFailures": false,
            "hasPending": false,
            "hasSkipped": true,
            "duration": 0
          },
          {
            "title": "Test Suite - Failed After",
            "suites": [],
            "tests": [
              {
                "title": "passing test",
                "fullTitle": "Master Test Suite Test Suite - Failed After passing test",
                "timedOut": false,
                "duration": 0,
                "state": "passed",
                "speed": "fast",
                "pass": true,
                "fail": false,
                "pending": false,
                "code": "true.should.be.ok;\ndone();",
                "err": {},
                "isRoot": false,
                "uuid": "2915a411-bd3a-4385-a631-1194a102ac97",
                "parentUUID": "aa92c033-c1d9-4076-950f-273dc1c55b14",
                "skipped": false
              },
              {
                "title": "pending test",
                "fullTitle": "Master Test Suite Test Suite - Failed After pending test",
                "timedOut": false,
                "duration": 0,
                "pass": false,
                "fail": false,
                "pending": true,
                "code": "",
                "err": {},
                "isRoot": false,
                "uuid": "55c0f6e4-b87d-48bc-9ab7-b49c05f9412b",
                "parentUUID": "aa92c033-c1d9-4076-950f-273dc1c55b14",
                "skipped": false
              },
              {
                "title": "failing test",
                "fullTitle": "Master Test Suite Test Suite - Failed After failing test",
                "timedOut": false,
                "duration": 0,
                "state": "failed",
                "pass": false,
                "fail": true,
                "pending": false,
                "code": "false.should.be.ok;\ndone();",
                "err": {
                  "name": "AssertionError",
                  "actual": false,
                  "operator": "to be truthy",
                  "message": "expected false to be truthy",
                  "generatedMessage": true,
                  "estack": "AssertionError: expected false to be truthy\n    at Assertion.prop.(anonymous function) (node_modules/should/lib/should.js:61:14)\n    at Context.<anonymous> (test-functional/test.js:71:7)"
                },
                "isRoot": false,
                "uuid": "7362cd92-cb38-47cf-afa1-a8fae426011b",
                "parentUUID": "aa92c033-c1d9-4076-950f-273dc1c55b14",
                "skipped": false
              },
              {
                "title": "passing test",
                "fullTitle": "Master Test Suite Test Suite - Failed After passing test",
                "timedOut": false,
                "duration": 0,
                "state": "passed",
                "speed": "fast",
                "pass": true,
                "fail": false,
                "pending": false,
                "code": "true.should.be.ok;\ndone();",
                "err": {},
                "isRoot": false,
                "uuid": "a171916f-9c6f-448a-92cd-bba94612fe69",
                "parentUUID": "aa92c033-c1d9-4076-950f-273dc1c55b14",
                "skipped": false
              },
              {
                "title": "pending test",
                "fullTitle": "Master Test Suite Test Suite - Failed After pending test",
                "timedOut": false,
                "duration": 0,
                "pass": false,
                "fail": false,
                "pending": true,
                "code": "",
                "err": {},
                "isRoot": false,
                "uuid": "36937c11-0512-4f9f-a246-d5f4401b806e",
                "parentUUID": "aa92c033-c1d9-4076-950f-273dc1c55b14",
                "skipped": false
              }
            ],
            "pending": [
              {
                "title": "pending test",
                "fullTitle": "Master Test Suite Test Suite - Failed After pending test",
                "timedOut": false,
                "duration": 0,
                "pass": false,
                "fail": false,
                "pending": true,
                "code": "",
                "err": {},
                "isRoot": false,
                "uuid": "55c0f6e4-b87d-48bc-9ab7-b49c05f9412b",
                "parentUUID": "aa92c033-c1d9-4076-950f-273dc1c55b14",
                "skipped": false
              },
              {
                "title": "pending test",
                "fullTitle": "Master Test Suite Test Suite - Failed After pending test",
                "timedOut": false,
                "duration": 0,
                "pass": false,
                "fail": false,
                "pending": true,
                "code": "",
                "err": {},
                "isRoot": false,
                "uuid": "36937c11-0512-4f9f-a246-d5f4401b806e",
                "parentUUID": "aa92c033-c1d9-4076-950f-273dc1c55b14",
                "skipped": false
              }
            ],
            "root": false,
            "_timeout": 2000,
            "file": "/test-functional/test.js",
            "uuid": "aa92c033-c1d9-4076-950f-273dc1c55b14",
            "fullFile": "/Users/adamgruber/Sites/mochawesome/test-functional/test.js",
            "passes": [
              {
                "title": "passing test",
                "fullTitle": "Master Test Suite Test Suite - Failed After passing test",
                "timedOut": false,
                "duration": 0,
                "state": "passed",
                "speed": "fast",
                "pass": true,
                "fail": false,
                "pending": false,
                "code": "true.should.be.ok;\ndone();",
                "err": {},
                "isRoot": false,
                "uuid": "2915a411-bd3a-4385-a631-1194a102ac97",
                "parentUUID": "aa92c033-c1d9-4076-950f-273dc1c55b14",
                "skipped": false
              },
              {
                "title": "passing test",
                "fullTitle": "Master Test Suite Test Suite - Failed After passing test",
                "timedOut": false,
                "duration": 0,
                "state": "passed",
                "speed": "fast",
                "pass": true,
                "fail": false,
                "pending": false,
                "code": "true.should.be.ok;\ndone();",
                "err": {},
                "isRoot": false,
                "uuid": "a171916f-9c6f-448a-92cd-bba94612fe69",
                "parentUUID": "aa92c033-c1d9-4076-950f-273dc1c55b14",
                "skipped": false
              }
            ],
            "failures": [
              {
                "title": "failing test",
                "fullTitle": "Master Test Suite Test Suite - Failed After failing test",
                "timedOut": false,
                "duration": 0,
                "state": "failed",
                "pass": false,
                "fail": true,
                "pending": false,
                "code": "false.should.be.ok;\ndone();",
                "err": {
                  "name": "AssertionError",
                  "actual": false,
                  "operator": "to be truthy",
                  "message": "expected false to be truthy",
                  "generatedMessage": true,
                  "estack": "AssertionError: expected false to be truthy\n    at Assertion.prop.(anonymous function) (node_modules/should/lib/should.js:61:14)\n    at Context.<anonymous> (test-functional/test.js:71:7)"
                },
                "isRoot": false,
                "uuid": "7362cd92-cb38-47cf-afa1-a8fae426011b",
                "parentUUID": "aa92c033-c1d9-4076-950f-273dc1c55b14",
                "skipped": false
              }
            ],
            "skipped": [],
            "hasTests": true,
            "hasSuites": false,
            "totalTests": 5,
            "totalPasses": 2,
            "totalFailures": 1,
            "totalPending": 2,
            "totalSkipped": 0,
            "hasPasses": true,
            "hasFailures": true,
            "hasPending": true,
            "hasSkipped": false,
            "duration": 0
          },
          {
            "title": "Test Suite - Pass",
            "suites": [],
            "tests": [
              {
                "title": "passing test",
                "fullTitle": "Master Test Suite Test Suite - Pass passing test",
                "timedOut": false,
                "duration": 0,
                "state": "passed",
                "speed": "fast",
                "pass": true,
                "fail": false,
                "pending": false,
                "code": "true.should.be.ok;\ndone();",
                "err": {},
                "isRoot": false,
                "uuid": "4c1074d8-44e5-4ece-bd86-2e0d6073709b",
                "parentUUID": "52e59737-dad2-441d-9418-47b3dcd7a968",
                "skipped": false
              }
            ],
            "pending": [],
            "root": false,
            "_timeout": 2000,
            "file": "/test-functional/test.js",
            "uuid": "52e59737-dad2-441d-9418-47b3dcd7a968",
            "fullFile": "/Users/adamgruber/Sites/mochawesome/test-functional/test.js",
            "passes": [
              {
                "title": "passing test",
                "fullTitle": "Master Test Suite Test Suite - Pass passing test",
                "timedOut": false,
                "duration": 0,
                "state": "passed",
                "speed": "fast",
                "pass": true,
                "fail": false,
                "pending": false,
                "code": "true.should.be.ok;\ndone();",
                "err": {},
                "isRoot": false,
                "uuid": "4c1074d8-44e5-4ece-bd86-2e0d6073709b",
                "parentUUID": "52e59737-dad2-441d-9418-47b3dcd7a968",
                "skipped": false
              }
            ],
            "failures": [],
            "skipped": [],
            "hasTests": true,
            "hasSuites": false,
            "totalTests": 1,
            "totalPasses": 1,
            "totalFailures": 0,
            "totalPending": 0,
            "totalSkipped": 0,
            "hasPasses": true,
            "hasFailures": false,
            "hasPending": false,
            "hasSkipped": false,
            "duration": 0
          },
          {
            "title": "Test Suite - Fail",
            "suites": [],
            "tests": [
              {
                "title": "failing test",
                "fullTitle": "Master Test Suite Test Suite - Fail failing test",
                "timedOut": false,
                "duration": 0,
                "state": "failed",
                "pass": false,
                "fail": true,
                "pending": false,
                "code": "false.should.be.ok;\ndone();",
                "err": {
                  "name": "AssertionError",
                  "actual": false,
                  "operator": "to be truthy",
                  "message": "expected false to be truthy",
                  "generatedMessage": true,
                  "estack": "AssertionError: expected false to be truthy\n    at Assertion.prop.(anonymous function) (node_modules/should/lib/should.js:61:14)\n    at Context.<anonymous> (test-functional/test.js:95:7)"
                },
                "isRoot": false,
                "uuid": "26737049-23c5-4912-a084-dbb14fa00758",
                "parentUUID": "a691f4c2-a3c8-4f9a-b886-f7409212a676",
                "skipped": false
              }
            ],
            "pending": [],
            "root": false,
            "_timeout": 2000,
            "file": "/test-functional/test.js",
            "uuid": "a691f4c2-a3c8-4f9a-b886-f7409212a676",
            "fullFile": "/Users/adamgruber/Sites/mochawesome/test-functional/test.js",
            "passes": [],
            "failures": [
              {
                "title": "failing test",
                "fullTitle": "Master Test Suite Test Suite - Fail failing test",
                "timedOut": false,
                "duration": 0,
                "state": "failed",
                "pass": false,
                "fail": true,
                "pending": false,
                "code": "false.should.be.ok;\ndone();",
                "err": {
                  "name": "AssertionError",
                  "actual": false,
                  "operator": "to be truthy",
                  "message": "expected false to be truthy",
                  "generatedMessage": true,
                  "estack": "AssertionError: expected false to be truthy\n    at Assertion.prop.(anonymous function) (node_modules/should/lib/should.js:61:14)\n    at Context.<anonymous> (test-functional/test.js:95:7)"
                },
                "isRoot": false,
                "uuid": "26737049-23c5-4912-a084-dbb14fa00758",
                "parentUUID": "a691f4c2-a3c8-4f9a-b886-f7409212a676",
                "skipped": false
              }
            ],
            "skipped": [],
            "hasTests": true,
            "hasSuites": false,
            "totalTests": 1,
            "totalPasses": 0,
            "totalFailures": 1,
            "totalPending": 0,
            "totalSkipped": 0,
            "hasPasses": false,
            "hasFailures": true,
            "hasPending": false,
            "hasSkipped": false,
            "duration": 0
          },
          {
            "title": "Test Suite - Pend",
            "suites": [],
            "tests": [
              {
                "title": "pending test",
                "fullTitle": "Master Test Suite Test Suite - Pend pending test",
                "timedOut": false,
                "duration": 0,
                "pass": false,
                "fail": false,
                "pending": true,
                "code": "",
                "err": {},
                "isRoot": false,
                "uuid": "0725c0ba-83eb-4822-9703-ca7868baa622",
                "parentUUID": "bc29aca9-0d3f-4809-bc51-9f1026e1e782",
                "skipped": false
              }
            ],
            "pending": [
              {
                "title": "pending test",
                "fullTitle": "Master Test Suite Test Suite - Pend pending test",
                "timedOut": false,
                "duration": 0,
                "pass": false,
                "fail": false,
                "pending": true,
                "code": "",
                "err": {},
                "isRoot": false,
                "uuid": "0725c0ba-83eb-4822-9703-ca7868baa622",
                "parentUUID": "bc29aca9-0d3f-4809-bc51-9f1026e1e782",
                "skipped": false
              }
            ],
            "root": false,
            "_timeout": 2000,
            "file": "/test-functional/test.js",
            "uuid": "bc29aca9-0d3f-4809-bc51-9f1026e1e782",
            "fullFile": "/Users/adamgruber/Sites/mochawesome/test-functional/test.js",
            "passes": [],
            "failures": [],
            "skipped": [],
            "hasTests": true,
            "hasSuites": false,
            "totalTests": 1,
            "totalPasses": 0,
            "totalFailures": 0,
            "totalPending": 1,
            "totalSkipped": 0,
            "hasPasses": false,
            "hasFailures": false,
            "hasPending": true,
            "hasSkipped": false,
            "duration": 0
          },
          {
            "title": "Test Suite - Failed Before",
            "suites": [],
            "tests": [
              {
                "title": "passing test",
                "fullTitle": "Master Test Suite Test Suite - Failed Before passing test",
                "timedOut": false,
                "duration": 0,
                "pass": false,
                "fail": false,
                "pending": false,
                "code": "true.should.be.ok;\ndone();",
                "err": {},
                "isRoot": false,
                "parentUUID": "ab03ab16-23e7-4022-806c-239688139792",
                "skipped": true
              },
              {
                "title": "failing test",
                "fullTitle": "Master Test Suite Test Suite - Failed Before failing test",
                "timedOut": false,
                "duration": 0,
                "pass": false,
                "fail": false,
                "pending": false,
                "code": "false.should.be.ok;\ndone();",
                "err": {},
                "isRoot": false,
                "parentUUID": "ab03ab16-23e7-4022-806c-239688139792",
                "skipped": true
              }
            ],
            "pending": [],
            "root": false,
            "_timeout": 2000,
            "file": "/test-functional/test.js",
            "uuid": "ab03ab16-23e7-4022-806c-239688139792",
            "fullFile": "/Users/adamgruber/Sites/mochawesome/test-functional/test.js",
            "passes": [],
            "failures": [],
            "skipped": [
              {
                "title": "passing test",
                "fullTitle": "Master Test Suite Test Suite - Failed Before passing test",
                "timedOut": false,
                "duration": 0,
                "pass": false,
                "fail": false,
                "pending": false,
                "code": "true.should.be.ok;\ndone();",
                "err": {},
                "isRoot": false,
                "parentUUID": "ab03ab16-23e7-4022-806c-239688139792",
                "skipped": true
              },
              {
                "title": "failing test",
                "fullTitle": "Master Test Suite Test Suite - Failed Before failing test",
                "timedOut": false,
                "duration": 0,
                "pass": false,
                "fail": false,
                "pending": false,
                "code": "false.should.be.ok;\ndone();",
                "err": {},
                "isRoot": false,
                "parentUUID": "ab03ab16-23e7-4022-806c-239688139792",
                "skipped": true
              }
            ],
            "hasTests": true,
            "hasSuites": false,
            "totalTests": 2,
            "totalPasses": 0,
            "totalFailures": 0,
            "totalPending": 0,
            "totalSkipped": 2,
            "hasPasses": false,
            "hasFailures": false,
            "hasPending": false,
            "hasSkipped": true,
            "duration": 0
          },
          {
            "title": "Test Suite - Failed Before and After",
            "suites": [],
            "tests": [
              {
                "title": "passing test",
                "fullTitle": "Master Test Suite Test Suite - Failed Before and After passing test",
                "timedOut": false,
                "duration": 0,
                "pass": false,
                "fail": false,
                "pending": false,
                "code": "true.should.be.ok;\ndone();",
                "err": {},
                "isRoot": false,
                "parentUUID": "1955f030-084a-4b01-a497-317b9c361dce",
                "skipped": true
              },
              {
                "title": "failing test",
                "fullTitle": "Master Test Suite Test Suite - Failed Before and After failing test",
                "timedOut": false,
                "duration": 0,
                "pass": false,
                "fail": false,
                "pending": false,
                "code": "false.should.be.ok;\ndone();",
                "err": {},
                "isRoot": false,
                "parentUUID": "1955f030-084a-4b01-a497-317b9c361dce",
                "skipped": true
              }
            ],
            "pending": [],
            "root": false,
            "_timeout": 2000,
            "file": "/test-functional/test.js",
            "uuid": "1955f030-084a-4b01-a497-317b9c361dce",
            "fullFile": "/Users/adamgruber/Sites/mochawesome/test-functional/test.js",
            "passes": [],
            "failures": [],
            "skipped": [
              {
                "title": "passing test",
                "fullTitle": "Master Test Suite Test Suite - Failed Before and After passing test",
                "timedOut": false,
                "duration": 0,
                "pass": false,
                "fail": false,
                "pending": false,
                "code": "true.should.be.ok;\ndone();",
                "err": {},
                "isRoot": false,
                "parentUUID": "1955f030-084a-4b01-a497-317b9c361dce",
                "skipped": true
              },
              {
                "title": "failing test",
                "fullTitle": "Master Test Suite Test Suite - Failed Before and After failing test",
                "timedOut": false,
                "duration": 0,
                "pass": false,
                "fail": false,
                "pending": false,
                "code": "false.should.be.ok;\ndone();",
                "err": {},
                "isRoot": false,
                "parentUUID": "1955f030-084a-4b01-a497-317b9c361dce",
                "skipped": true
              }
            ],
            "hasTests": true,
            "hasSuites": false,
            "totalTests": 2,
            "totalPasses": 0,
            "totalFailures": 0,
            "totalPending": 0,
            "totalSkipped": 2,
            "hasPasses": false,
            "hasFailures": false,
            "hasPending": false,
            "hasSkipped": true,
            "duration": 0
          },
          {
            "title": "Test Suite - Failed Before Each",
            "suites": [],
            "tests": [
              {
                "title": "passing test",
                "fullTitle": "Master Test Suite Test Suite - Failed Before Each passing test",
                "timedOut": false,
                "duration": 0,
                "pass": false,
                "fail": false,
                "pending": false,
                "code": "true.should.be.ok;\ndone();",
                "err": {},
                "isRoot": false,
                "uuid": "8a35aeab-4bda-4588-824f-eea8f7bd600e",
                "parentUUID": "67b6daa1-29d7-4d50-a512-a539431d3cc6",
                "skipped": true
              },
              {
                "title": "failing test",
                "fullTitle": "Master Test Suite Test Suite - Failed Before Each failing test",
                "timedOut": false,
                "duration": 0,
                "pass": false,
                "fail": false,
                "pending": false,
                "code": "false.should.be.ok;\ndone();",
                "err": {},
                "isRoot": false,
                "parentUUID": "67b6daa1-29d7-4d50-a512-a539431d3cc6",
                "skipped": true
              }
            ],
            "pending": [],
            "root": false,
            "_timeout": 2000,
            "file": "/test-functional/test.js",
            "uuid": "67b6daa1-29d7-4d50-a512-a539431d3cc6",
            "fullFile": "/Users/adamgruber/Sites/mochawesome/test-functional/test.js",
            "passes": [],
            "failures": [],
            "skipped": [
              {
                "title": "passing test",
                "fullTitle": "Master Test Suite Test Suite - Failed Before Each passing test",
                "timedOut": false,
                "duration": 0,
                "pass": false,
                "fail": false,
                "pending": false,
                "code": "true.should.be.ok;\ndone();",
                "err": {},
                "isRoot": false,
                "uuid": "8a35aeab-4bda-4588-824f-eea8f7bd600e",
                "parentUUID": "67b6daa1-29d7-4d50-a512-a539431d3cc6",
                "skipped": true
              },
              {
                "title": "failing test",
                "fullTitle": "Master Test Suite Test Suite - Failed Before Each failing test",
                "timedOut": false,
                "duration": 0,
                "pass": false,
                "fail": false,
                "pending": false,
                "code": "false.should.be.ok;\ndone();",
                "err": {},
                "isRoot": false,
                "parentUUID": "67b6daa1-29d7-4d50-a512-a539431d3cc6",
                "skipped": true
              }
            ],
            "hasTests": true,
            "hasSuites": false,
            "totalTests": 2,
            "totalPasses": 0,
            "totalFailures": 0,
            "totalPending": 0,
            "totalSkipped": 2,
            "hasPasses": false,
            "hasFailures": false,
            "hasPending": false,
            "hasSkipped": true,
            "duration": 0
          },
          {
            "title": "Test Suite - Failed After Each",
            "suites": [],
            "tests": [
              {
                "title": "passing test",
                "fullTitle": "Master Test Suite Test Suite - Failed After Each passing test",
                "timedOut": false,
                "duration": 0,
                "state": "passed",
                "speed": "fast",
                "pass": true,
                "fail": false,
                "pending": false,
                "code": "true.should.be.ok;\ndone();",
                "err": {},
                "isRoot": false,
                "uuid": "82eab0ed-68f3-40e7-a600-0f8c30a28f91",
                "parentUUID": "89e973da-9267-441a-a5e0-b9037b46472f",
                "skipped": false
              },
              {
                "title": "pending test",
                "fullTitle": "Master Test Suite Test Suite - Failed After Each pending test",
                "timedOut": false,
                "duration": 0,
                "pass": false,
                "fail": false,
                "pending": true,
                "code": "",
                "err": {},
                "isRoot": false,
                "uuid": "2b120905-3eb7-477f-89ad-c4d3555bf1f4",
                "parentUUID": "89e973da-9267-441a-a5e0-b9037b46472f",
                "skipped": false
              },
              {
                "title": "failing test",
                "fullTitle": "Master Test Suite Test Suite - Failed After Each failing test",
                "timedOut": false,
                "duration": 0,
                "state": "failed",
                "pass": false,
                "fail": true,
                "pending": false,
                "code": "false.should.be.ok;\ndone();",
                "err": {
                  "name": "AssertionError",
                  "actual": false,
                  "operator": "to be truthy",
                  "message": "expected false to be truthy",
                  "generatedMessage": true,
                  "estack": "AssertionError: expected false to be truthy\n    at Assertion.prop.(anonymous function) (node_modules/should/lib/should.js:61:14)\n    at Context.<anonymous> (test-functional/test.js:164:7)"
                },
                "isRoot": false,
                "uuid": "a5935a8b-33bc-4d80-82cb-785d9639ee72",
                "parentUUID": "89e973da-9267-441a-a5e0-b9037b46472f",
                "skipped": false
              },
              {
                "title": "passing test",
                "fullTitle": "Master Test Suite Test Suite - Failed After Each passing test",
                "timedOut": false,
                "duration": 0,
                "state": "passed",
                "speed": "fast",
                "pass": true,
                "fail": false,
                "pending": false,
                "code": "true.should.be.ok;\ndone();",
                "err": {},
                "isRoot": false,
                "uuid": "ff7d7f3f-f0a7-4125-a91c-c103977a3c69",
                "parentUUID": "89e973da-9267-441a-a5e0-b9037b46472f",
                "skipped": false
              },
              {
                "title": "pending test",
                "fullTitle": "Master Test Suite Test Suite - Failed After Each pending test",
                "timedOut": false,
                "duration": 0,
                "pass": false,
                "fail": false,
                "pending": true,
                "code": "",
                "err": {},
                "isRoot": false,
                "uuid": "7fe53eae-f057-4e11-8a25-43fefd53d8d2",
                "parentUUID": "89e973da-9267-441a-a5e0-b9037b46472f",
                "skipped": false
              }
            ],
            "pending": [
              {
                "title": "pending test",
                "fullTitle": "Master Test Suite Test Suite - Failed After Each pending test",
                "timedOut": false,
                "duration": 0,
                "pass": false,
                "fail": false,
                "pending": true,
                "code": "",
                "err": {},
                "isRoot": false,
                "uuid": "2b120905-3eb7-477f-89ad-c4d3555bf1f4",
                "parentUUID": "89e973da-9267-441a-a5e0-b9037b46472f",
                "skipped": false
              },
              {
                "title": "pending test",
                "fullTitle": "Master Test Suite Test Suite - Failed After Each pending test",
                "timedOut": false,
                "duration": 0,
                "pass": false,
                "fail": false,
                "pending": true,
                "code": "",
                "err": {},
                "isRoot": false,
                "uuid": "7fe53eae-f057-4e11-8a25-43fefd53d8d2",
                "parentUUID": "89e973da-9267-441a-a5e0-b9037b46472f",
                "skipped": false
              }
            ],
            "root": false,
            "_timeout": 2000,
            "file": "/test-functional/test.js",
            "uuid": "89e973da-9267-441a-a5e0-b9037b46472f",
            "fullFile": "/Users/adamgruber/Sites/mochawesome/test-functional/test.js",
            "passes": [
              {
                "title": "passing test",
                "fullTitle": "Master Test Suite Test Suite - Failed After Each passing test",
                "timedOut": false,
                "duration": 0,
                "state": "passed",
                "speed": "fast",
                "pass": true,
                "fail": false,
                "pending": false,
                "code": "true.should.be.ok;\ndone();",
                "err": {},
                "isRoot": false,
                "uuid": "82eab0ed-68f3-40e7-a600-0f8c30a28f91",
                "parentUUID": "89e973da-9267-441a-a5e0-b9037b46472f",
                "skipped": false
              },
              {
                "title": "passing test",
                "fullTitle": "Master Test Suite Test Suite - Failed After Each passing test",
                "timedOut": false,
                "duration": 0,
                "state": "passed",
                "speed": "fast",
                "pass": true,
                "fail": false,
                "pending": false,
                "code": "true.should.be.ok;\ndone();",
                "err": {},
                "isRoot": false,
                "uuid": "ff7d7f3f-f0a7-4125-a91c-c103977a3c69",
                "parentUUID": "89e973da-9267-441a-a5e0-b9037b46472f",
                "skipped": false
              }
            ],
            "failures": [
              {
                "title": "failing test",
                "fullTitle": "Master Test Suite Test Suite - Failed After Each failing test",
                "timedOut": false,
                "duration": 0,
                "state": "failed",
                "pass": false,
                "fail": true,
                "pending": false,
                "code": "false.should.be.ok;\ndone();",
                "err": {
                  "name": "AssertionError",
                  "actual": false,
                  "operator": "to be truthy",
                  "message": "expected false to be truthy",
                  "generatedMessage": true,
                  "estack": "AssertionError: expected false to be truthy\n    at Assertion.prop.(anonymous function) (node_modules/should/lib/should.js:61:14)\n    at Context.<anonymous> (test-functional/test.js:164:7)"
                },
                "isRoot": false,
                "uuid": "a5935a8b-33bc-4d80-82cb-785d9639ee72",
                "parentUUID": "89e973da-9267-441a-a5e0-b9037b46472f",
                "skipped": false
              }
            ],
            "skipped": [],
            "hasTests": true,
            "hasSuites": false,
            "totalTests": 5,
            "totalPasses": 2,
            "totalFailures": 1,
            "totalPending": 2,
            "totalSkipped": 0,
            "hasPasses": true,
            "hasFailures": true,
            "hasPending": true,
            "hasSkipped": false,
            "duration": 0
          }
        ],
        "tests": [
          {
            "title": "passing test",
            "fullTitle": "Master Test Suite passing test",
            "timedOut": false,
            "duration": 1,
            "state": "passed",
            "speed": "fast",
            "pass": true,
            "fail": false,
            "pending": false,
            "code": "true.should.be.ok;\ndone();",
            "err": {},
            "isRoot": false,
            "uuid": "6549957e-214c-44b9-b38c-8ab0d1dd1c99",
            "parentUUID": "71379ed6-d74c-48a6-90da-d05e0e2350d1",
            "skipped": false
          }
        ],
        "pending": [],
        "root": false,
        "_timeout": 2000,
        "file": "/test-functional/test.js",
        "uuid": "71379ed6-d74c-48a6-90da-d05e0e2350d1",
        "fullFile": "/Users/adamgruber/Sites/mochawesome/test-functional/test.js",
        "passes": [
          {
            "title": "passing test",
            "fullTitle": "Master Test Suite passing test",
            "timedOut": false,
            "duration": 1,
            "state": "passed",
            "speed": "fast",
            "pass": true,
            "fail": false,
            "pending": false,
            "code": "true.should.be.ok;\ndone();",
            "err": {},
            "isRoot": false,
            "uuid": "6549957e-214c-44b9-b38c-8ab0d1dd1c99",
            "parentUUID": "71379ed6-d74c-48a6-90da-d05e0e2350d1",
            "skipped": false
          }
        ],
        "failures": [],
        "skipped": [],
        "hasTests": true,
        "hasSuites": true,
        "totalTests": 1,
        "totalPasses": 1,
        "totalFailures": 0,
        "totalPending": 0,
        "totalSkipped": 0,
        "hasPasses": true,
        "hasFailures": false,
        "hasPending": false,
        "hasSkipped": false,
        "duration": 1
      }
    ],
    "tests": [],
    "pending": [],
    "root": true,
    "_timeout": 2000,
    "uuid": "58073d85-d930-4c5e-a055-cd0d355c3237",
    "fullFile": "",
    "file": "",
    "passes": [],
    "failures": [],
    "skipped": [],
    "hasTests": false,
    "hasSuites": true,
    "totalTests": 0,
    "totalPasses": 0,
    "totalFailures": 0,
    "totalPending": 0,
    "totalSkipped": 0,
    "hasPasses": false,
    "hasFailures": false,
    "hasPending": false,
    "hasSkipped": false,
    "duration": 0,
    "rootEmpty": true
  },
  "allTests": [
    {
      "title": "passing test",
      "fullTitle": "Master Test Suite passing test",
      "timedOut": false,
      "duration": 1,
      "state": "passed",
      "speed": "fast",
      "pass": true,
      "fail": false,
      "pending": false,
      "code": "true.should.be.ok;\ndone();",
      "err": {},
      "isRoot": false,
      "uuid": "6549957e-214c-44b9-b38c-8ab0d1dd1c99",
      "parentUUID": "71379ed6-d74c-48a6-90da-d05e0e2350d1",
      "skipped": false
    },
    {
      "title": "passing test",
      "fullTitle": "Test Suite - Basic passing test",
      "timedOut": false,
      "duration": 0,
      "state": "passed",
      "speed": "fast",
      "pass": true,
      "fail": false,
      "pending": false,
      "code": "true.should.be.ok;\ndone();",
      "err": {},
      "isRoot": false,
      "uuid": "06d7c0d6-d895-47f4-beee-2de760fa31b5",
      "parentUUID": "72cee000-885c-4d9b-983c-d8ff9014e301",
      "skipped": false
    },
    {
      "title": "failing test",
      "fullTitle": "Test Suite - Basic failing test",
      "timedOut": false,
      "duration": 10,
      "state": "failed",
      "pass": false,
      "fail": true,
      "pending": false,
      "code": "var o = retObj();\no.should.eql({});\ndone();",
      "err": {
        "name": "AssertionError",
        "actual": "{\n  \"adam\": \"adam\"\n}",
        "expected": "{}",
        "operator": "to equal",
        "message": "expected { adam: 'adam' } to equal {}",
        "generatedMessage": true,
        "showDiff": true,
        "estack": "AssertionError: expected { adam: 'adam' } to equal {}\n    at Assertion.prop.(anonymous function) (node_modules/should/lib/should.js:61:14)\n    at Context.<anonymous> (test-functional/test.js:18:16)",
        "diff": "- {\n-   \"adam\": \"adam\"\n- }\n+ {}\n"
      },
      "isRoot": false,
      "uuid": "746954a0-85ec-4101-b15c-148300b04e08",
      "parentUUID": "72cee000-885c-4d9b-983c-d8ff9014e301",
      "skipped": false
    },
    {
      "title": "passing test",
      "fullTitle": "Test Suite - Nested Suites passing test",
      "timedOut": false,
      "duration": 1,
      "state": "passed",
      "speed": "fast",
      "pass": true,
      "fail": false,
      "pending": false,
      "code": "true.should.be.ok;\ndone();",
      "err": {},
      "isRoot": false,
      "uuid": "2594f0fb-48b4-4261-91ef-f80bc381a09f",
      "parentUUID": "f749378d-872d-4e33-979e-e397ac0b832c",
      "skipped": false
    },
    {
      "title": "failing test",
      "fullTitle": "Test Suite - Nested Suites failing test",
      "timedOut": false,
      "duration": 0,
      "state": "failed",
      "pass": false,
      "fail": true,
      "pending": false,
      "code": "false.should.be.ok;\ndone();",
      "err": {
        "name": "AssertionError",
        "actual": false,
        "operator": "to be truthy",
        "message": "expected false to be truthy",
        "generatedMessage": true,
        "estack": "AssertionError: expected false to be truthy\n    at Assertion.prop.(anonymous function) (node_modules/should/lib/should.js:61:14)\n    at Context.<anonymous> (test-functional/test.js:41:7)"
      },
      "isRoot": false,
      "uuid": "0416969e-56a5-461f-912c-a8d5e1cd2dd6",
      "parentUUID": "f749378d-872d-4e33-979e-e397ac0b832c",
      "skipped": false
    },
    {
      "title": "passing test",
      "fullTitle": "Nested Test Suite passing test",
      "timedOut": false,
      "duration": 0,
      "state": "passed",
      "speed": "fast",
      "pass": true,
      "fail": false,
      "pending": false,
      "code": "true.should.be.ok;\ndone();",
      "err": {},
      "isRoot": false,
      "uuid": "d64a9562-5412-42f6-97b0-e886d591ccd5",
      "parentUUID": "b4ff8bbb-f13a-4f0f-9384-6d9cb67a02f0",
      "skipped": false
    },
    {
      "title": "passing test",
      "fullTitle": "Nested Test Suite passing test",
      "timedOut": false,
      "duration": 0,
      "state": "passed",
      "speed": "fast",
      "pass": true,
      "fail": false,
      "pending": false,
      "code": "true.should.be.ok;\ndone();",
      "err": {},
      "isRoot": false,
      "uuid": "55621615-fa73-4166-a2b2-bc8c6e4cd4aa",
      "parentUUID": "98134c87-03b5-48f9-bc6e-0806e2e96827",
      "skipped": false
    },
    {
      "title": "passing test",
      "fullTitle": "Test Suite - Failed After passing test",
      "timedOut": false,
      "duration": 0,
      "state": "passed",
      "speed": "fast",
      "pass": true,
      "fail": false,
      "pending": false,
      "code": "true.should.be.ok;\ndone();",
      "err": {},
      "isRoot": false,
      "uuid": "2915a411-bd3a-4385-a631-1194a102ac97",
      "parentUUID": "aa92c033-c1d9-4076-950f-273dc1c55b14",
      "skipped": false
    },
    {
      "title": "pending test",
      "fullTitle": "Test Suite - Failed After pending test",
      "timedOut": false,
      "duration": 0,
      "pass": false,
      "fail": false,
      "pending": true,
      "code": "",
      "err": {},
      "isRoot": false,
      "uuid": "55c0f6e4-b87d-48bc-9ab7-b49c05f9412b",
      "parentUUID": "aa92c033-c1d9-4076-950f-273dc1c55b14",
      "skipped": false
    },
    {
      "title": "failing test",
      "fullTitle": "Test Suite - Failed After failing test",
      "timedOut": false,
      "duration": 0,
      "state": "failed",
      "pass": false,
      "fail": true,
      "pending": false,
      "code": "false.should.be.ok;\ndone();",
      "err": {
        "name": "AssertionError",
        "actual": false,
        "operator": "to be truthy",
        "message": "expected false to be truthy",
        "generatedMessage": true,
        "estack": "AssertionError: expected false to be truthy\n    at Assertion.prop.(anonymous function) (node_modules/should/lib/should.js:61:14)\n    at Context.<anonymous> (test-functional/test.js:71:7)"
      },
      "isRoot": false,
      "uuid": "7362cd92-cb38-47cf-afa1-a8fae426011b",
      "parentUUID": "aa92c033-c1d9-4076-950f-273dc1c55b14",
      "skipped": false
    },
    {
      "title": "passing test",
      "fullTitle": "Test Suite - Failed After passing test",
      "timedOut": false,
      "duration": 0,
      "state": "passed",
      "speed": "fast",
      "pass": true,
      "fail": false,
      "pending": false,
      "code": "true.should.be.ok;\ndone();",
      "err": {},
      "isRoot": false,
      "uuid": "a171916f-9c6f-448a-92cd-bba94612fe69",
      "parentUUID": "aa92c033-c1d9-4076-950f-273dc1c55b14",
      "skipped": false
    },
    {
      "title": "pending test",
      "fullTitle": "Test Suite - Failed After pending test",
      "timedOut": false,
      "duration": 0,
      "pass": false,
      "fail": false,
      "pending": true,
      "code": "",
      "err": {},
      "isRoot": false,
      "uuid": "36937c11-0512-4f9f-a246-d5f4401b806e",
      "parentUUID": "aa92c033-c1d9-4076-950f-273dc1c55b14",
      "skipped": false
    },
    {
      "title": "passing test",
      "fullTitle": "Test Suite - Pass passing test",
      "timedOut": false,
      "duration": 0,
      "state": "passed",
      "speed": "fast",
      "pass": true,
      "fail": false,
      "pending": false,
      "code": "true.should.be.ok;\ndone();",
      "err": {},
      "isRoot": false,
      "uuid": "4c1074d8-44e5-4ece-bd86-2e0d6073709b",
      "parentUUID": "52e59737-dad2-441d-9418-47b3dcd7a968",
      "skipped": false
    },
    {
      "title": "failing test",
      "fullTitle": "Test Suite - Fail failing test",
      "timedOut": false,
      "duration": 0,
      "state": "failed",
      "pass": false,
      "fail": true,
      "pending": false,
      "code": "false.should.be.ok;\ndone();",
      "err": {
        "name": "AssertionError",
        "actual": false,
        "operator": "to be truthy",
        "message": "expected false to be truthy",
        "generatedMessage": true,
        "estack": "AssertionError: expected false to be truthy\n    at Assertion.prop.(anonymous function) (node_modules/should/lib/should.js:61:14)\n    at Context.<anonymous> (test-functional/test.js:95:7)"
      },
      "isRoot": false,
      "uuid": "26737049-23c5-4912-a084-dbb14fa00758",
      "parentUUID": "a691f4c2-a3c8-4f9a-b886-f7409212a676",
      "skipped": false
    },
    {
      "title": "pending test",
      "fullTitle": "Test Suite - Pend pending test",
      "timedOut": false,
      "duration": 0,
      "pass": false,
      "fail": false,
      "pending": true,
      "code": "",
      "err": {},
      "isRoot": false,
      "uuid": "0725c0ba-83eb-4822-9703-ca7868baa622",
      "parentUUID": "bc29aca9-0d3f-4809-bc51-9f1026e1e782",
      "skipped": false
    },
    {
      "title": "passing test",
      "fullTitle": "Test Suite - Failed After Each passing test",
      "timedOut": false,
      "duration": 0,
      "state": "passed",
      "speed": "fast",
      "pass": true,
      "fail": false,
      "pending": false,
      "code": "true.should.be.ok;\ndone();",
      "err": {},
      "isRoot": false,
      "uuid": "82eab0ed-68f3-40e7-a600-0f8c30a28f91",
      "parentUUID": "89e973da-9267-441a-a5e0-b9037b46472f",
      "skipped": false
    },
    {
      "title": "pending test",
      "fullTitle": "Test Suite - Failed After Each pending test",
      "timedOut": false,
      "duration": 0,
      "pass": false,
      "fail": false,
      "pending": true,
      "code": "",
      "err": {},
      "isRoot": false,
      "uuid": "2b120905-3eb7-477f-89ad-c4d3555bf1f4",
      "parentUUID": "89e973da-9267-441a-a5e0-b9037b46472f",
      "skipped": false
    },
    {
      "title": "failing test",
      "fullTitle": "Test Suite - Failed After Each failing test",
      "timedOut": false,
      "duration": 0,
      "state": "failed",
      "pass": false,
      "fail": true,
      "pending": false,
      "code": "false.should.be.ok;\ndone();",
      "err": {
        "name": "AssertionError",
        "actual": false,
        "operator": "to be truthy",
        "message": "expected false to be truthy",
        "generatedMessage": true,
        "estack": "AssertionError: expected false to be truthy\n    at Assertion.prop.(anonymous function) (node_modules/should/lib/should.js:61:14)\n    at Context.<anonymous> (test-functional/test.js:164:7)"
      },
      "isRoot": false,
      "uuid": "a5935a8b-33bc-4d80-82cb-785d9639ee72",
      "parentUUID": "89e973da-9267-441a-a5e0-b9037b46472f",
      "skipped": false
    },
    {
      "title": "passing test",
      "fullTitle": "Test Suite - Failed After Each passing test",
      "timedOut": false,
      "duration": 0,
      "state": "passed",
      "speed": "fast",
      "pass": true,
      "fail": false,
      "pending": false,
      "code": "true.should.be.ok;\ndone();",
      "err": {},
      "isRoot": false,
      "uuid": "ff7d7f3f-f0a7-4125-a91c-c103977a3c69",
      "parentUUID": "89e973da-9267-441a-a5e0-b9037b46472f",
      "skipped": false
    },
    {
      "title": "pending test",
      "fullTitle": "Test Suite - Failed After Each pending test",
      "timedOut": false,
      "duration": 0,
      "pass": false,
      "fail": false,
      "pending": true,
      "code": "",
      "err": {},
      "isRoot": false,
      "uuid": "7fe53eae-f057-4e11-8a25-43fefd53d8d2",
      "parentUUID": "89e973da-9267-441a-a5e0-b9037b46472f",
      "skipped": false
    }
  ],
  "allPending": [
    {
      "title": "pending test",
      "body": "",
      "sync": true,
      "_timeout": 2000,
      "_slow": 75,
      "_enableTimeouts": true,
      "timedOut": false,
      "_trace": {},
      "_retries": -1,
      "_currentRetry": 0,
      "pending": true,
      "type": "test",
      "file": "/Users/adamgruber/Sites/mochawesome/test-functional/test.js",
      "parent": {
        "title": "Test Suite - Failed After",
        "suites": [],
        "tests": [
          {
            "title": "passing test",
            "fullTitle": "Master Test Suite Test Suite - Failed After passing test",
            "timedOut": false,
            "duration": 0,
            "state": "passed",
            "speed": "fast",
            "pass": true,
            "fail": false,
            "pending": false,
            "code": "true.should.be.ok;\ndone();",
            "err": {},
            "isRoot": false,
            "uuid": "2915a411-bd3a-4385-a631-1194a102ac97",
            "parentUUID": "aa92c033-c1d9-4076-950f-273dc1c55b14",
            "skipped": false
          },
          {
            "title": "pending test",
            "fullTitle": "Master Test Suite Test Suite - Failed After pending test",
            "timedOut": false,
            "duration": 0,
            "pass": false,
            "fail": false,
            "pending": true,
            "code": "",
            "err": {},
            "isRoot": false,
            "uuid": "55c0f6e4-b87d-48bc-9ab7-b49c05f9412b",
            "parentUUID": "aa92c033-c1d9-4076-950f-273dc1c55b14",
            "skipped": false
          },
          {
            "title": "failing test",
            "fullTitle": "Master Test Suite Test Suite - Failed After failing test",
            "timedOut": false,
            "duration": 0,
            "state": "failed",
            "pass": false,
            "fail": true,
            "pending": false,
            "code": "false.should.be.ok;\ndone();",
            "err": {
              "name": "AssertionError",
              "actual": false,
              "operator": "to be truthy",
              "message": "expected false to be truthy",
              "generatedMessage": true,
              "estack": "AssertionError: expected false to be truthy\n    at Assertion.prop.(anonymous function) (node_modules/should/lib/should.js:61:14)\n    at Context.<anonymous> (test-functional/test.js:71:7)"
            },
            "isRoot": false,
            "uuid": "7362cd92-cb38-47cf-afa1-a8fae426011b",
            "parentUUID": "aa92c033-c1d9-4076-950f-273dc1c55b14",
            "skipped": false
          },
          {
            "title": "passing test",
            "fullTitle": "Master Test Suite Test Suite - Failed After passing test",
            "timedOut": false,
            "duration": 0,
            "state": "passed",
            "speed": "fast",
            "pass": true,
            "fail": false,
            "pending": false,
            "code": "true.should.be.ok;\ndone();",
            "err": {},
            "isRoot": false,
            "uuid": "a171916f-9c6f-448a-92cd-bba94612fe69",
            "parentUUID": "aa92c033-c1d9-4076-950f-273dc1c55b14",
            "skipped": false
          },
          {
            "title": "pending test",
            "fullTitle": "Master Test Suite Test Suite - Failed After pending test",
            "timedOut": false,
            "duration": 0,
            "pass": false,
            "fail": false,
            "pending": true,
            "code": "",
            "err": {},
            "isRoot": false,
            "uuid": "36937c11-0512-4f9f-a246-d5f4401b806e",
            "parentUUID": "aa92c033-c1d9-4076-950f-273dc1c55b14",
            "skipped": false
          }
        ],
        "pending": [
          {
            "title": "pending test",
            "fullTitle": "Master Test Suite Test Suite - Failed After pending test",
            "timedOut": false,
            "duration": 0,
            "pass": false,
            "fail": false,
            "pending": true,
            "code": "",
            "err": {},
            "isRoot": false,
            "uuid": "55c0f6e4-b87d-48bc-9ab7-b49c05f9412b",
            "parentUUID": "aa92c033-c1d9-4076-950f-273dc1c55b14",
            "skipped": false
          },
          {
            "title": "pending test",
            "fullTitle": "Master Test Suite Test Suite - Failed After pending test",
            "timedOut": false,
            "duration": 0,
            "pass": false,
            "fail": false,
            "pending": true,
            "code": "",
            "err": {},
            "isRoot": false,
            "uuid": "36937c11-0512-4f9f-a246-d5f4401b806e",
            "parentUUID": "aa92c033-c1d9-4076-950f-273dc1c55b14",
            "skipped": false
          }
        ],
        "root": false,
        "_timeout": 2000,
        "file": "/test-functional/test.js",
        "uuid": "aa92c033-c1d9-4076-950f-273dc1c55b14",
        "fullFile": "/Users/adamgruber/Sites/mochawesome/test-functional/test.js",
        "passes": [
          {
            "title": "passing test",
            "fullTitle": "Master Test Suite Test Suite - Failed After passing test",
            "timedOut": false,
            "duration": 0,
            "state": "passed",
            "speed": "fast",
            "pass": true,
            "fail": false,
            "pending": false,
            "code": "true.should.be.ok;\ndone();",
            "err": {},
            "isRoot": false,
            "uuid": "2915a411-bd3a-4385-a631-1194a102ac97",
            "parentUUID": "aa92c033-c1d9-4076-950f-273dc1c55b14",
            "skipped": false
          },
          {
            "title": "passing test",
            "fullTitle": "Master Test Suite Test Suite - Failed After passing test",
            "timedOut": false,
            "duration": 0,
            "state": "passed",
            "speed": "fast",
            "pass": true,
            "fail": false,
            "pending": false,
            "code": "true.should.be.ok;\ndone();",
            "err": {},
            "isRoot": false,
            "uuid": "a171916f-9c6f-448a-92cd-bba94612fe69",
            "parentUUID": "aa92c033-c1d9-4076-950f-273dc1c55b14",
            "skipped": false
          }
        ],
        "failures": [
          {
            "title": "failing test",
            "fullTitle": "Master Test Suite Test Suite - Failed After failing test",
            "timedOut": false,
            "duration": 0,
            "state": "failed",
            "pass": false,
            "fail": true,
            "pending": false,
            "code": "false.should.be.ok;\ndone();",
            "err": {
              "name": "AssertionError",
              "actual": false,
              "operator": "to be truthy",
              "message": "expected false to be truthy",
              "generatedMessage": true,
              "estack": "AssertionError: expected false to be truthy\n    at Assertion.prop.(anonymous function) (node_modules/should/lib/should.js:61:14)\n    at Context.<anonymous> (test-functional/test.js:71:7)"
            },
            "isRoot": false,
            "uuid": "7362cd92-cb38-47cf-afa1-a8fae426011b",
            "parentUUID": "aa92c033-c1d9-4076-950f-273dc1c55b14",
            "skipped": false
          }
        ],
        "skipped": [],
        "hasTests": true,
        "hasSuites": false,
        "totalTests": 5,
        "totalPasses": 2,
        "totalFailures": 1,
        "totalPending": 2,
        "totalSkipped": 0,
        "hasPasses": true,
        "hasFailures": true,
        "hasPending": true,
        "hasSkipped": false,
        "duration": 0
      },
      "ctx": {
        "_runnable": {
          "title": "\"after all\" hook: failing after hook",
          "body": "function () {\n      console.log('a');\n    }",
          "async": 0,
          "sync": true,
          "_timeout": 2000,
          "_slow": 75,
          "_enableTimeouts": true,
          "timedOut": false,
          "_trace": {},
          "_retries": -1,
          "_currentRetry": 0,
          "pending": false,
          "type": "hook",
          "parent": {
            "title": "Test Suite - Failed After",
            "suites": [],
            "tests": [
              {
                "title": "passing test",
                "fullTitle": "Master Test Suite Test Suite - Failed After passing test",
                "timedOut": false,
                "duration": 0,
                "state": "passed",
                "speed": "fast",
                "pass": true,
                "fail": false,
                "pending": false,
                "code": "true.should.be.ok;\ndone();",
                "err": {},
                "isRoot": false,
                "uuid": "2915a411-bd3a-4385-a631-1194a102ac97",
                "parentUUID": "aa92c033-c1d9-4076-950f-273dc1c55b14",
                "skipped": false
              },
              {
                "title": "pending test",
                "fullTitle": "Master Test Suite Test Suite - Failed After pending test",
                "timedOut": false,
                "duration": 0,
                "pass": false,
                "fail": false,
                "pending": true,
                "code": "",
                "err": {},
                "isRoot": false,
                "uuid": "55c0f6e4-b87d-48bc-9ab7-b49c05f9412b",
                "parentUUID": "aa92c033-c1d9-4076-950f-273dc1c55b14",
                "skipped": false
              },
              {
                "title": "failing test",
                "fullTitle": "Master Test Suite Test Suite - Failed After failing test",
                "timedOut": false,
                "duration": 0,
                "state": "failed",
                "pass": false,
                "fail": true,
                "pending": false,
                "code": "false.should.be.ok;\ndone();",
                "err": {
                  "name": "AssertionError",
                  "actual": false,
                  "operator": "to be truthy",
                  "message": "expected false to be truthy",
                  "generatedMessage": true,
                  "estack": "AssertionError: expected false to be truthy\n    at Assertion.prop.(anonymous function) (node_modules/should/lib/should.js:61:14)\n    at Context.<anonymous> (test-functional/test.js:71:7)"
                },
                "isRoot": false,
                "uuid": "7362cd92-cb38-47cf-afa1-a8fae426011b",
                "parentUUID": "aa92c033-c1d9-4076-950f-273dc1c55b14",
                "skipped": false
              },
              {
                "title": "passing test",
                "fullTitle": "Master Test Suite Test Suite - Failed After passing test",
                "timedOut": false,
                "duration": 0,
                "state": "passed",
                "speed": "fast",
                "pass": true,
                "fail": false,
                "pending": false,
                "code": "true.should.be.ok;\ndone();",
                "err": {},
                "isRoot": false,
                "uuid": "a171916f-9c6f-448a-92cd-bba94612fe69",
                "parentUUID": "aa92c033-c1d9-4076-950f-273dc1c55b14",
                "skipped": false
              },
              {
                "title": "pending test",
                "fullTitle": "Master Test Suite Test Suite - Failed After pending test",
                "timedOut": false,
                "duration": 0,
                "pass": false,
                "fail": false,
                "pending": true,
                "code": "",
                "err": {},
                "isRoot": false,
                "uuid": "36937c11-0512-4f9f-a246-d5f4401b806e",
                "parentUUID": "aa92c033-c1d9-4076-950f-273dc1c55b14",
                "skipped": false
              }
            ],
            "pending": [
              {
                "title": "pending test",
                "fullTitle": "Master Test Suite Test Suite - Failed After pending test",
                "timedOut": false,
                "duration": 0,
                "pass": false,
                "fail": false,
                "pending": true,
                "code": "",
                "err": {},
                "isRoot": false,
                "uuid": "55c0f6e4-b87d-48bc-9ab7-b49c05f9412b",
                "parentUUID": "aa92c033-c1d9-4076-950f-273dc1c55b14",
                "skipped": false
              },
              {
                "title": "pending test",
                "fullTitle": "Master Test Suite Test Suite - Failed After pending test",
                "timedOut": false,
                "duration": 0,
                "pass": false,
                "fail": false,
                "pending": true,
                "code": "",
                "err": {},
                "isRoot": false,
                "uuid": "36937c11-0512-4f9f-a246-d5f4401b806e",
                "parentUUID": "aa92c033-c1d9-4076-950f-273dc1c55b14",
                "skipped": false
              }
            ],
            "root": false,
            "_timeout": 2000,
            "file": "/test-functional/test.js",
            "uuid": "aa92c033-c1d9-4076-950f-273dc1c55b14",
            "fullFile": "/Users/adamgruber/Sites/mochawesome/test-functional/test.js",
            "passes": [
              {
                "title": "passing test",
                "fullTitle": "Master Test Suite Test Suite - Failed After passing test",
                "timedOut": false,
                "duration": 0,
                "state": "passed",
                "speed": "fast",
                "pass": true,
                "fail": false,
                "pending": false,
                "code": "true.should.be.ok;\ndone();",
                "err": {},
                "isRoot": false,
                "uuid": "2915a411-bd3a-4385-a631-1194a102ac97",
                "parentUUID": "aa92c033-c1d9-4076-950f-273dc1c55b14",
                "skipped": false
              },
              {
                "title": "passing test",
                "fullTitle": "Master Test Suite Test Suite - Failed After passing test",
                "timedOut": false,
                "duration": 0,
                "state": "passed",
                "speed": "fast",
                "pass": true,
                "fail": false,
                "pending": false,
                "code": "true.should.be.ok;\ndone();",
                "err": {},
                "isRoot": false,
                "uuid": "a171916f-9c6f-448a-92cd-bba94612fe69",
                "parentUUID": "aa92c033-c1d9-4076-950f-273dc1c55b14",
                "skipped": false
              }
            ],
            "failures": [
              {
                "title": "failing test",
                "fullTitle": "Master Test Suite Test Suite - Failed After failing test",
                "timedOut": false,
                "duration": 0,
                "state": "failed",
                "pass": false,
                "fail": true,
                "pending": false,
                "code": "false.should.be.ok;\ndone();",
                "err": {
                  "name": "AssertionError",
                  "actual": false,
                  "operator": "to be truthy",
                  "message": "expected false to be truthy",
                  "generatedMessage": true,
                  "estack": "AssertionError: expected false to be truthy\n    at Assertion.prop.(anonymous function) (node_modules/should/lib/should.js:61:14)\n    at Context.<anonymous> (test-functional/test.js:71:7)"
                },
                "isRoot": false,
                "uuid": "7362cd92-cb38-47cf-afa1-a8fae426011b",
                "parentUUID": "aa92c033-c1d9-4076-950f-273dc1c55b14",
                "skipped": false
              }
            ],
            "skipped": [],
            "hasTests": true,
            "hasSuites": false,
            "totalTests": 5,
            "totalPasses": 2,
            "totalFailures": 1,
            "totalPending": 2,
            "totalSkipped": 0,
            "hasPasses": true,
            "hasFailures": true,
            "hasPending": true,
            "hasSkipped": false,
            "duration": 0
          },
          "ctx": "[Circular ~.allPending.0.ctx]",
          "_events": {},
          "_eventsCount": 1,
          "duration": 0,
          "_error": null
        },
        "test": {
          "title": "\"after all\" hook: failing after hook",
          "body": "function () {\n      console.log('a');\n    }",
          "async": 0,
          "sync": true,
          "_timeout": 2000,
          "_slow": 75,
          "_enableTimeouts": true,
          "timedOut": false,
          "_trace": {},
          "_retries": -1,
          "_currentRetry": 0,
          "pending": false,
          "type": "hook",
          "parent": {
            "title": "Test Suite - Failed After",
            "suites": [],
            "tests": [
              {
                "title": "passing test",
                "fullTitle": "Master Test Suite Test Suite - Failed After passing test",
                "timedOut": false,
                "duration": 0,
                "state": "passed",
                "speed": "fast",
                "pass": true,
                "fail": false,
                "pending": false,
                "code": "true.should.be.ok;\ndone();",
                "err": {},
                "isRoot": false,
                "uuid": "2915a411-bd3a-4385-a631-1194a102ac97",
                "parentUUID": "aa92c033-c1d9-4076-950f-273dc1c55b14",
                "skipped": false
              },
              {
                "title": "pending test",
                "fullTitle": "Master Test Suite Test Suite - Failed After pending test",
                "timedOut": false,
                "duration": 0,
                "pass": false,
                "fail": false,
                "pending": true,
                "code": "",
                "err": {},
                "isRoot": false,
                "uuid": "55c0f6e4-b87d-48bc-9ab7-b49c05f9412b",
                "parentUUID": "aa92c033-c1d9-4076-950f-273dc1c55b14",
                "skipped": false
              },
              {
                "title": "failing test",
                "fullTitle": "Master Test Suite Test Suite - Failed After failing test",
                "timedOut": false,
                "duration": 0,
                "state": "failed",
                "pass": false,
                "fail": true,
                "pending": false,
                "code": "false.should.be.ok;\ndone();",
                "err": {
                  "name": "AssertionError",
                  "actual": false,
                  "operator": "to be truthy",
                  "message": "expected false to be truthy",
                  "generatedMessage": true,
                  "estack": "AssertionError: expected false to be truthy\n    at Assertion.prop.(anonymous function) (node_modules/should/lib/should.js:61:14)\n    at Context.<anonymous> (test-functional/test.js:71:7)"
                },
                "isRoot": false,
                "uuid": "7362cd92-cb38-47cf-afa1-a8fae426011b",
                "parentUUID": "aa92c033-c1d9-4076-950f-273dc1c55b14",
                "skipped": false
              },
              {
                "title": "passing test",
                "fullTitle": "Master Test Suite Test Suite - Failed After passing test",
                "timedOut": false,
                "duration": 0,
                "state": "passed",
                "speed": "fast",
                "pass": true,
                "fail": false,
                "pending": false,
                "code": "true.should.be.ok;\ndone();",
                "err": {},
                "isRoot": false,
                "uuid": "a171916f-9c6f-448a-92cd-bba94612fe69",
                "parentUUID": "aa92c033-c1d9-4076-950f-273dc1c55b14",
                "skipped": false
              },
              {
                "title": "pending test",
                "fullTitle": "Master Test Suite Test Suite - Failed After pending test",
                "timedOut": false,
                "duration": 0,
                "pass": false,
                "fail": false,
                "pending": true,
                "code": "",
                "err": {},
                "isRoot": false,
                "uuid": "36937c11-0512-4f9f-a246-d5f4401b806e",
                "parentUUID": "aa92c033-c1d9-4076-950f-273dc1c55b14",
                "skipped": false
              }
            ],
            "pending": [
              {
                "title": "pending test",
                "fullTitle": "Master Test Suite Test Suite - Failed After pending test",
                "timedOut": false,
                "duration": 0,
                "pass": false,
                "fail": false,
                "pending": true,
                "code": "",
                "err": {},
                "isRoot": false,
                "uuid": "55c0f6e4-b87d-48bc-9ab7-b49c05f9412b",
                "parentUUID": "aa92c033-c1d9-4076-950f-273dc1c55b14",
                "skipped": false
              },
              {
                "title": "pending test",
                "fullTitle": "Master Test Suite Test Suite - Failed After pending test",
                "timedOut": false,
                "duration": 0,
                "pass": false,
                "fail": false,
                "pending": true,
                "code": "",
                "err": {},
                "isRoot": false,
                "uuid": "36937c11-0512-4f9f-a246-d5f4401b806e",
                "parentUUID": "aa92c033-c1d9-4076-950f-273dc1c55b14",
                "skipped": false
              }
            ],
            "root": false,
            "_timeout": 2000,
            "file": "/test-functional/test.js",
            "uuid": "aa92c033-c1d9-4076-950f-273dc1c55b14",
            "fullFile": "/Users/adamgruber/Sites/mochawesome/test-functional/test.js",
            "passes": [
              {
                "title": "passing test",
                "fullTitle": "Master Test Suite Test Suite - Failed After passing test",
                "timedOut": false,
                "duration": 0,
                "state": "passed",
                "speed": "fast",
                "pass": true,
                "fail": false,
                "pending": false,
                "code": "true.should.be.ok;\ndone();",
                "err": {},
                "isRoot": false,
                "uuid": "2915a411-bd3a-4385-a631-1194a102ac97",
                "parentUUID": "aa92c033-c1d9-4076-950f-273dc1c55b14",
                "skipped": false
              },
              {
                "title": "passing test",
                "fullTitle": "Master Test Suite Test Suite - Failed After passing test",
                "timedOut": false,
                "duration": 0,
                "state": "passed",
                "speed": "fast",
                "pass": true,
                "fail": false,
                "pending": false,
                "code": "true.should.be.ok;\ndone();",
                "err": {},
                "isRoot": false,
                "uuid": "a171916f-9c6f-448a-92cd-bba94612fe69",
                "parentUUID": "aa92c033-c1d9-4076-950f-273dc1c55b14",
                "skipped": false
              }
            ],
            "failures": [
              {
                "title": "failing test",
                "fullTitle": "Master Test Suite Test Suite - Failed After failing test",
                "timedOut": false,
                "duration": 0,
                "state": "failed",
                "pass": false,
                "fail": true,
                "pending": false,
                "code": "false.should.be.ok;\ndone();",
                "err": {
                  "name": "AssertionError",
                  "actual": false,
                  "operator": "to be truthy",
                  "message": "expected false to be truthy",
                  "generatedMessage": true,
                  "estack": "AssertionError: expected false to be truthy\n    at Assertion.prop.(anonymous function) (node_modules/should/lib/should.js:61:14)\n    at Context.<anonymous> (test-functional/test.js:71:7)"
                },
                "isRoot": false,
                "uuid": "7362cd92-cb38-47cf-afa1-a8fae426011b",
                "parentUUID": "aa92c033-c1d9-4076-950f-273dc1c55b14",
                "skipped": false
              }
            ],
            "skipped": [],
            "hasTests": true,
            "hasSuites": false,
            "totalTests": 5,
            "totalPasses": 2,
            "totalFailures": 1,
            "totalPending": 2,
            "totalSkipped": 0,
            "hasPasses": true,
            "hasFailures": true,
            "hasPending": true,
            "hasSkipped": false,
            "duration": 0
          },
          "ctx": "[Circular ~.allPending.0.ctx]",
          "_events": {},
          "_eventsCount": 1,
          "duration": 0,
          "_error": null
        }
      },
      "uuid": "55c0f6e4-b87d-48bc-9ab7-b49c05f9412b"
    },
    {
      "title": "pending test",
      "body": "",
      "sync": true,
      "_timeout": 2000,
      "_slow": 75,
      "_enableTimeouts": true,
      "timedOut": false,
      "_trace": {},
      "_retries": -1,
      "_currentRetry": 0,
      "pending": true,
      "type": "test",
      "file": "/Users/adamgruber/Sites/mochawesome/test-functional/test.js",
      "parent": {
        "title": "Test Suite - Failed After",
        "suites": [],
        "tests": [
          {
            "title": "passing test",
            "fullTitle": "Master Test Suite Test Suite - Failed After passing test",
            "timedOut": false,
            "duration": 0,
            "state": "passed",
            "speed": "fast",
            "pass": true,
            "fail": false,
            "pending": false,
            "code": "true.should.be.ok;\ndone();",
            "err": {},
            "isRoot": false,
            "uuid": "2915a411-bd3a-4385-a631-1194a102ac97",
            "parentUUID": "aa92c033-c1d9-4076-950f-273dc1c55b14",
            "skipped": false
          },
          {
            "title": "pending test",
            "fullTitle": "Master Test Suite Test Suite - Failed After pending test",
            "timedOut": false,
            "duration": 0,
            "pass": false,
            "fail": false,
            "pending": true,
            "code": "",
            "err": {},
            "isRoot": false,
            "uuid": "55c0f6e4-b87d-48bc-9ab7-b49c05f9412b",
            "parentUUID": "aa92c033-c1d9-4076-950f-273dc1c55b14",
            "skipped": false
          },
          {
            "title": "failing test",
            "fullTitle": "Master Test Suite Test Suite - Failed After failing test",
            "timedOut": false,
            "duration": 0,
            "state": "failed",
            "pass": false,
            "fail": true,
            "pending": false,
            "code": "false.should.be.ok;\ndone();",
            "err": {
              "name": "AssertionError",
              "actual": false,
              "operator": "to be truthy",
              "message": "expected false to be truthy",
              "generatedMessage": true,
              "estack": "AssertionError: expected false to be truthy\n    at Assertion.prop.(anonymous function) (node_modules/should/lib/should.js:61:14)\n    at Context.<anonymous> (test-functional/test.js:71:7)"
            },
            "isRoot": false,
            "uuid": "7362cd92-cb38-47cf-afa1-a8fae426011b",
            "parentUUID": "aa92c033-c1d9-4076-950f-273dc1c55b14",
            "skipped": false
          },
          {
            "title": "passing test",
            "fullTitle": "Master Test Suite Test Suite - Failed After passing test",
            "timedOut": false,
            "duration": 0,
            "state": "passed",
            "speed": "fast",
            "pass": true,
            "fail": false,
            "pending": false,
            "code": "true.should.be.ok;\ndone();",
            "err": {},
            "isRoot": false,
            "uuid": "a171916f-9c6f-448a-92cd-bba94612fe69",
            "parentUUID": "aa92c033-c1d9-4076-950f-273dc1c55b14",
            "skipped": false
          },
          {
            "title": "pending test",
            "fullTitle": "Master Test Suite Test Suite - Failed After pending test",
            "timedOut": false,
            "duration": 0,
            "pass": false,
            "fail": false,
            "pending": true,
            "code": "",
            "err": {},
            "isRoot": false,
            "uuid": "36937c11-0512-4f9f-a246-d5f4401b806e",
            "parentUUID": "aa92c033-c1d9-4076-950f-273dc1c55b14",
            "skipped": false
          }
        ],
        "pending": [
          {
            "title": "pending test",
            "fullTitle": "Master Test Suite Test Suite - Failed After pending test",
            "timedOut": false,
            "duration": 0,
            "pass": false,
            "fail": false,
            "pending": true,
            "code": "",
            "err": {},
            "isRoot": false,
            "uuid": "55c0f6e4-b87d-48bc-9ab7-b49c05f9412b",
            "parentUUID": "aa92c033-c1d9-4076-950f-273dc1c55b14",
            "skipped": false
          },
          {
            "title": "pending test",
            "fullTitle": "Master Test Suite Test Suite - Failed After pending test",
            "timedOut": false,
            "duration": 0,
            "pass": false,
            "fail": false,
            "pending": true,
            "code": "",
            "err": {},
            "isRoot": false,
            "uuid": "36937c11-0512-4f9f-a246-d5f4401b806e",
            "parentUUID": "aa92c033-c1d9-4076-950f-273dc1c55b14",
            "skipped": false
          }
        ],
        "root": false,
        "_timeout": 2000,
        "file": "/test-functional/test.js",
        "uuid": "aa92c033-c1d9-4076-950f-273dc1c55b14",
        "fullFile": "/Users/adamgruber/Sites/mochawesome/test-functional/test.js",
        "passes": [
          {
            "title": "passing test",
            "fullTitle": "Master Test Suite Test Suite - Failed After passing test",
            "timedOut": false,
            "duration": 0,
            "state": "passed",
            "speed": "fast",
            "pass": true,
            "fail": false,
            "pending": false,
            "code": "true.should.be.ok;\ndone();",
            "err": {},
            "isRoot": false,
            "uuid": "2915a411-bd3a-4385-a631-1194a102ac97",
            "parentUUID": "aa92c033-c1d9-4076-950f-273dc1c55b14",
            "skipped": false
          },
          {
            "title": "passing test",
            "fullTitle": "Master Test Suite Test Suite - Failed After passing test",
            "timedOut": false,
            "duration": 0,
            "state": "passed",
            "speed": "fast",
            "pass": true,
            "fail": false,
            "pending": false,
            "code": "true.should.be.ok;\ndone();",
            "err": {},
            "isRoot": false,
            "uuid": "a171916f-9c6f-448a-92cd-bba94612fe69",
            "parentUUID": "aa92c033-c1d9-4076-950f-273dc1c55b14",
            "skipped": false
          }
        ],
        "failures": [
          {
            "title": "failing test",
            "fullTitle": "Master Test Suite Test Suite - Failed After failing test",
            "timedOut": false,
            "duration": 0,
            "state": "failed",
            "pass": false,
            "fail": true,
            "pending": false,
            "code": "false.should.be.ok;\ndone();",
            "err": {
              "name": "AssertionError",
              "actual": false,
              "operator": "to be truthy",
              "message": "expected false to be truthy",
              "generatedMessage": true,
              "estack": "AssertionError: expected false to be truthy\n    at Assertion.prop.(anonymous function) (node_modules/should/lib/should.js:61:14)\n    at Context.<anonymous> (test-functional/test.js:71:7)"
            },
            "isRoot": false,
            "uuid": "7362cd92-cb38-47cf-afa1-a8fae426011b",
            "parentUUID": "aa92c033-c1d9-4076-950f-273dc1c55b14",
            "skipped": false
          }
        ],
        "skipped": [],
        "hasTests": true,
        "hasSuites": false,
        "totalTests": 5,
        "totalPasses": 2,
        "totalFailures": 1,
        "totalPending": 2,
        "totalSkipped": 0,
        "hasPasses": true,
        "hasFailures": true,
        "hasPending": true,
        "hasSkipped": false,
        "duration": 0
      },
      "ctx": {
        "_runnable": {
          "title": "\"after all\" hook: failing after hook",
          "body": "function () {\n      console.log('a');\n    }",
          "async": 0,
          "sync": true,
          "_timeout": 2000,
          "_slow": 75,
          "_enableTimeouts": true,
          "timedOut": false,
          "_trace": {},
          "_retries": -1,
          "_currentRetry": 0,
          "pending": false,
          "type": "hook",
          "parent": {
            "title": "Test Suite - Failed After",
            "suites": [],
            "tests": [
              {
                "title": "passing test",
                "fullTitle": "Master Test Suite Test Suite - Failed After passing test",
                "timedOut": false,
                "duration": 0,
                "state": "passed",
                "speed": "fast",
                "pass": true,
                "fail": false,
                "pending": false,
                "code": "true.should.be.ok;\ndone();",
                "err": {},
                "isRoot": false,
                "uuid": "2915a411-bd3a-4385-a631-1194a102ac97",
                "parentUUID": "aa92c033-c1d9-4076-950f-273dc1c55b14",
                "skipped": false
              },
              {
                "title": "pending test",
                "fullTitle": "Master Test Suite Test Suite - Failed After pending test",
                "timedOut": false,
                "duration": 0,
                "pass": false,
                "fail": false,
                "pending": true,
                "code": "",
                "err": {},
                "isRoot": false,
                "uuid": "55c0f6e4-b87d-48bc-9ab7-b49c05f9412b",
                "parentUUID": "aa92c033-c1d9-4076-950f-273dc1c55b14",
                "skipped": false
              },
              {
                "title": "failing test",
                "fullTitle": "Master Test Suite Test Suite - Failed After failing test",
                "timedOut": false,
                "duration": 0,
                "state": "failed",
                "pass": false,
                "fail": true,
                "pending": false,
                "code": "false.should.be.ok;\ndone();",
                "err": {
                  "name": "AssertionError",
                  "actual": false,
                  "operator": "to be truthy",
                  "message": "expected false to be truthy",
                  "generatedMessage": true,
                  "estack": "AssertionError: expected false to be truthy\n    at Assertion.prop.(anonymous function) (node_modules/should/lib/should.js:61:14)\n    at Context.<anonymous> (test-functional/test.js:71:7)"
                },
                "isRoot": false,
                "uuid": "7362cd92-cb38-47cf-afa1-a8fae426011b",
                "parentUUID": "aa92c033-c1d9-4076-950f-273dc1c55b14",
                "skipped": false
              },
              {
                "title": "passing test",
                "fullTitle": "Master Test Suite Test Suite - Failed After passing test",
                "timedOut": false,
                "duration": 0,
                "state": "passed",
                "speed": "fast",
                "pass": true,
                "fail": false,
                "pending": false,
                "code": "true.should.be.ok;\ndone();",
                "err": {},
                "isRoot": false,
                "uuid": "a171916f-9c6f-448a-92cd-bba94612fe69",
                "parentUUID": "aa92c033-c1d9-4076-950f-273dc1c55b14",
                "skipped": false
              },
              {
                "title": "pending test",
                "fullTitle": "Master Test Suite Test Suite - Failed After pending test",
                "timedOut": false,
                "duration": 0,
                "pass": false,
                "fail": false,
                "pending": true,
                "code": "",
                "err": {},
                "isRoot": false,
                "uuid": "36937c11-0512-4f9f-a246-d5f4401b806e",
                "parentUUID": "aa92c033-c1d9-4076-950f-273dc1c55b14",
                "skipped": false
              }
            ],
            "pending": [
              {
                "title": "pending test",
                "fullTitle": "Master Test Suite Test Suite - Failed After pending test",
                "timedOut": false,
                "duration": 0,
                "pass": false,
                "fail": false,
                "pending": true,
                "code": "",
                "err": {},
                "isRoot": false,
                "uuid": "55c0f6e4-b87d-48bc-9ab7-b49c05f9412b",
                "parentUUID": "aa92c033-c1d9-4076-950f-273dc1c55b14",
                "skipped": false
              },
              {
                "title": "pending test",
                "fullTitle": "Master Test Suite Test Suite - Failed After pending test",
                "timedOut": false,
                "duration": 0,
                "pass": false,
                "fail": false,
                "pending": true,
                "code": "",
                "err": {},
                "isRoot": false,
                "uuid": "36937c11-0512-4f9f-a246-d5f4401b806e",
                "parentUUID": "aa92c033-c1d9-4076-950f-273dc1c55b14",
                "skipped": false
              }
            ],
            "root": false,
            "_timeout": 2000,
            "file": "/test-functional/test.js",
            "uuid": "aa92c033-c1d9-4076-950f-273dc1c55b14",
            "fullFile": "/Users/adamgruber/Sites/mochawesome/test-functional/test.js",
            "passes": [
              {
                "title": "passing test",
                "fullTitle": "Master Test Suite Test Suite - Failed After passing test",
                "timedOut": false,
                "duration": 0,
                "state": "passed",
                "speed": "fast",
                "pass": true,
                "fail": false,
                "pending": false,
                "code": "true.should.be.ok;\ndone();",
                "err": {},
                "isRoot": false,
                "uuid": "2915a411-bd3a-4385-a631-1194a102ac97",
                "parentUUID": "aa92c033-c1d9-4076-950f-273dc1c55b14",
                "skipped": false
              },
              {
                "title": "passing test",
                "fullTitle": "Master Test Suite Test Suite - Failed After passing test",
                "timedOut": false,
                "duration": 0,
                "state": "passed",
                "speed": "fast",
                "pass": true,
                "fail": false,
                "pending": false,
                "code": "true.should.be.ok;\ndone();",
                "err": {},
                "isRoot": false,
                "uuid": "a171916f-9c6f-448a-92cd-bba94612fe69",
                "parentUUID": "aa92c033-c1d9-4076-950f-273dc1c55b14",
                "skipped": false
              }
            ],
            "failures": [
              {
                "title": "failing test",
                "fullTitle": "Master Test Suite Test Suite - Failed After failing test",
                "timedOut": false,
                "duration": 0,
                "state": "failed",
                "pass": false,
                "fail": true,
                "pending": false,
                "code": "false.should.be.ok;\ndone();",
                "err": {
                  "name": "AssertionError",
                  "actual": false,
                  "operator": "to be truthy",
                  "message": "expected false to be truthy",
                  "generatedMessage": true,
                  "estack": "AssertionError: expected false to be truthy\n    at Assertion.prop.(anonymous function) (node_modules/should/lib/should.js:61:14)\n    at Context.<anonymous> (test-functional/test.js:71:7)"
                },
                "isRoot": false,
                "uuid": "7362cd92-cb38-47cf-afa1-a8fae426011b",
                "parentUUID": "aa92c033-c1d9-4076-950f-273dc1c55b14",
                "skipped": false
              }
            ],
            "skipped": [],
            "hasTests": true,
            "hasSuites": false,
            "totalTests": 5,
            "totalPasses": 2,
            "totalFailures": 1,
            "totalPending": 2,
            "totalSkipped": 0,
            "hasPasses": true,
            "hasFailures": true,
            "hasPending": true,
            "hasSkipped": false,
            "duration": 0
          },
          "ctx": "[Circular ~.allPending.1.ctx]",
          "_events": {},
          "_eventsCount": 1,
          "duration": 0,
          "_error": null
        },
        "test": {
          "title": "\"after all\" hook: failing after hook",
          "body": "function () {\n      console.log('a');\n    }",
          "async": 0,
          "sync": true,
          "_timeout": 2000,
          "_slow": 75,
          "_enableTimeouts": true,
          "timedOut": false,
          "_trace": {},
          "_retries": -1,
          "_currentRetry": 0,
          "pending": false,
          "type": "hook",
          "parent": {
            "title": "Test Suite - Failed After",
            "suites": [],
            "tests": [
              {
                "title": "passing test",
                "fullTitle": "Master Test Suite Test Suite - Failed After passing test",
                "timedOut": false,
                "duration": 0,
                "state": "passed",
                "speed": "fast",
                "pass": true,
                "fail": false,
                "pending": false,
                "code": "true.should.be.ok;\ndone();",
                "err": {},
                "isRoot": false,
                "uuid": "2915a411-bd3a-4385-a631-1194a102ac97",
                "parentUUID": "aa92c033-c1d9-4076-950f-273dc1c55b14",
                "skipped": false
              },
              {
                "title": "pending test",
                "fullTitle": "Master Test Suite Test Suite - Failed After pending test",
                "timedOut": false,
                "duration": 0,
                "pass": false,
                "fail": false,
                "pending": true,
                "code": "",
                "err": {},
                "isRoot": false,
                "uuid": "55c0f6e4-b87d-48bc-9ab7-b49c05f9412b",
                "parentUUID": "aa92c033-c1d9-4076-950f-273dc1c55b14",
                "skipped": false
              },
              {
                "title": "failing test",
                "fullTitle": "Master Test Suite Test Suite - Failed After failing test",
                "timedOut": false,
                "duration": 0,
                "state": "failed",
                "pass": false,
                "fail": true,
                "pending": false,
                "code": "false.should.be.ok;\ndone();",
                "err": {
                  "name": "AssertionError",
                  "actual": false,
                  "operator": "to be truthy",
                  "message": "expected false to be truthy",
                  "generatedMessage": true,
                  "estack": "AssertionError: expected false to be truthy\n    at Assertion.prop.(anonymous function) (node_modules/should/lib/should.js:61:14)\n    at Context.<anonymous> (test-functional/test.js:71:7)"
                },
                "isRoot": false,
                "uuid": "7362cd92-cb38-47cf-afa1-a8fae426011b",
                "parentUUID": "aa92c033-c1d9-4076-950f-273dc1c55b14",
                "skipped": false
              },
              {
                "title": "passing test",
                "fullTitle": "Master Test Suite Test Suite - Failed After passing test",
                "timedOut": false,
                "duration": 0,
                "state": "passed",
                "speed": "fast",
                "pass": true,
                "fail": false,
                "pending": false,
                "code": "true.should.be.ok;\ndone();",
                "err": {},
                "isRoot": false,
                "uuid": "a171916f-9c6f-448a-92cd-bba94612fe69",
                "parentUUID": "aa92c033-c1d9-4076-950f-273dc1c55b14",
                "skipped": false
              },
              {
                "title": "pending test",
                "fullTitle": "Master Test Suite Test Suite - Failed After pending test",
                "timedOut": false,
                "duration": 0,
                "pass": false,
                "fail": false,
                "pending": true,
                "code": "",
                "err": {},
                "isRoot": false,
                "uuid": "36937c11-0512-4f9f-a246-d5f4401b806e",
                "parentUUID": "aa92c033-c1d9-4076-950f-273dc1c55b14",
                "skipped": false
              }
            ],
            "pending": [
              {
                "title": "pending test",
                "fullTitle": "Master Test Suite Test Suite - Failed After pending test",
                "timedOut": false,
                "duration": 0,
                "pass": false,
                "fail": false,
                "pending": true,
                "code": "",
                "err": {},
                "isRoot": false,
                "uuid": "55c0f6e4-b87d-48bc-9ab7-b49c05f9412b",
                "parentUUID": "aa92c033-c1d9-4076-950f-273dc1c55b14",
                "skipped": false
              },
              {
                "title": "pending test",
                "fullTitle": "Master Test Suite Test Suite - Failed After pending test",
                "timedOut": false,
                "duration": 0,
                "pass": false,
                "fail": false,
                "pending": true,
                "code": "",
                "err": {},
                "isRoot": false,
                "uuid": "36937c11-0512-4f9f-a246-d5f4401b806e",
                "parentUUID": "aa92c033-c1d9-4076-950f-273dc1c55b14",
                "skipped": false
              }
            ],
            "root": false,
            "_timeout": 2000,
            "file": "/test-functional/test.js",
            "uuid": "aa92c033-c1d9-4076-950f-273dc1c55b14",
            "fullFile": "/Users/adamgruber/Sites/mochawesome/test-functional/test.js",
            "passes": [
              {
                "title": "passing test",
                "fullTitle": "Master Test Suite Test Suite - Failed After passing test",
                "timedOut": false,
                "duration": 0,
                "state": "passed",
                "speed": "fast",
                "pass": true,
                "fail": false,
                "pending": false,
                "code": "true.should.be.ok;\ndone();",
                "err": {},
                "isRoot": false,
                "uuid": "2915a411-bd3a-4385-a631-1194a102ac97",
                "parentUUID": "aa92c033-c1d9-4076-950f-273dc1c55b14",
                "skipped": false
              },
              {
                "title": "passing test",
                "fullTitle": "Master Test Suite Test Suite - Failed After passing test",
                "timedOut": false,
                "duration": 0,
                "state": "passed",
                "speed": "fast",
                "pass": true,
                "fail": false,
                "pending": false,
                "code": "true.should.be.ok;\ndone();",
                "err": {},
                "isRoot": false,
                "uuid": "a171916f-9c6f-448a-92cd-bba94612fe69",
                "parentUUID": "aa92c033-c1d9-4076-950f-273dc1c55b14",
                "skipped": false
              }
            ],
            "failures": [
              {
                "title": "failing test",
                "fullTitle": "Master Test Suite Test Suite - Failed After failing test",
                "timedOut": false,
                "duration": 0,
                "state": "failed",
                "pass": false,
                "fail": true,
                "pending": false,
                "code": "false.should.be.ok;\ndone();",
                "err": {
                  "name": "AssertionError",
                  "actual": false,
                  "operator": "to be truthy",
                  "message": "expected false to be truthy",
                  "generatedMessage": true,
                  "estack": "AssertionError: expected false to be truthy\n    at Assertion.prop.(anonymous function) (node_modules/should/lib/should.js:61:14)\n    at Context.<anonymous> (test-functional/test.js:71:7)"
                },
                "isRoot": false,
                "uuid": "7362cd92-cb38-47cf-afa1-a8fae426011b",
                "parentUUID": "aa92c033-c1d9-4076-950f-273dc1c55b14",
                "skipped": false
              }
            ],
            "skipped": [],
            "hasTests": true,
            "hasSuites": false,
            "totalTests": 5,
            "totalPasses": 2,
            "totalFailures": 1,
            "totalPending": 2,
            "totalSkipped": 0,
            "hasPasses": true,
            "hasFailures": true,
            "hasPending": true,
            "hasSkipped": false,
            "duration": 0
          },
          "ctx": "[Circular ~.allPending.1.ctx]",
          "_events": {},
          "_eventsCount": 1,
          "duration": 0,
          "_error": null
        }
      },
      "uuid": "36937c11-0512-4f9f-a246-d5f4401b806e"
    },
    {
      "title": "pending test",
      "body": "",
      "sync": true,
      "_timeout": 2000,
      "_slow": 75,
      "_enableTimeouts": true,
      "timedOut": false,
      "_trace": {},
      "_retries": -1,
      "_currentRetry": 0,
      "pending": true,
      "type": "test",
      "file": "/Users/adamgruber/Sites/mochawesome/test-functional/test.js",
      "parent": {
        "title": "Test Suite - Pend",
        "suites": [],
        "tests": [
          {
            "title": "pending test",
            "fullTitle": "Master Test Suite Test Suite - Pend pending test",
            "timedOut": false,
            "duration": 0,
            "pass": false,
            "fail": false,
            "pending": true,
            "code": "",
            "err": {},
            "isRoot": false,
            "uuid": "0725c0ba-83eb-4822-9703-ca7868baa622",
            "parentUUID": "bc29aca9-0d3f-4809-bc51-9f1026e1e782",
            "skipped": false
          }
        ],
        "pending": [
          {
            "title": "pending test",
            "fullTitle": "Master Test Suite Test Suite - Pend pending test",
            "timedOut": false,
            "duration": 0,
            "pass": false,
            "fail": false,
            "pending": true,
            "code": "",
            "err": {},
            "isRoot": false,
            "uuid": "0725c0ba-83eb-4822-9703-ca7868baa622",
            "parentUUID": "bc29aca9-0d3f-4809-bc51-9f1026e1e782",
            "skipped": false
          }
        ],
        "root": false,
        "_timeout": 2000,
        "file": "/test-functional/test.js",
        "uuid": "bc29aca9-0d3f-4809-bc51-9f1026e1e782",
        "fullFile": "/Users/adamgruber/Sites/mochawesome/test-functional/test.js",
        "passes": [],
        "failures": [],
        "skipped": [],
        "hasTests": true,
        "hasSuites": false,
        "totalTests": 1,
        "totalPasses": 0,
        "totalFailures": 0,
        "totalPending": 1,
        "totalSkipped": 0,
        "hasPasses": false,
        "hasFailures": false,
        "hasPending": true,
        "hasSkipped": false,
        "duration": 0
      },
      "ctx": {},
      "uuid": "0725c0ba-83eb-4822-9703-ca7868baa622"
    },
    {
      "title": "pending test",
      "body": "",
      "sync": true,
      "_timeout": 2000,
      "_slow": 75,
      "_enableTimeouts": true,
      "timedOut": false,
      "_trace": {},
      "_retries": -1,
      "_currentRetry": 0,
      "pending": true,
      "type": "test",
      "file": "/Users/adamgruber/Sites/mochawesome/test-functional/test.js",
      "parent": {
        "title": "Test Suite - Failed After Each",
        "suites": [],
        "tests": [
          {
            "title": "passing test",
            "fullTitle": "Master Test Suite Test Suite - Failed After Each passing test",
            "timedOut": false,
            "duration": 0,
            "state": "passed",
            "speed": "fast",
            "pass": true,
            "fail": false,
            "pending": false,
            "code": "true.should.be.ok;\ndone();",
            "err": {},
            "isRoot": false,
            "uuid": "82eab0ed-68f3-40e7-a600-0f8c30a28f91",
            "parentUUID": "89e973da-9267-441a-a5e0-b9037b46472f",
            "skipped": false
          },
          {
            "title": "pending test",
            "fullTitle": "Master Test Suite Test Suite - Failed After Each pending test",
            "timedOut": false,
            "duration": 0,
            "pass": false,
            "fail": false,
            "pending": true,
            "code": "",
            "err": {},
            "isRoot": false,
            "uuid": "2b120905-3eb7-477f-89ad-c4d3555bf1f4",
            "parentUUID": "89e973da-9267-441a-a5e0-b9037b46472f",
            "skipped": false
          },
          {
            "title": "failing test",
            "fullTitle": "Master Test Suite Test Suite - Failed After Each failing test",
            "timedOut": false,
            "duration": 0,
            "state": "failed",
            "pass": false,
            "fail": true,
            "pending": false,
            "code": "false.should.be.ok;\ndone();",
            "err": {
              "name": "AssertionError",
              "actual": false,
              "operator": "to be truthy",
              "message": "expected false to be truthy",
              "generatedMessage": true,
              "estack": "AssertionError: expected false to be truthy\n    at Assertion.prop.(anonymous function) (node_modules/should/lib/should.js:61:14)\n    at Context.<anonymous> (test-functional/test.js:164:7)"
            },
            "isRoot": false,
            "uuid": "a5935a8b-33bc-4d80-82cb-785d9639ee72",
            "parentUUID": "89e973da-9267-441a-a5e0-b9037b46472f",
            "skipped": false
          },
          {
            "title": "passing test",
            "fullTitle": "Master Test Suite Test Suite - Failed After Each passing test",
            "timedOut": false,
            "duration": 0,
            "state": "passed",
            "speed": "fast",
            "pass": true,
            "fail": false,
            "pending": false,
            "code": "true.should.be.ok;\ndone();",
            "err": {},
            "isRoot": false,
            "uuid": "ff7d7f3f-f0a7-4125-a91c-c103977a3c69",
            "parentUUID": "89e973da-9267-441a-a5e0-b9037b46472f",
            "skipped": false
          },
          {
            "title": "pending test",
            "fullTitle": "Master Test Suite Test Suite - Failed After Each pending test",
            "timedOut": false,
            "duration": 0,
            "pass": false,
            "fail": false,
            "pending": true,
            "code": "",
            "err": {},
            "isRoot": false,
            "uuid": "7fe53eae-f057-4e11-8a25-43fefd53d8d2",
            "parentUUID": "89e973da-9267-441a-a5e0-b9037b46472f",
            "skipped": false
          }
        ],
        "pending": [
          {
            "title": "pending test",
            "fullTitle": "Master Test Suite Test Suite - Failed After Each pending test",
            "timedOut": false,
            "duration": 0,
            "pass": false,
            "fail": false,
            "pending": true,
            "code": "",
            "err": {},
            "isRoot": false,
            "uuid": "2b120905-3eb7-477f-89ad-c4d3555bf1f4",
            "parentUUID": "89e973da-9267-441a-a5e0-b9037b46472f",
            "skipped": false
          },
          {
            "title": "pending test",
            "fullTitle": "Master Test Suite Test Suite - Failed After Each pending test",
            "timedOut": false,
            "duration": 0,
            "pass": false,
            "fail": false,
            "pending": true,
            "code": "",
            "err": {},
            "isRoot": false,
            "uuid": "7fe53eae-f057-4e11-8a25-43fefd53d8d2",
            "parentUUID": "89e973da-9267-441a-a5e0-b9037b46472f",
            "skipped": false
          }
        ],
        "root": false,
        "_timeout": 2000,
        "file": "/test-functional/test.js",
        "uuid": "89e973da-9267-441a-a5e0-b9037b46472f",
        "fullFile": "/Users/adamgruber/Sites/mochawesome/test-functional/test.js",
        "passes": [
          {
            "title": "passing test",
            "fullTitle": "Master Test Suite Test Suite - Failed After Each passing test",
            "timedOut": false,
            "duration": 0,
            "state": "passed",
            "speed": "fast",
            "pass": true,
            "fail": false,
            "pending": false,
            "code": "true.should.be.ok;\ndone();",
            "err": {},
            "isRoot": false,
            "uuid": "82eab0ed-68f3-40e7-a600-0f8c30a28f91",
            "parentUUID": "89e973da-9267-441a-a5e0-b9037b46472f",
            "skipped": false
          },
          {
            "title": "passing test",
            "fullTitle": "Master Test Suite Test Suite - Failed After Each passing test",
            "timedOut": false,
            "duration": 0,
            "state": "passed",
            "speed": "fast",
            "pass": true,
            "fail": false,
            "pending": false,
            "code": "true.should.be.ok;\ndone();",
            "err": {},
            "isRoot": false,
            "uuid": "ff7d7f3f-f0a7-4125-a91c-c103977a3c69",
            "parentUUID": "89e973da-9267-441a-a5e0-b9037b46472f",
            "skipped": false
          }
        ],
        "failures": [
          {
            "title": "failing test",
            "fullTitle": "Master Test Suite Test Suite - Failed After Each failing test",
            "timedOut": false,
            "duration": 0,
            "state": "failed",
            "pass": false,
            "fail": true,
            "pending": false,
            "code": "false.should.be.ok;\ndone();",
            "err": {
              "name": "AssertionError",
              "actual": false,
              "operator": "to be truthy",
              "message": "expected false to be truthy",
              "generatedMessage": true,
              "estack": "AssertionError: expected false to be truthy\n    at Assertion.prop.(anonymous function) (node_modules/should/lib/should.js:61:14)\n    at Context.<anonymous> (test-functional/test.js:164:7)"
            },
            "isRoot": false,
            "uuid": "a5935a8b-33bc-4d80-82cb-785d9639ee72",
            "parentUUID": "89e973da-9267-441a-a5e0-b9037b46472f",
            "skipped": false
          }
        ],
        "skipped": [],
        "hasTests": true,
        "hasSuites": false,
        "totalTests": 5,
        "totalPasses": 2,
        "totalFailures": 1,
        "totalPending": 2,
        "totalSkipped": 0,
        "hasPasses": true,
        "hasFailures": true,
        "hasPending": true,
        "hasSkipped": false,
        "duration": 0
      },
      "ctx": {
        "_runnable": {
          "title": "\"after each\" hook: failing afterEach hook",
          "body": "function () {\n      console.log('a');\n    }",
          "async": 0,
          "sync": true,
          "_timeout": 2000,
          "_slow": 75,
          "_enableTimeouts": true,
          "timedOut": false,
          "_trace": {},
          "_retries": -1,
          "_currentRetry": 0,
          "pending": false,
          "type": "hook",
          "parent": {
            "title": "Test Suite - Failed After Each",
            "suites": [],
            "tests": [
              {
                "title": "passing test",
                "fullTitle": "Master Test Suite Test Suite - Failed After Each passing test",
                "timedOut": false,
                "duration": 0,
                "state": "passed",
                "speed": "fast",
                "pass": true,
                "fail": false,
                "pending": false,
                "code": "true.should.be.ok;\ndone();",
                "err": {},
                "isRoot": false,
                "uuid": "82eab0ed-68f3-40e7-a600-0f8c30a28f91",
                "parentUUID": "89e973da-9267-441a-a5e0-b9037b46472f",
                "skipped": false
              },
              {
                "title": "pending test",
                "fullTitle": "Master Test Suite Test Suite - Failed After Each pending test",
                "timedOut": false,
                "duration": 0,
                "pass": false,
                "fail": false,
                "pending": true,
                "code": "",
                "err": {},
                "isRoot": false,
                "uuid": "2b120905-3eb7-477f-89ad-c4d3555bf1f4",
                "parentUUID": "89e973da-9267-441a-a5e0-b9037b46472f",
                "skipped": false
              },
              {
                "title": "failing test",
                "fullTitle": "Master Test Suite Test Suite - Failed After Each failing test",
                "timedOut": false,
                "duration": 0,
                "state": "failed",
                "pass": false,
                "fail": true,
                "pending": false,
                "code": "false.should.be.ok;\ndone();",
                "err": {
                  "name": "AssertionError",
                  "actual": false,
                  "operator": "to be truthy",
                  "message": "expected false to be truthy",
                  "generatedMessage": true,
                  "estack": "AssertionError: expected false to be truthy\n    at Assertion.prop.(anonymous function) (node_modules/should/lib/should.js:61:14)\n    at Context.<anonymous> (test-functional/test.js:164:7)"
                },
                "isRoot": false,
                "uuid": "a5935a8b-33bc-4d80-82cb-785d9639ee72",
                "parentUUID": "89e973da-9267-441a-a5e0-b9037b46472f",
                "skipped": false
              },
              {
                "title": "passing test",
                "fullTitle": "Master Test Suite Test Suite - Failed After Each passing test",
                "timedOut": false,
                "duration": 0,
                "state": "passed",
                "speed": "fast",
                "pass": true,
                "fail": false,
                "pending": false,
                "code": "true.should.be.ok;\ndone();",
                "err": {},
                "isRoot": false,
                "uuid": "ff7d7f3f-f0a7-4125-a91c-c103977a3c69",
                "parentUUID": "89e973da-9267-441a-a5e0-b9037b46472f",
                "skipped": false
              },
              {
                "title": "pending test",
                "fullTitle": "Master Test Suite Test Suite - Failed After Each pending test",
                "timedOut": false,
                "duration": 0,
                "pass": false,
                "fail": false,
                "pending": true,
                "code": "",
                "err": {},
                "isRoot": false,
                "uuid": "7fe53eae-f057-4e11-8a25-43fefd53d8d2",
                "parentUUID": "89e973da-9267-441a-a5e0-b9037b46472f",
                "skipped": false
              }
            ],
            "pending": [
              {
                "title": "pending test",
                "fullTitle": "Master Test Suite Test Suite - Failed After Each pending test",
                "timedOut": false,
                "duration": 0,
                "pass": false,
                "fail": false,
                "pending": true,
                "code": "",
                "err": {},
                "isRoot": false,
                "uuid": "2b120905-3eb7-477f-89ad-c4d3555bf1f4",
                "parentUUID": "89e973da-9267-441a-a5e0-b9037b46472f",
                "skipped": false
              },
              {
                "title": "pending test",
                "fullTitle": "Master Test Suite Test Suite - Failed After Each pending test",
                "timedOut": false,
                "duration": 0,
                "pass": false,
                "fail": false,
                "pending": true,
                "code": "",
                "err": {},
                "isRoot": false,
                "uuid": "7fe53eae-f057-4e11-8a25-43fefd53d8d2",
                "parentUUID": "89e973da-9267-441a-a5e0-b9037b46472f",
                "skipped": false
              }
            ],
            "root": false,
            "_timeout": 2000,
            "file": "/test-functional/test.js",
            "uuid": "89e973da-9267-441a-a5e0-b9037b46472f",
            "fullFile": "/Users/adamgruber/Sites/mochawesome/test-functional/test.js",
            "passes": [
              {
                "title": "passing test",
                "fullTitle": "Master Test Suite Test Suite - Failed After Each passing test",
                "timedOut": false,
                "duration": 0,
                "state": "passed",
                "speed": "fast",
                "pass": true,
                "fail": false,
                "pending": false,
                "code": "true.should.be.ok;\ndone();",
                "err": {},
                "isRoot": false,
                "uuid": "82eab0ed-68f3-40e7-a600-0f8c30a28f91",
                "parentUUID": "89e973da-9267-441a-a5e0-b9037b46472f",
                "skipped": false
              },
              {
                "title": "passing test",
                "fullTitle": "Master Test Suite Test Suite - Failed After Each passing test",
                "timedOut": false,
                "duration": 0,
                "state": "passed",
                "speed": "fast",
                "pass": true,
                "fail": false,
                "pending": false,
                "code": "true.should.be.ok;\ndone();",
                "err": {},
                "isRoot": false,
                "uuid": "ff7d7f3f-f0a7-4125-a91c-c103977a3c69",
                "parentUUID": "89e973da-9267-441a-a5e0-b9037b46472f",
                "skipped": false
              }
            ],
            "failures": [
              {
                "title": "failing test",
                "fullTitle": "Master Test Suite Test Suite - Failed After Each failing test",
                "timedOut": false,
                "duration": 0,
                "state": "failed",
                "pass": false,
                "fail": true,
                "pending": false,
                "code": "false.should.be.ok;\ndone();",
                "err": {
                  "name": "AssertionError",
                  "actual": false,
                  "operator": "to be truthy",
                  "message": "expected false to be truthy",
                  "generatedMessage": true,
                  "estack": "AssertionError: expected false to be truthy\n    at Assertion.prop.(anonymous function) (node_modules/should/lib/should.js:61:14)\n    at Context.<anonymous> (test-functional/test.js:164:7)"
                },
                "isRoot": false,
                "uuid": "a5935a8b-33bc-4d80-82cb-785d9639ee72",
                "parentUUID": "89e973da-9267-441a-a5e0-b9037b46472f",
                "skipped": false
              }
            ],
            "skipped": [],
            "hasTests": true,
            "hasSuites": false,
            "totalTests": 5,
            "totalPasses": 2,
            "totalFailures": 1,
            "totalPending": 2,
            "totalSkipped": 0,
            "hasPasses": true,
            "hasFailures": true,
            "hasPending": true,
            "hasSkipped": false,
            "duration": 0
          },
          "ctx": "[Circular ~.allPending.3.ctx]",
          "_events": {},
          "_eventsCount": 1,
          "duration": 0,
          "_error": null
        },
        "test": {
          "title": "\"after each\" hook: failing afterEach hook",
          "body": "function () {\n      console.log('a');\n    }",
          "async": 0,
          "sync": true,
          "_timeout": 2000,
          "_slow": 75,
          "_enableTimeouts": true,
          "timedOut": false,
          "_trace": {},
          "_retries": -1,
          "_currentRetry": 0,
          "pending": false,
          "type": "hook",
          "parent": {
            "title": "Test Suite - Failed After Each",
            "suites": [],
            "tests": [
              {
                "title": "passing test",
                "fullTitle": "Master Test Suite Test Suite - Failed After Each passing test",
                "timedOut": false,
                "duration": 0,
                "state": "passed",
                "speed": "fast",
                "pass": true,
                "fail": false,
                "pending": false,
                "code": "true.should.be.ok;\ndone();",
                "err": {},
                "isRoot": false,
                "uuid": "82eab0ed-68f3-40e7-a600-0f8c30a28f91",
                "parentUUID": "89e973da-9267-441a-a5e0-b9037b46472f",
                "skipped": false
              },
              {
                "title": "pending test",
                "fullTitle": "Master Test Suite Test Suite - Failed After Each pending test",
                "timedOut": false,
                "duration": 0,
                "pass": false,
                "fail": false,
                "pending": true,
                "code": "",
                "err": {},
                "isRoot": false,
                "uuid": "2b120905-3eb7-477f-89ad-c4d3555bf1f4",
                "parentUUID": "89e973da-9267-441a-a5e0-b9037b46472f",
                "skipped": false
              },
              {
                "title": "failing test",
                "fullTitle": "Master Test Suite Test Suite - Failed After Each failing test",
                "timedOut": false,
                "duration": 0,
                "state": "failed",
                "pass": false,
                "fail": true,
                "pending": false,
                "code": "false.should.be.ok;\ndone();",
                "err": {
                  "name": "AssertionError",
                  "actual": false,
                  "operator": "to be truthy",
                  "message": "expected false to be truthy",
                  "generatedMessage": true,
                  "estack": "AssertionError: expected false to be truthy\n    at Assertion.prop.(anonymous function) (node_modules/should/lib/should.js:61:14)\n    at Context.<anonymous> (test-functional/test.js:164:7)"
                },
                "isRoot": false,
                "uuid": "a5935a8b-33bc-4d80-82cb-785d9639ee72",
                "parentUUID": "89e973da-9267-441a-a5e0-b9037b46472f",
                "skipped": false
              },
              {
                "title": "passing test",
                "fullTitle": "Master Test Suite Test Suite - Failed After Each passing test",
                "timedOut": false,
                "duration": 0,
                "state": "passed",
                "speed": "fast",
                "pass": true,
                "fail": false,
                "pending": false,
                "code": "true.should.be.ok;\ndone();",
                "err": {},
                "isRoot": false,
                "uuid": "ff7d7f3f-f0a7-4125-a91c-c103977a3c69",
                "parentUUID": "89e973da-9267-441a-a5e0-b9037b46472f",
                "skipped": false
              },
              {
                "title": "pending test",
                "fullTitle": "Master Test Suite Test Suite - Failed After Each pending test",
                "timedOut": false,
                "duration": 0,
                "pass": false,
                "fail": false,
                "pending": true,
                "code": "",
                "err": {},
                "isRoot": false,
                "uuid": "7fe53eae-f057-4e11-8a25-43fefd53d8d2",
                "parentUUID": "89e973da-9267-441a-a5e0-b9037b46472f",
                "skipped": false
              }
            ],
            "pending": [
              {
                "title": "pending test",
                "fullTitle": "Master Test Suite Test Suite - Failed After Each pending test",
                "timedOut": false,
                "duration": 0,
                "pass": false,
                "fail": false,
                "pending": true,
                "code": "",
                "err": {},
                "isRoot": false,
                "uuid": "2b120905-3eb7-477f-89ad-c4d3555bf1f4",
                "parentUUID": "89e973da-9267-441a-a5e0-b9037b46472f",
                "skipped": false
              },
              {
                "title": "pending test",
                "fullTitle": "Master Test Suite Test Suite - Failed After Each pending test",
                "timedOut": false,
                "duration": 0,
                "pass": false,
                "fail": false,
                "pending": true,
                "code": "",
                "err": {},
                "isRoot": false,
                "uuid": "7fe53eae-f057-4e11-8a25-43fefd53d8d2",
                "parentUUID": "89e973da-9267-441a-a5e0-b9037b46472f",
                "skipped": false
              }
            ],
            "root": false,
            "_timeout": 2000,
            "file": "/test-functional/test.js",
            "uuid": "89e973da-9267-441a-a5e0-b9037b46472f",
            "fullFile": "/Users/adamgruber/Sites/mochawesome/test-functional/test.js",
            "passes": [
              {
                "title": "passing test",
                "fullTitle": "Master Test Suite Test Suite - Failed After Each passing test",
                "timedOut": false,
                "duration": 0,
                "state": "passed",
                "speed": "fast",
                "pass": true,
                "fail": false,
                "pending": false,
                "code": "true.should.be.ok;\ndone();",
                "err": {},
                "isRoot": false,
                "uuid": "82eab0ed-68f3-40e7-a600-0f8c30a28f91",
                "parentUUID": "89e973da-9267-441a-a5e0-b9037b46472f",
                "skipped": false
              },
              {
                "title": "passing test",
                "fullTitle": "Master Test Suite Test Suite - Failed After Each passing test",
                "timedOut": false,
                "duration": 0,
                "state": "passed",
                "speed": "fast",
                "pass": true,
                "fail": false,
                "pending": false,
                "code": "true.should.be.ok;\ndone();",
                "err": {},
                "isRoot": false,
                "uuid": "ff7d7f3f-f0a7-4125-a91c-c103977a3c69",
                "parentUUID": "89e973da-9267-441a-a5e0-b9037b46472f",
                "skipped": false
              }
            ],
            "failures": [
              {
                "title": "failing test",
                "fullTitle": "Master Test Suite Test Suite - Failed After Each failing test",
                "timedOut": false,
                "duration": 0,
                "state": "failed",
                "pass": false,
                "fail": true,
                "pending": false,
                "code": "false.should.be.ok;\ndone();",
                "err": {
                  "name": "AssertionError",
                  "actual": false,
                  "operator": "to be truthy",
                  "message": "expected false to be truthy",
                  "generatedMessage": true,
                  "estack": "AssertionError: expected false to be truthy\n    at Assertion.prop.(anonymous function) (node_modules/should/lib/should.js:61:14)\n    at Context.<anonymous> (test-functional/test.js:164:7)"
                },
                "isRoot": false,
                "uuid": "a5935a8b-33bc-4d80-82cb-785d9639ee72",
                "parentUUID": "89e973da-9267-441a-a5e0-b9037b46472f",
                "skipped": false
              }
            ],
            "skipped": [],
            "hasTests": true,
            "hasSuites": false,
            "totalTests": 5,
            "totalPasses": 2,
            "totalFailures": 1,
            "totalPending": 2,
            "totalSkipped": 0,
            "hasPasses": true,
            "hasFailures": true,
            "hasPending": true,
            "hasSkipped": false,
            "duration": 0
          },
          "ctx": "[Circular ~.allPending.3.ctx]",
          "_events": {},
          "_eventsCount": 1,
          "duration": 0,
          "_error": null
        }
      },
      "uuid": "2b120905-3eb7-477f-89ad-c4d3555bf1f4"
    },
    {
      "title": "pending test",
      "body": "",
      "sync": true,
      "_timeout": 2000,
      "_slow": 75,
      "_enableTimeouts": true,
      "timedOut": false,
      "_trace": {},
      "_retries": -1,
      "_currentRetry": 0,
      "pending": true,
      "type": "test",
      "file": "/Users/adamgruber/Sites/mochawesome/test-functional/test.js",
      "parent": {
        "title": "Test Suite - Failed After Each",
        "suites": [],
        "tests": [
          {
            "title": "passing test",
            "fullTitle": "Master Test Suite Test Suite - Failed After Each passing test",
            "timedOut": false,
            "duration": 0,
            "state": "passed",
            "speed": "fast",
            "pass": true,
            "fail": false,
            "pending": false,
            "code": "true.should.be.ok;\ndone();",
            "err": {},
            "isRoot": false,
            "uuid": "82eab0ed-68f3-40e7-a600-0f8c30a28f91",
            "parentUUID": "89e973da-9267-441a-a5e0-b9037b46472f",
            "skipped": false
          },
          {
            "title": "pending test",
            "fullTitle": "Master Test Suite Test Suite - Failed After Each pending test",
            "timedOut": false,
            "duration": 0,
            "pass": false,
            "fail": false,
            "pending": true,
            "code": "",
            "err": {},
            "isRoot": false,
            "uuid": "2b120905-3eb7-477f-89ad-c4d3555bf1f4",
            "parentUUID": "89e973da-9267-441a-a5e0-b9037b46472f",
            "skipped": false
          },
          {
            "title": "failing test",
            "fullTitle": "Master Test Suite Test Suite - Failed After Each failing test",
            "timedOut": false,
            "duration": 0,
            "state": "failed",
            "pass": false,
            "fail": true,
            "pending": false,
            "code": "false.should.be.ok;\ndone();",
            "err": {
              "name": "AssertionError",
              "actual": false,
              "operator": "to be truthy",
              "message": "expected false to be truthy",
              "generatedMessage": true,
              "estack": "AssertionError: expected false to be truthy\n    at Assertion.prop.(anonymous function) (node_modules/should/lib/should.js:61:14)\n    at Context.<anonymous> (test-functional/test.js:164:7)"
            },
            "isRoot": false,
            "uuid": "a5935a8b-33bc-4d80-82cb-785d9639ee72",
            "parentUUID": "89e973da-9267-441a-a5e0-b9037b46472f",
            "skipped": false
          },
          {
            "title": "passing test",
            "fullTitle": "Master Test Suite Test Suite - Failed After Each passing test",
            "timedOut": false,
            "duration": 0,
            "state": "passed",
            "speed": "fast",
            "pass": true,
            "fail": false,
            "pending": false,
            "code": "true.should.be.ok;\ndone();",
            "err": {},
            "isRoot": false,
            "uuid": "ff7d7f3f-f0a7-4125-a91c-c103977a3c69",
            "parentUUID": "89e973da-9267-441a-a5e0-b9037b46472f",
            "skipped": false
          },
          {
            "title": "pending test",
            "fullTitle": "Master Test Suite Test Suite - Failed After Each pending test",
            "timedOut": false,
            "duration": 0,
            "pass": false,
            "fail": false,
            "pending": true,
            "code": "",
            "err": {},
            "isRoot": false,
            "uuid": "7fe53eae-f057-4e11-8a25-43fefd53d8d2",
            "parentUUID": "89e973da-9267-441a-a5e0-b9037b46472f",
            "skipped": false
          }
        ],
        "pending": [
          {
            "title": "pending test",
            "fullTitle": "Master Test Suite Test Suite - Failed After Each pending test",
            "timedOut": false,
            "duration": 0,
            "pass": false,
            "fail": false,
            "pending": true,
            "code": "",
            "err": {},
            "isRoot": false,
            "uuid": "2b120905-3eb7-477f-89ad-c4d3555bf1f4",
            "parentUUID": "89e973da-9267-441a-a5e0-b9037b46472f",
            "skipped": false
          },
          {
            "title": "pending test",
            "fullTitle": "Master Test Suite Test Suite - Failed After Each pending test",
            "timedOut": false,
            "duration": 0,
            "pass": false,
            "fail": false,
            "pending": true,
            "code": "",
            "err": {},
            "isRoot": false,
            "uuid": "7fe53eae-f057-4e11-8a25-43fefd53d8d2",
            "parentUUID": "89e973da-9267-441a-a5e0-b9037b46472f",
            "skipped": false
          }
        ],
        "root": false,
        "_timeout": 2000,
        "file": "/test-functional/test.js",
        "uuid": "89e973da-9267-441a-a5e0-b9037b46472f",
        "fullFile": "/Users/adamgruber/Sites/mochawesome/test-functional/test.js",
        "passes": [
          {
            "title": "passing test",
            "fullTitle": "Master Test Suite Test Suite - Failed After Each passing test",
            "timedOut": false,
            "duration": 0,
            "state": "passed",
            "speed": "fast",
            "pass": true,
            "fail": false,
            "pending": false,
            "code": "true.should.be.ok;\ndone();",
            "err": {},
            "isRoot": false,
            "uuid": "82eab0ed-68f3-40e7-a600-0f8c30a28f91",
            "parentUUID": "89e973da-9267-441a-a5e0-b9037b46472f",
            "skipped": false
          },
          {
            "title": "passing test",
            "fullTitle": "Master Test Suite Test Suite - Failed After Each passing test",
            "timedOut": false,
            "duration": 0,
            "state": "passed",
            "speed": "fast",
            "pass": true,
            "fail": false,
            "pending": false,
            "code": "true.should.be.ok;\ndone();",
            "err": {},
            "isRoot": false,
            "uuid": "ff7d7f3f-f0a7-4125-a91c-c103977a3c69",
            "parentUUID": "89e973da-9267-441a-a5e0-b9037b46472f",
            "skipped": false
          }
        ],
        "failures": [
          {
            "title": "failing test",
            "fullTitle": "Master Test Suite Test Suite - Failed After Each failing test",
            "timedOut": false,
            "duration": 0,
            "state": "failed",
            "pass": false,
            "fail": true,
            "pending": false,
            "code": "false.should.be.ok;\ndone();",
            "err": {
              "name": "AssertionError",
              "actual": false,
              "operator": "to be truthy",
              "message": "expected false to be truthy",
              "generatedMessage": true,
              "estack": "AssertionError: expected false to be truthy\n    at Assertion.prop.(anonymous function) (node_modules/should/lib/should.js:61:14)\n    at Context.<anonymous> (test-functional/test.js:164:7)"
            },
            "isRoot": false,
            "uuid": "a5935a8b-33bc-4d80-82cb-785d9639ee72",
            "parentUUID": "89e973da-9267-441a-a5e0-b9037b46472f",
            "skipped": false
          }
        ],
        "skipped": [],
        "hasTests": true,
        "hasSuites": false,
        "totalTests": 5,
        "totalPasses": 2,
        "totalFailures": 1,
        "totalPending": 2,
        "totalSkipped": 0,
        "hasPasses": true,
        "hasFailures": true,
        "hasPending": true,
        "hasSkipped": false,
        "duration": 0
      },
      "ctx": {
        "_runnable": {
          "title": "\"after each\" hook: failing afterEach hook",
          "body": "function () {\n      console.log('a');\n    }",
          "async": 0,
          "sync": true,
          "_timeout": 2000,
          "_slow": 75,
          "_enableTimeouts": true,
          "timedOut": false,
          "_trace": {},
          "_retries": -1,
          "_currentRetry": 0,
          "pending": false,
          "type": "hook",
          "parent": {
            "title": "Test Suite - Failed After Each",
            "suites": [],
            "tests": [
              {
                "title": "passing test",
                "fullTitle": "Master Test Suite Test Suite - Failed After Each passing test",
                "timedOut": false,
                "duration": 0,
                "state": "passed",
                "speed": "fast",
                "pass": true,
                "fail": false,
                "pending": false,
                "code": "true.should.be.ok;\ndone();",
                "err": {},
                "isRoot": false,
                "uuid": "82eab0ed-68f3-40e7-a600-0f8c30a28f91",
                "parentUUID": "89e973da-9267-441a-a5e0-b9037b46472f",
                "skipped": false
              },
              {
                "title": "pending test",
                "fullTitle": "Master Test Suite Test Suite - Failed After Each pending test",
                "timedOut": false,
                "duration": 0,
                "pass": false,
                "fail": false,
                "pending": true,
                "code": "",
                "err": {},
                "isRoot": false,
                "uuid": "2b120905-3eb7-477f-89ad-c4d3555bf1f4",
                "parentUUID": "89e973da-9267-441a-a5e0-b9037b46472f",
                "skipped": false
              },
              {
                "title": "failing test",
                "fullTitle": "Master Test Suite Test Suite - Failed After Each failing test",
                "timedOut": false,
                "duration": 0,
                "state": "failed",
                "pass": false,
                "fail": true,
                "pending": false,
                "code": "false.should.be.ok;\ndone();",
                "err": {
                  "name": "AssertionError",
                  "actual": false,
                  "operator": "to be truthy",
                  "message": "expected false to be truthy",
                  "generatedMessage": true,
                  "estack": "AssertionError: expected false to be truthy\n    at Assertion.prop.(anonymous function) (node_modules/should/lib/should.js:61:14)\n    at Context.<anonymous> (test-functional/test.js:164:7)"
                },
                "isRoot": false,
                "uuid": "a5935a8b-33bc-4d80-82cb-785d9639ee72",
                "parentUUID": "89e973da-9267-441a-a5e0-b9037b46472f",
                "skipped": false
              },
              {
                "title": "passing test",
                "fullTitle": "Master Test Suite Test Suite - Failed After Each passing test",
                "timedOut": false,
                "duration": 0,
                "state": "passed",
                "speed": "fast",
                "pass": true,
                "fail": false,
                "pending": false,
                "code": "true.should.be.ok;\ndone();",
                "err": {},
                "isRoot": false,
                "uuid": "ff7d7f3f-f0a7-4125-a91c-c103977a3c69",
                "parentUUID": "89e973da-9267-441a-a5e0-b9037b46472f",
                "skipped": false
              },
              {
                "title": "pending test",
                "fullTitle": "Master Test Suite Test Suite - Failed After Each pending test",
                "timedOut": false,
                "duration": 0,
                "pass": false,
                "fail": false,
                "pending": true,
                "code": "",
                "err": {},
                "isRoot": false,
                "uuid": "7fe53eae-f057-4e11-8a25-43fefd53d8d2",
                "parentUUID": "89e973da-9267-441a-a5e0-b9037b46472f",
                "skipped": false
              }
            ],
            "pending": [
              {
                "title": "pending test",
                "fullTitle": "Master Test Suite Test Suite - Failed After Each pending test",
                "timedOut": false,
                "duration": 0,
                "pass": false,
                "fail": false,
                "pending": true,
                "code": "",
                "err": {},
                "isRoot": false,
                "uuid": "2b120905-3eb7-477f-89ad-c4d3555bf1f4",
                "parentUUID": "89e973da-9267-441a-a5e0-b9037b46472f",
                "skipped": false
              },
              {
                "title": "pending test",
                "fullTitle": "Master Test Suite Test Suite - Failed After Each pending test",
                "timedOut": false,
                "duration": 0,
                "pass": false,
                "fail": false,
                "pending": true,
                "code": "",
                "err": {},
                "isRoot": false,
                "uuid": "7fe53eae-f057-4e11-8a25-43fefd53d8d2",
                "parentUUID": "89e973da-9267-441a-a5e0-b9037b46472f",
                "skipped": false
              }
            ],
            "root": false,
            "_timeout": 2000,
            "file": "/test-functional/test.js",
            "uuid": "89e973da-9267-441a-a5e0-b9037b46472f",
            "fullFile": "/Users/adamgruber/Sites/mochawesome/test-functional/test.js",
            "passes": [
              {
                "title": "passing test",
                "fullTitle": "Master Test Suite Test Suite - Failed After Each passing test",
                "timedOut": false,
                "duration": 0,
                "state": "passed",
                "speed": "fast",
                "pass": true,
                "fail": false,
                "pending": false,
                "code": "true.should.be.ok;\ndone();",
                "err": {},
                "isRoot": false,
                "uuid": "82eab0ed-68f3-40e7-a600-0f8c30a28f91",
                "parentUUID": "89e973da-9267-441a-a5e0-b9037b46472f",
                "skipped": false
              },
              {
                "title": "passing test",
                "fullTitle": "Master Test Suite Test Suite - Failed After Each passing test",
                "timedOut": false,
                "duration": 0,
                "state": "passed",
                "speed": "fast",
                "pass": true,
                "fail": false,
                "pending": false,
                "code": "true.should.be.ok;\ndone();",
                "err": {},
                "isRoot": false,
                "uuid": "ff7d7f3f-f0a7-4125-a91c-c103977a3c69",
                "parentUUID": "89e973da-9267-441a-a5e0-b9037b46472f",
                "skipped": false
              }
            ],
            "failures": [
              {
                "title": "failing test",
                "fullTitle": "Master Test Suite Test Suite - Failed After Each failing test",
                "timedOut": false,
                "duration": 0,
                "state": "failed",
                "pass": false,
                "fail": true,
                "pending": false,
                "code": "false.should.be.ok;\ndone();",
                "err": {
                  "name": "AssertionError",
                  "actual": false,
                  "operator": "to be truthy",
                  "message": "expected false to be truthy",
                  "generatedMessage": true,
                  "estack": "AssertionError: expected false to be truthy\n    at Assertion.prop.(anonymous function) (node_modules/should/lib/should.js:61:14)\n    at Context.<anonymous> (test-functional/test.js:164:7)"
                },
                "isRoot": false,
                "uuid": "a5935a8b-33bc-4d80-82cb-785d9639ee72",
                "parentUUID": "89e973da-9267-441a-a5e0-b9037b46472f",
                "skipped": false
              }
            ],
            "skipped": [],
            "hasTests": true,
            "hasSuites": false,
            "totalTests": 5,
            "totalPasses": 2,
            "totalFailures": 1,
            "totalPending": 2,
            "totalSkipped": 0,
            "hasPasses": true,
            "hasFailures": true,
            "hasPending": true,
            "hasSkipped": false,
            "duration": 0
          },
          "ctx": "[Circular ~.allPending.4.ctx]",
          "_events": {},
          "_eventsCount": 1,
          "duration": 0,
          "_error": null
        },
        "test": {
          "title": "\"after each\" hook: failing afterEach hook",
          "body": "function () {\n      console.log('a');\n    }",
          "async": 0,
          "sync": true,
          "_timeout": 2000,
          "_slow": 75,
          "_enableTimeouts": true,
          "timedOut": false,
          "_trace": {},
          "_retries": -1,
          "_currentRetry": 0,
          "pending": false,
          "type": "hook",
          "parent": {
            "title": "Test Suite - Failed After Each",
            "suites": [],
            "tests": [
              {
                "title": "passing test",
                "fullTitle": "Master Test Suite Test Suite - Failed After Each passing test",
                "timedOut": false,
                "duration": 0,
                "state": "passed",
                "speed": "fast",
                "pass": true,
                "fail": false,
                "pending": false,
                "code": "true.should.be.ok;\ndone();",
                "err": {},
                "isRoot": false,
                "uuid": "82eab0ed-68f3-40e7-a600-0f8c30a28f91",
                "parentUUID": "89e973da-9267-441a-a5e0-b9037b46472f",
                "skipped": false
              },
              {
                "title": "pending test",
                "fullTitle": "Master Test Suite Test Suite - Failed After Each pending test",
                "timedOut": false,
                "duration": 0,
                "pass": false,
                "fail": false,
                "pending": true,
                "code": "",
                "err": {},
                "isRoot": false,
                "uuid": "2b120905-3eb7-477f-89ad-c4d3555bf1f4",
                "parentUUID": "89e973da-9267-441a-a5e0-b9037b46472f",
                "skipped": false
              },
              {
                "title": "failing test",
                "fullTitle": "Master Test Suite Test Suite - Failed After Each failing test",
                "timedOut": false,
                "duration": 0,
                "state": "failed",
                "pass": false,
                "fail": true,
                "pending": false,
                "code": "false.should.be.ok;\ndone();",
                "err": {
                  "name": "AssertionError",
                  "actual": false,
                  "operator": "to be truthy",
                  "message": "expected false to be truthy",
                  "generatedMessage": true,
                  "estack": "AssertionError: expected false to be truthy\n    at Assertion.prop.(anonymous function) (node_modules/should/lib/should.js:61:14)\n    at Context.<anonymous> (test-functional/test.js:164:7)"
                },
                "isRoot": false,
                "uuid": "a5935a8b-33bc-4d80-82cb-785d9639ee72",
                "parentUUID": "89e973da-9267-441a-a5e0-b9037b46472f",
                "skipped": false
              },
              {
                "title": "passing test",
                "fullTitle": "Master Test Suite Test Suite - Failed After Each passing test",
                "timedOut": false,
                "duration": 0,
                "state": "passed",
                "speed": "fast",
                "pass": true,
                "fail": false,
                "pending": false,
                "code": "true.should.be.ok;\ndone();",
                "err": {},
                "isRoot": false,
                "uuid": "ff7d7f3f-f0a7-4125-a91c-c103977a3c69",
                "parentUUID": "89e973da-9267-441a-a5e0-b9037b46472f",
                "skipped": false
              },
              {
                "title": "pending test",
                "fullTitle": "Master Test Suite Test Suite - Failed After Each pending test",
                "timedOut": false,
                "duration": 0,
                "pass": false,
                "fail": false,
                "pending": true,
                "code": "",
                "err": {},
                "isRoot": false,
                "uuid": "7fe53eae-f057-4e11-8a25-43fefd53d8d2",
                "parentUUID": "89e973da-9267-441a-a5e0-b9037b46472f",
                "skipped": false
              }
            ],
            "pending": [
              {
                "title": "pending test",
                "fullTitle": "Master Test Suite Test Suite - Failed After Each pending test",
                "timedOut": false,
                "duration": 0,
                "pass": false,
                "fail": false,
                "pending": true,
                "code": "",
                "err": {},
                "isRoot": false,
                "uuid": "2b120905-3eb7-477f-89ad-c4d3555bf1f4",
                "parentUUID": "89e973da-9267-441a-a5e0-b9037b46472f",
                "skipped": false
              },
              {
                "title": "pending test",
                "fullTitle": "Master Test Suite Test Suite - Failed After Each pending test",
                "timedOut": false,
                "duration": 0,
                "pass": false,
                "fail": false,
                "pending": true,
                "code": "",
                "err": {},
                "isRoot": false,
                "uuid": "7fe53eae-f057-4e11-8a25-43fefd53d8d2",
                "parentUUID": "89e973da-9267-441a-a5e0-b9037b46472f",
                "skipped": false
              }
            ],
            "root": false,
            "_timeout": 2000,
            "file": "/test-functional/test.js",
            "uuid": "89e973da-9267-441a-a5e0-b9037b46472f",
            "fullFile": "/Users/adamgruber/Sites/mochawesome/test-functional/test.js",
            "passes": [
              {
                "title": "passing test",
                "fullTitle": "Master Test Suite Test Suite - Failed After Each passing test",
                "timedOut": false,
                "duration": 0,
                "state": "passed",
                "speed": "fast",
                "pass": true,
                "fail": false,
                "pending": false,
                "code": "true.should.be.ok;\ndone();",
                "err": {},
                "isRoot": false,
                "uuid": "82eab0ed-68f3-40e7-a600-0f8c30a28f91",
                "parentUUID": "89e973da-9267-441a-a5e0-b9037b46472f",
                "skipped": false
              },
              {
                "title": "passing test",
                "fullTitle": "Master Test Suite Test Suite - Failed After Each passing test",
                "timedOut": false,
                "duration": 0,
                "state": "passed",
                "speed": "fast",
                "pass": true,
                "fail": false,
                "pending": false,
                "code": "true.should.be.ok;\ndone();",
                "err": {},
                "isRoot": false,
                "uuid": "ff7d7f3f-f0a7-4125-a91c-c103977a3c69",
                "parentUUID": "89e973da-9267-441a-a5e0-b9037b46472f",
                "skipped": false
              }
            ],
            "failures": [
              {
                "title": "failing test",
                "fullTitle": "Master Test Suite Test Suite - Failed After Each failing test",
                "timedOut": false,
                "duration": 0,
                "state": "failed",
                "pass": false,
                "fail": true,
                "pending": false,
                "code": "false.should.be.ok;\ndone();",
                "err": {
                  "name": "AssertionError",
                  "actual": false,
                  "operator": "to be truthy",
                  "message": "expected false to be truthy",
                  "generatedMessage": true,
                  "estack": "AssertionError: expected false to be truthy\n    at Assertion.prop.(anonymous function) (node_modules/should/lib/should.js:61:14)\n    at Context.<anonymous> (test-functional/test.js:164:7)"
                },
                "isRoot": false,
                "uuid": "a5935a8b-33bc-4d80-82cb-785d9639ee72",
                "parentUUID": "89e973da-9267-441a-a5e0-b9037b46472f",
                "skipped": false
              }
            ],
            "skipped": [],
            "hasTests": true,
            "hasSuites": false,
            "totalTests": 5,
            "totalPasses": 2,
            "totalFailures": 1,
            "totalPending": 2,
            "totalSkipped": 0,
            "hasPasses": true,
            "hasFailures": true,
            "hasPending": true,
            "hasSkipped": false,
            "duration": 0
          },
          "ctx": "[Circular ~.allPending.4.ctx]",
          "_events": {},
          "_eventsCount": 1,
          "duration": 0,
          "_error": null
        }
      },
      "uuid": "7fe53eae-f057-4e11-8a25-43fefd53d8d2"
    }
  ],
  "allPasses": [
    {
      "title": "passing test",
      "fullTitle": "Master Test Suite passing test",
      "timedOut": false,
      "duration": 1,
      "state": "passed",
      "speed": "fast",
      "pass": true,
      "fail": false,
      "pending": false,
      "code": "true.should.be.ok;\ndone();",
      "err": {},
      "isRoot": false,
      "uuid": "6549957e-214c-44b9-b38c-8ab0d1dd1c99",
      "parentUUID": "71379ed6-d74c-48a6-90da-d05e0e2350d1",
      "skipped": false
    },
    {
      "title": "passing test",
      "fullTitle": "Test Suite - Basic passing test",
      "timedOut": false,
      "duration": 0,
      "state": "passed",
      "speed": "fast",
      "pass": true,
      "fail": false,
      "pending": false,
      "code": "true.should.be.ok;\ndone();",
      "err": {},
      "isRoot": false,
      "uuid": "06d7c0d6-d895-47f4-beee-2de760fa31b5",
      "parentUUID": "72cee000-885c-4d9b-983c-d8ff9014e301",
      "skipped": false
    },
    {
      "title": "passing test",
      "fullTitle": "Test Suite - Nested Suites passing test",
      "timedOut": false,
      "duration": 1,
      "state": "passed",
      "speed": "fast",
      "pass": true,
      "fail": false,
      "pending": false,
      "code": "true.should.be.ok;\ndone();",
      "err": {},
      "isRoot": false,
      "uuid": "2594f0fb-48b4-4261-91ef-f80bc381a09f",
      "parentUUID": "f749378d-872d-4e33-979e-e397ac0b832c",
      "skipped": false
    },
    {
      "title": "passing test",
      "fullTitle": "Nested Test Suite passing test",
      "timedOut": false,
      "duration": 0,
      "state": "passed",
      "speed": "fast",
      "pass": true,
      "fail": false,
      "pending": false,
      "code": "true.should.be.ok;\ndone();",
      "err": {},
      "isRoot": false,
      "uuid": "d64a9562-5412-42f6-97b0-e886d591ccd5",
      "parentUUID": "b4ff8bbb-f13a-4f0f-9384-6d9cb67a02f0",
      "skipped": false
    },
    {
      "title": "passing test",
      "fullTitle": "Nested Test Suite passing test",
      "timedOut": false,
      "duration": 0,
      "state": "passed",
      "speed": "fast",
      "pass": true,
      "fail": false,
      "pending": false,
      "code": "true.should.be.ok;\ndone();",
      "err": {},
      "isRoot": false,
      "uuid": "55621615-fa73-4166-a2b2-bc8c6e4cd4aa",
      "parentUUID": "98134c87-03b5-48f9-bc6e-0806e2e96827",
      "skipped": false
    },
    {
      "title": "passing test",
      "fullTitle": "Test Suite - Failed After passing test",
      "timedOut": false,
      "duration": 0,
      "state": "passed",
      "speed": "fast",
      "pass": true,
      "fail": false,
      "pending": false,
      "code": "true.should.be.ok;\ndone();",
      "err": {},
      "isRoot": false,
      "uuid": "2915a411-bd3a-4385-a631-1194a102ac97",
      "parentUUID": "aa92c033-c1d9-4076-950f-273dc1c55b14",
      "skipped": false
    },
    {
      "title": "passing test",
      "fullTitle": "Test Suite - Failed After passing test",
      "timedOut": false,
      "duration": 0,
      "state": "passed",
      "speed": "fast",
      "pass": true,
      "fail": false,
      "pending": false,
      "code": "true.should.be.ok;\ndone();",
      "err": {},
      "isRoot": false,
      "uuid": "a171916f-9c6f-448a-92cd-bba94612fe69",
      "parentUUID": "aa92c033-c1d9-4076-950f-273dc1c55b14",
      "skipped": false
    },
    {
      "title": "passing test",
      "fullTitle": "Test Suite - Pass passing test",
      "timedOut": false,
      "duration": 0,
      "state": "passed",
      "speed": "fast",
      "pass": true,
      "fail": false,
      "pending": false,
      "code": "true.should.be.ok;\ndone();",
      "err": {},
      "isRoot": false,
      "uuid": "4c1074d8-44e5-4ece-bd86-2e0d6073709b",
      "parentUUID": "52e59737-dad2-441d-9418-47b3dcd7a968",
      "skipped": false
    },
    {
      "title": "passing test",
      "fullTitle": "Test Suite - Failed After Each passing test",
      "timedOut": false,
      "duration": 0,
      "state": "passed",
      "speed": "fast",
      "pass": true,
      "fail": false,
      "pending": false,
      "code": "true.should.be.ok;\ndone();",
      "err": {},
      "isRoot": false,
      "uuid": "82eab0ed-68f3-40e7-a600-0f8c30a28f91",
      "parentUUID": "89e973da-9267-441a-a5e0-b9037b46472f",
      "skipped": false
    },
    {
      "title": "passing test",
      "fullTitle": "Test Suite - Failed After Each passing test",
      "timedOut": false,
      "duration": 0,
      "state": "passed",
      "speed": "fast",
      "pass": true,
      "fail": false,
      "pending": false,
      "code": "true.should.be.ok;\ndone();",
      "err": {},
      "isRoot": false,
      "uuid": "ff7d7f3f-f0a7-4125-a91c-c103977a3c69",
      "parentUUID": "89e973da-9267-441a-a5e0-b9037b46472f",
      "skipped": false
    }
  ],
  "allFailures": [
    {
      "title": "failing test",
      "fullTitle": "Test Suite - Basic failing test",
      "timedOut": false,
      "duration": 10,
      "state": "failed",
      "pass": false,
      "fail": true,
      "pending": false,
      "code": "var o = retObj();\no.should.eql({});\ndone();",
      "err": {
        "name": "AssertionError",
        "actual": "{\n  \"adam\": \"adam\"\n}",
        "expected": "{}",
        "operator": "to equal",
        "message": "expected { adam: 'adam' } to equal {}",
        "generatedMessage": true,
        "showDiff": true,
        "estack": "AssertionError: expected { adam: 'adam' } to equal {}\n    at Assertion.prop.(anonymous function) (node_modules/should/lib/should.js:61:14)\n    at Context.<anonymous> (test-functional/test.js:18:16)",
        "diff": "- {\n-   \"adam\": \"adam\"\n- }\n+ {}\n"
      },
      "isRoot": false,
      "uuid": "746954a0-85ec-4101-b15c-148300b04e08",
      "parentUUID": "72cee000-885c-4d9b-983c-d8ff9014e301",
      "skipped": false
    },
    {
      "title": "failing test",
      "fullTitle": "Test Suite - Nested Suites failing test",
      "timedOut": false,
      "duration": 0,
      "state": "failed",
      "pass": false,
      "fail": true,
      "pending": false,
      "code": "false.should.be.ok;\ndone();",
      "err": {
        "name": "AssertionError",
        "actual": false,
        "operator": "to be truthy",
        "message": "expected false to be truthy",
        "generatedMessage": true,
        "estack": "AssertionError: expected false to be truthy\n    at Assertion.prop.(anonymous function) (node_modules/should/lib/should.js:61:14)\n    at Context.<anonymous> (test-functional/test.js:41:7)"
      },
      "isRoot": false,
      "uuid": "0416969e-56a5-461f-912c-a8d5e1cd2dd6",
      "parentUUID": "f749378d-872d-4e33-979e-e397ac0b832c",
      "skipped": false
    },
    {
      "title": "\"before all\" hook: nested failing before",
      "fullTitle": "Test Suite - Nested Suites Failing Before \"before all\" hook: nested failing before",
      "timedOut": false,
      "duration": 1,
      "state": "failed",
      "pass": false,
      "fail": true,
      "pending": false,
      "code": "console.log(a); // eslint-disable-line",
      "err": {
        "estack": "ReferenceError: a is not defined\n    at Context.<anonymous> (test-functional/test.js:48:19)"
      },
      "isRoot": false,
      "parentUUID": "7e0cd19d-2f37-4081-ba84-012165d30aa4",
      "skipped": false
    },
    {
      "title": "failing test",
      "fullTitle": "Test Suite - Failed After failing test",
      "timedOut": false,
      "duration": 0,
      "state": "failed",
      "pass": false,
      "fail": true,
      "pending": false,
      "code": "false.should.be.ok;\ndone();",
      "err": {
        "name": "AssertionError",
        "actual": false,
        "operator": "to be truthy",
        "message": "expected false to be truthy",
        "generatedMessage": true,
        "estack": "AssertionError: expected false to be truthy\n    at Assertion.prop.(anonymous function) (node_modules/should/lib/should.js:61:14)\n    at Context.<anonymous> (test-functional/test.js:71:7)"
      },
      "isRoot": false,
      "uuid": "7362cd92-cb38-47cf-afa1-a8fae426011b",
      "parentUUID": "aa92c033-c1d9-4076-950f-273dc1c55b14",
      "skipped": false
    },
    {
      "title": "failing test",
      "fullTitle": "Test Suite - Fail failing test",
      "timedOut": false,
      "duration": 0,
      "state": "failed",
      "pass": false,
      "fail": true,
      "pending": false,
      "code": "false.should.be.ok;\ndone();",
      "err": {
        "name": "AssertionError",
        "actual": false,
        "operator": "to be truthy",
        "message": "expected false to be truthy",
        "generatedMessage": true,
        "estack": "AssertionError: expected false to be truthy\n    at Assertion.prop.(anonymous function) (node_modules/should/lib/should.js:61:14)\n    at Context.<anonymous> (test-functional/test.js:95:7)"
      },
      "isRoot": false,
      "uuid": "26737049-23c5-4912-a084-dbb14fa00758",
      "parentUUID": "a691f4c2-a3c8-4f9a-b886-f7409212a676",
      "skipped": false
    },
    {
      "title": "\"before all\" hook: failing before hook",
      "fullTitle": "Test Suite - Failed Before \"before all\" hook: failing before hook",
      "timedOut": false,
      "duration": 0,
      "state": "failed",
      "pass": false,
      "fail": true,
      "pending": false,
      "code": "console.log(a); // eslint-disable-line",
      "err": {
        "estack": "ReferenceError: a is not defined\n    at Context.<anonymous> (test-functional/test.js:109:19)"
      },
      "isRoot": false,
      "parentUUID": "ab03ab16-23e7-4022-806c-239688139792",
      "skipped": false
    },
    {
      "title": "\"before all\" hook: failing before hook",
      "fullTitle": "Test Suite - Failed Before and After \"before all\" hook: failing before hook",
      "timedOut": false,
      "duration": 0,
      "state": "failed",
      "pass": false,
      "fail": true,
      "pending": false,
      "code": "console.log(a); // eslint-disable-line",
      "err": {
        "estack": "ReferenceError: a is not defined\n    at Context.<anonymous> (test-functional/test.js:124:19)"
      },
      "isRoot": false,
      "parentUUID": "1955f030-084a-4b01-a497-317b9c361dce",
      "skipped": false
    },
    {
      "title": "\"after all\" hook: failing after hook",
      "fullTitle": "Test Suite - Failed Before and After \"after all\" hook: failing after hook",
      "timedOut": false,
      "duration": 0,
      "state": "failed",
      "pass": false,
      "fail": true,
      "pending": false,
      "code": "console.log(a); // eslint-disable-line",
      "err": {
        "estack": "ReferenceError: a is not defined\n    at Context.<anonymous> (test-functional/test.js:136:19)"
      },
      "isRoot": false,
      "parentUUID": "1955f030-084a-4b01-a497-317b9c361dce",
      "skipped": false
    },
    {
      "title": "\"before each\" hook: failing beforeEach hook for \"passing test\"",
      "fullTitle": "Test Suite - Failed Before Each \"before each\" hook: failing beforeEach hook for \"passing test\"",
      "timedOut": false,
      "duration": 0,
      "state": "failed",
      "pass": false,
      "fail": true,
      "pending": false,
      "code": "console.log(a); // eslint-disable-line",
      "err": {
        "estack": "ReferenceError: a is not defined\n    at Context.<anonymous> (test-functional/test.js:142:19)"
      },
      "isRoot": false,
      "parentUUID": "67b6daa1-29d7-4d50-a512-a539431d3cc6",
      "skipped": false
    },
    {
      "title": "failing test",
      "fullTitle": "Test Suite - Failed After Each failing test",
      "timedOut": false,
      "duration": 0,
      "state": "failed",
      "pass": false,
      "fail": true,
      "pending": false,
      "code": "false.should.be.ok;\ndone();",
      "err": {
        "name": "AssertionError",
        "actual": false,
        "operator": "to be truthy",
        "message": "expected false to be truthy",
        "generatedMessage": true,
        "estack": "AssertionError: expected false to be truthy\n    at Assertion.prop.(anonymous function) (node_modules/should/lib/should.js:61:14)\n    at Context.<anonymous> (test-functional/test.js:164:7)"
      },
      "isRoot": false,
      "uuid": "a5935a8b-33bc-4d80-82cb-785d9639ee72",
      "parentUUID": "89e973da-9267-441a-a5e0-b9037b46472f",
      "skipped": false
    }
  ],
  "copyrightYear": 2016
}